<?xml version="1.0" encoding="UTF-8"?>
<gbXML xmlns="http://www.gbxml.org/schema" xmlns:xsd="http://www.w3.org/2001/XMLSchema" xsi:schemaLocation="http://www.gbxml.org/schema http://gbxml.org/schema/6-01/GreenBuildingXML_Ver6.01.xsd" xmlns:xhtml="http://www.w3.org/1999/xhtml" xmlns:xsi="http://www.w3.org/2001/XMLSchema-instance" useSIUnitsForResults="true" SurfaceReferenceLocation="Centerline" temperatureUnit="C" lengthUnit="Meters" areaUnit="SquareMeters" volumeUnit="CubicMeters" version="6.01" >
	<Campus id="Facility" >
		<DaylightSavings>"true"</DaylightSavings>
		<Name>"Box shape"</Name>
		<Location>
			<ZipcodeOrPostalCode>"94111"</ZipcodeOrPostalCode>
			<Longitude>"-122.398"</Longitude>
			<Latitude>"37.796"</Latitude>
			<Elevation>"10"</Elevation>
			<CADModelAzimuth>"0"</CADModelAzimuth>
			<Name>"Box shape"</Name>
		</Location>
		<Building id="bw-building-1" buildingType="Office" >
			<Area>8000</Area>
			<Name>"Box shape"</Name>
			<Description>Generated by Ladybug-Tools/Spider/Build Well</Description>
			<StreetAddress>"440 Davis Court"</StreetAddress>
			<Volume>NaN</Volume>
			<BuildingStorey id="bw-storey-1" >
				<Name>"storey-1"</Name>
				<Level>1</Level>
			</BuildingStorey>
			<BuildingStorey id="bw-storey-2" >
				<Name>"storey-2"</Name>
				<Level>13</Level>
			</BuildingStorey>
			<BuildingStorey id="bw-storey-3" >
				<Name>"storey-3"</Name>
				<Level>25</Level>
			</BuildingStorey>
			<BuildingStorey id="bw-storey-4" >
				<Name>"storey-4"</Name>
				<Level>37</Level>
			</BuildingStorey>
			<BuildingStorey id="bw-storey-5" >
				<Name>"storey-5"</Name>
				<Level>49</Level>
			</BuildingStorey>
			<BuildingStorey id="bw-storey-6" >
				<Name>"storey-6"</Name>
				<Level>61</Level>
			</BuildingStorey>
			<BuildingStorey id="bw-storey-7" >
				<Name>"storey-7"</Name>
				<Level>73</Level>
			</BuildingStorey>
			<BuildingStorey id="bw-storey-8" >
				<Name>"storey-8"</Name>
				<Level>85</Level>
			</BuildingStorey>
			<BuildingStorey id="bw-storey-9" >
				<Name>"storey-9"</Name>
				<Level>97</Level>
			</BuildingStorey>
			<BuildingStorey id="bw-storey-10" >
				<Name>"storey-10"</Name>
				<Level>109</Level>
			</BuildingStorey>
			<BuildingStorey id="bw-storey-11" >
				<Name>"storey-11"</Name>
				<Level>121</Level>
			</BuildingStorey>
			<BuildingStorey id="bw-storey-12" >
				<Name>"storey-12"</Name>
				<Level>133</Level>
			</BuildingStorey>
			<BuildingStorey id="bw-storey-13" >
				<Name>"storey-13"</Name>
				<Level>145</Level>
			</BuildingStorey>
			<BuildingStorey id="bw-storey-14" >
				<Name>"storey-14"</Name>
				<Level>157</Level>
			</BuildingStorey>
			<BuildingStorey id="bw-storey-15" >
				<Name>"storey-15"</Name>
				<Level>169</Level>
			</BuildingStorey>
			<BuildingStorey id="bw-storey-16" >
				<Name>"storey-16"</Name>
				<Level>181</Level>
			</BuildingStorey>
			<BuildingStorey id="bw-storey-17" >
				<Name>"storey-17"</Name>
				<Level>193</Level>
			</BuildingStorey>
			<BuildingStorey id="bw-storey-18" >
				<Name>"storey-18"</Name>
				<Level>205</Level>
			</BuildingStorey>
			<Space zoneIdRef="bw-zone-1" id="bw-space-1" buildingStoreyIdRef="bw-storey-1" conditionType="HeatedAndCooled" >
				<Name>space 1</Name>
				<Description>a space</Description>
				<Area>1650</Area>
				<Volume>19800</Volume>
			</Space>
			<Space zoneIdRef="bw-zone-2" id="bw-space-2" buildingStoreyIdRef="bw-storey-1" conditionType="HeatedAndCooled" >
				<Name>space 2</Name>
				<Description>a space</Description>
				<Area>1950</Area>
				<Volume>23400</Volume>
			</Space>
			<Space zoneIdRef="bw-zone-3" id="bw-space-3" buildingStoreyIdRef="bw-storey-1" conditionType="HeatedAndCooled" >
				<Name>space 3</Name>
				<Description>a space</Description>
				<Area>1650</Area>
				<Volume>19800</Volume>
			</Space>
			<Space zoneIdRef="bw-zone-4" id="bw-space-4" buildingStoreyIdRef="bw-storey-1" conditionType="HeatedAndCooled" >
				<Name>space 4</Name>
				<Description>a space</Description>
				<Area>1950</Area>
				<Volume>23400</Volume>
			</Space>
			<Space zoneIdRef="bw-zone-1" id="bw-space-5" buildingStoreyIdRef="bw-storey-1" conditionType="HeatedAndCooled" >
				<Name>space 1</Name>
				<Description>a space</Description>
				<Area>1650</Area>
				<Volume>19800</Volume>
			</Space>
			<Space zoneIdRef="bw-zone-2" id="bw-space-6" buildingStoreyIdRef="bw-storey-1" conditionType="HeatedAndCooled" >
				<Name>space 2</Name>
				<Description>a space</Description>
				<Area>1950</Area>
				<Volume>23400</Volume>
			</Space>
			<Space zoneIdRef="bw-zone-3" id="bw-space-7" buildingStoreyIdRef="bw-storey-1" conditionType="HeatedAndCooled" >
				<Name>space 3</Name>
				<Description>a space</Description>
				<Area>1650</Area>
				<Volume>19800</Volume>
			</Space>
			<Space zoneIdRef="bw-zone-4" id="bw-space-8" buildingStoreyIdRef="bw-storey-1" conditionType="HeatedAndCooled" >
				<Name>space 4</Name>
				<Description>a space</Description>
				<Area>1950</Area>
				<Volume>23400</Volume>
			</Space>
		</Building>
		<Surface surfaceType="InteriorFloor" id="bw-surface-0" >
			<CADOjectId>none</CADOjectId>
			<AdjacentSpaceId spaceIdRef="bw-space-0" />
			<PlanarGeometry>
				<PolyLoop>
					<CartesianPoint>
						<Coordinate>-261.2132</Coordinate>
						<Coordinate>240</Coordinate>
						<Coordinate>0</Coordinate>
					</CartesianPoint>
					<CartesianPoint>
						<Coordinate>-240</Coordinate>
						<Coordinate>240</Coordinate>
						<Coordinate>0</Coordinate>
					</CartesianPoint>
					<CartesianPoint>
						<Coordinate>-183.4315</Coordinate>
						<Coordinate>183.4315</Coordinate>
						<Coordinate>0</Coordinate>
					</CartesianPoint>
					<CartesianPoint>
						<Coordinate>-183.4315</Coordinate>
						<Coordinate>162.2183</Coordinate>
						<Coordinate>0</Coordinate>
					</CartesianPoint>
				</PolyLoop>
			</PlanarGeometry>
		</Surface>
		<Surface surfaceType="InteriorWall" id="bw-surface-0" >
			<CADOjectId>none</CADOjectId>
			<AdjacentSpaceId spaceIdRef="bw-space-0" />
			<PlanarGeometry>
				<PolyLoop>
					<CartesianPoint>
						<Coordinate>-240</Coordinate>
						<Coordinate>240</Coordinate>
						<Coordinate>0</Coordinate>
					</CartesianPoint>
					<CartesianPoint>
						<Coordinate>-240</Coordinate>
						<Coordinate>240</Coordinate>
						<Coordinate>12</Coordinate>
					</CartesianPoint>
					<CartesianPoint>
						<Coordinate>-183.4315</Coordinate>
						<Coordinate>183.4315</Coordinate>
						<Coordinate>12</Coordinate>
					</CartesianPoint>
					<CartesianPoint>
						<Coordinate>-183.4315</Coordinate>
						<Coordinate>183.4315</Coordinate>
						<Coordinate>0</Coordinate>
					</CartesianPoint>
				</PolyLoop>
			</PlanarGeometry>
		</Surface>
		<Surface surfaceType="ExteriorWall" id="bw-surface-0" >
			<CADOjectId>none</CADOjectId>
			<AdjacentSpaceId spaceIdRef="bw-space-0" />
			<PlanarGeometry>
				<PolyLoop>
					<CartesianPoint>
						<Coordinate>-261.2132</Coordinate>
						<Coordinate>240</Coordinate>
						<Coordinate>12</Coordinate>
					</CartesianPoint>
					<CartesianPoint>
						<Coordinate>-261.2132</Coordinate>
						<Coordinate>240</Coordinate>
						<Coordinate>0</Coordinate>
					</CartesianPoint>
					<CartesianPoint>
						<Coordinate>-183.4315</Coordinate>
						<Coordinate>162.2183</Coordinate>
						<Coordinate>0</Coordinate>
					</CartesianPoint>
					<CartesianPoint>
						<Coordinate>-183.4315</Coordinate>
						<Coordinate>162.2183</Coordinate>
						<Coordinate>12</Coordinate>
					</CartesianPoint>
				</PolyLoop>
			</PlanarGeometry>
			<Opening openingType="OperableWindow" id="bw-opening-0" >
				<PlanarGeometry>
					<PolyLoop>
					<CartesianPoint>
						<Coordinate>-246.8236</Coordinate>
						<Coordinate>225.6104</Coordinate>
						<Coordinate>9.78</Coordinate>
					</CartesianPoint>
					<CartesianPoint>
						<Coordinate>-246.8236</Coordinate>
						<Coordinate>225.6104</Coordinate>
						<Coordinate>2.22</Coordinate>
					</CartesianPoint>
					<CartesianPoint>
						<Coordinate>-197.8211</Coordinate>
						<Coordinate>176.6079</Coordinate>
						<Coordinate>2.22</Coordinate>
					</CartesianPoint>
					<CartesianPoint>
						<Coordinate>-197.8211</Coordinate>
						<Coordinate>176.6079</Coordinate>
						<Coordinate>9.78</Coordinate>
					</CartesianPoint>
					</PolyLoop>
				</PlanarGeometry>
			</Opening>
		</Surface>
		<Surface surfaceType="InteriorWall" id="bw-surface-0" >
			<CADOjectId>none</CADOjectId>
			<AdjacentSpaceId spaceIdRef="bw-space-0" />
			<PlanarGeometry>
				<PolyLoop>
					<CartesianPoint>
						<Coordinate>-240</Coordinate>
						<Coordinate>240</Coordinate>
						<Coordinate>0</Coordinate>
					</CartesianPoint>
					<CartesianPoint>
						<Coordinate>-261.2132</Coordinate>
						<Coordinate>240</Coordinate>
						<Coordinate>0</Coordinate>
					</CartesianPoint>
					<CartesianPoint>
						<Coordinate>-261.2132</Coordinate>
						<Coordinate>240</Coordinate>
						<Coordinate>12</Coordinate>
					</CartesianPoint>
					<CartesianPoint>
						<Coordinate>-240</Coordinate>
						<Coordinate>240</Coordinate>
						<Coordinate>12</Coordinate>
					</CartesianPoint>
				</PolyLoop>
			</PlanarGeometry>
		</Surface>
		<Surface surfaceType="InteriorFloor" id="bw-surface-1" >
			<CADOjectId>none</CADOjectId>
			<AdjacentSpaceId spaceIdRef="bw-space-1" />
			<PlanarGeometry>
				<PolyLoop>
					<CartesianPoint>
						<Coordinate>-183.4315</Coordinate>
						<Coordinate>162.2183</Coordinate>
						<Coordinate>0</Coordinate>
					</CartesianPoint>
					<CartesianPoint>
						<Coordinate>-183.4315</Coordinate>
						<Coordinate>183.4315</Coordinate>
						<Coordinate>0</Coordinate>
					</CartesianPoint>
					<CartesianPoint>
						<Coordinate>-112.7208</Coordinate>
						<Coordinate>254.1421</Coordinate>
						<Coordinate>0</Coordinate>
					</CartesianPoint>
					<CartesianPoint>
						<Coordinate>-91.5076</Coordinate>
						<Coordinate>254.1421</Coordinate>
						<Coordinate>0</Coordinate>
					</CartesianPoint>
				</PolyLoop>
			</PlanarGeometry>
		</Surface>
		<Surface surfaceType="InteriorWall" id="bw-surface-1" >
			<CADOjectId>none</CADOjectId>
			<AdjacentSpaceId spaceIdRef="bw-space-1" />
			<PlanarGeometry>
				<PolyLoop>
					<CartesianPoint>
						<Coordinate>-183.4315</Coordinate>
						<Coordinate>183.4315</Coordinate>
						<Coordinate>0</Coordinate>
					</CartesianPoint>
					<CartesianPoint>
						<Coordinate>-183.4315</Coordinate>
						<Coordinate>183.4315</Coordinate>
						<Coordinate>12</Coordinate>
					</CartesianPoint>
					<CartesianPoint>
						<Coordinate>-112.7208</Coordinate>
						<Coordinate>254.1421</Coordinate>
						<Coordinate>12</Coordinate>
					</CartesianPoint>
					<CartesianPoint>
						<Coordinate>-112.7208</Coordinate>
						<Coordinate>254.1421</Coordinate>
						<Coordinate>0</Coordinate>
					</CartesianPoint>
				</PolyLoop>
			</PlanarGeometry>
		</Surface>
		<Surface surfaceType="ExteriorWall" id="bw-surface-1" >
			<CADOjectId>none</CADOjectId>
			<AdjacentSpaceId spaceIdRef="bw-space-1" />
			<PlanarGeometry>
				<PolyLoop>
					<CartesianPoint>
						<Coordinate>-183.4315</Coordinate>
						<Coordinate>162.2183</Coordinate>
						<Coordinate>12</Coordinate>
					</CartesianPoint>
					<CartesianPoint>
						<Coordinate>-183.4315</Coordinate>
						<Coordinate>162.2183</Coordinate>
						<Coordinate>0</Coordinate>
					</CartesianPoint>
					<CartesianPoint>
						<Coordinate>-91.5076</Coordinate>
						<Coordinate>254.1421</Coordinate>
						<Coordinate>0</Coordinate>
					</CartesianPoint>
					<CartesianPoint>
						<Coordinate>-91.5076</Coordinate>
						<Coordinate>254.1421</Coordinate>
						<Coordinate>12</Coordinate>
					</CartesianPoint>
				</PolyLoop>
			</PlanarGeometry>
			<Opening openingType="OperableWindow" id="bw-opening-1" >
				<PlanarGeometry>
					<PolyLoop>
					<CartesianPoint>
						<Coordinate>-166.4255</Coordinate>
						<Coordinate>179.2242</Coordinate>
						<Coordinate>9.78</Coordinate>
					</CartesianPoint>
					<CartesianPoint>
						<Coordinate>-166.4255</Coordinate>
						<Coordinate>179.2242</Coordinate>
						<Coordinate>2.22</Coordinate>
					</CartesianPoint>
					<CartesianPoint>
						<Coordinate>-108.5135</Coordinate>
						<Coordinate>237.1362</Coordinate>
						<Coordinate>2.22</Coordinate>
					</CartesianPoint>
					<CartesianPoint>
						<Coordinate>-108.5135</Coordinate>
						<Coordinate>237.1362</Coordinate>
						<Coordinate>9.78</Coordinate>
					</CartesianPoint>
					</PolyLoop>
				</PlanarGeometry>
			</Opening>
		</Surface>
		<Surface surfaceType="InteriorWall" id="bw-surface-1" >
			<CADOjectId>none</CADOjectId>
			<AdjacentSpaceId spaceIdRef="bw-space-1" />
			<PlanarGeometry>
				<PolyLoop>
					<CartesianPoint>
						<Coordinate>-183.4315</Coordinate>
						<Coordinate>183.4315</Coordinate>
						<Coordinate>0</Coordinate>
					</CartesianPoint>
					<CartesianPoint>
						<Coordinate>-183.4315</Coordinate>
						<Coordinate>162.2183</Coordinate>
						<Coordinate>0</Coordinate>
					</CartesianPoint>
					<CartesianPoint>
						<Coordinate>-183.4315</Coordinate>
						<Coordinate>162.2183</Coordinate>
						<Coordinate>12</Coordinate>
					</CartesianPoint>
					<CartesianPoint>
						<Coordinate>-183.4315</Coordinate>
						<Coordinate>183.4315</Coordinate>
						<Coordinate>12</Coordinate>
					</CartesianPoint>
				</PolyLoop>
			</PlanarGeometry>
		</Surface>
		<Surface surfaceType="InteriorFloor" id="bw-surface-2" >
			<CADOjectId>none</CADOjectId>
			<AdjacentSpaceId spaceIdRef="bw-space-2" />
			<PlanarGeometry>
				<PolyLoop>
					<CartesianPoint>
						<Coordinate>-91.5076</Coordinate>
						<Coordinate>254.1421</Coordinate>
						<Coordinate>0</Coordinate>
					</CartesianPoint>
					<CartesianPoint>
						<Coordinate>-112.7208</Coordinate>
						<Coordinate>254.1421</Coordinate>
						<Coordinate>0</Coordinate>
					</CartesianPoint>
					<CartesianPoint>
						<Coordinate>-169.2893</Coordinate>
						<Coordinate>310.7107</Coordinate>
						<Coordinate>0</Coordinate>
					</CartesianPoint>
					<CartesianPoint>
						<Coordinate>-169.2893</Coordinate>
						<Coordinate>331.9239</Coordinate>
						<Coordinate>0</Coordinate>
					</CartesianPoint>
				</PolyLoop>
			</PlanarGeometry>
		</Surface>
		<Surface surfaceType="InteriorWall" id="bw-surface-2" >
			<CADOjectId>none</CADOjectId>
			<AdjacentSpaceId spaceIdRef="bw-space-2" />
			<PlanarGeometry>
				<PolyLoop>
					<CartesianPoint>
						<Coordinate>-112.7208</Coordinate>
						<Coordinate>254.1421</Coordinate>
						<Coordinate>0</Coordinate>
					</CartesianPoint>
					<CartesianPoint>
						<Coordinate>-112.7208</Coordinate>
						<Coordinate>254.1421</Coordinate>
						<Coordinate>12</Coordinate>
					</CartesianPoint>
					<CartesianPoint>
						<Coordinate>-169.2893</Coordinate>
						<Coordinate>310.7107</Coordinate>
						<Coordinate>12</Coordinate>
					</CartesianPoint>
					<CartesianPoint>
						<Coordinate>-169.2893</Coordinate>
						<Coordinate>310.7107</Coordinate>
						<Coordinate>0</Coordinate>
					</CartesianPoint>
				</PolyLoop>
			</PlanarGeometry>
		</Surface>
		<Surface surfaceType="ExteriorWall" id="bw-surface-2" >
			<CADOjectId>none</CADOjectId>
			<AdjacentSpaceId spaceIdRef="bw-space-2" />
			<PlanarGeometry>
				<PolyLoop>
					<CartesianPoint>
						<Coordinate>-91.5076</Coordinate>
						<Coordinate>254.1421</Coordinate>
						<Coordinate>12</Coordinate>
					</CartesianPoint>
					<CartesianPoint>
						<Coordinate>-91.5076</Coordinate>
						<Coordinate>254.1421</Coordinate>
						<Coordinate>0</Coordinate>
					</CartesianPoint>
					<CartesianPoint>
						<Coordinate>-169.2893</Coordinate>
						<Coordinate>331.9239</Coordinate>
						<Coordinate>0</Coordinate>
					</CartesianPoint>
					<CartesianPoint>
						<Coordinate>-169.2893</Coordinate>
						<Coordinate>331.9239</Coordinate>
						<Coordinate>12</Coordinate>
					</CartesianPoint>
				</PolyLoop>
			</PlanarGeometry>
			<Opening openingType="OperableWindow" id="bw-opening-2" >
				<PlanarGeometry>
					<PolyLoop>
					<CartesianPoint>
						<Coordinate>-105.8972</Coordinate>
						<Coordinate>268.5318</Coordinate>
						<Coordinate>9.78</Coordinate>
					</CartesianPoint>
					<CartesianPoint>
						<Coordinate>-105.8972</Coordinate>
						<Coordinate>268.5318</Coordinate>
						<Coordinate>2.22</Coordinate>
					</CartesianPoint>
					<CartesianPoint>
						<Coordinate>-154.8997</Coordinate>
						<Coordinate>317.5343</Coordinate>
						<Coordinate>2.22</Coordinate>
					</CartesianPoint>
					<CartesianPoint>
						<Coordinate>-154.8997</Coordinate>
						<Coordinate>317.5343</Coordinate>
						<Coordinate>9.78</Coordinate>
					</CartesianPoint>
					</PolyLoop>
				</PlanarGeometry>
			</Opening>
		</Surface>
		<Surface surfaceType="InteriorWall" id="bw-surface-2" >
			<CADOjectId>none</CADOjectId>
			<AdjacentSpaceId spaceIdRef="bw-space-2" />
			<PlanarGeometry>
				<PolyLoop>
					<CartesianPoint>
						<Coordinate>-112.7208</Coordinate>
						<Coordinate>254.1421</Coordinate>
						<Coordinate>0</Coordinate>
					</CartesianPoint>
					<CartesianPoint>
						<Coordinate>-91.5076</Coordinate>
						<Coordinate>254.1421</Coordinate>
						<Coordinate>0</Coordinate>
					</CartesianPoint>
					<CartesianPoint>
						<Coordinate>-91.5076</Coordinate>
						<Coordinate>254.1421</Coordinate>
						<Coordinate>12</Coordinate>
					</CartesianPoint>
					<CartesianPoint>
						<Coordinate>-112.7208</Coordinate>
						<Coordinate>254.1421</Coordinate>
						<Coordinate>12</Coordinate>
					</CartesianPoint>
				</PolyLoop>
			</PlanarGeometry>
		</Surface>
		<Surface surfaceType="InteriorFloor" id="bw-surface-3" >
			<CADOjectId>none</CADOjectId>
			<AdjacentSpaceId spaceIdRef="bw-space-3" />
			<PlanarGeometry>
				<PolyLoop>
					<CartesianPoint>
						<Coordinate>-169.2893</Coordinate>
						<Coordinate>331.9239</Coordinate>
						<Coordinate>0</Coordinate>
					</CartesianPoint>
					<CartesianPoint>
						<Coordinate>-169.2893</Coordinate>
						<Coordinate>310.7107</Coordinate>
						<Coordinate>0</Coordinate>
					</CartesianPoint>
					<CartesianPoint>
						<Coordinate>-240</Coordinate>
						<Coordinate>240</Coordinate>
						<Coordinate>0</Coordinate>
					</CartesianPoint>
					<CartesianPoint>
						<Coordinate>-261.2132</Coordinate>
						<Coordinate>240</Coordinate>
						<Coordinate>0</Coordinate>
					</CartesianPoint>
				</PolyLoop>
			</PlanarGeometry>
		</Surface>
		<Surface surfaceType="InteriorWall" id="bw-surface-3" >
			<CADOjectId>none</CADOjectId>
			<AdjacentSpaceId spaceIdRef="bw-space-3" />
			<PlanarGeometry>
				<PolyLoop>
					<CartesianPoint>
						<Coordinate>-169.2893</Coordinate>
						<Coordinate>310.7107</Coordinate>
						<Coordinate>0</Coordinate>
					</CartesianPoint>
					<CartesianPoint>
						<Coordinate>-169.2893</Coordinate>
						<Coordinate>310.7107</Coordinate>
						<Coordinate>12</Coordinate>
					</CartesianPoint>
					<CartesianPoint>
						<Coordinate>-240</Coordinate>
						<Coordinate>240</Coordinate>
						<Coordinate>12</Coordinate>
					</CartesianPoint>
					<CartesianPoint>
						<Coordinate>-240</Coordinate>
						<Coordinate>240</Coordinate>
						<Coordinate>0</Coordinate>
					</CartesianPoint>
				</PolyLoop>
			</PlanarGeometry>
		</Surface>
		<Surface surfaceType="ExteriorWall" id="bw-surface-3" >
			<CADOjectId>none</CADOjectId>
			<AdjacentSpaceId spaceIdRef="bw-space-3" />
			<PlanarGeometry>
				<PolyLoop>
					<CartesianPoint>
						<Coordinate>-169.2893</Coordinate>
						<Coordinate>331.9239</Coordinate>
						<Coordinate>12</Coordinate>
					</CartesianPoint>
					<CartesianPoint>
						<Coordinate>-169.2893</Coordinate>
						<Coordinate>331.9239</Coordinate>
						<Coordinate>0</Coordinate>
					</CartesianPoint>
					<CartesianPoint>
						<Coordinate>-261.2132</Coordinate>
						<Coordinate>240</Coordinate>
						<Coordinate>0</Coordinate>
					</CartesianPoint>
					<CartesianPoint>
						<Coordinate>-261.2132</Coordinate>
						<Coordinate>240</Coordinate>
						<Coordinate>12</Coordinate>
					</CartesianPoint>
				</PolyLoop>
			</PlanarGeometry>
			<Opening openingType="OperableWindow" id="bw-opening-3" >
				<PlanarGeometry>
					<PolyLoop>
					<CartesianPoint>
						<Coordinate>-186.2952</Coordinate>
						<Coordinate>314.918</Coordinate>
						<Coordinate>9.78</Coordinate>
					</CartesianPoint>
					<CartesianPoint>
						<Coordinate>-186.2952</Coordinate>
						<Coordinate>314.918</Coordinate>
						<Coordinate>2.22</Coordinate>
					</CartesianPoint>
					<CartesianPoint>
						<Coordinate>-244.2073</Coordinate>
						<Coordinate>257.0059</Coordinate>
						<Coordinate>2.22</Coordinate>
					</CartesianPoint>
					<CartesianPoint>
						<Coordinate>-244.2073</Coordinate>
						<Coordinate>257.0059</Coordinate>
						<Coordinate>9.78</Coordinate>
					</CartesianPoint>
					</PolyLoop>
				</PlanarGeometry>
			</Opening>
		</Surface>
		<Surface surfaceType="InteriorWall" id="bw-surface-3" >
			<CADOjectId>none</CADOjectId>
			<AdjacentSpaceId spaceIdRef="bw-space-3" />
			<PlanarGeometry>
				<PolyLoop>
					<CartesianPoint>
						<Coordinate>-169.2893</Coordinate>
						<Coordinate>310.7107</Coordinate>
						<Coordinate>0</Coordinate>
					</CartesianPoint>
					<CartesianPoint>
						<Coordinate>-169.2893</Coordinate>
						<Coordinate>331.9239</Coordinate>
						<Coordinate>0</Coordinate>
					</CartesianPoint>
					<CartesianPoint>
						<Coordinate>-169.2893</Coordinate>
						<Coordinate>331.9239</Coordinate>
						<Coordinate>12</Coordinate>
					</CartesianPoint>
					<CartesianPoint>
						<Coordinate>-169.2893</Coordinate>
						<Coordinate>310.7107</Coordinate>
						<Coordinate>12</Coordinate>
					</CartesianPoint>
				</PolyLoop>
			</PlanarGeometry>
		</Surface>
		<Surface surfaceType="Shade" id="bw-shade-building-6" >
			<Name>Box shape</Name>
			<PlanarGeometry>
				<PolyLoop>
					<CartesianPoint>
						<Coordinate>-253.8946</Coordinate>
						<Coordinate>218.5393</Coordinate>
						<Coordinate>9.78</Coordinate>
					</CartesianPoint>
					<CartesianPoint>
						<Coordinate>-204.8921</Coordinate>
						<Coordinate>169.5368</Coordinate>
						<Coordinate>9.78</Coordinate>
					</CartesianPoint>
					<CartesianPoint>
						<Coordinate>-197.8211</Coordinate>
						<Coordinate>176.6079</Coordinate>
						<Coordinate>9.78</Coordinate>
					</CartesianPoint>
					<CartesianPoint>
						<Coordinate>-246.8236</Coordinate>
						<Coordinate>225.6104</Coordinate>
						<Coordinate>9.78</Coordinate>
					</CartesianPoint>
				</PolyLoop>
			</PlanarGeometry>
		</Surface>
		<Surface surfaceType="Shade" id="bw-shade-building-8" >
			<Name>Box shape</Name>
			<PlanarGeometry>
				<PolyLoop>
					<CartesianPoint>
						<Coordinate>-159.3545</Coordinate>
						<Coordinate>172.1531</Coordinate>
						<Coordinate>9.78</Coordinate>
					</CartesianPoint>
					<CartesianPoint>
						<Coordinate>-101.4424</Coordinate>
						<Coordinate>230.0651</Coordinate>
						<Coordinate>9.78</Coordinate>
					</CartesianPoint>
					<CartesianPoint>
						<Coordinate>-108.5135</Coordinate>
						<Coordinate>237.1362</Coordinate>
						<Coordinate>9.78</Coordinate>
					</CartesianPoint>
					<CartesianPoint>
						<Coordinate>-166.4255</Coordinate>
						<Coordinate>179.2242</Coordinate>
						<Coordinate>9.78</Coordinate>
					</CartesianPoint>
				</PolyLoop>
			</PlanarGeometry>
		</Surface>
		<Surface surfaceType="Shade" id="bw-shade-building-10" >
			<Name>Box shape</Name>
			<PlanarGeometry>
				<PolyLoop>
					<CartesianPoint>
						<Coordinate>-98.8261</Coordinate>
						<Coordinate>275.6028</Coordinate>
						<Coordinate>9.78</Coordinate>
					</CartesianPoint>
					<CartesianPoint>
						<Coordinate>-147.8286</Coordinate>
						<Coordinate>324.6053</Coordinate>
						<Coordinate>9.78</Coordinate>
					</CartesianPoint>
					<CartesianPoint>
						<Coordinate>-154.8997</Coordinate>
						<Coordinate>317.5343</Coordinate>
						<Coordinate>9.78</Coordinate>
					</CartesianPoint>
					<CartesianPoint>
						<Coordinate>-105.8972</Coordinate>
						<Coordinate>268.5318</Coordinate>
						<Coordinate>9.78</Coordinate>
					</CartesianPoint>
				</PolyLoop>
			</PlanarGeometry>
		</Surface>
		<Surface surfaceType="Shade" id="bw-shade-building-12" >
			<Name>Box shape</Name>
			<PlanarGeometry>
				<PolyLoop>
					<CartesianPoint>
						<Coordinate>-193.3663</Coordinate>
						<Coordinate>321.989</Coordinate>
						<Coordinate>9.78</Coordinate>
					</CartesianPoint>
					<CartesianPoint>
						<Coordinate>-251.2784</Coordinate>
						<Coordinate>264.077</Coordinate>
						<Coordinate>9.78</Coordinate>
					</CartesianPoint>
					<CartesianPoint>
						<Coordinate>-244.2073</Coordinate>
						<Coordinate>257.0059</Coordinate>
						<Coordinate>9.78</Coordinate>
					</CartesianPoint>
					<CartesianPoint>
						<Coordinate>-186.2952</Coordinate>
						<Coordinate>314.918</Coordinate>
						<Coordinate>9.78</Coordinate>
					</CartesianPoint>
				</PolyLoop>
			</PlanarGeometry>
		</Surface>
		<Surface surfaceType="InteriorFloor" id="bw-surface-1" >
			<CADOjectId>none</CADOjectId>
			<AdjacentSpaceId spaceIdRef="bw-space-1" />
			<PlanarGeometry>
				<PolyLoop>
					<CartesianPoint>
						<Coordinate>-169.2893</Coordinate>
						<Coordinate>310.7107</Coordinate>
						<Coordinate>0</Coordinate>
					</CartesianPoint>
					<CartesianPoint>
						<Coordinate>-112.7208</Coordinate>
						<Coordinate>254.1421</Coordinate>
						<Coordinate>0</Coordinate>
					</CartesianPoint>
					<CartesianPoint>
						<Coordinate>-183.4315</Coordinate>
						<Coordinate>183.4315</Coordinate>
						<Coordinate>0</Coordinate>
					</CartesianPoint>
					<CartesianPoint>
						<Coordinate>-240</Coordinate>
						<Coordinate>240</Coordinate>
						<Coordinate>0</Coordinate>
					</CartesianPoint>
				</PolyLoop>
			</PlanarGeometry>
		</Surface>
		<Surface surfaceType="InteriorFloor" id="bw-surface-0" >
			<CADOjectId>none</CADOjectId>
			<AdjacentSpaceId spaceIdRef="bw-space-0" />
			<PlanarGeometry>
				<PolyLoop>
					<CartesianPoint>
						<Coordinate>-261.2132</Coordinate>
						<Coordinate>240</Coordinate>
						<Coordinate>24</Coordinate>
					</CartesianPoint>
					<CartesianPoint>
						<Coordinate>-240</Coordinate>
						<Coordinate>240</Coordinate>
						<Coordinate>24</Coordinate>
					</CartesianPoint>
					<CartesianPoint>
						<Coordinate>-183.4315</Coordinate>
						<Coordinate>183.4315</Coordinate>
						<Coordinate>24</Coordinate>
					</CartesianPoint>
					<CartesianPoint>
						<Coordinate>-183.4315</Coordinate>
						<Coordinate>162.2183</Coordinate>
						<Coordinate>24</Coordinate>
					</CartesianPoint>
				</PolyLoop>
			</PlanarGeometry>
		</Surface>
		<Surface surfaceType="InteriorWall" id="bw-surface-0" >
			<CADOjectId>none</CADOjectId>
			<AdjacentSpaceId spaceIdRef="bw-space-0" />
			<PlanarGeometry>
				<PolyLoop>
					<CartesianPoint>
						<Coordinate>-240</Coordinate>
						<Coordinate>240</Coordinate>
						<Coordinate>24</Coordinate>
					</CartesianPoint>
					<CartesianPoint>
						<Coordinate>-240</Coordinate>
						<Coordinate>240</Coordinate>
						<Coordinate>36</Coordinate>
					</CartesianPoint>
					<CartesianPoint>
						<Coordinate>-183.4315</Coordinate>
						<Coordinate>183.4315</Coordinate>
						<Coordinate>36</Coordinate>
					</CartesianPoint>
					<CartesianPoint>
						<Coordinate>-183.4315</Coordinate>
						<Coordinate>183.4315</Coordinate>
						<Coordinate>24</Coordinate>
					</CartesianPoint>
				</PolyLoop>
			</PlanarGeometry>
		</Surface>
		<Surface surfaceType="ExteriorWall" id="bw-surface-0" >
			<CADOjectId>none</CADOjectId>
			<AdjacentSpaceId spaceIdRef="bw-space-0" />
			<PlanarGeometry>
				<PolyLoop>
					<CartesianPoint>
						<Coordinate>-261.2132</Coordinate>
						<Coordinate>240</Coordinate>
						<Coordinate>36</Coordinate>
					</CartesianPoint>
					<CartesianPoint>
						<Coordinate>-261.2132</Coordinate>
						<Coordinate>240</Coordinate>
						<Coordinate>24</Coordinate>
					</CartesianPoint>
					<CartesianPoint>
						<Coordinate>-183.4315</Coordinate>
						<Coordinate>162.2183</Coordinate>
						<Coordinate>24</Coordinate>
					</CartesianPoint>
					<CartesianPoint>
						<Coordinate>-183.4315</Coordinate>
						<Coordinate>162.2183</Coordinate>
						<Coordinate>36</Coordinate>
					</CartesianPoint>
				</PolyLoop>
			</PlanarGeometry>
			<Opening openingType="OperableWindow" id="bw-opening-0" >
				<PlanarGeometry>
					<PolyLoop>
					<CartesianPoint>
						<Coordinate>-246.8236</Coordinate>
						<Coordinate>225.6104</Coordinate>
						<Coordinate>33.78</Coordinate>
					</CartesianPoint>
					<CartesianPoint>
						<Coordinate>-246.8236</Coordinate>
						<Coordinate>225.6104</Coordinate>
						<Coordinate>26.22</Coordinate>
					</CartesianPoint>
					<CartesianPoint>
						<Coordinate>-197.8211</Coordinate>
						<Coordinate>176.6079</Coordinate>
						<Coordinate>26.22</Coordinate>
					</CartesianPoint>
					<CartesianPoint>
						<Coordinate>-197.8211</Coordinate>
						<Coordinate>176.6079</Coordinate>
						<Coordinate>33.78</Coordinate>
					</CartesianPoint>
					</PolyLoop>
				</PlanarGeometry>
			</Opening>
		</Surface>
		<Surface surfaceType="InteriorWall" id="bw-surface-0" >
			<CADOjectId>none</CADOjectId>
			<AdjacentSpaceId spaceIdRef="bw-space-0" />
			<PlanarGeometry>
				<PolyLoop>
					<CartesianPoint>
						<Coordinate>-240</Coordinate>
						<Coordinate>240</Coordinate>
						<Coordinate>24</Coordinate>
					</CartesianPoint>
					<CartesianPoint>
						<Coordinate>-261.2132</Coordinate>
						<Coordinate>240</Coordinate>
						<Coordinate>24</Coordinate>
					</CartesianPoint>
					<CartesianPoint>
						<Coordinate>-261.2132</Coordinate>
						<Coordinate>240</Coordinate>
						<Coordinate>36</Coordinate>
					</CartesianPoint>
					<CartesianPoint>
						<Coordinate>-240</Coordinate>
						<Coordinate>240</Coordinate>
						<Coordinate>36</Coordinate>
					</CartesianPoint>
				</PolyLoop>
			</PlanarGeometry>
		</Surface>
		<Surface surfaceType="InteriorFloor" id="bw-surface-1" >
			<CADOjectId>none</CADOjectId>
			<AdjacentSpaceId spaceIdRef="bw-space-1" />
			<PlanarGeometry>
				<PolyLoop>
					<CartesianPoint>
						<Coordinate>-183.4315</Coordinate>
						<Coordinate>162.2183</Coordinate>
						<Coordinate>24</Coordinate>
					</CartesianPoint>
					<CartesianPoint>
						<Coordinate>-183.4315</Coordinate>
						<Coordinate>183.4315</Coordinate>
						<Coordinate>24</Coordinate>
					</CartesianPoint>
					<CartesianPoint>
						<Coordinate>-112.7208</Coordinate>
						<Coordinate>254.1421</Coordinate>
						<Coordinate>24</Coordinate>
					</CartesianPoint>
					<CartesianPoint>
						<Coordinate>-91.5076</Coordinate>
						<Coordinate>254.1421</Coordinate>
						<Coordinate>24</Coordinate>
					</CartesianPoint>
				</PolyLoop>
			</PlanarGeometry>
		</Surface>
		<Surface surfaceType="InteriorWall" id="bw-surface-1" >
			<CADOjectId>none</CADOjectId>
			<AdjacentSpaceId spaceIdRef="bw-space-1" />
			<PlanarGeometry>
				<PolyLoop>
					<CartesianPoint>
						<Coordinate>-183.4315</Coordinate>
						<Coordinate>183.4315</Coordinate>
						<Coordinate>24</Coordinate>
					</CartesianPoint>
					<CartesianPoint>
						<Coordinate>-183.4315</Coordinate>
						<Coordinate>183.4315</Coordinate>
						<Coordinate>36</Coordinate>
					</CartesianPoint>
					<CartesianPoint>
						<Coordinate>-112.7208</Coordinate>
						<Coordinate>254.1421</Coordinate>
						<Coordinate>36</Coordinate>
					</CartesianPoint>
					<CartesianPoint>
						<Coordinate>-112.7208</Coordinate>
						<Coordinate>254.1421</Coordinate>
						<Coordinate>24</Coordinate>
					</CartesianPoint>
				</PolyLoop>
			</PlanarGeometry>
		</Surface>
		<Surface surfaceType="ExteriorWall" id="bw-surface-1" >
			<CADOjectId>none</CADOjectId>
			<AdjacentSpaceId spaceIdRef="bw-space-1" />
			<PlanarGeometry>
				<PolyLoop>
					<CartesianPoint>
						<Coordinate>-183.4315</Coordinate>
						<Coordinate>162.2183</Coordinate>
						<Coordinate>36</Coordinate>
					</CartesianPoint>
					<CartesianPoint>
						<Coordinate>-183.4315</Coordinate>
						<Coordinate>162.2183</Coordinate>
						<Coordinate>24</Coordinate>
					</CartesianPoint>
					<CartesianPoint>
						<Coordinate>-91.5076</Coordinate>
						<Coordinate>254.1421</Coordinate>
						<Coordinate>24</Coordinate>
					</CartesianPoint>
					<CartesianPoint>
						<Coordinate>-91.5076</Coordinate>
						<Coordinate>254.1421</Coordinate>
						<Coordinate>36</Coordinate>
					</CartesianPoint>
				</PolyLoop>
			</PlanarGeometry>
			<Opening openingType="OperableWindow" id="bw-opening-1" >
				<PlanarGeometry>
					<PolyLoop>
					<CartesianPoint>
						<Coordinate>-166.4255</Coordinate>
						<Coordinate>179.2242</Coordinate>
						<Coordinate>33.78</Coordinate>
					</CartesianPoint>
					<CartesianPoint>
						<Coordinate>-166.4255</Coordinate>
						<Coordinate>179.2242</Coordinate>
						<Coordinate>26.22</Coordinate>
					</CartesianPoint>
					<CartesianPoint>
						<Coordinate>-108.5135</Coordinate>
						<Coordinate>237.1362</Coordinate>
						<Coordinate>26.22</Coordinate>
					</CartesianPoint>
					<CartesianPoint>
						<Coordinate>-108.5135</Coordinate>
						<Coordinate>237.1362</Coordinate>
						<Coordinate>33.78</Coordinate>
					</CartesianPoint>
					</PolyLoop>
				</PlanarGeometry>
			</Opening>
		</Surface>
		<Surface surfaceType="InteriorWall" id="bw-surface-1" >
			<CADOjectId>none</CADOjectId>
			<AdjacentSpaceId spaceIdRef="bw-space-1" />
			<PlanarGeometry>
				<PolyLoop>
					<CartesianPoint>
						<Coordinate>-183.4315</Coordinate>
						<Coordinate>183.4315</Coordinate>
						<Coordinate>24</Coordinate>
					</CartesianPoint>
					<CartesianPoint>
						<Coordinate>-183.4315</Coordinate>
						<Coordinate>162.2183</Coordinate>
						<Coordinate>24</Coordinate>
					</CartesianPoint>
					<CartesianPoint>
						<Coordinate>-183.4315</Coordinate>
						<Coordinate>162.2183</Coordinate>
						<Coordinate>36</Coordinate>
					</CartesianPoint>
					<CartesianPoint>
						<Coordinate>-183.4315</Coordinate>
						<Coordinate>183.4315</Coordinate>
						<Coordinate>36</Coordinate>
					</CartesianPoint>
				</PolyLoop>
			</PlanarGeometry>
		</Surface>
		<Surface surfaceType="InteriorFloor" id="bw-surface-2" >
			<CADOjectId>none</CADOjectId>
			<AdjacentSpaceId spaceIdRef="bw-space-2" />
			<PlanarGeometry>
				<PolyLoop>
					<CartesianPoint>
						<Coordinate>-91.5076</Coordinate>
						<Coordinate>254.1421</Coordinate>
						<Coordinate>24</Coordinate>
					</CartesianPoint>
					<CartesianPoint>
						<Coordinate>-112.7208</Coordinate>
						<Coordinate>254.1421</Coordinate>
						<Coordinate>24</Coordinate>
					</CartesianPoint>
					<CartesianPoint>
						<Coordinate>-169.2893</Coordinate>
						<Coordinate>310.7107</Coordinate>
						<Coordinate>24</Coordinate>
					</CartesianPoint>
					<CartesianPoint>
						<Coordinate>-169.2893</Coordinate>
						<Coordinate>331.9239</Coordinate>
						<Coordinate>24</Coordinate>
					</CartesianPoint>
				</PolyLoop>
			</PlanarGeometry>
		</Surface>
		<Surface surfaceType="InteriorWall" id="bw-surface-2" >
			<CADOjectId>none</CADOjectId>
			<AdjacentSpaceId spaceIdRef="bw-space-2" />
			<PlanarGeometry>
				<PolyLoop>
					<CartesianPoint>
						<Coordinate>-112.7208</Coordinate>
						<Coordinate>254.1421</Coordinate>
						<Coordinate>24</Coordinate>
					</CartesianPoint>
					<CartesianPoint>
						<Coordinate>-112.7208</Coordinate>
						<Coordinate>254.1421</Coordinate>
						<Coordinate>36</Coordinate>
					</CartesianPoint>
					<CartesianPoint>
						<Coordinate>-169.2893</Coordinate>
						<Coordinate>310.7107</Coordinate>
						<Coordinate>36</Coordinate>
					</CartesianPoint>
					<CartesianPoint>
						<Coordinate>-169.2893</Coordinate>
						<Coordinate>310.7107</Coordinate>
						<Coordinate>24</Coordinate>
					</CartesianPoint>
				</PolyLoop>
			</PlanarGeometry>
		</Surface>
		<Surface surfaceType="ExteriorWall" id="bw-surface-2" >
			<CADOjectId>none</CADOjectId>
			<AdjacentSpaceId spaceIdRef="bw-space-2" />
			<PlanarGeometry>
				<PolyLoop>
					<CartesianPoint>
						<Coordinate>-91.5076</Coordinate>
						<Coordinate>254.1421</Coordinate>
						<Coordinate>36</Coordinate>
					</CartesianPoint>
					<CartesianPoint>
						<Coordinate>-91.5076</Coordinate>
						<Coordinate>254.1421</Coordinate>
						<Coordinate>24</Coordinate>
					</CartesianPoint>
					<CartesianPoint>
						<Coordinate>-169.2893</Coordinate>
						<Coordinate>331.9239</Coordinate>
						<Coordinate>24</Coordinate>
					</CartesianPoint>
					<CartesianPoint>
						<Coordinate>-169.2893</Coordinate>
						<Coordinate>331.9239</Coordinate>
						<Coordinate>36</Coordinate>
					</CartesianPoint>
				</PolyLoop>
			</PlanarGeometry>
			<Opening openingType="OperableWindow" id="bw-opening-2" >
				<PlanarGeometry>
					<PolyLoop>
					<CartesianPoint>
						<Coordinate>-105.8972</Coordinate>
						<Coordinate>268.5318</Coordinate>
						<Coordinate>33.78</Coordinate>
					</CartesianPoint>
					<CartesianPoint>
						<Coordinate>-105.8972</Coordinate>
						<Coordinate>268.5318</Coordinate>
						<Coordinate>26.22</Coordinate>
					</CartesianPoint>
					<CartesianPoint>
						<Coordinate>-154.8997</Coordinate>
						<Coordinate>317.5343</Coordinate>
						<Coordinate>26.22</Coordinate>
					</CartesianPoint>
					<CartesianPoint>
						<Coordinate>-154.8997</Coordinate>
						<Coordinate>317.5343</Coordinate>
						<Coordinate>33.78</Coordinate>
					</CartesianPoint>
					</PolyLoop>
				</PlanarGeometry>
			</Opening>
		</Surface>
		<Surface surfaceType="InteriorWall" id="bw-surface-2" >
			<CADOjectId>none</CADOjectId>
			<AdjacentSpaceId spaceIdRef="bw-space-2" />
			<PlanarGeometry>
				<PolyLoop>
					<CartesianPoint>
						<Coordinate>-112.7208</Coordinate>
						<Coordinate>254.1421</Coordinate>
						<Coordinate>24</Coordinate>
					</CartesianPoint>
					<CartesianPoint>
						<Coordinate>-91.5076</Coordinate>
						<Coordinate>254.1421</Coordinate>
						<Coordinate>24</Coordinate>
					</CartesianPoint>
					<CartesianPoint>
						<Coordinate>-91.5076</Coordinate>
						<Coordinate>254.1421</Coordinate>
						<Coordinate>36</Coordinate>
					</CartesianPoint>
					<CartesianPoint>
						<Coordinate>-112.7208</Coordinate>
						<Coordinate>254.1421</Coordinate>
						<Coordinate>36</Coordinate>
					</CartesianPoint>
				</PolyLoop>
			</PlanarGeometry>
		</Surface>
		<Surface surfaceType="InteriorFloor" id="bw-surface-3" >
			<CADOjectId>none</CADOjectId>
			<AdjacentSpaceId spaceIdRef="bw-space-3" />
			<PlanarGeometry>
				<PolyLoop>
					<CartesianPoint>
						<Coordinate>-169.2893</Coordinate>
						<Coordinate>331.9239</Coordinate>
						<Coordinate>24</Coordinate>
					</CartesianPoint>
					<CartesianPoint>
						<Coordinate>-169.2893</Coordinate>
						<Coordinate>310.7107</Coordinate>
						<Coordinate>24</Coordinate>
					</CartesianPoint>
					<CartesianPoint>
						<Coordinate>-240</Coordinate>
						<Coordinate>240</Coordinate>
						<Coordinate>24</Coordinate>
					</CartesianPoint>
					<CartesianPoint>
						<Coordinate>-261.2132</Coordinate>
						<Coordinate>240</Coordinate>
						<Coordinate>24</Coordinate>
					</CartesianPoint>
				</PolyLoop>
			</PlanarGeometry>
		</Surface>
		<Surface surfaceType="InteriorWall" id="bw-surface-3" >
			<CADOjectId>none</CADOjectId>
			<AdjacentSpaceId spaceIdRef="bw-space-3" />
			<PlanarGeometry>
				<PolyLoop>
					<CartesianPoint>
						<Coordinate>-169.2893</Coordinate>
						<Coordinate>310.7107</Coordinate>
						<Coordinate>24</Coordinate>
					</CartesianPoint>
					<CartesianPoint>
						<Coordinate>-169.2893</Coordinate>
						<Coordinate>310.7107</Coordinate>
						<Coordinate>36</Coordinate>
					</CartesianPoint>
					<CartesianPoint>
						<Coordinate>-240</Coordinate>
						<Coordinate>240</Coordinate>
						<Coordinate>36</Coordinate>
					</CartesianPoint>
					<CartesianPoint>
						<Coordinate>-240</Coordinate>
						<Coordinate>240</Coordinate>
						<Coordinate>24</Coordinate>
					</CartesianPoint>
				</PolyLoop>
			</PlanarGeometry>
		</Surface>
		<Surface surfaceType="ExteriorWall" id="bw-surface-3" >
			<CADOjectId>none</CADOjectId>
			<AdjacentSpaceId spaceIdRef="bw-space-3" />
			<PlanarGeometry>
				<PolyLoop>
					<CartesianPoint>
						<Coordinate>-169.2893</Coordinate>
						<Coordinate>331.9239</Coordinate>
						<Coordinate>36</Coordinate>
					</CartesianPoint>
					<CartesianPoint>
						<Coordinate>-169.2893</Coordinate>
						<Coordinate>331.9239</Coordinate>
						<Coordinate>24</Coordinate>
					</CartesianPoint>
					<CartesianPoint>
						<Coordinate>-261.2132</Coordinate>
						<Coordinate>240</Coordinate>
						<Coordinate>24</Coordinate>
					</CartesianPoint>
					<CartesianPoint>
						<Coordinate>-261.2132</Coordinate>
						<Coordinate>240</Coordinate>
						<Coordinate>36</Coordinate>
					</CartesianPoint>
				</PolyLoop>
			</PlanarGeometry>
			<Opening openingType="OperableWindow" id="bw-opening-3" >
				<PlanarGeometry>
					<PolyLoop>
					<CartesianPoint>
						<Coordinate>-186.2952</Coordinate>
						<Coordinate>314.918</Coordinate>
						<Coordinate>33.78</Coordinate>
					</CartesianPoint>
					<CartesianPoint>
						<Coordinate>-186.2952</Coordinate>
						<Coordinate>314.918</Coordinate>
						<Coordinate>26.22</Coordinate>
					</CartesianPoint>
					<CartesianPoint>
						<Coordinate>-244.2073</Coordinate>
						<Coordinate>257.0059</Coordinate>
						<Coordinate>26.22</Coordinate>
					</CartesianPoint>
					<CartesianPoint>
						<Coordinate>-244.2073</Coordinate>
						<Coordinate>257.0059</Coordinate>
						<Coordinate>33.78</Coordinate>
					</CartesianPoint>
					</PolyLoop>
				</PlanarGeometry>
			</Opening>
		</Surface>
		<Surface surfaceType="InteriorWall" id="bw-surface-3" >
			<CADOjectId>none</CADOjectId>
			<AdjacentSpaceId spaceIdRef="bw-space-3" />
			<PlanarGeometry>
				<PolyLoop>
					<CartesianPoint>
						<Coordinate>-169.2893</Coordinate>
						<Coordinate>310.7107</Coordinate>
						<Coordinate>24</Coordinate>
					</CartesianPoint>
					<CartesianPoint>
						<Coordinate>-169.2893</Coordinate>
						<Coordinate>331.9239</Coordinate>
						<Coordinate>24</Coordinate>
					</CartesianPoint>
					<CartesianPoint>
						<Coordinate>-169.2893</Coordinate>
						<Coordinate>331.9239</Coordinate>
						<Coordinate>36</Coordinate>
					</CartesianPoint>
					<CartesianPoint>
						<Coordinate>-169.2893</Coordinate>
						<Coordinate>310.7107</Coordinate>
						<Coordinate>36</Coordinate>
					</CartesianPoint>
				</PolyLoop>
			</PlanarGeometry>
		</Surface>
		<Surface surfaceType="Shade" id="bw-shade-building-6" >
			<Name>Box shape</Name>
			<PlanarGeometry>
				<PolyLoop>
					<CartesianPoint>
						<Coordinate>-253.8946</Coordinate>
						<Coordinate>218.5393</Coordinate>
						<Coordinate>33.78</Coordinate>
					</CartesianPoint>
					<CartesianPoint>
						<Coordinate>-204.8921</Coordinate>
						<Coordinate>169.5368</Coordinate>
						<Coordinate>33.78</Coordinate>
					</CartesianPoint>
					<CartesianPoint>
						<Coordinate>-197.8211</Coordinate>
						<Coordinate>176.6079</Coordinate>
						<Coordinate>33.78</Coordinate>
					</CartesianPoint>
					<CartesianPoint>
						<Coordinate>-246.8236</Coordinate>
						<Coordinate>225.6104</Coordinate>
						<Coordinate>33.78</Coordinate>
					</CartesianPoint>
				</PolyLoop>
			</PlanarGeometry>
		</Surface>
		<Surface surfaceType="Shade" id="bw-shade-building-8" >
			<Name>Box shape</Name>
			<PlanarGeometry>
				<PolyLoop>
					<CartesianPoint>
						<Coordinate>-159.3545</Coordinate>
						<Coordinate>172.1531</Coordinate>
						<Coordinate>33.78</Coordinate>
					</CartesianPoint>
					<CartesianPoint>
						<Coordinate>-101.4424</Coordinate>
						<Coordinate>230.0651</Coordinate>
						<Coordinate>33.78</Coordinate>
					</CartesianPoint>
					<CartesianPoint>
						<Coordinate>-108.5135</Coordinate>
						<Coordinate>237.1362</Coordinate>
						<Coordinate>33.78</Coordinate>
					</CartesianPoint>
					<CartesianPoint>
						<Coordinate>-166.4255</Coordinate>
						<Coordinate>179.2242</Coordinate>
						<Coordinate>33.78</Coordinate>
					</CartesianPoint>
				</PolyLoop>
			</PlanarGeometry>
		</Surface>
		<Surface surfaceType="Shade" id="bw-shade-building-10" >
			<Name>Box shape</Name>
			<PlanarGeometry>
				<PolyLoop>
					<CartesianPoint>
						<Coordinate>-98.8261</Coordinate>
						<Coordinate>275.6028</Coordinate>
						<Coordinate>33.78</Coordinate>
					</CartesianPoint>
					<CartesianPoint>
						<Coordinate>-147.8286</Coordinate>
						<Coordinate>324.6053</Coordinate>
						<Coordinate>33.78</Coordinate>
					</CartesianPoint>
					<CartesianPoint>
						<Coordinate>-154.8997</Coordinate>
						<Coordinate>317.5343</Coordinate>
						<Coordinate>33.78</Coordinate>
					</CartesianPoint>
					<CartesianPoint>
						<Coordinate>-105.8972</Coordinate>
						<Coordinate>268.5318</Coordinate>
						<Coordinate>33.78</Coordinate>
					</CartesianPoint>
				</PolyLoop>
			</PlanarGeometry>
		</Surface>
		<Surface surfaceType="Shade" id="bw-shade-building-12" >
			<Name>Box shape</Name>
			<PlanarGeometry>
				<PolyLoop>
					<CartesianPoint>
						<Coordinate>-193.3663</Coordinate>
						<Coordinate>321.989</Coordinate>
						<Coordinate>33.78</Coordinate>
					</CartesianPoint>
					<CartesianPoint>
						<Coordinate>-251.2784</Coordinate>
						<Coordinate>264.077</Coordinate>
						<Coordinate>33.78</Coordinate>
					</CartesianPoint>
					<CartesianPoint>
						<Coordinate>-244.2073</Coordinate>
						<Coordinate>257.0059</Coordinate>
						<Coordinate>33.78</Coordinate>
					</CartesianPoint>
					<CartesianPoint>
						<Coordinate>-186.2952</Coordinate>
						<Coordinate>314.918</Coordinate>
						<Coordinate>33.78</Coordinate>
					</CartesianPoint>
				</PolyLoop>
			</PlanarGeometry>
		</Surface>
		<Surface surfaceType="InteriorFloor" id="bw-surface-2" >
			<CADOjectId>none</CADOjectId>
			<AdjacentSpaceId spaceIdRef="bw-space-2" />
			<PlanarGeometry>
				<PolyLoop>
					<CartesianPoint>
						<Coordinate>-169.2893</Coordinate>
						<Coordinate>310.7107</Coordinate>
						<Coordinate>24</Coordinate>
					</CartesianPoint>
					<CartesianPoint>
						<Coordinate>-112.7208</Coordinate>
						<Coordinate>254.1421</Coordinate>
						<Coordinate>24</Coordinate>
					</CartesianPoint>
					<CartesianPoint>
						<Coordinate>-183.4315</Coordinate>
						<Coordinate>183.4315</Coordinate>
						<Coordinate>24</Coordinate>
					</CartesianPoint>
					<CartesianPoint>
						<Coordinate>-240</Coordinate>
						<Coordinate>240</Coordinate>
						<Coordinate>24</Coordinate>
					</CartesianPoint>
				</PolyLoop>
			</PlanarGeometry>
		</Surface>
		<Surface surfaceType="InteriorFloor" id="bw-surface-0" >
			<CADOjectId>none</CADOjectId>
			<AdjacentSpaceId spaceIdRef="bw-space-0" />
			<PlanarGeometry>
				<PolyLoop>
					<CartesianPoint>
						<Coordinate>-261.2132</Coordinate>
						<Coordinate>240</Coordinate>
						<Coordinate>48</Coordinate>
					</CartesianPoint>
					<CartesianPoint>
						<Coordinate>-240</Coordinate>
						<Coordinate>240</Coordinate>
						<Coordinate>48</Coordinate>
					</CartesianPoint>
					<CartesianPoint>
						<Coordinate>-183.4315</Coordinate>
						<Coordinate>183.4315</Coordinate>
						<Coordinate>48</Coordinate>
					</CartesianPoint>
					<CartesianPoint>
						<Coordinate>-183.4315</Coordinate>
						<Coordinate>162.2183</Coordinate>
						<Coordinate>48</Coordinate>
					</CartesianPoint>
				</PolyLoop>
			</PlanarGeometry>
		</Surface>
		<Surface surfaceType="InteriorWall" id="bw-surface-0" >
			<CADOjectId>none</CADOjectId>
			<AdjacentSpaceId spaceIdRef="bw-space-0" />
			<PlanarGeometry>
				<PolyLoop>
					<CartesianPoint>
						<Coordinate>-240</Coordinate>
						<Coordinate>240</Coordinate>
						<Coordinate>48</Coordinate>
					</CartesianPoint>
					<CartesianPoint>
						<Coordinate>-240</Coordinate>
						<Coordinate>240</Coordinate>
						<Coordinate>60</Coordinate>
					</CartesianPoint>
					<CartesianPoint>
						<Coordinate>-183.4315</Coordinate>
						<Coordinate>183.4315</Coordinate>
						<Coordinate>60</Coordinate>
					</CartesianPoint>
					<CartesianPoint>
						<Coordinate>-183.4315</Coordinate>
						<Coordinate>183.4315</Coordinate>
						<Coordinate>48</Coordinate>
					</CartesianPoint>
				</PolyLoop>
			</PlanarGeometry>
		</Surface>
		<Surface surfaceType="ExteriorWall" id="bw-surface-0" >
			<CADOjectId>none</CADOjectId>
			<AdjacentSpaceId spaceIdRef="bw-space-0" />
			<PlanarGeometry>
				<PolyLoop>
					<CartesianPoint>
						<Coordinate>-261.2132</Coordinate>
						<Coordinate>240</Coordinate>
						<Coordinate>60</Coordinate>
					</CartesianPoint>
					<CartesianPoint>
						<Coordinate>-261.2132</Coordinate>
						<Coordinate>240</Coordinate>
						<Coordinate>48</Coordinate>
					</CartesianPoint>
					<CartesianPoint>
						<Coordinate>-183.4315</Coordinate>
						<Coordinate>162.2183</Coordinate>
						<Coordinate>48</Coordinate>
					</CartesianPoint>
					<CartesianPoint>
						<Coordinate>-183.4315</Coordinate>
						<Coordinate>162.2183</Coordinate>
						<Coordinate>60</Coordinate>
					</CartesianPoint>
				</PolyLoop>
			</PlanarGeometry>
			<Opening openingType="OperableWindow" id="bw-opening-0" >
				<PlanarGeometry>
					<PolyLoop>
					<CartesianPoint>
						<Coordinate>-246.8236</Coordinate>
						<Coordinate>225.6104</Coordinate>
						<Coordinate>57.78</Coordinate>
					</CartesianPoint>
					<CartesianPoint>
						<Coordinate>-246.8236</Coordinate>
						<Coordinate>225.6104</Coordinate>
						<Coordinate>50.22</Coordinate>
					</CartesianPoint>
					<CartesianPoint>
						<Coordinate>-197.8211</Coordinate>
						<Coordinate>176.6079</Coordinate>
						<Coordinate>50.22</Coordinate>
					</CartesianPoint>
					<CartesianPoint>
						<Coordinate>-197.8211</Coordinate>
						<Coordinate>176.6079</Coordinate>
						<Coordinate>57.78</Coordinate>
					</CartesianPoint>
					</PolyLoop>
				</PlanarGeometry>
			</Opening>
		</Surface>
		<Surface surfaceType="InteriorWall" id="bw-surface-0" >
			<CADOjectId>none</CADOjectId>
			<AdjacentSpaceId spaceIdRef="bw-space-0" />
			<PlanarGeometry>
				<PolyLoop>
					<CartesianPoint>
						<Coordinate>-240</Coordinate>
						<Coordinate>240</Coordinate>
						<Coordinate>48</Coordinate>
					</CartesianPoint>
					<CartesianPoint>
						<Coordinate>-261.2132</Coordinate>
						<Coordinate>240</Coordinate>
						<Coordinate>48</Coordinate>
					</CartesianPoint>
					<CartesianPoint>
						<Coordinate>-261.2132</Coordinate>
						<Coordinate>240</Coordinate>
						<Coordinate>60</Coordinate>
					</CartesianPoint>
					<CartesianPoint>
						<Coordinate>-240</Coordinate>
						<Coordinate>240</Coordinate>
						<Coordinate>60</Coordinate>
					</CartesianPoint>
				</PolyLoop>
			</PlanarGeometry>
		</Surface>
		<Surface surfaceType="InteriorFloor" id="bw-surface-1" >
			<CADOjectId>none</CADOjectId>
			<AdjacentSpaceId spaceIdRef="bw-space-1" />
			<PlanarGeometry>
				<PolyLoop>
					<CartesianPoint>
						<Coordinate>-183.4315</Coordinate>
						<Coordinate>162.2183</Coordinate>
						<Coordinate>48</Coordinate>
					</CartesianPoint>
					<CartesianPoint>
						<Coordinate>-183.4315</Coordinate>
						<Coordinate>183.4315</Coordinate>
						<Coordinate>48</Coordinate>
					</CartesianPoint>
					<CartesianPoint>
						<Coordinate>-112.7208</Coordinate>
						<Coordinate>254.1421</Coordinate>
						<Coordinate>48</Coordinate>
					</CartesianPoint>
					<CartesianPoint>
						<Coordinate>-91.5076</Coordinate>
						<Coordinate>254.1421</Coordinate>
						<Coordinate>48</Coordinate>
					</CartesianPoint>
				</PolyLoop>
			</PlanarGeometry>
		</Surface>
		<Surface surfaceType="InteriorWall" id="bw-surface-1" >
			<CADOjectId>none</CADOjectId>
			<AdjacentSpaceId spaceIdRef="bw-space-1" />
			<PlanarGeometry>
				<PolyLoop>
					<CartesianPoint>
						<Coordinate>-183.4315</Coordinate>
						<Coordinate>183.4315</Coordinate>
						<Coordinate>48</Coordinate>
					</CartesianPoint>
					<CartesianPoint>
						<Coordinate>-183.4315</Coordinate>
						<Coordinate>183.4315</Coordinate>
						<Coordinate>60</Coordinate>
					</CartesianPoint>
					<CartesianPoint>
						<Coordinate>-112.7208</Coordinate>
						<Coordinate>254.1421</Coordinate>
						<Coordinate>60</Coordinate>
					</CartesianPoint>
					<CartesianPoint>
						<Coordinate>-112.7208</Coordinate>
						<Coordinate>254.1421</Coordinate>
						<Coordinate>48</Coordinate>
					</CartesianPoint>
				</PolyLoop>
			</PlanarGeometry>
		</Surface>
		<Surface surfaceType="ExteriorWall" id="bw-surface-1" >
			<CADOjectId>none</CADOjectId>
			<AdjacentSpaceId spaceIdRef="bw-space-1" />
			<PlanarGeometry>
				<PolyLoop>
					<CartesianPoint>
						<Coordinate>-183.4315</Coordinate>
						<Coordinate>162.2183</Coordinate>
						<Coordinate>60</Coordinate>
					</CartesianPoint>
					<CartesianPoint>
						<Coordinate>-183.4315</Coordinate>
						<Coordinate>162.2183</Coordinate>
						<Coordinate>48</Coordinate>
					</CartesianPoint>
					<CartesianPoint>
						<Coordinate>-91.5076</Coordinate>
						<Coordinate>254.1421</Coordinate>
						<Coordinate>48</Coordinate>
					</CartesianPoint>
					<CartesianPoint>
						<Coordinate>-91.5076</Coordinate>
						<Coordinate>254.1421</Coordinate>
						<Coordinate>60</Coordinate>
					</CartesianPoint>
				</PolyLoop>
			</PlanarGeometry>
			<Opening openingType="OperableWindow" id="bw-opening-1" >
				<PlanarGeometry>
					<PolyLoop>
					<CartesianPoint>
						<Coordinate>-166.4255</Coordinate>
						<Coordinate>179.2242</Coordinate>
						<Coordinate>57.78</Coordinate>
					</CartesianPoint>
					<CartesianPoint>
						<Coordinate>-166.4255</Coordinate>
						<Coordinate>179.2242</Coordinate>
						<Coordinate>50.22</Coordinate>
					</CartesianPoint>
					<CartesianPoint>
						<Coordinate>-108.5135</Coordinate>
						<Coordinate>237.1362</Coordinate>
						<Coordinate>50.22</Coordinate>
					</CartesianPoint>
					<CartesianPoint>
						<Coordinate>-108.5135</Coordinate>
						<Coordinate>237.1362</Coordinate>
						<Coordinate>57.78</Coordinate>
					</CartesianPoint>
					</PolyLoop>
				</PlanarGeometry>
			</Opening>
		</Surface>
		<Surface surfaceType="InteriorWall" id="bw-surface-1" >
			<CADOjectId>none</CADOjectId>
			<AdjacentSpaceId spaceIdRef="bw-space-1" />
			<PlanarGeometry>
				<PolyLoop>
					<CartesianPoint>
						<Coordinate>-183.4315</Coordinate>
						<Coordinate>183.4315</Coordinate>
						<Coordinate>48</Coordinate>
					</CartesianPoint>
					<CartesianPoint>
						<Coordinate>-183.4315</Coordinate>
						<Coordinate>162.2183</Coordinate>
						<Coordinate>48</Coordinate>
					</CartesianPoint>
					<CartesianPoint>
						<Coordinate>-183.4315</Coordinate>
						<Coordinate>162.2183</Coordinate>
						<Coordinate>60</Coordinate>
					</CartesianPoint>
					<CartesianPoint>
						<Coordinate>-183.4315</Coordinate>
						<Coordinate>183.4315</Coordinate>
						<Coordinate>60</Coordinate>
					</CartesianPoint>
				</PolyLoop>
			</PlanarGeometry>
		</Surface>
		<Surface surfaceType="InteriorFloor" id="bw-surface-2" >
			<CADOjectId>none</CADOjectId>
			<AdjacentSpaceId spaceIdRef="bw-space-2" />
			<PlanarGeometry>
				<PolyLoop>
					<CartesianPoint>
						<Coordinate>-91.5076</Coordinate>
						<Coordinate>254.1421</Coordinate>
						<Coordinate>48</Coordinate>
					</CartesianPoint>
					<CartesianPoint>
						<Coordinate>-112.7208</Coordinate>
						<Coordinate>254.1421</Coordinate>
						<Coordinate>48</Coordinate>
					</CartesianPoint>
					<CartesianPoint>
						<Coordinate>-169.2893</Coordinate>
						<Coordinate>310.7107</Coordinate>
						<Coordinate>48</Coordinate>
					</CartesianPoint>
					<CartesianPoint>
						<Coordinate>-169.2893</Coordinate>
						<Coordinate>331.9239</Coordinate>
						<Coordinate>48</Coordinate>
					</CartesianPoint>
				</PolyLoop>
			</PlanarGeometry>
		</Surface>
		<Surface surfaceType="InteriorWall" id="bw-surface-2" >
			<CADOjectId>none</CADOjectId>
			<AdjacentSpaceId spaceIdRef="bw-space-2" />
			<PlanarGeometry>
				<PolyLoop>
					<CartesianPoint>
						<Coordinate>-112.7208</Coordinate>
						<Coordinate>254.1421</Coordinate>
						<Coordinate>48</Coordinate>
					</CartesianPoint>
					<CartesianPoint>
						<Coordinate>-112.7208</Coordinate>
						<Coordinate>254.1421</Coordinate>
						<Coordinate>60</Coordinate>
					</CartesianPoint>
					<CartesianPoint>
						<Coordinate>-169.2893</Coordinate>
						<Coordinate>310.7107</Coordinate>
						<Coordinate>60</Coordinate>
					</CartesianPoint>
					<CartesianPoint>
						<Coordinate>-169.2893</Coordinate>
						<Coordinate>310.7107</Coordinate>
						<Coordinate>48</Coordinate>
					</CartesianPoint>
				</PolyLoop>
			</PlanarGeometry>
		</Surface>
		<Surface surfaceType="ExteriorWall" id="bw-surface-2" >
			<CADOjectId>none</CADOjectId>
			<AdjacentSpaceId spaceIdRef="bw-space-2" />
			<PlanarGeometry>
				<PolyLoop>
					<CartesianPoint>
						<Coordinate>-91.5076</Coordinate>
						<Coordinate>254.1421</Coordinate>
						<Coordinate>60</Coordinate>
					</CartesianPoint>
					<CartesianPoint>
						<Coordinate>-91.5076</Coordinate>
						<Coordinate>254.1421</Coordinate>
						<Coordinate>48</Coordinate>
					</CartesianPoint>
					<CartesianPoint>
						<Coordinate>-169.2893</Coordinate>
						<Coordinate>331.9239</Coordinate>
						<Coordinate>48</Coordinate>
					</CartesianPoint>
					<CartesianPoint>
						<Coordinate>-169.2893</Coordinate>
						<Coordinate>331.9239</Coordinate>
						<Coordinate>60</Coordinate>
					</CartesianPoint>
				</PolyLoop>
			</PlanarGeometry>
			<Opening openingType="OperableWindow" id="bw-opening-2" >
				<PlanarGeometry>
					<PolyLoop>
					<CartesianPoint>
						<Coordinate>-105.8972</Coordinate>
						<Coordinate>268.5318</Coordinate>
						<Coordinate>57.78</Coordinate>
					</CartesianPoint>
					<CartesianPoint>
						<Coordinate>-105.8972</Coordinate>
						<Coordinate>268.5318</Coordinate>
						<Coordinate>50.22</Coordinate>
					</CartesianPoint>
					<CartesianPoint>
						<Coordinate>-154.8997</Coordinate>
						<Coordinate>317.5343</Coordinate>
						<Coordinate>50.22</Coordinate>
					</CartesianPoint>
					<CartesianPoint>
						<Coordinate>-154.8997</Coordinate>
						<Coordinate>317.5343</Coordinate>
						<Coordinate>57.78</Coordinate>
					</CartesianPoint>
					</PolyLoop>
				</PlanarGeometry>
			</Opening>
		</Surface>
		<Surface surfaceType="InteriorWall" id="bw-surface-2" >
			<CADOjectId>none</CADOjectId>
			<AdjacentSpaceId spaceIdRef="bw-space-2" />
			<PlanarGeometry>
				<PolyLoop>
					<CartesianPoint>
						<Coordinate>-112.7208</Coordinate>
						<Coordinate>254.1421</Coordinate>
						<Coordinate>48</Coordinate>
					</CartesianPoint>
					<CartesianPoint>
						<Coordinate>-91.5076</Coordinate>
						<Coordinate>254.1421</Coordinate>
						<Coordinate>48</Coordinate>
					</CartesianPoint>
					<CartesianPoint>
						<Coordinate>-91.5076</Coordinate>
						<Coordinate>254.1421</Coordinate>
						<Coordinate>60</Coordinate>
					</CartesianPoint>
					<CartesianPoint>
						<Coordinate>-112.7208</Coordinate>
						<Coordinate>254.1421</Coordinate>
						<Coordinate>60</Coordinate>
					</CartesianPoint>
				</PolyLoop>
			</PlanarGeometry>
		</Surface>
		<Surface surfaceType="InteriorFloor" id="bw-surface-3" >
			<CADOjectId>none</CADOjectId>
			<AdjacentSpaceId spaceIdRef="bw-space-3" />
			<PlanarGeometry>
				<PolyLoop>
					<CartesianPoint>
						<Coordinate>-169.2893</Coordinate>
						<Coordinate>331.9239</Coordinate>
						<Coordinate>48</Coordinate>
					</CartesianPoint>
					<CartesianPoint>
						<Coordinate>-169.2893</Coordinate>
						<Coordinate>310.7107</Coordinate>
						<Coordinate>48</Coordinate>
					</CartesianPoint>
					<CartesianPoint>
						<Coordinate>-240</Coordinate>
						<Coordinate>240</Coordinate>
						<Coordinate>48</Coordinate>
					</CartesianPoint>
					<CartesianPoint>
						<Coordinate>-261.2132</Coordinate>
						<Coordinate>240</Coordinate>
						<Coordinate>48</Coordinate>
					</CartesianPoint>
				</PolyLoop>
			</PlanarGeometry>
		</Surface>
		<Surface surfaceType="InteriorWall" id="bw-surface-3" >
			<CADOjectId>none</CADOjectId>
			<AdjacentSpaceId spaceIdRef="bw-space-3" />
			<PlanarGeometry>
				<PolyLoop>
					<CartesianPoint>
						<Coordinate>-169.2893</Coordinate>
						<Coordinate>310.7107</Coordinate>
						<Coordinate>48</Coordinate>
					</CartesianPoint>
					<CartesianPoint>
						<Coordinate>-169.2893</Coordinate>
						<Coordinate>310.7107</Coordinate>
						<Coordinate>60</Coordinate>
					</CartesianPoint>
					<CartesianPoint>
						<Coordinate>-240</Coordinate>
						<Coordinate>240</Coordinate>
						<Coordinate>60</Coordinate>
					</CartesianPoint>
					<CartesianPoint>
						<Coordinate>-240</Coordinate>
						<Coordinate>240</Coordinate>
						<Coordinate>48</Coordinate>
					</CartesianPoint>
				</PolyLoop>
			</PlanarGeometry>
		</Surface>
		<Surface surfaceType="ExteriorWall" id="bw-surface-3" >
			<CADOjectId>none</CADOjectId>
			<AdjacentSpaceId spaceIdRef="bw-space-3" />
			<PlanarGeometry>
				<PolyLoop>
					<CartesianPoint>
						<Coordinate>-169.2893</Coordinate>
						<Coordinate>331.9239</Coordinate>
						<Coordinate>60</Coordinate>
					</CartesianPoint>
					<CartesianPoint>
						<Coordinate>-169.2893</Coordinate>
						<Coordinate>331.9239</Coordinate>
						<Coordinate>48</Coordinate>
					</CartesianPoint>
					<CartesianPoint>
						<Coordinate>-261.2132</Coordinate>
						<Coordinate>240</Coordinate>
						<Coordinate>48</Coordinate>
					</CartesianPoint>
					<CartesianPoint>
						<Coordinate>-261.2132</Coordinate>
						<Coordinate>240</Coordinate>
						<Coordinate>60</Coordinate>
					</CartesianPoint>
				</PolyLoop>
			</PlanarGeometry>
			<Opening openingType="OperableWindow" id="bw-opening-3" >
				<PlanarGeometry>
					<PolyLoop>
					<CartesianPoint>
						<Coordinate>-186.2952</Coordinate>
						<Coordinate>314.918</Coordinate>
						<Coordinate>57.78</Coordinate>
					</CartesianPoint>
					<CartesianPoint>
						<Coordinate>-186.2952</Coordinate>
						<Coordinate>314.918</Coordinate>
						<Coordinate>50.22</Coordinate>
					</CartesianPoint>
					<CartesianPoint>
						<Coordinate>-244.2073</Coordinate>
						<Coordinate>257.0059</Coordinate>
						<Coordinate>50.22</Coordinate>
					</CartesianPoint>
					<CartesianPoint>
						<Coordinate>-244.2073</Coordinate>
						<Coordinate>257.0059</Coordinate>
						<Coordinate>57.78</Coordinate>
					</CartesianPoint>
					</PolyLoop>
				</PlanarGeometry>
			</Opening>
		</Surface>
		<Surface surfaceType="InteriorWall" id="bw-surface-3" >
			<CADOjectId>none</CADOjectId>
			<AdjacentSpaceId spaceIdRef="bw-space-3" />
			<PlanarGeometry>
				<PolyLoop>
					<CartesianPoint>
						<Coordinate>-169.2893</Coordinate>
						<Coordinate>310.7107</Coordinate>
						<Coordinate>48</Coordinate>
					</CartesianPoint>
					<CartesianPoint>
						<Coordinate>-169.2893</Coordinate>
						<Coordinate>331.9239</Coordinate>
						<Coordinate>48</Coordinate>
					</CartesianPoint>
					<CartesianPoint>
						<Coordinate>-169.2893</Coordinate>
						<Coordinate>331.9239</Coordinate>
						<Coordinate>60</Coordinate>
					</CartesianPoint>
					<CartesianPoint>
						<Coordinate>-169.2893</Coordinate>
						<Coordinate>310.7107</Coordinate>
						<Coordinate>60</Coordinate>
					</CartesianPoint>
				</PolyLoop>
			</PlanarGeometry>
		</Surface>
		<Surface surfaceType="Shade" id="bw-shade-building-6" >
			<Name>Box shape</Name>
			<PlanarGeometry>
				<PolyLoop>
					<CartesianPoint>
						<Coordinate>-253.8946</Coordinate>
						<Coordinate>218.5393</Coordinate>
						<Coordinate>57.78</Coordinate>
					</CartesianPoint>
					<CartesianPoint>
						<Coordinate>-204.8921</Coordinate>
						<Coordinate>169.5368</Coordinate>
						<Coordinate>57.78</Coordinate>
					</CartesianPoint>
					<CartesianPoint>
						<Coordinate>-197.8211</Coordinate>
						<Coordinate>176.6079</Coordinate>
						<Coordinate>57.78</Coordinate>
					</CartesianPoint>
					<CartesianPoint>
						<Coordinate>-246.8236</Coordinate>
						<Coordinate>225.6104</Coordinate>
						<Coordinate>57.78</Coordinate>
					</CartesianPoint>
				</PolyLoop>
			</PlanarGeometry>
		</Surface>
		<Surface surfaceType="Shade" id="bw-shade-building-8" >
			<Name>Box shape</Name>
			<PlanarGeometry>
				<PolyLoop>
					<CartesianPoint>
						<Coordinate>-159.3545</Coordinate>
						<Coordinate>172.1531</Coordinate>
						<Coordinate>57.78</Coordinate>
					</CartesianPoint>
					<CartesianPoint>
						<Coordinate>-101.4424</Coordinate>
						<Coordinate>230.0651</Coordinate>
						<Coordinate>57.78</Coordinate>
					</CartesianPoint>
					<CartesianPoint>
						<Coordinate>-108.5135</Coordinate>
						<Coordinate>237.1362</Coordinate>
						<Coordinate>57.78</Coordinate>
					</CartesianPoint>
					<CartesianPoint>
						<Coordinate>-166.4255</Coordinate>
						<Coordinate>179.2242</Coordinate>
						<Coordinate>57.78</Coordinate>
					</CartesianPoint>
				</PolyLoop>
			</PlanarGeometry>
		</Surface>
		<Surface surfaceType="Shade" id="bw-shade-building-10" >
			<Name>Box shape</Name>
			<PlanarGeometry>
				<PolyLoop>
					<CartesianPoint>
						<Coordinate>-98.8261</Coordinate>
						<Coordinate>275.6028</Coordinate>
						<Coordinate>57.78</Coordinate>
					</CartesianPoint>
					<CartesianPoint>
						<Coordinate>-147.8286</Coordinate>
						<Coordinate>324.6053</Coordinate>
						<Coordinate>57.78</Coordinate>
					</CartesianPoint>
					<CartesianPoint>
						<Coordinate>-154.8997</Coordinate>
						<Coordinate>317.5343</Coordinate>
						<Coordinate>57.78</Coordinate>
					</CartesianPoint>
					<CartesianPoint>
						<Coordinate>-105.8972</Coordinate>
						<Coordinate>268.5318</Coordinate>
						<Coordinate>57.78</Coordinate>
					</CartesianPoint>
				</PolyLoop>
			</PlanarGeometry>
		</Surface>
		<Surface surfaceType="Shade" id="bw-shade-building-12" >
			<Name>Box shape</Name>
			<PlanarGeometry>
				<PolyLoop>
					<CartesianPoint>
						<Coordinate>-193.3663</Coordinate>
						<Coordinate>321.989</Coordinate>
						<Coordinate>57.78</Coordinate>
					</CartesianPoint>
					<CartesianPoint>
						<Coordinate>-251.2784</Coordinate>
						<Coordinate>264.077</Coordinate>
						<Coordinate>57.78</Coordinate>
					</CartesianPoint>
					<CartesianPoint>
						<Coordinate>-244.2073</Coordinate>
						<Coordinate>257.0059</Coordinate>
						<Coordinate>57.78</Coordinate>
					</CartesianPoint>
					<CartesianPoint>
						<Coordinate>-186.2952</Coordinate>
						<Coordinate>314.918</Coordinate>
						<Coordinate>57.78</Coordinate>
					</CartesianPoint>
				</PolyLoop>
			</PlanarGeometry>
		</Surface>
		<Surface surfaceType="InteriorFloor" id="bw-surface-3" >
			<CADOjectId>none</CADOjectId>
			<AdjacentSpaceId spaceIdRef="bw-space-3" />
			<PlanarGeometry>
				<PolyLoop>
					<CartesianPoint>
						<Coordinate>-169.2893</Coordinate>
						<Coordinate>310.7107</Coordinate>
						<Coordinate>48</Coordinate>
					</CartesianPoint>
					<CartesianPoint>
						<Coordinate>-112.7208</Coordinate>
						<Coordinate>254.1421</Coordinate>
						<Coordinate>48</Coordinate>
					</CartesianPoint>
					<CartesianPoint>
						<Coordinate>-183.4315</Coordinate>
						<Coordinate>183.4315</Coordinate>
						<Coordinate>48</Coordinate>
					</CartesianPoint>
					<CartesianPoint>
						<Coordinate>-240</Coordinate>
						<Coordinate>240</Coordinate>
						<Coordinate>48</Coordinate>
					</CartesianPoint>
				</PolyLoop>
			</PlanarGeometry>
		</Surface>
		<Surface surfaceType="InteriorFloor" id="bw-surface-0" >
			<CADOjectId>none</CADOjectId>
			<AdjacentSpaceId spaceIdRef="bw-space-0" />
			<PlanarGeometry>
				<PolyLoop>
					<CartesianPoint>
						<Coordinate>-261.2132</Coordinate>
						<Coordinate>240</Coordinate>
						<Coordinate>72</Coordinate>
					</CartesianPoint>
					<CartesianPoint>
						<Coordinate>-240</Coordinate>
						<Coordinate>240</Coordinate>
						<Coordinate>72</Coordinate>
					</CartesianPoint>
					<CartesianPoint>
						<Coordinate>-183.4315</Coordinate>
						<Coordinate>183.4315</Coordinate>
						<Coordinate>72</Coordinate>
					</CartesianPoint>
					<CartesianPoint>
						<Coordinate>-183.4315</Coordinate>
						<Coordinate>162.2183</Coordinate>
						<Coordinate>72</Coordinate>
					</CartesianPoint>
				</PolyLoop>
			</PlanarGeometry>
		</Surface>
		<Surface surfaceType="InteriorWall" id="bw-surface-0" >
			<CADOjectId>none</CADOjectId>
			<AdjacentSpaceId spaceIdRef="bw-space-0" />
			<PlanarGeometry>
				<PolyLoop>
					<CartesianPoint>
						<Coordinate>-240</Coordinate>
						<Coordinate>240</Coordinate>
						<Coordinate>72</Coordinate>
					</CartesianPoint>
					<CartesianPoint>
						<Coordinate>-240</Coordinate>
						<Coordinate>240</Coordinate>
						<Coordinate>84</Coordinate>
					</CartesianPoint>
					<CartesianPoint>
						<Coordinate>-183.4315</Coordinate>
						<Coordinate>183.4315</Coordinate>
						<Coordinate>84</Coordinate>
					</CartesianPoint>
					<CartesianPoint>
						<Coordinate>-183.4315</Coordinate>
						<Coordinate>183.4315</Coordinate>
						<Coordinate>72</Coordinate>
					</CartesianPoint>
				</PolyLoop>
			</PlanarGeometry>
		</Surface>
		<Surface surfaceType="ExteriorWall" id="bw-surface-0" >
			<CADOjectId>none</CADOjectId>
			<AdjacentSpaceId spaceIdRef="bw-space-0" />
			<PlanarGeometry>
				<PolyLoop>
					<CartesianPoint>
						<Coordinate>-261.2132</Coordinate>
						<Coordinate>240</Coordinate>
						<Coordinate>84</Coordinate>
					</CartesianPoint>
					<CartesianPoint>
						<Coordinate>-261.2132</Coordinate>
						<Coordinate>240</Coordinate>
						<Coordinate>72</Coordinate>
					</CartesianPoint>
					<CartesianPoint>
						<Coordinate>-183.4315</Coordinate>
						<Coordinate>162.2183</Coordinate>
						<Coordinate>72</Coordinate>
					</CartesianPoint>
					<CartesianPoint>
						<Coordinate>-183.4315</Coordinate>
						<Coordinate>162.2183</Coordinate>
						<Coordinate>84</Coordinate>
					</CartesianPoint>
				</PolyLoop>
			</PlanarGeometry>
			<Opening openingType="OperableWindow" id="bw-opening-0" >
				<PlanarGeometry>
					<PolyLoop>
					<CartesianPoint>
						<Coordinate>-246.8236</Coordinate>
						<Coordinate>225.6104</Coordinate>
						<Coordinate>81.78</Coordinate>
					</CartesianPoint>
					<CartesianPoint>
						<Coordinate>-246.8236</Coordinate>
						<Coordinate>225.6104</Coordinate>
						<Coordinate>74.22</Coordinate>
					</CartesianPoint>
					<CartesianPoint>
						<Coordinate>-197.8211</Coordinate>
						<Coordinate>176.6079</Coordinate>
						<Coordinate>74.22</Coordinate>
					</CartesianPoint>
					<CartesianPoint>
						<Coordinate>-197.8211</Coordinate>
						<Coordinate>176.6079</Coordinate>
						<Coordinate>81.78</Coordinate>
					</CartesianPoint>
					</PolyLoop>
				</PlanarGeometry>
			</Opening>
		</Surface>
		<Surface surfaceType="InteriorWall" id="bw-surface-0" >
			<CADOjectId>none</CADOjectId>
			<AdjacentSpaceId spaceIdRef="bw-space-0" />
			<PlanarGeometry>
				<PolyLoop>
					<CartesianPoint>
						<Coordinate>-240</Coordinate>
						<Coordinate>240</Coordinate>
						<Coordinate>72</Coordinate>
					</CartesianPoint>
					<CartesianPoint>
						<Coordinate>-261.2132</Coordinate>
						<Coordinate>240</Coordinate>
						<Coordinate>72</Coordinate>
					</CartesianPoint>
					<CartesianPoint>
						<Coordinate>-261.2132</Coordinate>
						<Coordinate>240</Coordinate>
						<Coordinate>84</Coordinate>
					</CartesianPoint>
					<CartesianPoint>
						<Coordinate>-240</Coordinate>
						<Coordinate>240</Coordinate>
						<Coordinate>84</Coordinate>
					</CartesianPoint>
				</PolyLoop>
			</PlanarGeometry>
		</Surface>
		<Surface surfaceType="InteriorFloor" id="bw-surface-1" >
			<CADOjectId>none</CADOjectId>
			<AdjacentSpaceId spaceIdRef="bw-space-1" />
			<PlanarGeometry>
				<PolyLoop>
					<CartesianPoint>
						<Coordinate>-183.4315</Coordinate>
						<Coordinate>162.2183</Coordinate>
						<Coordinate>72</Coordinate>
					</CartesianPoint>
					<CartesianPoint>
						<Coordinate>-183.4315</Coordinate>
						<Coordinate>183.4315</Coordinate>
						<Coordinate>72</Coordinate>
					</CartesianPoint>
					<CartesianPoint>
						<Coordinate>-112.7208</Coordinate>
						<Coordinate>254.1421</Coordinate>
						<Coordinate>72</Coordinate>
					</CartesianPoint>
					<CartesianPoint>
						<Coordinate>-91.5076</Coordinate>
						<Coordinate>254.1421</Coordinate>
						<Coordinate>72</Coordinate>
					</CartesianPoint>
				</PolyLoop>
			</PlanarGeometry>
		</Surface>
		<Surface surfaceType="InteriorWall" id="bw-surface-1" >
			<CADOjectId>none</CADOjectId>
			<AdjacentSpaceId spaceIdRef="bw-space-1" />
			<PlanarGeometry>
				<PolyLoop>
					<CartesianPoint>
						<Coordinate>-183.4315</Coordinate>
						<Coordinate>183.4315</Coordinate>
						<Coordinate>72</Coordinate>
					</CartesianPoint>
					<CartesianPoint>
						<Coordinate>-183.4315</Coordinate>
						<Coordinate>183.4315</Coordinate>
						<Coordinate>84</Coordinate>
					</CartesianPoint>
					<CartesianPoint>
						<Coordinate>-112.7208</Coordinate>
						<Coordinate>254.1421</Coordinate>
						<Coordinate>84</Coordinate>
					</CartesianPoint>
					<CartesianPoint>
						<Coordinate>-112.7208</Coordinate>
						<Coordinate>254.1421</Coordinate>
						<Coordinate>72</Coordinate>
					</CartesianPoint>
				</PolyLoop>
			</PlanarGeometry>
		</Surface>
		<Surface surfaceType="ExteriorWall" id="bw-surface-1" >
			<CADOjectId>none</CADOjectId>
			<AdjacentSpaceId spaceIdRef="bw-space-1" />
			<PlanarGeometry>
				<PolyLoop>
					<CartesianPoint>
						<Coordinate>-183.4315</Coordinate>
						<Coordinate>162.2183</Coordinate>
						<Coordinate>84</Coordinate>
					</CartesianPoint>
					<CartesianPoint>
						<Coordinate>-183.4315</Coordinate>
						<Coordinate>162.2183</Coordinate>
						<Coordinate>72</Coordinate>
					</CartesianPoint>
					<CartesianPoint>
						<Coordinate>-91.5076</Coordinate>
						<Coordinate>254.1421</Coordinate>
						<Coordinate>72</Coordinate>
					</CartesianPoint>
					<CartesianPoint>
						<Coordinate>-91.5076</Coordinate>
						<Coordinate>254.1421</Coordinate>
						<Coordinate>84</Coordinate>
					</CartesianPoint>
				</PolyLoop>
			</PlanarGeometry>
			<Opening openingType="OperableWindow" id="bw-opening-1" >
				<PlanarGeometry>
					<PolyLoop>
					<CartesianPoint>
						<Coordinate>-166.4255</Coordinate>
						<Coordinate>179.2242</Coordinate>
						<Coordinate>81.78</Coordinate>
					</CartesianPoint>
					<CartesianPoint>
						<Coordinate>-166.4255</Coordinate>
						<Coordinate>179.2242</Coordinate>
						<Coordinate>74.22</Coordinate>
					</CartesianPoint>
					<CartesianPoint>
						<Coordinate>-108.5135</Coordinate>
						<Coordinate>237.1362</Coordinate>
						<Coordinate>74.22</Coordinate>
					</CartesianPoint>
					<CartesianPoint>
						<Coordinate>-108.5135</Coordinate>
						<Coordinate>237.1362</Coordinate>
						<Coordinate>81.78</Coordinate>
					</CartesianPoint>
					</PolyLoop>
				</PlanarGeometry>
			</Opening>
		</Surface>
		<Surface surfaceType="InteriorWall" id="bw-surface-1" >
			<CADOjectId>none</CADOjectId>
			<AdjacentSpaceId spaceIdRef="bw-space-1" />
			<PlanarGeometry>
				<PolyLoop>
					<CartesianPoint>
						<Coordinate>-183.4315</Coordinate>
						<Coordinate>183.4315</Coordinate>
						<Coordinate>72</Coordinate>
					</CartesianPoint>
					<CartesianPoint>
						<Coordinate>-183.4315</Coordinate>
						<Coordinate>162.2183</Coordinate>
						<Coordinate>72</Coordinate>
					</CartesianPoint>
					<CartesianPoint>
						<Coordinate>-183.4315</Coordinate>
						<Coordinate>162.2183</Coordinate>
						<Coordinate>84</Coordinate>
					</CartesianPoint>
					<CartesianPoint>
						<Coordinate>-183.4315</Coordinate>
						<Coordinate>183.4315</Coordinate>
						<Coordinate>84</Coordinate>
					</CartesianPoint>
				</PolyLoop>
			</PlanarGeometry>
		</Surface>
		<Surface surfaceType="InteriorFloor" id="bw-surface-2" >
			<CADOjectId>none</CADOjectId>
			<AdjacentSpaceId spaceIdRef="bw-space-2" />
			<PlanarGeometry>
				<PolyLoop>
					<CartesianPoint>
						<Coordinate>-91.5076</Coordinate>
						<Coordinate>254.1421</Coordinate>
						<Coordinate>72</Coordinate>
					</CartesianPoint>
					<CartesianPoint>
						<Coordinate>-112.7208</Coordinate>
						<Coordinate>254.1421</Coordinate>
						<Coordinate>72</Coordinate>
					</CartesianPoint>
					<CartesianPoint>
						<Coordinate>-169.2893</Coordinate>
						<Coordinate>310.7107</Coordinate>
						<Coordinate>72</Coordinate>
					</CartesianPoint>
					<CartesianPoint>
						<Coordinate>-169.2893</Coordinate>
						<Coordinate>331.9239</Coordinate>
						<Coordinate>72</Coordinate>
					</CartesianPoint>
				</PolyLoop>
			</PlanarGeometry>
		</Surface>
		<Surface surfaceType="InteriorWall" id="bw-surface-2" >
			<CADOjectId>none</CADOjectId>
			<AdjacentSpaceId spaceIdRef="bw-space-2" />
			<PlanarGeometry>
				<PolyLoop>
					<CartesianPoint>
						<Coordinate>-112.7208</Coordinate>
						<Coordinate>254.1421</Coordinate>
						<Coordinate>72</Coordinate>
					</CartesianPoint>
					<CartesianPoint>
						<Coordinate>-112.7208</Coordinate>
						<Coordinate>254.1421</Coordinate>
						<Coordinate>84</Coordinate>
					</CartesianPoint>
					<CartesianPoint>
						<Coordinate>-169.2893</Coordinate>
						<Coordinate>310.7107</Coordinate>
						<Coordinate>84</Coordinate>
					</CartesianPoint>
					<CartesianPoint>
						<Coordinate>-169.2893</Coordinate>
						<Coordinate>310.7107</Coordinate>
						<Coordinate>72</Coordinate>
					</CartesianPoint>
				</PolyLoop>
			</PlanarGeometry>
		</Surface>
		<Surface surfaceType="ExteriorWall" id="bw-surface-2" >
			<CADOjectId>none</CADOjectId>
			<AdjacentSpaceId spaceIdRef="bw-space-2" />
			<PlanarGeometry>
				<PolyLoop>
					<CartesianPoint>
						<Coordinate>-91.5076</Coordinate>
						<Coordinate>254.1421</Coordinate>
						<Coordinate>84</Coordinate>
					</CartesianPoint>
					<CartesianPoint>
						<Coordinate>-91.5076</Coordinate>
						<Coordinate>254.1421</Coordinate>
						<Coordinate>72</Coordinate>
					</CartesianPoint>
					<CartesianPoint>
						<Coordinate>-169.2893</Coordinate>
						<Coordinate>331.9239</Coordinate>
						<Coordinate>72</Coordinate>
					</CartesianPoint>
					<CartesianPoint>
						<Coordinate>-169.2893</Coordinate>
						<Coordinate>331.9239</Coordinate>
						<Coordinate>84</Coordinate>
					</CartesianPoint>
				</PolyLoop>
			</PlanarGeometry>
			<Opening openingType="OperableWindow" id="bw-opening-2" >
				<PlanarGeometry>
					<PolyLoop>
					<CartesianPoint>
						<Coordinate>-105.8972</Coordinate>
						<Coordinate>268.5318</Coordinate>
						<Coordinate>81.78</Coordinate>
					</CartesianPoint>
					<CartesianPoint>
						<Coordinate>-105.8972</Coordinate>
						<Coordinate>268.5318</Coordinate>
						<Coordinate>74.22</Coordinate>
					</CartesianPoint>
					<CartesianPoint>
						<Coordinate>-154.8997</Coordinate>
						<Coordinate>317.5343</Coordinate>
						<Coordinate>74.22</Coordinate>
					</CartesianPoint>
					<CartesianPoint>
						<Coordinate>-154.8997</Coordinate>
						<Coordinate>317.5343</Coordinate>
						<Coordinate>81.78</Coordinate>
					</CartesianPoint>
					</PolyLoop>
				</PlanarGeometry>
			</Opening>
		</Surface>
		<Surface surfaceType="InteriorWall" id="bw-surface-2" >
			<CADOjectId>none</CADOjectId>
			<AdjacentSpaceId spaceIdRef="bw-space-2" />
			<PlanarGeometry>
				<PolyLoop>
					<CartesianPoint>
						<Coordinate>-112.7208</Coordinate>
						<Coordinate>254.1421</Coordinate>
						<Coordinate>72</Coordinate>
					</CartesianPoint>
					<CartesianPoint>
						<Coordinate>-91.5076</Coordinate>
						<Coordinate>254.1421</Coordinate>
						<Coordinate>72</Coordinate>
					</CartesianPoint>
					<CartesianPoint>
						<Coordinate>-91.5076</Coordinate>
						<Coordinate>254.1421</Coordinate>
						<Coordinate>84</Coordinate>
					</CartesianPoint>
					<CartesianPoint>
						<Coordinate>-112.7208</Coordinate>
						<Coordinate>254.1421</Coordinate>
						<Coordinate>84</Coordinate>
					</CartesianPoint>
				</PolyLoop>
			</PlanarGeometry>
		</Surface>
		<Surface surfaceType="InteriorFloor" id="bw-surface-3" >
			<CADOjectId>none</CADOjectId>
			<AdjacentSpaceId spaceIdRef="bw-space-3" />
			<PlanarGeometry>
				<PolyLoop>
					<CartesianPoint>
						<Coordinate>-169.2893</Coordinate>
						<Coordinate>331.9239</Coordinate>
						<Coordinate>72</Coordinate>
					</CartesianPoint>
					<CartesianPoint>
						<Coordinate>-169.2893</Coordinate>
						<Coordinate>310.7107</Coordinate>
						<Coordinate>72</Coordinate>
					</CartesianPoint>
					<CartesianPoint>
						<Coordinate>-240</Coordinate>
						<Coordinate>240</Coordinate>
						<Coordinate>72</Coordinate>
					</CartesianPoint>
					<CartesianPoint>
						<Coordinate>-261.2132</Coordinate>
						<Coordinate>240</Coordinate>
						<Coordinate>72</Coordinate>
					</CartesianPoint>
				</PolyLoop>
			</PlanarGeometry>
		</Surface>
		<Surface surfaceType="InteriorWall" id="bw-surface-3" >
			<CADOjectId>none</CADOjectId>
			<AdjacentSpaceId spaceIdRef="bw-space-3" />
			<PlanarGeometry>
				<PolyLoop>
					<CartesianPoint>
						<Coordinate>-169.2893</Coordinate>
						<Coordinate>310.7107</Coordinate>
						<Coordinate>72</Coordinate>
					</CartesianPoint>
					<CartesianPoint>
						<Coordinate>-169.2893</Coordinate>
						<Coordinate>310.7107</Coordinate>
						<Coordinate>84</Coordinate>
					</CartesianPoint>
					<CartesianPoint>
						<Coordinate>-240</Coordinate>
						<Coordinate>240</Coordinate>
						<Coordinate>84</Coordinate>
					</CartesianPoint>
					<CartesianPoint>
						<Coordinate>-240</Coordinate>
						<Coordinate>240</Coordinate>
						<Coordinate>72</Coordinate>
					</CartesianPoint>
				</PolyLoop>
			</PlanarGeometry>
		</Surface>
		<Surface surfaceType="ExteriorWall" id="bw-surface-3" >
			<CADOjectId>none</CADOjectId>
			<AdjacentSpaceId spaceIdRef="bw-space-3" />
			<PlanarGeometry>
				<PolyLoop>
					<CartesianPoint>
						<Coordinate>-169.2893</Coordinate>
						<Coordinate>331.9239</Coordinate>
						<Coordinate>84</Coordinate>
					</CartesianPoint>
					<CartesianPoint>
						<Coordinate>-169.2893</Coordinate>
						<Coordinate>331.9239</Coordinate>
						<Coordinate>72</Coordinate>
					</CartesianPoint>
					<CartesianPoint>
						<Coordinate>-261.2132</Coordinate>
						<Coordinate>240</Coordinate>
						<Coordinate>72</Coordinate>
					</CartesianPoint>
					<CartesianPoint>
						<Coordinate>-261.2132</Coordinate>
						<Coordinate>240</Coordinate>
						<Coordinate>84</Coordinate>
					</CartesianPoint>
				</PolyLoop>
			</PlanarGeometry>
			<Opening openingType="OperableWindow" id="bw-opening-3" >
				<PlanarGeometry>
					<PolyLoop>
					<CartesianPoint>
						<Coordinate>-186.2952</Coordinate>
						<Coordinate>314.918</Coordinate>
						<Coordinate>81.78</Coordinate>
					</CartesianPoint>
					<CartesianPoint>
						<Coordinate>-186.2952</Coordinate>
						<Coordinate>314.918</Coordinate>
						<Coordinate>74.22</Coordinate>
					</CartesianPoint>
					<CartesianPoint>
						<Coordinate>-244.2073</Coordinate>
						<Coordinate>257.0059</Coordinate>
						<Coordinate>74.22</Coordinate>
					</CartesianPoint>
					<CartesianPoint>
						<Coordinate>-244.2073</Coordinate>
						<Coordinate>257.0059</Coordinate>
						<Coordinate>81.78</Coordinate>
					</CartesianPoint>
					</PolyLoop>
				</PlanarGeometry>
			</Opening>
		</Surface>
		<Surface surfaceType="InteriorWall" id="bw-surface-3" >
			<CADOjectId>none</CADOjectId>
			<AdjacentSpaceId spaceIdRef="bw-space-3" />
			<PlanarGeometry>
				<PolyLoop>
					<CartesianPoint>
						<Coordinate>-169.2893</Coordinate>
						<Coordinate>310.7107</Coordinate>
						<Coordinate>72</Coordinate>
					</CartesianPoint>
					<CartesianPoint>
						<Coordinate>-169.2893</Coordinate>
						<Coordinate>331.9239</Coordinate>
						<Coordinate>72</Coordinate>
					</CartesianPoint>
					<CartesianPoint>
						<Coordinate>-169.2893</Coordinate>
						<Coordinate>331.9239</Coordinate>
						<Coordinate>84</Coordinate>
					</CartesianPoint>
					<CartesianPoint>
						<Coordinate>-169.2893</Coordinate>
						<Coordinate>310.7107</Coordinate>
						<Coordinate>84</Coordinate>
					</CartesianPoint>
				</PolyLoop>
			</PlanarGeometry>
		</Surface>
		<Surface surfaceType="Shade" id="bw-shade-building-6" >
			<Name>Box shape</Name>
			<PlanarGeometry>
				<PolyLoop>
					<CartesianPoint>
						<Coordinate>-253.8946</Coordinate>
						<Coordinate>218.5393</Coordinate>
						<Coordinate>81.78</Coordinate>
					</CartesianPoint>
					<CartesianPoint>
						<Coordinate>-204.8921</Coordinate>
						<Coordinate>169.5368</Coordinate>
						<Coordinate>81.78</Coordinate>
					</CartesianPoint>
					<CartesianPoint>
						<Coordinate>-197.8211</Coordinate>
						<Coordinate>176.6079</Coordinate>
						<Coordinate>81.78</Coordinate>
					</CartesianPoint>
					<CartesianPoint>
						<Coordinate>-246.8236</Coordinate>
						<Coordinate>225.6104</Coordinate>
						<Coordinate>81.78</Coordinate>
					</CartesianPoint>
				</PolyLoop>
			</PlanarGeometry>
		</Surface>
		<Surface surfaceType="Shade" id="bw-shade-building-8" >
			<Name>Box shape</Name>
			<PlanarGeometry>
				<PolyLoop>
					<CartesianPoint>
						<Coordinate>-159.3545</Coordinate>
						<Coordinate>172.1531</Coordinate>
						<Coordinate>81.78</Coordinate>
					</CartesianPoint>
					<CartesianPoint>
						<Coordinate>-101.4424</Coordinate>
						<Coordinate>230.0651</Coordinate>
						<Coordinate>81.78</Coordinate>
					</CartesianPoint>
					<CartesianPoint>
						<Coordinate>-108.5135</Coordinate>
						<Coordinate>237.1362</Coordinate>
						<Coordinate>81.78</Coordinate>
					</CartesianPoint>
					<CartesianPoint>
						<Coordinate>-166.4255</Coordinate>
						<Coordinate>179.2242</Coordinate>
						<Coordinate>81.78</Coordinate>
					</CartesianPoint>
				</PolyLoop>
			</PlanarGeometry>
		</Surface>
		<Surface surfaceType="Shade" id="bw-shade-building-10" >
			<Name>Box shape</Name>
			<PlanarGeometry>
				<PolyLoop>
					<CartesianPoint>
						<Coordinate>-98.8261</Coordinate>
						<Coordinate>275.6028</Coordinate>
						<Coordinate>81.78</Coordinate>
					</CartesianPoint>
					<CartesianPoint>
						<Coordinate>-147.8286</Coordinate>
						<Coordinate>324.6053</Coordinate>
						<Coordinate>81.78</Coordinate>
					</CartesianPoint>
					<CartesianPoint>
						<Coordinate>-154.8997</Coordinate>
						<Coordinate>317.5343</Coordinate>
						<Coordinate>81.78</Coordinate>
					</CartesianPoint>
					<CartesianPoint>
						<Coordinate>-105.8972</Coordinate>
						<Coordinate>268.5318</Coordinate>
						<Coordinate>81.78</Coordinate>
					</CartesianPoint>
				</PolyLoop>
			</PlanarGeometry>
		</Surface>
		<Surface surfaceType="Shade" id="bw-shade-building-12" >
			<Name>Box shape</Name>
			<PlanarGeometry>
				<PolyLoop>
					<CartesianPoint>
						<Coordinate>-193.3663</Coordinate>
						<Coordinate>321.989</Coordinate>
						<Coordinate>81.78</Coordinate>
					</CartesianPoint>
					<CartesianPoint>
						<Coordinate>-251.2784</Coordinate>
						<Coordinate>264.077</Coordinate>
						<Coordinate>81.78</Coordinate>
					</CartesianPoint>
					<CartesianPoint>
						<Coordinate>-244.2073</Coordinate>
						<Coordinate>257.0059</Coordinate>
						<Coordinate>81.78</Coordinate>
					</CartesianPoint>
					<CartesianPoint>
						<Coordinate>-186.2952</Coordinate>
						<Coordinate>314.918</Coordinate>
						<Coordinate>81.78</Coordinate>
					</CartesianPoint>
				</PolyLoop>
			</PlanarGeometry>
		</Surface>
		<Surface surfaceType="InteriorFloor" id="bw-surface-4" >
			<CADOjectId>none</CADOjectId>
			<AdjacentSpaceId spaceIdRef="bw-space-4" />
			<PlanarGeometry>
				<PolyLoop>
					<CartesianPoint>
						<Coordinate>-169.2893</Coordinate>
						<Coordinate>310.7107</Coordinate>
						<Coordinate>72</Coordinate>
					</CartesianPoint>
					<CartesianPoint>
						<Coordinate>-112.7208</Coordinate>
						<Coordinate>254.1421</Coordinate>
						<Coordinate>72</Coordinate>
					</CartesianPoint>
					<CartesianPoint>
						<Coordinate>-183.4315</Coordinate>
						<Coordinate>183.4315</Coordinate>
						<Coordinate>72</Coordinate>
					</CartesianPoint>
					<CartesianPoint>
						<Coordinate>-240</Coordinate>
						<Coordinate>240</Coordinate>
						<Coordinate>72</Coordinate>
					</CartesianPoint>
				</PolyLoop>
			</PlanarGeometry>
		</Surface>
		<Surface surfaceType="InteriorFloor" id="bw-surface-0" >
			<CADOjectId>none</CADOjectId>
			<AdjacentSpaceId spaceIdRef="bw-space-0" />
			<PlanarGeometry>
				<PolyLoop>
					<CartesianPoint>
						<Coordinate>-261.2132</Coordinate>
						<Coordinate>240</Coordinate>
						<Coordinate>96</Coordinate>
					</CartesianPoint>
					<CartesianPoint>
						<Coordinate>-240</Coordinate>
						<Coordinate>240</Coordinate>
						<Coordinate>96</Coordinate>
					</CartesianPoint>
					<CartesianPoint>
						<Coordinate>-183.4315</Coordinate>
						<Coordinate>183.4315</Coordinate>
						<Coordinate>96</Coordinate>
					</CartesianPoint>
					<CartesianPoint>
						<Coordinate>-183.4315</Coordinate>
						<Coordinate>162.2183</Coordinate>
						<Coordinate>96</Coordinate>
					</CartesianPoint>
				</PolyLoop>
			</PlanarGeometry>
		</Surface>
		<Surface surfaceType="InteriorWall" id="bw-surface-0" >
			<CADOjectId>none</CADOjectId>
			<AdjacentSpaceId spaceIdRef="bw-space-0" />
			<PlanarGeometry>
				<PolyLoop>
					<CartesianPoint>
						<Coordinate>-240</Coordinate>
						<Coordinate>240</Coordinate>
						<Coordinate>96</Coordinate>
					</CartesianPoint>
					<CartesianPoint>
						<Coordinate>-240</Coordinate>
						<Coordinate>240</Coordinate>
						<Coordinate>108</Coordinate>
					</CartesianPoint>
					<CartesianPoint>
						<Coordinate>-183.4315</Coordinate>
						<Coordinate>183.4315</Coordinate>
						<Coordinate>108</Coordinate>
					</CartesianPoint>
					<CartesianPoint>
						<Coordinate>-183.4315</Coordinate>
						<Coordinate>183.4315</Coordinate>
						<Coordinate>96</Coordinate>
					</CartesianPoint>
				</PolyLoop>
			</PlanarGeometry>
		</Surface>
		<Surface surfaceType="ExteriorWall" id="bw-surface-0" >
			<CADOjectId>none</CADOjectId>
			<AdjacentSpaceId spaceIdRef="bw-space-0" />
			<PlanarGeometry>
				<PolyLoop>
					<CartesianPoint>
						<Coordinate>-261.2132</Coordinate>
						<Coordinate>240</Coordinate>
						<Coordinate>108</Coordinate>
					</CartesianPoint>
					<CartesianPoint>
						<Coordinate>-261.2132</Coordinate>
						<Coordinate>240</Coordinate>
						<Coordinate>96</Coordinate>
					</CartesianPoint>
					<CartesianPoint>
						<Coordinate>-183.4315</Coordinate>
						<Coordinate>162.2183</Coordinate>
						<Coordinate>96</Coordinate>
					</CartesianPoint>
					<CartesianPoint>
						<Coordinate>-183.4315</Coordinate>
						<Coordinate>162.2183</Coordinate>
						<Coordinate>108</Coordinate>
					</CartesianPoint>
				</PolyLoop>
			</PlanarGeometry>
			<Opening openingType="OperableWindow" id="bw-opening-0" >
				<PlanarGeometry>
					<PolyLoop>
					<CartesianPoint>
						<Coordinate>-246.8236</Coordinate>
						<Coordinate>225.6104</Coordinate>
						<Coordinate>105.78</Coordinate>
					</CartesianPoint>
					<CartesianPoint>
						<Coordinate>-246.8236</Coordinate>
						<Coordinate>225.6104</Coordinate>
						<Coordinate>98.22</Coordinate>
					</CartesianPoint>
					<CartesianPoint>
						<Coordinate>-197.8211</Coordinate>
						<Coordinate>176.6079</Coordinate>
						<Coordinate>98.22</Coordinate>
					</CartesianPoint>
					<CartesianPoint>
						<Coordinate>-197.8211</Coordinate>
						<Coordinate>176.6079</Coordinate>
						<Coordinate>105.78</Coordinate>
					</CartesianPoint>
					</PolyLoop>
				</PlanarGeometry>
			</Opening>
		</Surface>
		<Surface surfaceType="InteriorWall" id="bw-surface-0" >
			<CADOjectId>none</CADOjectId>
			<AdjacentSpaceId spaceIdRef="bw-space-0" />
			<PlanarGeometry>
				<PolyLoop>
					<CartesianPoint>
						<Coordinate>-240</Coordinate>
						<Coordinate>240</Coordinate>
						<Coordinate>96</Coordinate>
					</CartesianPoint>
					<CartesianPoint>
						<Coordinate>-261.2132</Coordinate>
						<Coordinate>240</Coordinate>
						<Coordinate>96</Coordinate>
					</CartesianPoint>
					<CartesianPoint>
						<Coordinate>-261.2132</Coordinate>
						<Coordinate>240</Coordinate>
						<Coordinate>108</Coordinate>
					</CartesianPoint>
					<CartesianPoint>
						<Coordinate>-240</Coordinate>
						<Coordinate>240</Coordinate>
						<Coordinate>108</Coordinate>
					</CartesianPoint>
				</PolyLoop>
			</PlanarGeometry>
		</Surface>
		<Surface surfaceType="InteriorFloor" id="bw-surface-1" >
			<CADOjectId>none</CADOjectId>
			<AdjacentSpaceId spaceIdRef="bw-space-1" />
			<PlanarGeometry>
				<PolyLoop>
					<CartesianPoint>
						<Coordinate>-183.4315</Coordinate>
						<Coordinate>162.2183</Coordinate>
						<Coordinate>96</Coordinate>
					</CartesianPoint>
					<CartesianPoint>
						<Coordinate>-183.4315</Coordinate>
						<Coordinate>183.4315</Coordinate>
						<Coordinate>96</Coordinate>
					</CartesianPoint>
					<CartesianPoint>
						<Coordinate>-112.7208</Coordinate>
						<Coordinate>254.1421</Coordinate>
						<Coordinate>96</Coordinate>
					</CartesianPoint>
					<CartesianPoint>
						<Coordinate>-91.5076</Coordinate>
						<Coordinate>254.1421</Coordinate>
						<Coordinate>96</Coordinate>
					</CartesianPoint>
				</PolyLoop>
			</PlanarGeometry>
		</Surface>
		<Surface surfaceType="InteriorWall" id="bw-surface-1" >
			<CADOjectId>none</CADOjectId>
			<AdjacentSpaceId spaceIdRef="bw-space-1" />
			<PlanarGeometry>
				<PolyLoop>
					<CartesianPoint>
						<Coordinate>-183.4315</Coordinate>
						<Coordinate>183.4315</Coordinate>
						<Coordinate>96</Coordinate>
					</CartesianPoint>
					<CartesianPoint>
						<Coordinate>-183.4315</Coordinate>
						<Coordinate>183.4315</Coordinate>
						<Coordinate>108</Coordinate>
					</CartesianPoint>
					<CartesianPoint>
						<Coordinate>-112.7208</Coordinate>
						<Coordinate>254.1421</Coordinate>
						<Coordinate>108</Coordinate>
					</CartesianPoint>
					<CartesianPoint>
						<Coordinate>-112.7208</Coordinate>
						<Coordinate>254.1421</Coordinate>
						<Coordinate>96</Coordinate>
					</CartesianPoint>
				</PolyLoop>
			</PlanarGeometry>
		</Surface>
		<Surface surfaceType="ExteriorWall" id="bw-surface-1" >
			<CADOjectId>none</CADOjectId>
			<AdjacentSpaceId spaceIdRef="bw-space-1" />
			<PlanarGeometry>
				<PolyLoop>
					<CartesianPoint>
						<Coordinate>-183.4315</Coordinate>
						<Coordinate>162.2183</Coordinate>
						<Coordinate>108</Coordinate>
					</CartesianPoint>
					<CartesianPoint>
						<Coordinate>-183.4315</Coordinate>
						<Coordinate>162.2183</Coordinate>
						<Coordinate>96</Coordinate>
					</CartesianPoint>
					<CartesianPoint>
						<Coordinate>-91.5076</Coordinate>
						<Coordinate>254.1421</Coordinate>
						<Coordinate>96</Coordinate>
					</CartesianPoint>
					<CartesianPoint>
						<Coordinate>-91.5076</Coordinate>
						<Coordinate>254.1421</Coordinate>
						<Coordinate>108</Coordinate>
					</CartesianPoint>
				</PolyLoop>
			</PlanarGeometry>
			<Opening openingType="OperableWindow" id="bw-opening-1" >
				<PlanarGeometry>
					<PolyLoop>
					<CartesianPoint>
						<Coordinate>-166.4255</Coordinate>
						<Coordinate>179.2242</Coordinate>
						<Coordinate>105.78</Coordinate>
					</CartesianPoint>
					<CartesianPoint>
						<Coordinate>-166.4255</Coordinate>
						<Coordinate>179.2242</Coordinate>
						<Coordinate>98.22</Coordinate>
					</CartesianPoint>
					<CartesianPoint>
						<Coordinate>-108.5135</Coordinate>
						<Coordinate>237.1362</Coordinate>
						<Coordinate>98.22</Coordinate>
					</CartesianPoint>
					<CartesianPoint>
						<Coordinate>-108.5135</Coordinate>
						<Coordinate>237.1362</Coordinate>
						<Coordinate>105.78</Coordinate>
					</CartesianPoint>
					</PolyLoop>
				</PlanarGeometry>
			</Opening>
		</Surface>
		<Surface surfaceType="InteriorWall" id="bw-surface-1" >
			<CADOjectId>none</CADOjectId>
			<AdjacentSpaceId spaceIdRef="bw-space-1" />
			<PlanarGeometry>
				<PolyLoop>
					<CartesianPoint>
						<Coordinate>-183.4315</Coordinate>
						<Coordinate>183.4315</Coordinate>
						<Coordinate>96</Coordinate>
					</CartesianPoint>
					<CartesianPoint>
						<Coordinate>-183.4315</Coordinate>
						<Coordinate>162.2183</Coordinate>
						<Coordinate>96</Coordinate>
					</CartesianPoint>
					<CartesianPoint>
						<Coordinate>-183.4315</Coordinate>
						<Coordinate>162.2183</Coordinate>
						<Coordinate>108</Coordinate>
					</CartesianPoint>
					<CartesianPoint>
						<Coordinate>-183.4315</Coordinate>
						<Coordinate>183.4315</Coordinate>
						<Coordinate>108</Coordinate>
					</CartesianPoint>
				</PolyLoop>
			</PlanarGeometry>
		</Surface>
		<Surface surfaceType="InteriorFloor" id="bw-surface-2" >
			<CADOjectId>none</CADOjectId>
			<AdjacentSpaceId spaceIdRef="bw-space-2" />
			<PlanarGeometry>
				<PolyLoop>
					<CartesianPoint>
						<Coordinate>-91.5076</Coordinate>
						<Coordinate>254.1421</Coordinate>
						<Coordinate>96</Coordinate>
					</CartesianPoint>
					<CartesianPoint>
						<Coordinate>-112.7208</Coordinate>
						<Coordinate>254.1421</Coordinate>
						<Coordinate>96</Coordinate>
					</CartesianPoint>
					<CartesianPoint>
						<Coordinate>-169.2893</Coordinate>
						<Coordinate>310.7107</Coordinate>
						<Coordinate>96</Coordinate>
					</CartesianPoint>
					<CartesianPoint>
						<Coordinate>-169.2893</Coordinate>
						<Coordinate>331.9239</Coordinate>
						<Coordinate>96</Coordinate>
					</CartesianPoint>
				</PolyLoop>
			</PlanarGeometry>
		</Surface>
		<Surface surfaceType="InteriorWall" id="bw-surface-2" >
			<CADOjectId>none</CADOjectId>
			<AdjacentSpaceId spaceIdRef="bw-space-2" />
			<PlanarGeometry>
				<PolyLoop>
					<CartesianPoint>
						<Coordinate>-112.7208</Coordinate>
						<Coordinate>254.1421</Coordinate>
						<Coordinate>96</Coordinate>
					</CartesianPoint>
					<CartesianPoint>
						<Coordinate>-112.7208</Coordinate>
						<Coordinate>254.1421</Coordinate>
						<Coordinate>108</Coordinate>
					</CartesianPoint>
					<CartesianPoint>
						<Coordinate>-169.2893</Coordinate>
						<Coordinate>310.7107</Coordinate>
						<Coordinate>108</Coordinate>
					</CartesianPoint>
					<CartesianPoint>
						<Coordinate>-169.2893</Coordinate>
						<Coordinate>310.7107</Coordinate>
						<Coordinate>96</Coordinate>
					</CartesianPoint>
				</PolyLoop>
			</PlanarGeometry>
		</Surface>
		<Surface surfaceType="ExteriorWall" id="bw-surface-2" >
			<CADOjectId>none</CADOjectId>
			<AdjacentSpaceId spaceIdRef="bw-space-2" />
			<PlanarGeometry>
				<PolyLoop>
					<CartesianPoint>
						<Coordinate>-91.5076</Coordinate>
						<Coordinate>254.1421</Coordinate>
						<Coordinate>108</Coordinate>
					</CartesianPoint>
					<CartesianPoint>
						<Coordinate>-91.5076</Coordinate>
						<Coordinate>254.1421</Coordinate>
						<Coordinate>96</Coordinate>
					</CartesianPoint>
					<CartesianPoint>
						<Coordinate>-169.2893</Coordinate>
						<Coordinate>331.9239</Coordinate>
						<Coordinate>96</Coordinate>
					</CartesianPoint>
					<CartesianPoint>
						<Coordinate>-169.2893</Coordinate>
						<Coordinate>331.9239</Coordinate>
						<Coordinate>108</Coordinate>
					</CartesianPoint>
				</PolyLoop>
			</PlanarGeometry>
			<Opening openingType="OperableWindow" id="bw-opening-2" >
				<PlanarGeometry>
					<PolyLoop>
					<CartesianPoint>
						<Coordinate>-105.8972</Coordinate>
						<Coordinate>268.5318</Coordinate>
						<Coordinate>105.78</Coordinate>
					</CartesianPoint>
					<CartesianPoint>
						<Coordinate>-105.8972</Coordinate>
						<Coordinate>268.5318</Coordinate>
						<Coordinate>98.22</Coordinate>
					</CartesianPoint>
					<CartesianPoint>
						<Coordinate>-154.8997</Coordinate>
						<Coordinate>317.5343</Coordinate>
						<Coordinate>98.22</Coordinate>
					</CartesianPoint>
					<CartesianPoint>
						<Coordinate>-154.8997</Coordinate>
						<Coordinate>317.5343</Coordinate>
						<Coordinate>105.78</Coordinate>
					</CartesianPoint>
					</PolyLoop>
				</PlanarGeometry>
			</Opening>
		</Surface>
		<Surface surfaceType="InteriorWall" id="bw-surface-2" >
			<CADOjectId>none</CADOjectId>
			<AdjacentSpaceId spaceIdRef="bw-space-2" />
			<PlanarGeometry>
				<PolyLoop>
					<CartesianPoint>
						<Coordinate>-112.7208</Coordinate>
						<Coordinate>254.1421</Coordinate>
						<Coordinate>96</Coordinate>
					</CartesianPoint>
					<CartesianPoint>
						<Coordinate>-91.5076</Coordinate>
						<Coordinate>254.1421</Coordinate>
						<Coordinate>96</Coordinate>
					</CartesianPoint>
					<CartesianPoint>
						<Coordinate>-91.5076</Coordinate>
						<Coordinate>254.1421</Coordinate>
						<Coordinate>108</Coordinate>
					</CartesianPoint>
					<CartesianPoint>
						<Coordinate>-112.7208</Coordinate>
						<Coordinate>254.1421</Coordinate>
						<Coordinate>108</Coordinate>
					</CartesianPoint>
				</PolyLoop>
			</PlanarGeometry>
		</Surface>
		<Surface surfaceType="InteriorFloor" id="bw-surface-3" >
			<CADOjectId>none</CADOjectId>
			<AdjacentSpaceId spaceIdRef="bw-space-3" />
			<PlanarGeometry>
				<PolyLoop>
					<CartesianPoint>
						<Coordinate>-169.2893</Coordinate>
						<Coordinate>331.9239</Coordinate>
						<Coordinate>96</Coordinate>
					</CartesianPoint>
					<CartesianPoint>
						<Coordinate>-169.2893</Coordinate>
						<Coordinate>310.7107</Coordinate>
						<Coordinate>96</Coordinate>
					</CartesianPoint>
					<CartesianPoint>
						<Coordinate>-240</Coordinate>
						<Coordinate>240</Coordinate>
						<Coordinate>96</Coordinate>
					</CartesianPoint>
					<CartesianPoint>
						<Coordinate>-261.2132</Coordinate>
						<Coordinate>240</Coordinate>
						<Coordinate>96</Coordinate>
					</CartesianPoint>
				</PolyLoop>
			</PlanarGeometry>
		</Surface>
		<Surface surfaceType="InteriorWall" id="bw-surface-3" >
			<CADOjectId>none</CADOjectId>
			<AdjacentSpaceId spaceIdRef="bw-space-3" />
			<PlanarGeometry>
				<PolyLoop>
					<CartesianPoint>
						<Coordinate>-169.2893</Coordinate>
						<Coordinate>310.7107</Coordinate>
						<Coordinate>96</Coordinate>
					</CartesianPoint>
					<CartesianPoint>
						<Coordinate>-169.2893</Coordinate>
						<Coordinate>310.7107</Coordinate>
						<Coordinate>108</Coordinate>
					</CartesianPoint>
					<CartesianPoint>
						<Coordinate>-240</Coordinate>
						<Coordinate>240</Coordinate>
						<Coordinate>108</Coordinate>
					</CartesianPoint>
					<CartesianPoint>
						<Coordinate>-240</Coordinate>
						<Coordinate>240</Coordinate>
						<Coordinate>96</Coordinate>
					</CartesianPoint>
				</PolyLoop>
			</PlanarGeometry>
		</Surface>
		<Surface surfaceType="ExteriorWall" id="bw-surface-3" >
			<CADOjectId>none</CADOjectId>
			<AdjacentSpaceId spaceIdRef="bw-space-3" />
			<PlanarGeometry>
				<PolyLoop>
					<CartesianPoint>
						<Coordinate>-169.2893</Coordinate>
						<Coordinate>331.9239</Coordinate>
						<Coordinate>108</Coordinate>
					</CartesianPoint>
					<CartesianPoint>
						<Coordinate>-169.2893</Coordinate>
						<Coordinate>331.9239</Coordinate>
						<Coordinate>96</Coordinate>
					</CartesianPoint>
					<CartesianPoint>
						<Coordinate>-261.2132</Coordinate>
						<Coordinate>240</Coordinate>
						<Coordinate>96</Coordinate>
					</CartesianPoint>
					<CartesianPoint>
						<Coordinate>-261.2132</Coordinate>
						<Coordinate>240</Coordinate>
						<Coordinate>108</Coordinate>
					</CartesianPoint>
				</PolyLoop>
			</PlanarGeometry>
			<Opening openingType="OperableWindow" id="bw-opening-3" >
				<PlanarGeometry>
					<PolyLoop>
					<CartesianPoint>
						<Coordinate>-186.2952</Coordinate>
						<Coordinate>314.918</Coordinate>
						<Coordinate>105.78</Coordinate>
					</CartesianPoint>
					<CartesianPoint>
						<Coordinate>-186.2952</Coordinate>
						<Coordinate>314.918</Coordinate>
						<Coordinate>98.22</Coordinate>
					</CartesianPoint>
					<CartesianPoint>
						<Coordinate>-244.2073</Coordinate>
						<Coordinate>257.0059</Coordinate>
						<Coordinate>98.22</Coordinate>
					</CartesianPoint>
					<CartesianPoint>
						<Coordinate>-244.2073</Coordinate>
						<Coordinate>257.0059</Coordinate>
						<Coordinate>105.78</Coordinate>
					</CartesianPoint>
					</PolyLoop>
				</PlanarGeometry>
			</Opening>
		</Surface>
		<Surface surfaceType="InteriorWall" id="bw-surface-3" >
			<CADOjectId>none</CADOjectId>
			<AdjacentSpaceId spaceIdRef="bw-space-3" />
			<PlanarGeometry>
				<PolyLoop>
					<CartesianPoint>
						<Coordinate>-169.2893</Coordinate>
						<Coordinate>310.7107</Coordinate>
						<Coordinate>96</Coordinate>
					</CartesianPoint>
					<CartesianPoint>
						<Coordinate>-169.2893</Coordinate>
						<Coordinate>331.9239</Coordinate>
						<Coordinate>96</Coordinate>
					</CartesianPoint>
					<CartesianPoint>
						<Coordinate>-169.2893</Coordinate>
						<Coordinate>331.9239</Coordinate>
						<Coordinate>108</Coordinate>
					</CartesianPoint>
					<CartesianPoint>
						<Coordinate>-169.2893</Coordinate>
						<Coordinate>310.7107</Coordinate>
						<Coordinate>108</Coordinate>
					</CartesianPoint>
				</PolyLoop>
			</PlanarGeometry>
		</Surface>
		<Surface surfaceType="Shade" id="bw-shade-building-6" >
			<Name>Box shape</Name>
			<PlanarGeometry>
				<PolyLoop>
					<CartesianPoint>
						<Coordinate>-253.8946</Coordinate>
						<Coordinate>218.5393</Coordinate>
						<Coordinate>105.78</Coordinate>
					</CartesianPoint>
					<CartesianPoint>
						<Coordinate>-204.8921</Coordinate>
						<Coordinate>169.5368</Coordinate>
						<Coordinate>105.78</Coordinate>
					</CartesianPoint>
					<CartesianPoint>
						<Coordinate>-197.8211</Coordinate>
						<Coordinate>176.6079</Coordinate>
						<Coordinate>105.78</Coordinate>
					</CartesianPoint>
					<CartesianPoint>
						<Coordinate>-246.8236</Coordinate>
						<Coordinate>225.6104</Coordinate>
						<Coordinate>105.78</Coordinate>
					</CartesianPoint>
				</PolyLoop>
			</PlanarGeometry>
		</Surface>
		<Surface surfaceType="Shade" id="bw-shade-building-8" >
			<Name>Box shape</Name>
			<PlanarGeometry>
				<PolyLoop>
					<CartesianPoint>
						<Coordinate>-159.3545</Coordinate>
						<Coordinate>172.1531</Coordinate>
						<Coordinate>105.78</Coordinate>
					</CartesianPoint>
					<CartesianPoint>
						<Coordinate>-101.4424</Coordinate>
						<Coordinate>230.0651</Coordinate>
						<Coordinate>105.78</Coordinate>
					</CartesianPoint>
					<CartesianPoint>
						<Coordinate>-108.5135</Coordinate>
						<Coordinate>237.1362</Coordinate>
						<Coordinate>105.78</Coordinate>
					</CartesianPoint>
					<CartesianPoint>
						<Coordinate>-166.4255</Coordinate>
						<Coordinate>179.2242</Coordinate>
						<Coordinate>105.78</Coordinate>
					</CartesianPoint>
				</PolyLoop>
			</PlanarGeometry>
		</Surface>
		<Surface surfaceType="Shade" id="bw-shade-building-10" >
			<Name>Box shape</Name>
			<PlanarGeometry>
				<PolyLoop>
					<CartesianPoint>
						<Coordinate>-98.8261</Coordinate>
						<Coordinate>275.6028</Coordinate>
						<Coordinate>105.78</Coordinate>
					</CartesianPoint>
					<CartesianPoint>
						<Coordinate>-147.8286</Coordinate>
						<Coordinate>324.6053</Coordinate>
						<Coordinate>105.78</Coordinate>
					</CartesianPoint>
					<CartesianPoint>
						<Coordinate>-154.8997</Coordinate>
						<Coordinate>317.5343</Coordinate>
						<Coordinate>105.78</Coordinate>
					</CartesianPoint>
					<CartesianPoint>
						<Coordinate>-105.8972</Coordinate>
						<Coordinate>268.5318</Coordinate>
						<Coordinate>105.78</Coordinate>
					</CartesianPoint>
				</PolyLoop>
			</PlanarGeometry>
		</Surface>
		<Surface surfaceType="Shade" id="bw-shade-building-12" >
			<Name>Box shape</Name>
			<PlanarGeometry>
				<PolyLoop>
					<CartesianPoint>
						<Coordinate>-193.3663</Coordinate>
						<Coordinate>321.989</Coordinate>
						<Coordinate>105.78</Coordinate>
					</CartesianPoint>
					<CartesianPoint>
						<Coordinate>-251.2784</Coordinate>
						<Coordinate>264.077</Coordinate>
						<Coordinate>105.78</Coordinate>
					</CartesianPoint>
					<CartesianPoint>
						<Coordinate>-244.2073</Coordinate>
						<Coordinate>257.0059</Coordinate>
						<Coordinate>105.78</Coordinate>
					</CartesianPoint>
					<CartesianPoint>
						<Coordinate>-186.2952</Coordinate>
						<Coordinate>314.918</Coordinate>
						<Coordinate>105.78</Coordinate>
					</CartesianPoint>
				</PolyLoop>
			</PlanarGeometry>
		</Surface>
		<Surface surfaceType="InteriorFloor" id="bw-surface-5" >
			<CADOjectId>none</CADOjectId>
			<AdjacentSpaceId spaceIdRef="bw-space-5" />
			<PlanarGeometry>
				<PolyLoop>
					<CartesianPoint>
						<Coordinate>-169.2893</Coordinate>
						<Coordinate>310.7107</Coordinate>
						<Coordinate>96</Coordinate>
					</CartesianPoint>
					<CartesianPoint>
						<Coordinate>-112.7208</Coordinate>
						<Coordinate>254.1421</Coordinate>
						<Coordinate>96</Coordinate>
					</CartesianPoint>
					<CartesianPoint>
						<Coordinate>-183.4315</Coordinate>
						<Coordinate>183.4315</Coordinate>
						<Coordinate>96</Coordinate>
					</CartesianPoint>
					<CartesianPoint>
						<Coordinate>-240</Coordinate>
						<Coordinate>240</Coordinate>
						<Coordinate>96</Coordinate>
					</CartesianPoint>
				</PolyLoop>
			</PlanarGeometry>
		</Surface>
		<Surface surfaceType="InteriorFloor" id="bw-surface-0" >
			<CADOjectId>none</CADOjectId>
			<AdjacentSpaceId spaceIdRef="bw-space-0" />
			<PlanarGeometry>
				<PolyLoop>
					<CartesianPoint>
						<Coordinate>-261.2132</Coordinate>
						<Coordinate>240</Coordinate>
						<Coordinate>120</Coordinate>
					</CartesianPoint>
					<CartesianPoint>
						<Coordinate>-240</Coordinate>
						<Coordinate>240</Coordinate>
						<Coordinate>120</Coordinate>
					</CartesianPoint>
					<CartesianPoint>
						<Coordinate>-183.4315</Coordinate>
						<Coordinate>183.4315</Coordinate>
						<Coordinate>120</Coordinate>
					</CartesianPoint>
					<CartesianPoint>
						<Coordinate>-183.4315</Coordinate>
						<Coordinate>162.2183</Coordinate>
						<Coordinate>120</Coordinate>
					</CartesianPoint>
				</PolyLoop>
			</PlanarGeometry>
		</Surface>
		<Surface surfaceType="InteriorWall" id="bw-surface-0" >
			<CADOjectId>none</CADOjectId>
			<AdjacentSpaceId spaceIdRef="bw-space-0" />
			<PlanarGeometry>
				<PolyLoop>
					<CartesianPoint>
						<Coordinate>-240</Coordinate>
						<Coordinate>240</Coordinate>
						<Coordinate>120</Coordinate>
					</CartesianPoint>
					<CartesianPoint>
						<Coordinate>-240</Coordinate>
						<Coordinate>240</Coordinate>
						<Coordinate>132</Coordinate>
					</CartesianPoint>
					<CartesianPoint>
						<Coordinate>-183.4315</Coordinate>
						<Coordinate>183.4315</Coordinate>
						<Coordinate>132</Coordinate>
					</CartesianPoint>
					<CartesianPoint>
						<Coordinate>-183.4315</Coordinate>
						<Coordinate>183.4315</Coordinate>
						<Coordinate>120</Coordinate>
					</CartesianPoint>
				</PolyLoop>
			</PlanarGeometry>
		</Surface>
		<Surface surfaceType="ExteriorWall" id="bw-surface-0" >
			<CADOjectId>none</CADOjectId>
			<AdjacentSpaceId spaceIdRef="bw-space-0" />
			<PlanarGeometry>
				<PolyLoop>
					<CartesianPoint>
						<Coordinate>-261.2132</Coordinate>
						<Coordinate>240</Coordinate>
						<Coordinate>132</Coordinate>
					</CartesianPoint>
					<CartesianPoint>
						<Coordinate>-261.2132</Coordinate>
						<Coordinate>240</Coordinate>
						<Coordinate>120</Coordinate>
					</CartesianPoint>
					<CartesianPoint>
						<Coordinate>-183.4315</Coordinate>
						<Coordinate>162.2183</Coordinate>
						<Coordinate>120</Coordinate>
					</CartesianPoint>
					<CartesianPoint>
						<Coordinate>-183.4315</Coordinate>
						<Coordinate>162.2183</Coordinate>
						<Coordinate>132</Coordinate>
					</CartesianPoint>
				</PolyLoop>
			</PlanarGeometry>
			<Opening openingType="OperableWindow" id="bw-opening-0" >
				<PlanarGeometry>
					<PolyLoop>
					<CartesianPoint>
						<Coordinate>-246.8236</Coordinate>
						<Coordinate>225.6104</Coordinate>
						<Coordinate>129.78</Coordinate>
					</CartesianPoint>
					<CartesianPoint>
						<Coordinate>-246.8236</Coordinate>
						<Coordinate>225.6104</Coordinate>
						<Coordinate>122.22</Coordinate>
					</CartesianPoint>
					<CartesianPoint>
						<Coordinate>-197.8211</Coordinate>
						<Coordinate>176.6079</Coordinate>
						<Coordinate>122.22</Coordinate>
					</CartesianPoint>
					<CartesianPoint>
						<Coordinate>-197.8211</Coordinate>
						<Coordinate>176.6079</Coordinate>
						<Coordinate>129.78</Coordinate>
					</CartesianPoint>
					</PolyLoop>
				</PlanarGeometry>
			</Opening>
		</Surface>
		<Surface surfaceType="InteriorWall" id="bw-surface-0" >
			<CADOjectId>none</CADOjectId>
			<AdjacentSpaceId spaceIdRef="bw-space-0" />
			<PlanarGeometry>
				<PolyLoop>
					<CartesianPoint>
						<Coordinate>-240</Coordinate>
						<Coordinate>240</Coordinate>
						<Coordinate>120</Coordinate>
					</CartesianPoint>
					<CartesianPoint>
						<Coordinate>-261.2132</Coordinate>
						<Coordinate>240</Coordinate>
						<Coordinate>120</Coordinate>
					</CartesianPoint>
					<CartesianPoint>
						<Coordinate>-261.2132</Coordinate>
						<Coordinate>240</Coordinate>
						<Coordinate>132</Coordinate>
					</CartesianPoint>
					<CartesianPoint>
						<Coordinate>-240</Coordinate>
						<Coordinate>240</Coordinate>
						<Coordinate>132</Coordinate>
					</CartesianPoint>
				</PolyLoop>
			</PlanarGeometry>
		</Surface>
		<Surface surfaceType="InteriorFloor" id="bw-surface-1" >
			<CADOjectId>none</CADOjectId>
			<AdjacentSpaceId spaceIdRef="bw-space-1" />
			<PlanarGeometry>
				<PolyLoop>
					<CartesianPoint>
						<Coordinate>-183.4315</Coordinate>
						<Coordinate>162.2183</Coordinate>
						<Coordinate>120</Coordinate>
					</CartesianPoint>
					<CartesianPoint>
						<Coordinate>-183.4315</Coordinate>
						<Coordinate>183.4315</Coordinate>
						<Coordinate>120</Coordinate>
					</CartesianPoint>
					<CartesianPoint>
						<Coordinate>-112.7208</Coordinate>
						<Coordinate>254.1421</Coordinate>
						<Coordinate>120</Coordinate>
					</CartesianPoint>
					<CartesianPoint>
						<Coordinate>-91.5076</Coordinate>
						<Coordinate>254.1421</Coordinate>
						<Coordinate>120</Coordinate>
					</CartesianPoint>
				</PolyLoop>
			</PlanarGeometry>
		</Surface>
		<Surface surfaceType="InteriorWall" id="bw-surface-1" >
			<CADOjectId>none</CADOjectId>
			<AdjacentSpaceId spaceIdRef="bw-space-1" />
			<PlanarGeometry>
				<PolyLoop>
					<CartesianPoint>
						<Coordinate>-183.4315</Coordinate>
						<Coordinate>183.4315</Coordinate>
						<Coordinate>120</Coordinate>
					</CartesianPoint>
					<CartesianPoint>
						<Coordinate>-183.4315</Coordinate>
						<Coordinate>183.4315</Coordinate>
						<Coordinate>132</Coordinate>
					</CartesianPoint>
					<CartesianPoint>
						<Coordinate>-112.7208</Coordinate>
						<Coordinate>254.1421</Coordinate>
						<Coordinate>132</Coordinate>
					</CartesianPoint>
					<CartesianPoint>
						<Coordinate>-112.7208</Coordinate>
						<Coordinate>254.1421</Coordinate>
						<Coordinate>120</Coordinate>
					</CartesianPoint>
				</PolyLoop>
			</PlanarGeometry>
		</Surface>
		<Surface surfaceType="ExteriorWall" id="bw-surface-1" >
			<CADOjectId>none</CADOjectId>
			<AdjacentSpaceId spaceIdRef="bw-space-1" />
			<PlanarGeometry>
				<PolyLoop>
					<CartesianPoint>
						<Coordinate>-183.4315</Coordinate>
						<Coordinate>162.2183</Coordinate>
						<Coordinate>132</Coordinate>
					</CartesianPoint>
					<CartesianPoint>
						<Coordinate>-183.4315</Coordinate>
						<Coordinate>162.2183</Coordinate>
						<Coordinate>120</Coordinate>
					</CartesianPoint>
					<CartesianPoint>
						<Coordinate>-91.5076</Coordinate>
						<Coordinate>254.1421</Coordinate>
						<Coordinate>120</Coordinate>
					</CartesianPoint>
					<CartesianPoint>
						<Coordinate>-91.5076</Coordinate>
						<Coordinate>254.1421</Coordinate>
						<Coordinate>132</Coordinate>
					</CartesianPoint>
				</PolyLoop>
			</PlanarGeometry>
			<Opening openingType="OperableWindow" id="bw-opening-1" >
				<PlanarGeometry>
					<PolyLoop>
					<CartesianPoint>
						<Coordinate>-166.4255</Coordinate>
						<Coordinate>179.2242</Coordinate>
						<Coordinate>129.78</Coordinate>
					</CartesianPoint>
					<CartesianPoint>
						<Coordinate>-166.4255</Coordinate>
						<Coordinate>179.2242</Coordinate>
						<Coordinate>122.22</Coordinate>
					</CartesianPoint>
					<CartesianPoint>
						<Coordinate>-108.5135</Coordinate>
						<Coordinate>237.1362</Coordinate>
						<Coordinate>122.22</Coordinate>
					</CartesianPoint>
					<CartesianPoint>
						<Coordinate>-108.5135</Coordinate>
						<Coordinate>237.1362</Coordinate>
						<Coordinate>129.78</Coordinate>
					</CartesianPoint>
					</PolyLoop>
				</PlanarGeometry>
			</Opening>
		</Surface>
		<Surface surfaceType="InteriorWall" id="bw-surface-1" >
			<CADOjectId>none</CADOjectId>
			<AdjacentSpaceId spaceIdRef="bw-space-1" />
			<PlanarGeometry>
				<PolyLoop>
					<CartesianPoint>
						<Coordinate>-183.4315</Coordinate>
						<Coordinate>183.4315</Coordinate>
						<Coordinate>120</Coordinate>
					</CartesianPoint>
					<CartesianPoint>
						<Coordinate>-183.4315</Coordinate>
						<Coordinate>162.2183</Coordinate>
						<Coordinate>120</Coordinate>
					</CartesianPoint>
					<CartesianPoint>
						<Coordinate>-183.4315</Coordinate>
						<Coordinate>162.2183</Coordinate>
						<Coordinate>132</Coordinate>
					</CartesianPoint>
					<CartesianPoint>
						<Coordinate>-183.4315</Coordinate>
						<Coordinate>183.4315</Coordinate>
						<Coordinate>132</Coordinate>
					</CartesianPoint>
				</PolyLoop>
			</PlanarGeometry>
		</Surface>
		<Surface surfaceType="InteriorFloor" id="bw-surface-2" >
			<CADOjectId>none</CADOjectId>
			<AdjacentSpaceId spaceIdRef="bw-space-2" />
			<PlanarGeometry>
				<PolyLoop>
					<CartesianPoint>
						<Coordinate>-91.5076</Coordinate>
						<Coordinate>254.1421</Coordinate>
						<Coordinate>120</Coordinate>
					</CartesianPoint>
					<CartesianPoint>
						<Coordinate>-112.7208</Coordinate>
						<Coordinate>254.1421</Coordinate>
						<Coordinate>120</Coordinate>
					</CartesianPoint>
					<CartesianPoint>
						<Coordinate>-169.2893</Coordinate>
						<Coordinate>310.7107</Coordinate>
						<Coordinate>120</Coordinate>
					</CartesianPoint>
					<CartesianPoint>
						<Coordinate>-169.2893</Coordinate>
						<Coordinate>331.9239</Coordinate>
						<Coordinate>120</Coordinate>
					</CartesianPoint>
				</PolyLoop>
			</PlanarGeometry>
		</Surface>
		<Surface surfaceType="InteriorWall" id="bw-surface-2" >
			<CADOjectId>none</CADOjectId>
			<AdjacentSpaceId spaceIdRef="bw-space-2" />
			<PlanarGeometry>
				<PolyLoop>
					<CartesianPoint>
						<Coordinate>-112.7208</Coordinate>
						<Coordinate>254.1421</Coordinate>
						<Coordinate>120</Coordinate>
					</CartesianPoint>
					<CartesianPoint>
						<Coordinate>-112.7208</Coordinate>
						<Coordinate>254.1421</Coordinate>
						<Coordinate>132</Coordinate>
					</CartesianPoint>
					<CartesianPoint>
						<Coordinate>-169.2893</Coordinate>
						<Coordinate>310.7107</Coordinate>
						<Coordinate>132</Coordinate>
					</CartesianPoint>
					<CartesianPoint>
						<Coordinate>-169.2893</Coordinate>
						<Coordinate>310.7107</Coordinate>
						<Coordinate>120</Coordinate>
					</CartesianPoint>
				</PolyLoop>
			</PlanarGeometry>
		</Surface>
		<Surface surfaceType="ExteriorWall" id="bw-surface-2" >
			<CADOjectId>none</CADOjectId>
			<AdjacentSpaceId spaceIdRef="bw-space-2" />
			<PlanarGeometry>
				<PolyLoop>
					<CartesianPoint>
						<Coordinate>-91.5076</Coordinate>
						<Coordinate>254.1421</Coordinate>
						<Coordinate>132</Coordinate>
					</CartesianPoint>
					<CartesianPoint>
						<Coordinate>-91.5076</Coordinate>
						<Coordinate>254.1421</Coordinate>
						<Coordinate>120</Coordinate>
					</CartesianPoint>
					<CartesianPoint>
						<Coordinate>-169.2893</Coordinate>
						<Coordinate>331.9239</Coordinate>
						<Coordinate>120</Coordinate>
					</CartesianPoint>
					<CartesianPoint>
						<Coordinate>-169.2893</Coordinate>
						<Coordinate>331.9239</Coordinate>
						<Coordinate>132</Coordinate>
					</CartesianPoint>
				</PolyLoop>
			</PlanarGeometry>
			<Opening openingType="OperableWindow" id="bw-opening-2" >
				<PlanarGeometry>
					<PolyLoop>
					<CartesianPoint>
						<Coordinate>-105.8972</Coordinate>
						<Coordinate>268.5318</Coordinate>
						<Coordinate>129.78</Coordinate>
					</CartesianPoint>
					<CartesianPoint>
						<Coordinate>-105.8972</Coordinate>
						<Coordinate>268.5318</Coordinate>
						<Coordinate>122.22</Coordinate>
					</CartesianPoint>
					<CartesianPoint>
						<Coordinate>-154.8997</Coordinate>
						<Coordinate>317.5343</Coordinate>
						<Coordinate>122.22</Coordinate>
					</CartesianPoint>
					<CartesianPoint>
						<Coordinate>-154.8997</Coordinate>
						<Coordinate>317.5343</Coordinate>
						<Coordinate>129.78</Coordinate>
					</CartesianPoint>
					</PolyLoop>
				</PlanarGeometry>
			</Opening>
		</Surface>
		<Surface surfaceType="InteriorWall" id="bw-surface-2" >
			<CADOjectId>none</CADOjectId>
			<AdjacentSpaceId spaceIdRef="bw-space-2" />
			<PlanarGeometry>
				<PolyLoop>
					<CartesianPoint>
						<Coordinate>-112.7208</Coordinate>
						<Coordinate>254.1421</Coordinate>
						<Coordinate>120</Coordinate>
					</CartesianPoint>
					<CartesianPoint>
						<Coordinate>-91.5076</Coordinate>
						<Coordinate>254.1421</Coordinate>
						<Coordinate>120</Coordinate>
					</CartesianPoint>
					<CartesianPoint>
						<Coordinate>-91.5076</Coordinate>
						<Coordinate>254.1421</Coordinate>
						<Coordinate>132</Coordinate>
					</CartesianPoint>
					<CartesianPoint>
						<Coordinate>-112.7208</Coordinate>
						<Coordinate>254.1421</Coordinate>
						<Coordinate>132</Coordinate>
					</CartesianPoint>
				</PolyLoop>
			</PlanarGeometry>
		</Surface>
		<Surface surfaceType="InteriorFloor" id="bw-surface-3" >
			<CADOjectId>none</CADOjectId>
			<AdjacentSpaceId spaceIdRef="bw-space-3" />
			<PlanarGeometry>
				<PolyLoop>
					<CartesianPoint>
						<Coordinate>-169.2893</Coordinate>
						<Coordinate>331.9239</Coordinate>
						<Coordinate>120</Coordinate>
					</CartesianPoint>
					<CartesianPoint>
						<Coordinate>-169.2893</Coordinate>
						<Coordinate>310.7107</Coordinate>
						<Coordinate>120</Coordinate>
					</CartesianPoint>
					<CartesianPoint>
						<Coordinate>-240</Coordinate>
						<Coordinate>240</Coordinate>
						<Coordinate>120</Coordinate>
					</CartesianPoint>
					<CartesianPoint>
						<Coordinate>-261.2132</Coordinate>
						<Coordinate>240</Coordinate>
						<Coordinate>120</Coordinate>
					</CartesianPoint>
				</PolyLoop>
			</PlanarGeometry>
		</Surface>
		<Surface surfaceType="InteriorWall" id="bw-surface-3" >
			<CADOjectId>none</CADOjectId>
			<AdjacentSpaceId spaceIdRef="bw-space-3" />
			<PlanarGeometry>
				<PolyLoop>
					<CartesianPoint>
						<Coordinate>-169.2893</Coordinate>
						<Coordinate>310.7107</Coordinate>
						<Coordinate>120</Coordinate>
					</CartesianPoint>
					<CartesianPoint>
						<Coordinate>-169.2893</Coordinate>
						<Coordinate>310.7107</Coordinate>
						<Coordinate>132</Coordinate>
					</CartesianPoint>
					<CartesianPoint>
						<Coordinate>-240</Coordinate>
						<Coordinate>240</Coordinate>
						<Coordinate>132</Coordinate>
					</CartesianPoint>
					<CartesianPoint>
						<Coordinate>-240</Coordinate>
						<Coordinate>240</Coordinate>
						<Coordinate>120</Coordinate>
					</CartesianPoint>
				</PolyLoop>
			</PlanarGeometry>
		</Surface>
		<Surface surfaceType="ExteriorWall" id="bw-surface-3" >
			<CADOjectId>none</CADOjectId>
			<AdjacentSpaceId spaceIdRef="bw-space-3" />
			<PlanarGeometry>
				<PolyLoop>
					<CartesianPoint>
						<Coordinate>-169.2893</Coordinate>
						<Coordinate>331.9239</Coordinate>
						<Coordinate>132</Coordinate>
					</CartesianPoint>
					<CartesianPoint>
						<Coordinate>-169.2893</Coordinate>
						<Coordinate>331.9239</Coordinate>
						<Coordinate>120</Coordinate>
					</CartesianPoint>
					<CartesianPoint>
						<Coordinate>-261.2132</Coordinate>
						<Coordinate>240</Coordinate>
						<Coordinate>120</Coordinate>
					</CartesianPoint>
					<CartesianPoint>
						<Coordinate>-261.2132</Coordinate>
						<Coordinate>240</Coordinate>
						<Coordinate>132</Coordinate>
					</CartesianPoint>
				</PolyLoop>
			</PlanarGeometry>
			<Opening openingType="OperableWindow" id="bw-opening-3" >
				<PlanarGeometry>
					<PolyLoop>
					<CartesianPoint>
						<Coordinate>-186.2952</Coordinate>
						<Coordinate>314.918</Coordinate>
						<Coordinate>129.78</Coordinate>
					</CartesianPoint>
					<CartesianPoint>
						<Coordinate>-186.2952</Coordinate>
						<Coordinate>314.918</Coordinate>
						<Coordinate>122.22</Coordinate>
					</CartesianPoint>
					<CartesianPoint>
						<Coordinate>-244.2073</Coordinate>
						<Coordinate>257.0059</Coordinate>
						<Coordinate>122.22</Coordinate>
					</CartesianPoint>
					<CartesianPoint>
						<Coordinate>-244.2073</Coordinate>
						<Coordinate>257.0059</Coordinate>
						<Coordinate>129.78</Coordinate>
					</CartesianPoint>
					</PolyLoop>
				</PlanarGeometry>
			</Opening>
		</Surface>
		<Surface surfaceType="InteriorWall" id="bw-surface-3" >
			<CADOjectId>none</CADOjectId>
			<AdjacentSpaceId spaceIdRef="bw-space-3" />
			<PlanarGeometry>
				<PolyLoop>
					<CartesianPoint>
						<Coordinate>-169.2893</Coordinate>
						<Coordinate>310.7107</Coordinate>
						<Coordinate>120</Coordinate>
					</CartesianPoint>
					<CartesianPoint>
						<Coordinate>-169.2893</Coordinate>
						<Coordinate>331.9239</Coordinate>
						<Coordinate>120</Coordinate>
					</CartesianPoint>
					<CartesianPoint>
						<Coordinate>-169.2893</Coordinate>
						<Coordinate>331.9239</Coordinate>
						<Coordinate>132</Coordinate>
					</CartesianPoint>
					<CartesianPoint>
						<Coordinate>-169.2893</Coordinate>
						<Coordinate>310.7107</Coordinate>
						<Coordinate>132</Coordinate>
					</CartesianPoint>
				</PolyLoop>
			</PlanarGeometry>
		</Surface>
		<Surface surfaceType="Shade" id="bw-shade-building-6" >
			<Name>Box shape</Name>
			<PlanarGeometry>
				<PolyLoop>
					<CartesianPoint>
						<Coordinate>-253.8946</Coordinate>
						<Coordinate>218.5393</Coordinate>
						<Coordinate>129.78</Coordinate>
					</CartesianPoint>
					<CartesianPoint>
						<Coordinate>-204.8921</Coordinate>
						<Coordinate>169.5368</Coordinate>
						<Coordinate>129.78</Coordinate>
					</CartesianPoint>
					<CartesianPoint>
						<Coordinate>-197.8211</Coordinate>
						<Coordinate>176.6079</Coordinate>
						<Coordinate>129.78</Coordinate>
					</CartesianPoint>
					<CartesianPoint>
						<Coordinate>-246.8236</Coordinate>
						<Coordinate>225.6104</Coordinate>
						<Coordinate>129.78</Coordinate>
					</CartesianPoint>
				</PolyLoop>
			</PlanarGeometry>
		</Surface>
		<Surface surfaceType="Shade" id="bw-shade-building-8" >
			<Name>Box shape</Name>
			<PlanarGeometry>
				<PolyLoop>
					<CartesianPoint>
						<Coordinate>-159.3545</Coordinate>
						<Coordinate>172.1531</Coordinate>
						<Coordinate>129.78</Coordinate>
					</CartesianPoint>
					<CartesianPoint>
						<Coordinate>-101.4424</Coordinate>
						<Coordinate>230.0651</Coordinate>
						<Coordinate>129.78</Coordinate>
					</CartesianPoint>
					<CartesianPoint>
						<Coordinate>-108.5135</Coordinate>
						<Coordinate>237.1362</Coordinate>
						<Coordinate>129.78</Coordinate>
					</CartesianPoint>
					<CartesianPoint>
						<Coordinate>-166.4255</Coordinate>
						<Coordinate>179.2242</Coordinate>
						<Coordinate>129.78</Coordinate>
					</CartesianPoint>
				</PolyLoop>
			</PlanarGeometry>
		</Surface>
		<Surface surfaceType="Shade" id="bw-shade-building-10" >
			<Name>Box shape</Name>
			<PlanarGeometry>
				<PolyLoop>
					<CartesianPoint>
						<Coordinate>-98.8261</Coordinate>
						<Coordinate>275.6028</Coordinate>
						<Coordinate>129.78</Coordinate>
					</CartesianPoint>
					<CartesianPoint>
						<Coordinate>-147.8286</Coordinate>
						<Coordinate>324.6053</Coordinate>
						<Coordinate>129.78</Coordinate>
					</CartesianPoint>
					<CartesianPoint>
						<Coordinate>-154.8997</Coordinate>
						<Coordinate>317.5343</Coordinate>
						<Coordinate>129.78</Coordinate>
					</CartesianPoint>
					<CartesianPoint>
						<Coordinate>-105.8972</Coordinate>
						<Coordinate>268.5318</Coordinate>
						<Coordinate>129.78</Coordinate>
					</CartesianPoint>
				</PolyLoop>
			</PlanarGeometry>
		</Surface>
		<Surface surfaceType="Shade" id="bw-shade-building-12" >
			<Name>Box shape</Name>
			<PlanarGeometry>
				<PolyLoop>
					<CartesianPoint>
						<Coordinate>-193.3663</Coordinate>
						<Coordinate>321.989</Coordinate>
						<Coordinate>129.78</Coordinate>
					</CartesianPoint>
					<CartesianPoint>
						<Coordinate>-251.2784</Coordinate>
						<Coordinate>264.077</Coordinate>
						<Coordinate>129.78</Coordinate>
					</CartesianPoint>
					<CartesianPoint>
						<Coordinate>-244.2073</Coordinate>
						<Coordinate>257.0059</Coordinate>
						<Coordinate>129.78</Coordinate>
					</CartesianPoint>
					<CartesianPoint>
						<Coordinate>-186.2952</Coordinate>
						<Coordinate>314.918</Coordinate>
						<Coordinate>129.78</Coordinate>
					</CartesianPoint>
				</PolyLoop>
			</PlanarGeometry>
		</Surface>
		<Surface surfaceType="InteriorFloor" id="bw-surface-6" >
			<CADOjectId>none</CADOjectId>
			<AdjacentSpaceId spaceIdRef="bw-space-6" />
			<PlanarGeometry>
				<PolyLoop>
					<CartesianPoint>
						<Coordinate>-169.2893</Coordinate>
						<Coordinate>310.7107</Coordinate>
						<Coordinate>120</Coordinate>
					</CartesianPoint>
					<CartesianPoint>
						<Coordinate>-112.7208</Coordinate>
						<Coordinate>254.1421</Coordinate>
						<Coordinate>120</Coordinate>
					</CartesianPoint>
					<CartesianPoint>
						<Coordinate>-183.4315</Coordinate>
						<Coordinate>183.4315</Coordinate>
						<Coordinate>120</Coordinate>
					</CartesianPoint>
					<CartesianPoint>
						<Coordinate>-240</Coordinate>
						<Coordinate>240</Coordinate>
						<Coordinate>120</Coordinate>
					</CartesianPoint>
				</PolyLoop>
			</PlanarGeometry>
		</Surface>
		<Surface surfaceType="InteriorFloor" id="bw-surface-0" >
			<CADOjectId>none</CADOjectId>
			<AdjacentSpaceId spaceIdRef="bw-space-0" />
			<PlanarGeometry>
				<PolyLoop>
					<CartesianPoint>
						<Coordinate>-261.2132</Coordinate>
						<Coordinate>240</Coordinate>
						<Coordinate>144</Coordinate>
					</CartesianPoint>
					<CartesianPoint>
						<Coordinate>-240</Coordinate>
						<Coordinate>240</Coordinate>
						<Coordinate>144</Coordinate>
					</CartesianPoint>
					<CartesianPoint>
						<Coordinate>-183.4315</Coordinate>
						<Coordinate>183.4315</Coordinate>
						<Coordinate>144</Coordinate>
					</CartesianPoint>
					<CartesianPoint>
						<Coordinate>-183.4315</Coordinate>
						<Coordinate>162.2183</Coordinate>
						<Coordinate>144</Coordinate>
					</CartesianPoint>
				</PolyLoop>
			</PlanarGeometry>
		</Surface>
		<Surface surfaceType="InteriorWall" id="bw-surface-0" >
			<CADOjectId>none</CADOjectId>
			<AdjacentSpaceId spaceIdRef="bw-space-0" />
			<PlanarGeometry>
				<PolyLoop>
					<CartesianPoint>
						<Coordinate>-240</Coordinate>
						<Coordinate>240</Coordinate>
						<Coordinate>144</Coordinate>
					</CartesianPoint>
					<CartesianPoint>
						<Coordinate>-240</Coordinate>
						<Coordinate>240</Coordinate>
						<Coordinate>156</Coordinate>
					</CartesianPoint>
					<CartesianPoint>
						<Coordinate>-183.4315</Coordinate>
						<Coordinate>183.4315</Coordinate>
						<Coordinate>156</Coordinate>
					</CartesianPoint>
					<CartesianPoint>
						<Coordinate>-183.4315</Coordinate>
						<Coordinate>183.4315</Coordinate>
						<Coordinate>144</Coordinate>
					</CartesianPoint>
				</PolyLoop>
			</PlanarGeometry>
		</Surface>
		<Surface surfaceType="ExteriorWall" id="bw-surface-0" >
			<CADOjectId>none</CADOjectId>
			<AdjacentSpaceId spaceIdRef="bw-space-0" />
			<PlanarGeometry>
				<PolyLoop>
					<CartesianPoint>
						<Coordinate>-261.2132</Coordinate>
						<Coordinate>240</Coordinate>
						<Coordinate>156</Coordinate>
					</CartesianPoint>
					<CartesianPoint>
						<Coordinate>-261.2132</Coordinate>
						<Coordinate>240</Coordinate>
						<Coordinate>144</Coordinate>
					</CartesianPoint>
					<CartesianPoint>
						<Coordinate>-183.4315</Coordinate>
						<Coordinate>162.2183</Coordinate>
						<Coordinate>144</Coordinate>
					</CartesianPoint>
					<CartesianPoint>
						<Coordinate>-183.4315</Coordinate>
						<Coordinate>162.2183</Coordinate>
						<Coordinate>156</Coordinate>
					</CartesianPoint>
				</PolyLoop>
			</PlanarGeometry>
			<Opening openingType="OperableWindow" id="bw-opening-0" >
				<PlanarGeometry>
					<PolyLoop>
					<CartesianPoint>
						<Coordinate>-246.8236</Coordinate>
						<Coordinate>225.6104</Coordinate>
						<Coordinate>153.78</Coordinate>
					</CartesianPoint>
					<CartesianPoint>
						<Coordinate>-246.8236</Coordinate>
						<Coordinate>225.6104</Coordinate>
						<Coordinate>146.22</Coordinate>
					</CartesianPoint>
					<CartesianPoint>
						<Coordinate>-197.8211</Coordinate>
						<Coordinate>176.6079</Coordinate>
						<Coordinate>146.22</Coordinate>
					</CartesianPoint>
					<CartesianPoint>
						<Coordinate>-197.8211</Coordinate>
						<Coordinate>176.6079</Coordinate>
						<Coordinate>153.78</Coordinate>
					</CartesianPoint>
					</PolyLoop>
				</PlanarGeometry>
			</Opening>
		</Surface>
		<Surface surfaceType="InteriorWall" id="bw-surface-0" >
			<CADOjectId>none</CADOjectId>
			<AdjacentSpaceId spaceIdRef="bw-space-0" />
			<PlanarGeometry>
				<PolyLoop>
					<CartesianPoint>
						<Coordinate>-240</Coordinate>
						<Coordinate>240</Coordinate>
						<Coordinate>144</Coordinate>
					</CartesianPoint>
					<CartesianPoint>
						<Coordinate>-261.2132</Coordinate>
						<Coordinate>240</Coordinate>
						<Coordinate>144</Coordinate>
					</CartesianPoint>
					<CartesianPoint>
						<Coordinate>-261.2132</Coordinate>
						<Coordinate>240</Coordinate>
						<Coordinate>156</Coordinate>
					</CartesianPoint>
					<CartesianPoint>
						<Coordinate>-240</Coordinate>
						<Coordinate>240</Coordinate>
						<Coordinate>156</Coordinate>
					</CartesianPoint>
				</PolyLoop>
			</PlanarGeometry>
		</Surface>
		<Surface surfaceType="InteriorFloor" id="bw-surface-1" >
			<CADOjectId>none</CADOjectId>
			<AdjacentSpaceId spaceIdRef="bw-space-1" />
			<PlanarGeometry>
				<PolyLoop>
					<CartesianPoint>
						<Coordinate>-183.4315</Coordinate>
						<Coordinate>162.2183</Coordinate>
						<Coordinate>144</Coordinate>
					</CartesianPoint>
					<CartesianPoint>
						<Coordinate>-183.4315</Coordinate>
						<Coordinate>183.4315</Coordinate>
						<Coordinate>144</Coordinate>
					</CartesianPoint>
					<CartesianPoint>
						<Coordinate>-112.7208</Coordinate>
						<Coordinate>254.1421</Coordinate>
						<Coordinate>144</Coordinate>
					</CartesianPoint>
					<CartesianPoint>
						<Coordinate>-91.5076</Coordinate>
						<Coordinate>254.1421</Coordinate>
						<Coordinate>144</Coordinate>
					</CartesianPoint>
				</PolyLoop>
			</PlanarGeometry>
		</Surface>
		<Surface surfaceType="InteriorWall" id="bw-surface-1" >
			<CADOjectId>none</CADOjectId>
			<AdjacentSpaceId spaceIdRef="bw-space-1" />
			<PlanarGeometry>
				<PolyLoop>
					<CartesianPoint>
						<Coordinate>-183.4315</Coordinate>
						<Coordinate>183.4315</Coordinate>
						<Coordinate>144</Coordinate>
					</CartesianPoint>
					<CartesianPoint>
						<Coordinate>-183.4315</Coordinate>
						<Coordinate>183.4315</Coordinate>
						<Coordinate>156</Coordinate>
					</CartesianPoint>
					<CartesianPoint>
						<Coordinate>-112.7208</Coordinate>
						<Coordinate>254.1421</Coordinate>
						<Coordinate>156</Coordinate>
					</CartesianPoint>
					<CartesianPoint>
						<Coordinate>-112.7208</Coordinate>
						<Coordinate>254.1421</Coordinate>
						<Coordinate>144</Coordinate>
					</CartesianPoint>
				</PolyLoop>
			</PlanarGeometry>
		</Surface>
		<Surface surfaceType="ExteriorWall" id="bw-surface-1" >
			<CADOjectId>none</CADOjectId>
			<AdjacentSpaceId spaceIdRef="bw-space-1" />
			<PlanarGeometry>
				<PolyLoop>
					<CartesianPoint>
						<Coordinate>-183.4315</Coordinate>
						<Coordinate>162.2183</Coordinate>
						<Coordinate>156</Coordinate>
					</CartesianPoint>
					<CartesianPoint>
						<Coordinate>-183.4315</Coordinate>
						<Coordinate>162.2183</Coordinate>
						<Coordinate>144</Coordinate>
					</CartesianPoint>
					<CartesianPoint>
						<Coordinate>-91.5076</Coordinate>
						<Coordinate>254.1421</Coordinate>
						<Coordinate>144</Coordinate>
					</CartesianPoint>
					<CartesianPoint>
						<Coordinate>-91.5076</Coordinate>
						<Coordinate>254.1421</Coordinate>
						<Coordinate>156</Coordinate>
					</CartesianPoint>
				</PolyLoop>
			</PlanarGeometry>
			<Opening openingType="OperableWindow" id="bw-opening-1" >
				<PlanarGeometry>
					<PolyLoop>
					<CartesianPoint>
						<Coordinate>-166.4255</Coordinate>
						<Coordinate>179.2242</Coordinate>
						<Coordinate>153.78</Coordinate>
					</CartesianPoint>
					<CartesianPoint>
						<Coordinate>-166.4255</Coordinate>
						<Coordinate>179.2242</Coordinate>
						<Coordinate>146.22</Coordinate>
					</CartesianPoint>
					<CartesianPoint>
						<Coordinate>-108.5135</Coordinate>
						<Coordinate>237.1362</Coordinate>
						<Coordinate>146.22</Coordinate>
					</CartesianPoint>
					<CartesianPoint>
						<Coordinate>-108.5135</Coordinate>
						<Coordinate>237.1362</Coordinate>
						<Coordinate>153.78</Coordinate>
					</CartesianPoint>
					</PolyLoop>
				</PlanarGeometry>
			</Opening>
		</Surface>
		<Surface surfaceType="InteriorWall" id="bw-surface-1" >
			<CADOjectId>none</CADOjectId>
			<AdjacentSpaceId spaceIdRef="bw-space-1" />
			<PlanarGeometry>
				<PolyLoop>
					<CartesianPoint>
						<Coordinate>-183.4315</Coordinate>
						<Coordinate>183.4315</Coordinate>
						<Coordinate>144</Coordinate>
					</CartesianPoint>
					<CartesianPoint>
						<Coordinate>-183.4315</Coordinate>
						<Coordinate>162.2183</Coordinate>
						<Coordinate>144</Coordinate>
					</CartesianPoint>
					<CartesianPoint>
						<Coordinate>-183.4315</Coordinate>
						<Coordinate>162.2183</Coordinate>
						<Coordinate>156</Coordinate>
					</CartesianPoint>
					<CartesianPoint>
						<Coordinate>-183.4315</Coordinate>
						<Coordinate>183.4315</Coordinate>
						<Coordinate>156</Coordinate>
					</CartesianPoint>
				</PolyLoop>
			</PlanarGeometry>
		</Surface>
		<Surface surfaceType="InteriorFloor" id="bw-surface-2" >
			<CADOjectId>none</CADOjectId>
			<AdjacentSpaceId spaceIdRef="bw-space-2" />
			<PlanarGeometry>
				<PolyLoop>
					<CartesianPoint>
						<Coordinate>-91.5076</Coordinate>
						<Coordinate>254.1421</Coordinate>
						<Coordinate>144</Coordinate>
					</CartesianPoint>
					<CartesianPoint>
						<Coordinate>-112.7208</Coordinate>
						<Coordinate>254.1421</Coordinate>
						<Coordinate>144</Coordinate>
					</CartesianPoint>
					<CartesianPoint>
						<Coordinate>-169.2893</Coordinate>
						<Coordinate>310.7107</Coordinate>
						<Coordinate>144</Coordinate>
					</CartesianPoint>
					<CartesianPoint>
						<Coordinate>-169.2893</Coordinate>
						<Coordinate>331.9239</Coordinate>
						<Coordinate>144</Coordinate>
					</CartesianPoint>
				</PolyLoop>
			</PlanarGeometry>
		</Surface>
		<Surface surfaceType="InteriorWall" id="bw-surface-2" >
			<CADOjectId>none</CADOjectId>
			<AdjacentSpaceId spaceIdRef="bw-space-2" />
			<PlanarGeometry>
				<PolyLoop>
					<CartesianPoint>
						<Coordinate>-112.7208</Coordinate>
						<Coordinate>254.1421</Coordinate>
						<Coordinate>144</Coordinate>
					</CartesianPoint>
					<CartesianPoint>
						<Coordinate>-112.7208</Coordinate>
						<Coordinate>254.1421</Coordinate>
						<Coordinate>156</Coordinate>
					</CartesianPoint>
					<CartesianPoint>
						<Coordinate>-169.2893</Coordinate>
						<Coordinate>310.7107</Coordinate>
						<Coordinate>156</Coordinate>
					</CartesianPoint>
					<CartesianPoint>
						<Coordinate>-169.2893</Coordinate>
						<Coordinate>310.7107</Coordinate>
						<Coordinate>144</Coordinate>
					</CartesianPoint>
				</PolyLoop>
			</PlanarGeometry>
		</Surface>
		<Surface surfaceType="ExteriorWall" id="bw-surface-2" >
			<CADOjectId>none</CADOjectId>
			<AdjacentSpaceId spaceIdRef="bw-space-2" />
			<PlanarGeometry>
				<PolyLoop>
					<CartesianPoint>
						<Coordinate>-91.5076</Coordinate>
						<Coordinate>254.1421</Coordinate>
						<Coordinate>156</Coordinate>
					</CartesianPoint>
					<CartesianPoint>
						<Coordinate>-91.5076</Coordinate>
						<Coordinate>254.1421</Coordinate>
						<Coordinate>144</Coordinate>
					</CartesianPoint>
					<CartesianPoint>
						<Coordinate>-169.2893</Coordinate>
						<Coordinate>331.9239</Coordinate>
						<Coordinate>144</Coordinate>
					</CartesianPoint>
					<CartesianPoint>
						<Coordinate>-169.2893</Coordinate>
						<Coordinate>331.9239</Coordinate>
						<Coordinate>156</Coordinate>
					</CartesianPoint>
				</PolyLoop>
			</PlanarGeometry>
			<Opening openingType="OperableWindow" id="bw-opening-2" >
				<PlanarGeometry>
					<PolyLoop>
					<CartesianPoint>
						<Coordinate>-105.8972</Coordinate>
						<Coordinate>268.5318</Coordinate>
						<Coordinate>153.78</Coordinate>
					</CartesianPoint>
					<CartesianPoint>
						<Coordinate>-105.8972</Coordinate>
						<Coordinate>268.5318</Coordinate>
						<Coordinate>146.22</Coordinate>
					</CartesianPoint>
					<CartesianPoint>
						<Coordinate>-154.8997</Coordinate>
						<Coordinate>317.5343</Coordinate>
						<Coordinate>146.22</Coordinate>
					</CartesianPoint>
					<CartesianPoint>
						<Coordinate>-154.8997</Coordinate>
						<Coordinate>317.5343</Coordinate>
						<Coordinate>153.78</Coordinate>
					</CartesianPoint>
					</PolyLoop>
				</PlanarGeometry>
			</Opening>
		</Surface>
		<Surface surfaceType="InteriorWall" id="bw-surface-2" >
			<CADOjectId>none</CADOjectId>
			<AdjacentSpaceId spaceIdRef="bw-space-2" />
			<PlanarGeometry>
				<PolyLoop>
					<CartesianPoint>
						<Coordinate>-112.7208</Coordinate>
						<Coordinate>254.1421</Coordinate>
						<Coordinate>144</Coordinate>
					</CartesianPoint>
					<CartesianPoint>
						<Coordinate>-91.5076</Coordinate>
						<Coordinate>254.1421</Coordinate>
						<Coordinate>144</Coordinate>
					</CartesianPoint>
					<CartesianPoint>
						<Coordinate>-91.5076</Coordinate>
						<Coordinate>254.1421</Coordinate>
						<Coordinate>156</Coordinate>
					</CartesianPoint>
					<CartesianPoint>
						<Coordinate>-112.7208</Coordinate>
						<Coordinate>254.1421</Coordinate>
						<Coordinate>156</Coordinate>
					</CartesianPoint>
				</PolyLoop>
			</PlanarGeometry>
		</Surface>
		<Surface surfaceType="InteriorFloor" id="bw-surface-3" >
			<CADOjectId>none</CADOjectId>
			<AdjacentSpaceId spaceIdRef="bw-space-3" />
			<PlanarGeometry>
				<PolyLoop>
					<CartesianPoint>
						<Coordinate>-169.2893</Coordinate>
						<Coordinate>331.9239</Coordinate>
						<Coordinate>144</Coordinate>
					</CartesianPoint>
					<CartesianPoint>
						<Coordinate>-169.2893</Coordinate>
						<Coordinate>310.7107</Coordinate>
						<Coordinate>144</Coordinate>
					</CartesianPoint>
					<CartesianPoint>
						<Coordinate>-240</Coordinate>
						<Coordinate>240</Coordinate>
						<Coordinate>144</Coordinate>
					</CartesianPoint>
					<CartesianPoint>
						<Coordinate>-261.2132</Coordinate>
						<Coordinate>240</Coordinate>
						<Coordinate>144</Coordinate>
					</CartesianPoint>
				</PolyLoop>
			</PlanarGeometry>
		</Surface>
		<Surface surfaceType="InteriorWall" id="bw-surface-3" >
			<CADOjectId>none</CADOjectId>
			<AdjacentSpaceId spaceIdRef="bw-space-3" />
			<PlanarGeometry>
				<PolyLoop>
					<CartesianPoint>
						<Coordinate>-169.2893</Coordinate>
						<Coordinate>310.7107</Coordinate>
						<Coordinate>144</Coordinate>
					</CartesianPoint>
					<CartesianPoint>
						<Coordinate>-169.2893</Coordinate>
						<Coordinate>310.7107</Coordinate>
						<Coordinate>156</Coordinate>
					</CartesianPoint>
					<CartesianPoint>
						<Coordinate>-240</Coordinate>
						<Coordinate>240</Coordinate>
						<Coordinate>156</Coordinate>
					</CartesianPoint>
					<CartesianPoint>
						<Coordinate>-240</Coordinate>
						<Coordinate>240</Coordinate>
						<Coordinate>144</Coordinate>
					</CartesianPoint>
				</PolyLoop>
			</PlanarGeometry>
		</Surface>
		<Surface surfaceType="ExteriorWall" id="bw-surface-3" >
			<CADOjectId>none</CADOjectId>
			<AdjacentSpaceId spaceIdRef="bw-space-3" />
			<PlanarGeometry>
				<PolyLoop>
					<CartesianPoint>
						<Coordinate>-169.2893</Coordinate>
						<Coordinate>331.9239</Coordinate>
						<Coordinate>156</Coordinate>
					</CartesianPoint>
					<CartesianPoint>
						<Coordinate>-169.2893</Coordinate>
						<Coordinate>331.9239</Coordinate>
						<Coordinate>144</Coordinate>
					</CartesianPoint>
					<CartesianPoint>
						<Coordinate>-261.2132</Coordinate>
						<Coordinate>240</Coordinate>
						<Coordinate>144</Coordinate>
					</CartesianPoint>
					<CartesianPoint>
						<Coordinate>-261.2132</Coordinate>
						<Coordinate>240</Coordinate>
						<Coordinate>156</Coordinate>
					</CartesianPoint>
				</PolyLoop>
			</PlanarGeometry>
			<Opening openingType="OperableWindow" id="bw-opening-3" >
				<PlanarGeometry>
					<PolyLoop>
					<CartesianPoint>
						<Coordinate>-186.2952</Coordinate>
						<Coordinate>314.918</Coordinate>
						<Coordinate>153.78</Coordinate>
					</CartesianPoint>
					<CartesianPoint>
						<Coordinate>-186.2952</Coordinate>
						<Coordinate>314.918</Coordinate>
						<Coordinate>146.22</Coordinate>
					</CartesianPoint>
					<CartesianPoint>
						<Coordinate>-244.2073</Coordinate>
						<Coordinate>257.0059</Coordinate>
						<Coordinate>146.22</Coordinate>
					</CartesianPoint>
					<CartesianPoint>
						<Coordinate>-244.2073</Coordinate>
						<Coordinate>257.0059</Coordinate>
						<Coordinate>153.78</Coordinate>
					</CartesianPoint>
					</PolyLoop>
				</PlanarGeometry>
			</Opening>
		</Surface>
		<Surface surfaceType="InteriorWall" id="bw-surface-3" >
			<CADOjectId>none</CADOjectId>
			<AdjacentSpaceId spaceIdRef="bw-space-3" />
			<PlanarGeometry>
				<PolyLoop>
					<CartesianPoint>
						<Coordinate>-169.2893</Coordinate>
						<Coordinate>310.7107</Coordinate>
						<Coordinate>144</Coordinate>
					</CartesianPoint>
					<CartesianPoint>
						<Coordinate>-169.2893</Coordinate>
						<Coordinate>331.9239</Coordinate>
						<Coordinate>144</Coordinate>
					</CartesianPoint>
					<CartesianPoint>
						<Coordinate>-169.2893</Coordinate>
						<Coordinate>331.9239</Coordinate>
						<Coordinate>156</Coordinate>
					</CartesianPoint>
					<CartesianPoint>
						<Coordinate>-169.2893</Coordinate>
						<Coordinate>310.7107</Coordinate>
						<Coordinate>156</Coordinate>
					</CartesianPoint>
				</PolyLoop>
			</PlanarGeometry>
		</Surface>
		<Surface surfaceType="Shade" id="bw-shade-building-6" >
			<Name>Box shape</Name>
			<PlanarGeometry>
				<PolyLoop>
					<CartesianPoint>
						<Coordinate>-253.8946</Coordinate>
						<Coordinate>218.5393</Coordinate>
						<Coordinate>153.78</Coordinate>
					</CartesianPoint>
					<CartesianPoint>
						<Coordinate>-204.8921</Coordinate>
						<Coordinate>169.5368</Coordinate>
						<Coordinate>153.78</Coordinate>
					</CartesianPoint>
					<CartesianPoint>
						<Coordinate>-197.8211</Coordinate>
						<Coordinate>176.6079</Coordinate>
						<Coordinate>153.78</Coordinate>
					</CartesianPoint>
					<CartesianPoint>
						<Coordinate>-246.8236</Coordinate>
						<Coordinate>225.6104</Coordinate>
						<Coordinate>153.78</Coordinate>
					</CartesianPoint>
				</PolyLoop>
			</PlanarGeometry>
		</Surface>
		<Surface surfaceType="Shade" id="bw-shade-building-8" >
			<Name>Box shape</Name>
			<PlanarGeometry>
				<PolyLoop>
					<CartesianPoint>
						<Coordinate>-159.3545</Coordinate>
						<Coordinate>172.1531</Coordinate>
						<Coordinate>153.78</Coordinate>
					</CartesianPoint>
					<CartesianPoint>
						<Coordinate>-101.4424</Coordinate>
						<Coordinate>230.0651</Coordinate>
						<Coordinate>153.78</Coordinate>
					</CartesianPoint>
					<CartesianPoint>
						<Coordinate>-108.5135</Coordinate>
						<Coordinate>237.1362</Coordinate>
						<Coordinate>153.78</Coordinate>
					</CartesianPoint>
					<CartesianPoint>
						<Coordinate>-166.4255</Coordinate>
						<Coordinate>179.2242</Coordinate>
						<Coordinate>153.78</Coordinate>
					</CartesianPoint>
				</PolyLoop>
			</PlanarGeometry>
		</Surface>
		<Surface surfaceType="Shade" id="bw-shade-building-10" >
			<Name>Box shape</Name>
			<PlanarGeometry>
				<PolyLoop>
					<CartesianPoint>
						<Coordinate>-98.8261</Coordinate>
						<Coordinate>275.6028</Coordinate>
						<Coordinate>153.78</Coordinate>
					</CartesianPoint>
					<CartesianPoint>
						<Coordinate>-147.8286</Coordinate>
						<Coordinate>324.6053</Coordinate>
						<Coordinate>153.78</Coordinate>
					</CartesianPoint>
					<CartesianPoint>
						<Coordinate>-154.8997</Coordinate>
						<Coordinate>317.5343</Coordinate>
						<Coordinate>153.78</Coordinate>
					</CartesianPoint>
					<CartesianPoint>
						<Coordinate>-105.8972</Coordinate>
						<Coordinate>268.5318</Coordinate>
						<Coordinate>153.78</Coordinate>
					</CartesianPoint>
				</PolyLoop>
			</PlanarGeometry>
		</Surface>
		<Surface surfaceType="Shade" id="bw-shade-building-12" >
			<Name>Box shape</Name>
			<PlanarGeometry>
				<PolyLoop>
					<CartesianPoint>
						<Coordinate>-193.3663</Coordinate>
						<Coordinate>321.989</Coordinate>
						<Coordinate>153.78</Coordinate>
					</CartesianPoint>
					<CartesianPoint>
						<Coordinate>-251.2784</Coordinate>
						<Coordinate>264.077</Coordinate>
						<Coordinate>153.78</Coordinate>
					</CartesianPoint>
					<CartesianPoint>
						<Coordinate>-244.2073</Coordinate>
						<Coordinate>257.0059</Coordinate>
						<Coordinate>153.78</Coordinate>
					</CartesianPoint>
					<CartesianPoint>
						<Coordinate>-186.2952</Coordinate>
						<Coordinate>314.918</Coordinate>
						<Coordinate>153.78</Coordinate>
					</CartesianPoint>
				</PolyLoop>
			</PlanarGeometry>
		</Surface>
		<Surface surfaceType="InteriorFloor" id="bw-surface-7" >
			<CADOjectId>none</CADOjectId>
			<AdjacentSpaceId spaceIdRef="bw-space-7" />
			<PlanarGeometry>
				<PolyLoop>
					<CartesianPoint>
						<Coordinate>-169.2893</Coordinate>
						<Coordinate>310.7107</Coordinate>
						<Coordinate>144</Coordinate>
					</CartesianPoint>
					<CartesianPoint>
						<Coordinate>-112.7208</Coordinate>
						<Coordinate>254.1421</Coordinate>
						<Coordinate>144</Coordinate>
					</CartesianPoint>
					<CartesianPoint>
						<Coordinate>-183.4315</Coordinate>
						<Coordinate>183.4315</Coordinate>
						<Coordinate>144</Coordinate>
					</CartesianPoint>
					<CartesianPoint>
						<Coordinate>-240</Coordinate>
						<Coordinate>240</Coordinate>
						<Coordinate>144</Coordinate>
					</CartesianPoint>
				</PolyLoop>
			</PlanarGeometry>
		</Surface>
		<Surface surfaceType="InteriorFloor" id="bw-surface-0" >
			<CADOjectId>none</CADOjectId>
			<AdjacentSpaceId spaceIdRef="bw-space-0" />
			<PlanarGeometry>
				<PolyLoop>
					<CartesianPoint>
						<Coordinate>-261.2132</Coordinate>
						<Coordinate>240</Coordinate>
						<Coordinate>168</Coordinate>
					</CartesianPoint>
					<CartesianPoint>
						<Coordinate>-240</Coordinate>
						<Coordinate>240</Coordinate>
						<Coordinate>168</Coordinate>
					</CartesianPoint>
					<CartesianPoint>
						<Coordinate>-183.4315</Coordinate>
						<Coordinate>183.4315</Coordinate>
						<Coordinate>168</Coordinate>
					</CartesianPoint>
					<CartesianPoint>
						<Coordinate>-183.4315</Coordinate>
						<Coordinate>162.2183</Coordinate>
						<Coordinate>168</Coordinate>
					</CartesianPoint>
				</PolyLoop>
			</PlanarGeometry>
		</Surface>
		<Surface surfaceType="InteriorWall" id="bw-surface-0" >
			<CADOjectId>none</CADOjectId>
			<AdjacentSpaceId spaceIdRef="bw-space-0" />
			<PlanarGeometry>
				<PolyLoop>
					<CartesianPoint>
						<Coordinate>-240</Coordinate>
						<Coordinate>240</Coordinate>
						<Coordinate>168</Coordinate>
					</CartesianPoint>
					<CartesianPoint>
						<Coordinate>-240</Coordinate>
						<Coordinate>240</Coordinate>
						<Coordinate>180</Coordinate>
					</CartesianPoint>
					<CartesianPoint>
						<Coordinate>-183.4315</Coordinate>
						<Coordinate>183.4315</Coordinate>
						<Coordinate>180</Coordinate>
					</CartesianPoint>
					<CartesianPoint>
						<Coordinate>-183.4315</Coordinate>
						<Coordinate>183.4315</Coordinate>
						<Coordinate>168</Coordinate>
					</CartesianPoint>
				</PolyLoop>
			</PlanarGeometry>
		</Surface>
		<Surface surfaceType="ExteriorWall" id="bw-surface-0" >
			<CADOjectId>none</CADOjectId>
			<AdjacentSpaceId spaceIdRef="bw-space-0" />
			<PlanarGeometry>
				<PolyLoop>
					<CartesianPoint>
						<Coordinate>-261.2132</Coordinate>
						<Coordinate>240</Coordinate>
						<Coordinate>180</Coordinate>
					</CartesianPoint>
					<CartesianPoint>
						<Coordinate>-261.2132</Coordinate>
						<Coordinate>240</Coordinate>
						<Coordinate>168</Coordinate>
					</CartesianPoint>
					<CartesianPoint>
						<Coordinate>-183.4315</Coordinate>
						<Coordinate>162.2183</Coordinate>
						<Coordinate>168</Coordinate>
					</CartesianPoint>
					<CartesianPoint>
						<Coordinate>-183.4315</Coordinate>
						<Coordinate>162.2183</Coordinate>
						<Coordinate>180</Coordinate>
					</CartesianPoint>
				</PolyLoop>
			</PlanarGeometry>
			<Opening openingType="OperableWindow" id="bw-opening-0" >
				<PlanarGeometry>
					<PolyLoop>
					<CartesianPoint>
						<Coordinate>-246.8236</Coordinate>
						<Coordinate>225.6104</Coordinate>
						<Coordinate>177.78</Coordinate>
					</CartesianPoint>
					<CartesianPoint>
						<Coordinate>-246.8236</Coordinate>
						<Coordinate>225.6104</Coordinate>
						<Coordinate>170.22</Coordinate>
					</CartesianPoint>
					<CartesianPoint>
						<Coordinate>-197.8211</Coordinate>
						<Coordinate>176.6079</Coordinate>
						<Coordinate>170.22</Coordinate>
					</CartesianPoint>
					<CartesianPoint>
						<Coordinate>-197.8211</Coordinate>
						<Coordinate>176.6079</Coordinate>
						<Coordinate>177.78</Coordinate>
					</CartesianPoint>
					</PolyLoop>
				</PlanarGeometry>
			</Opening>
		</Surface>
		<Surface surfaceType="InteriorWall" id="bw-surface-0" >
			<CADOjectId>none</CADOjectId>
			<AdjacentSpaceId spaceIdRef="bw-space-0" />
			<PlanarGeometry>
				<PolyLoop>
					<CartesianPoint>
						<Coordinate>-240</Coordinate>
						<Coordinate>240</Coordinate>
						<Coordinate>168</Coordinate>
					</CartesianPoint>
					<CartesianPoint>
						<Coordinate>-261.2132</Coordinate>
						<Coordinate>240</Coordinate>
						<Coordinate>168</Coordinate>
					</CartesianPoint>
					<CartesianPoint>
						<Coordinate>-261.2132</Coordinate>
						<Coordinate>240</Coordinate>
						<Coordinate>180</Coordinate>
					</CartesianPoint>
					<CartesianPoint>
						<Coordinate>-240</Coordinate>
						<Coordinate>240</Coordinate>
						<Coordinate>180</Coordinate>
					</CartesianPoint>
				</PolyLoop>
			</PlanarGeometry>
		</Surface>
		<Surface surfaceType="InteriorFloor" id="bw-surface-1" >
			<CADOjectId>none</CADOjectId>
			<AdjacentSpaceId spaceIdRef="bw-space-1" />
			<PlanarGeometry>
				<PolyLoop>
					<CartesianPoint>
						<Coordinate>-183.4315</Coordinate>
						<Coordinate>162.2183</Coordinate>
						<Coordinate>168</Coordinate>
					</CartesianPoint>
					<CartesianPoint>
						<Coordinate>-183.4315</Coordinate>
						<Coordinate>183.4315</Coordinate>
						<Coordinate>168</Coordinate>
					</CartesianPoint>
					<CartesianPoint>
						<Coordinate>-112.7208</Coordinate>
						<Coordinate>254.1421</Coordinate>
						<Coordinate>168</Coordinate>
					</CartesianPoint>
					<CartesianPoint>
						<Coordinate>-91.5076</Coordinate>
						<Coordinate>254.1421</Coordinate>
						<Coordinate>168</Coordinate>
					</CartesianPoint>
				</PolyLoop>
			</PlanarGeometry>
		</Surface>
		<Surface surfaceType="InteriorWall" id="bw-surface-1" >
			<CADOjectId>none</CADOjectId>
			<AdjacentSpaceId spaceIdRef="bw-space-1" />
			<PlanarGeometry>
				<PolyLoop>
					<CartesianPoint>
						<Coordinate>-183.4315</Coordinate>
						<Coordinate>183.4315</Coordinate>
						<Coordinate>168</Coordinate>
					</CartesianPoint>
					<CartesianPoint>
						<Coordinate>-183.4315</Coordinate>
						<Coordinate>183.4315</Coordinate>
						<Coordinate>180</Coordinate>
					</CartesianPoint>
					<CartesianPoint>
						<Coordinate>-112.7208</Coordinate>
						<Coordinate>254.1421</Coordinate>
						<Coordinate>180</Coordinate>
					</CartesianPoint>
					<CartesianPoint>
						<Coordinate>-112.7208</Coordinate>
						<Coordinate>254.1421</Coordinate>
						<Coordinate>168</Coordinate>
					</CartesianPoint>
				</PolyLoop>
			</PlanarGeometry>
		</Surface>
		<Surface surfaceType="ExteriorWall" id="bw-surface-1" >
			<CADOjectId>none</CADOjectId>
			<AdjacentSpaceId spaceIdRef="bw-space-1" />
			<PlanarGeometry>
				<PolyLoop>
					<CartesianPoint>
						<Coordinate>-183.4315</Coordinate>
						<Coordinate>162.2183</Coordinate>
						<Coordinate>180</Coordinate>
					</CartesianPoint>
					<CartesianPoint>
						<Coordinate>-183.4315</Coordinate>
						<Coordinate>162.2183</Coordinate>
						<Coordinate>168</Coordinate>
					</CartesianPoint>
					<CartesianPoint>
						<Coordinate>-91.5076</Coordinate>
						<Coordinate>254.1421</Coordinate>
						<Coordinate>168</Coordinate>
					</CartesianPoint>
					<CartesianPoint>
						<Coordinate>-91.5076</Coordinate>
						<Coordinate>254.1421</Coordinate>
						<Coordinate>180</Coordinate>
					</CartesianPoint>
				</PolyLoop>
			</PlanarGeometry>
			<Opening openingType="OperableWindow" id="bw-opening-1" >
				<PlanarGeometry>
					<PolyLoop>
					<CartesianPoint>
						<Coordinate>-166.4255</Coordinate>
						<Coordinate>179.2242</Coordinate>
						<Coordinate>177.78</Coordinate>
					</CartesianPoint>
					<CartesianPoint>
						<Coordinate>-166.4255</Coordinate>
						<Coordinate>179.2242</Coordinate>
						<Coordinate>170.22</Coordinate>
					</CartesianPoint>
					<CartesianPoint>
						<Coordinate>-108.5135</Coordinate>
						<Coordinate>237.1362</Coordinate>
						<Coordinate>170.22</Coordinate>
					</CartesianPoint>
					<CartesianPoint>
						<Coordinate>-108.5135</Coordinate>
						<Coordinate>237.1362</Coordinate>
						<Coordinate>177.78</Coordinate>
					</CartesianPoint>
					</PolyLoop>
				</PlanarGeometry>
			</Opening>
		</Surface>
		<Surface surfaceType="InteriorWall" id="bw-surface-1" >
			<CADOjectId>none</CADOjectId>
			<AdjacentSpaceId spaceIdRef="bw-space-1" />
			<PlanarGeometry>
				<PolyLoop>
					<CartesianPoint>
						<Coordinate>-183.4315</Coordinate>
						<Coordinate>183.4315</Coordinate>
						<Coordinate>168</Coordinate>
					</CartesianPoint>
					<CartesianPoint>
						<Coordinate>-183.4315</Coordinate>
						<Coordinate>162.2183</Coordinate>
						<Coordinate>168</Coordinate>
					</CartesianPoint>
					<CartesianPoint>
						<Coordinate>-183.4315</Coordinate>
						<Coordinate>162.2183</Coordinate>
						<Coordinate>180</Coordinate>
					</CartesianPoint>
					<CartesianPoint>
						<Coordinate>-183.4315</Coordinate>
						<Coordinate>183.4315</Coordinate>
						<Coordinate>180</Coordinate>
					</CartesianPoint>
				</PolyLoop>
			</PlanarGeometry>
		</Surface>
		<Surface surfaceType="InteriorFloor" id="bw-surface-2" >
			<CADOjectId>none</CADOjectId>
			<AdjacentSpaceId spaceIdRef="bw-space-2" />
			<PlanarGeometry>
				<PolyLoop>
					<CartesianPoint>
						<Coordinate>-91.5076</Coordinate>
						<Coordinate>254.1421</Coordinate>
						<Coordinate>168</Coordinate>
					</CartesianPoint>
					<CartesianPoint>
						<Coordinate>-112.7208</Coordinate>
						<Coordinate>254.1421</Coordinate>
						<Coordinate>168</Coordinate>
					</CartesianPoint>
					<CartesianPoint>
						<Coordinate>-169.2893</Coordinate>
						<Coordinate>310.7107</Coordinate>
						<Coordinate>168</Coordinate>
					</CartesianPoint>
					<CartesianPoint>
						<Coordinate>-169.2893</Coordinate>
						<Coordinate>331.9239</Coordinate>
						<Coordinate>168</Coordinate>
					</CartesianPoint>
				</PolyLoop>
			</PlanarGeometry>
		</Surface>
		<Surface surfaceType="InteriorWall" id="bw-surface-2" >
			<CADOjectId>none</CADOjectId>
			<AdjacentSpaceId spaceIdRef="bw-space-2" />
			<PlanarGeometry>
				<PolyLoop>
					<CartesianPoint>
						<Coordinate>-112.7208</Coordinate>
						<Coordinate>254.1421</Coordinate>
						<Coordinate>168</Coordinate>
					</CartesianPoint>
					<CartesianPoint>
						<Coordinate>-112.7208</Coordinate>
						<Coordinate>254.1421</Coordinate>
						<Coordinate>180</Coordinate>
					</CartesianPoint>
					<CartesianPoint>
						<Coordinate>-169.2893</Coordinate>
						<Coordinate>310.7107</Coordinate>
						<Coordinate>180</Coordinate>
					</CartesianPoint>
					<CartesianPoint>
						<Coordinate>-169.2893</Coordinate>
						<Coordinate>310.7107</Coordinate>
						<Coordinate>168</Coordinate>
					</CartesianPoint>
				</PolyLoop>
			</PlanarGeometry>
		</Surface>
		<Surface surfaceType="ExteriorWall" id="bw-surface-2" >
			<CADOjectId>none</CADOjectId>
			<AdjacentSpaceId spaceIdRef="bw-space-2" />
			<PlanarGeometry>
				<PolyLoop>
					<CartesianPoint>
						<Coordinate>-91.5076</Coordinate>
						<Coordinate>254.1421</Coordinate>
						<Coordinate>180</Coordinate>
					</CartesianPoint>
					<CartesianPoint>
						<Coordinate>-91.5076</Coordinate>
						<Coordinate>254.1421</Coordinate>
						<Coordinate>168</Coordinate>
					</CartesianPoint>
					<CartesianPoint>
						<Coordinate>-169.2893</Coordinate>
						<Coordinate>331.9239</Coordinate>
						<Coordinate>168</Coordinate>
					</CartesianPoint>
					<CartesianPoint>
						<Coordinate>-169.2893</Coordinate>
						<Coordinate>331.9239</Coordinate>
						<Coordinate>180</Coordinate>
					</CartesianPoint>
				</PolyLoop>
			</PlanarGeometry>
			<Opening openingType="OperableWindow" id="bw-opening-2" >
				<PlanarGeometry>
					<PolyLoop>
					<CartesianPoint>
						<Coordinate>-105.8972</Coordinate>
						<Coordinate>268.5318</Coordinate>
						<Coordinate>177.78</Coordinate>
					</CartesianPoint>
					<CartesianPoint>
						<Coordinate>-105.8972</Coordinate>
						<Coordinate>268.5318</Coordinate>
						<Coordinate>170.22</Coordinate>
					</CartesianPoint>
					<CartesianPoint>
						<Coordinate>-154.8997</Coordinate>
						<Coordinate>317.5343</Coordinate>
						<Coordinate>170.22</Coordinate>
					</CartesianPoint>
					<CartesianPoint>
						<Coordinate>-154.8997</Coordinate>
						<Coordinate>317.5343</Coordinate>
						<Coordinate>177.78</Coordinate>
					</CartesianPoint>
					</PolyLoop>
				</PlanarGeometry>
			</Opening>
		</Surface>
		<Surface surfaceType="InteriorWall" id="bw-surface-2" >
			<CADOjectId>none</CADOjectId>
			<AdjacentSpaceId spaceIdRef="bw-space-2" />
			<PlanarGeometry>
				<PolyLoop>
					<CartesianPoint>
						<Coordinate>-112.7208</Coordinate>
						<Coordinate>254.1421</Coordinate>
						<Coordinate>168</Coordinate>
					</CartesianPoint>
					<CartesianPoint>
						<Coordinate>-91.5076</Coordinate>
						<Coordinate>254.1421</Coordinate>
						<Coordinate>168</Coordinate>
					</CartesianPoint>
					<CartesianPoint>
						<Coordinate>-91.5076</Coordinate>
						<Coordinate>254.1421</Coordinate>
						<Coordinate>180</Coordinate>
					</CartesianPoint>
					<CartesianPoint>
						<Coordinate>-112.7208</Coordinate>
						<Coordinate>254.1421</Coordinate>
						<Coordinate>180</Coordinate>
					</CartesianPoint>
				</PolyLoop>
			</PlanarGeometry>
		</Surface>
		<Surface surfaceType="InteriorFloor" id="bw-surface-3" >
			<CADOjectId>none</CADOjectId>
			<AdjacentSpaceId spaceIdRef="bw-space-3" />
			<PlanarGeometry>
				<PolyLoop>
					<CartesianPoint>
						<Coordinate>-169.2893</Coordinate>
						<Coordinate>331.9239</Coordinate>
						<Coordinate>168</Coordinate>
					</CartesianPoint>
					<CartesianPoint>
						<Coordinate>-169.2893</Coordinate>
						<Coordinate>310.7107</Coordinate>
						<Coordinate>168</Coordinate>
					</CartesianPoint>
					<CartesianPoint>
						<Coordinate>-240</Coordinate>
						<Coordinate>240</Coordinate>
						<Coordinate>168</Coordinate>
					</CartesianPoint>
					<CartesianPoint>
						<Coordinate>-261.2132</Coordinate>
						<Coordinate>240</Coordinate>
						<Coordinate>168</Coordinate>
					</CartesianPoint>
				</PolyLoop>
			</PlanarGeometry>
		</Surface>
		<Surface surfaceType="InteriorWall" id="bw-surface-3" >
			<CADOjectId>none</CADOjectId>
			<AdjacentSpaceId spaceIdRef="bw-space-3" />
			<PlanarGeometry>
				<PolyLoop>
					<CartesianPoint>
						<Coordinate>-169.2893</Coordinate>
						<Coordinate>310.7107</Coordinate>
						<Coordinate>168</Coordinate>
					</CartesianPoint>
					<CartesianPoint>
						<Coordinate>-169.2893</Coordinate>
						<Coordinate>310.7107</Coordinate>
						<Coordinate>180</Coordinate>
					</CartesianPoint>
					<CartesianPoint>
						<Coordinate>-240</Coordinate>
						<Coordinate>240</Coordinate>
						<Coordinate>180</Coordinate>
					</CartesianPoint>
					<CartesianPoint>
						<Coordinate>-240</Coordinate>
						<Coordinate>240</Coordinate>
						<Coordinate>168</Coordinate>
					</CartesianPoint>
				</PolyLoop>
			</PlanarGeometry>
		</Surface>
		<Surface surfaceType="ExteriorWall" id="bw-surface-3" >
			<CADOjectId>none</CADOjectId>
			<AdjacentSpaceId spaceIdRef="bw-space-3" />
			<PlanarGeometry>
				<PolyLoop>
					<CartesianPoint>
						<Coordinate>-169.2893</Coordinate>
						<Coordinate>331.9239</Coordinate>
						<Coordinate>180</Coordinate>
					</CartesianPoint>
					<CartesianPoint>
						<Coordinate>-169.2893</Coordinate>
						<Coordinate>331.9239</Coordinate>
						<Coordinate>168</Coordinate>
					</CartesianPoint>
					<CartesianPoint>
						<Coordinate>-261.2132</Coordinate>
						<Coordinate>240</Coordinate>
						<Coordinate>168</Coordinate>
					</CartesianPoint>
					<CartesianPoint>
						<Coordinate>-261.2132</Coordinate>
						<Coordinate>240</Coordinate>
						<Coordinate>180</Coordinate>
					</CartesianPoint>
				</PolyLoop>
			</PlanarGeometry>
			<Opening openingType="OperableWindow" id="bw-opening-3" >
				<PlanarGeometry>
					<PolyLoop>
					<CartesianPoint>
						<Coordinate>-186.2952</Coordinate>
						<Coordinate>314.918</Coordinate>
						<Coordinate>177.78</Coordinate>
					</CartesianPoint>
					<CartesianPoint>
						<Coordinate>-186.2952</Coordinate>
						<Coordinate>314.918</Coordinate>
						<Coordinate>170.22</Coordinate>
					</CartesianPoint>
					<CartesianPoint>
						<Coordinate>-244.2073</Coordinate>
						<Coordinate>257.0059</Coordinate>
						<Coordinate>170.22</Coordinate>
					</CartesianPoint>
					<CartesianPoint>
						<Coordinate>-244.2073</Coordinate>
						<Coordinate>257.0059</Coordinate>
						<Coordinate>177.78</Coordinate>
					</CartesianPoint>
					</PolyLoop>
				</PlanarGeometry>
			</Opening>
		</Surface>
		<Surface surfaceType="InteriorWall" id="bw-surface-3" >
			<CADOjectId>none</CADOjectId>
			<AdjacentSpaceId spaceIdRef="bw-space-3" />
			<PlanarGeometry>
				<PolyLoop>
					<CartesianPoint>
						<Coordinate>-169.2893</Coordinate>
						<Coordinate>310.7107</Coordinate>
						<Coordinate>168</Coordinate>
					</CartesianPoint>
					<CartesianPoint>
						<Coordinate>-169.2893</Coordinate>
						<Coordinate>331.9239</Coordinate>
						<Coordinate>168</Coordinate>
					</CartesianPoint>
					<CartesianPoint>
						<Coordinate>-169.2893</Coordinate>
						<Coordinate>331.9239</Coordinate>
						<Coordinate>180</Coordinate>
					</CartesianPoint>
					<CartesianPoint>
						<Coordinate>-169.2893</Coordinate>
						<Coordinate>310.7107</Coordinate>
						<Coordinate>180</Coordinate>
					</CartesianPoint>
				</PolyLoop>
			</PlanarGeometry>
		</Surface>
		<Surface surfaceType="Shade" id="bw-shade-building-6" >
			<Name>Box shape</Name>
			<PlanarGeometry>
				<PolyLoop>
					<CartesianPoint>
						<Coordinate>-253.8946</Coordinate>
						<Coordinate>218.5393</Coordinate>
						<Coordinate>177.78</Coordinate>
					</CartesianPoint>
					<CartesianPoint>
						<Coordinate>-204.8921</Coordinate>
						<Coordinate>169.5368</Coordinate>
						<Coordinate>177.78</Coordinate>
					</CartesianPoint>
					<CartesianPoint>
						<Coordinate>-197.8211</Coordinate>
						<Coordinate>176.6079</Coordinate>
						<Coordinate>177.78</Coordinate>
					</CartesianPoint>
					<CartesianPoint>
						<Coordinate>-246.8236</Coordinate>
						<Coordinate>225.6104</Coordinate>
						<Coordinate>177.78</Coordinate>
					</CartesianPoint>
				</PolyLoop>
			</PlanarGeometry>
		</Surface>
		<Surface surfaceType="Shade" id="bw-shade-building-8" >
			<Name>Box shape</Name>
			<PlanarGeometry>
				<PolyLoop>
					<CartesianPoint>
						<Coordinate>-159.3545</Coordinate>
						<Coordinate>172.1531</Coordinate>
						<Coordinate>177.78</Coordinate>
					</CartesianPoint>
					<CartesianPoint>
						<Coordinate>-101.4424</Coordinate>
						<Coordinate>230.0651</Coordinate>
						<Coordinate>177.78</Coordinate>
					</CartesianPoint>
					<CartesianPoint>
						<Coordinate>-108.5135</Coordinate>
						<Coordinate>237.1362</Coordinate>
						<Coordinate>177.78</Coordinate>
					</CartesianPoint>
					<CartesianPoint>
						<Coordinate>-166.4255</Coordinate>
						<Coordinate>179.2242</Coordinate>
						<Coordinate>177.78</Coordinate>
					</CartesianPoint>
				</PolyLoop>
			</PlanarGeometry>
		</Surface>
		<Surface surfaceType="Shade" id="bw-shade-building-10" >
			<Name>Box shape</Name>
			<PlanarGeometry>
				<PolyLoop>
					<CartesianPoint>
						<Coordinate>-98.8261</Coordinate>
						<Coordinate>275.6028</Coordinate>
						<Coordinate>177.78</Coordinate>
					</CartesianPoint>
					<CartesianPoint>
						<Coordinate>-147.8286</Coordinate>
						<Coordinate>324.6053</Coordinate>
						<Coordinate>177.78</Coordinate>
					</CartesianPoint>
					<CartesianPoint>
						<Coordinate>-154.8997</Coordinate>
						<Coordinate>317.5343</Coordinate>
						<Coordinate>177.78</Coordinate>
					</CartesianPoint>
					<CartesianPoint>
						<Coordinate>-105.8972</Coordinate>
						<Coordinate>268.5318</Coordinate>
						<Coordinate>177.78</Coordinate>
					</CartesianPoint>
				</PolyLoop>
			</PlanarGeometry>
		</Surface>
		<Surface surfaceType="Shade" id="bw-shade-building-12" >
			<Name>Box shape</Name>
			<PlanarGeometry>
				<PolyLoop>
					<CartesianPoint>
						<Coordinate>-193.3663</Coordinate>
						<Coordinate>321.989</Coordinate>
						<Coordinate>177.78</Coordinate>
					</CartesianPoint>
					<CartesianPoint>
						<Coordinate>-251.2784</Coordinate>
						<Coordinate>264.077</Coordinate>
						<Coordinate>177.78</Coordinate>
					</CartesianPoint>
					<CartesianPoint>
						<Coordinate>-244.2073</Coordinate>
						<Coordinate>257.0059</Coordinate>
						<Coordinate>177.78</Coordinate>
					</CartesianPoint>
					<CartesianPoint>
						<Coordinate>-186.2952</Coordinate>
						<Coordinate>314.918</Coordinate>
						<Coordinate>177.78</Coordinate>
					</CartesianPoint>
				</PolyLoop>
			</PlanarGeometry>
		</Surface>
		<Surface surfaceType="InteriorFloor" id="bw-surface-8" >
			<CADOjectId>none</CADOjectId>
			<AdjacentSpaceId spaceIdRef="bw-space-8" />
			<PlanarGeometry>
				<PolyLoop>
					<CartesianPoint>
						<Coordinate>-169.2893</Coordinate>
						<Coordinate>310.7107</Coordinate>
						<Coordinate>168</Coordinate>
					</CartesianPoint>
					<CartesianPoint>
						<Coordinate>-112.7208</Coordinate>
						<Coordinate>254.1421</Coordinate>
						<Coordinate>168</Coordinate>
					</CartesianPoint>
					<CartesianPoint>
						<Coordinate>-183.4315</Coordinate>
						<Coordinate>183.4315</Coordinate>
						<Coordinate>168</Coordinate>
					</CartesianPoint>
					<CartesianPoint>
						<Coordinate>-240</Coordinate>
						<Coordinate>240</Coordinate>
						<Coordinate>168</Coordinate>
					</CartesianPoint>
				</PolyLoop>
			</PlanarGeometry>
		</Surface>
		<Surface surfaceType="InteriorFloor" id="bw-surface-0" >
			<CADOjectId>none</CADOjectId>
			<AdjacentSpaceId spaceIdRef="bw-space-0" />
			<PlanarGeometry>
				<PolyLoop>
					<CartesianPoint>
						<Coordinate>-261.2132</Coordinate>
						<Coordinate>240</Coordinate>
						<Coordinate>192</Coordinate>
					</CartesianPoint>
					<CartesianPoint>
						<Coordinate>-240</Coordinate>
						<Coordinate>240</Coordinate>
						<Coordinate>192</Coordinate>
					</CartesianPoint>
					<CartesianPoint>
						<Coordinate>-183.4315</Coordinate>
						<Coordinate>183.4315</Coordinate>
						<Coordinate>192</Coordinate>
					</CartesianPoint>
					<CartesianPoint>
						<Coordinate>-183.4315</Coordinate>
						<Coordinate>162.2183</Coordinate>
						<Coordinate>192</Coordinate>
					</CartesianPoint>
				</PolyLoop>
			</PlanarGeometry>
		</Surface>
		<Surface surfaceType="InteriorWall" id="bw-surface-0" >
			<CADOjectId>none</CADOjectId>
			<AdjacentSpaceId spaceIdRef="bw-space-0" />
			<PlanarGeometry>
				<PolyLoop>
					<CartesianPoint>
						<Coordinate>-240</Coordinate>
						<Coordinate>240</Coordinate>
						<Coordinate>192</Coordinate>
					</CartesianPoint>
					<CartesianPoint>
						<Coordinate>-240</Coordinate>
						<Coordinate>240</Coordinate>
						<Coordinate>204</Coordinate>
					</CartesianPoint>
					<CartesianPoint>
						<Coordinate>-183.4315</Coordinate>
						<Coordinate>183.4315</Coordinate>
						<Coordinate>204</Coordinate>
					</CartesianPoint>
					<CartesianPoint>
						<Coordinate>-183.4315</Coordinate>
						<Coordinate>183.4315</Coordinate>
						<Coordinate>192</Coordinate>
					</CartesianPoint>
				</PolyLoop>
			</PlanarGeometry>
		</Surface>
		<Surface surfaceType="ExteriorWall" id="bw-surface-0" >
			<CADOjectId>none</CADOjectId>
			<AdjacentSpaceId spaceIdRef="bw-space-0" />
			<PlanarGeometry>
				<PolyLoop>
					<CartesianPoint>
						<Coordinate>-261.2132</Coordinate>
						<Coordinate>240</Coordinate>
						<Coordinate>204</Coordinate>
					</CartesianPoint>
					<CartesianPoint>
						<Coordinate>-261.2132</Coordinate>
						<Coordinate>240</Coordinate>
						<Coordinate>192</Coordinate>
					</CartesianPoint>
					<CartesianPoint>
						<Coordinate>-183.4315</Coordinate>
						<Coordinate>162.2183</Coordinate>
						<Coordinate>192</Coordinate>
					</CartesianPoint>
					<CartesianPoint>
						<Coordinate>-183.4315</Coordinate>
						<Coordinate>162.2183</Coordinate>
						<Coordinate>204</Coordinate>
					</CartesianPoint>
				</PolyLoop>
			</PlanarGeometry>
			<Opening openingType="OperableWindow" id="bw-opening-0" >
				<PlanarGeometry>
					<PolyLoop>
					<CartesianPoint>
						<Coordinate>-246.8236</Coordinate>
						<Coordinate>225.6104</Coordinate>
						<Coordinate>201.78</Coordinate>
					</CartesianPoint>
					<CartesianPoint>
						<Coordinate>-246.8236</Coordinate>
						<Coordinate>225.6104</Coordinate>
						<Coordinate>194.22</Coordinate>
					</CartesianPoint>
					<CartesianPoint>
						<Coordinate>-197.8211</Coordinate>
						<Coordinate>176.6079</Coordinate>
						<Coordinate>194.22</Coordinate>
					</CartesianPoint>
					<CartesianPoint>
						<Coordinate>-197.8211</Coordinate>
						<Coordinate>176.6079</Coordinate>
						<Coordinate>201.78</Coordinate>
					</CartesianPoint>
					</PolyLoop>
				</PlanarGeometry>
			</Opening>
		</Surface>
		<Surface surfaceType="InteriorWall" id="bw-surface-0" >
			<CADOjectId>none</CADOjectId>
			<AdjacentSpaceId spaceIdRef="bw-space-0" />
			<PlanarGeometry>
				<PolyLoop>
					<CartesianPoint>
						<Coordinate>-240</Coordinate>
						<Coordinate>240</Coordinate>
						<Coordinate>192</Coordinate>
					</CartesianPoint>
					<CartesianPoint>
						<Coordinate>-261.2132</Coordinate>
						<Coordinate>240</Coordinate>
						<Coordinate>192</Coordinate>
					</CartesianPoint>
					<CartesianPoint>
						<Coordinate>-261.2132</Coordinate>
						<Coordinate>240</Coordinate>
						<Coordinate>204</Coordinate>
					</CartesianPoint>
					<CartesianPoint>
						<Coordinate>-240</Coordinate>
						<Coordinate>240</Coordinate>
						<Coordinate>204</Coordinate>
					</CartesianPoint>
				</PolyLoop>
			</PlanarGeometry>
		</Surface>
		<Surface surfaceType="InteriorFloor" id="bw-surface-1" >
			<CADOjectId>none</CADOjectId>
			<AdjacentSpaceId spaceIdRef="bw-space-1" />
			<PlanarGeometry>
				<PolyLoop>
					<CartesianPoint>
						<Coordinate>-183.4315</Coordinate>
						<Coordinate>162.2183</Coordinate>
						<Coordinate>192</Coordinate>
					</CartesianPoint>
					<CartesianPoint>
						<Coordinate>-183.4315</Coordinate>
						<Coordinate>183.4315</Coordinate>
						<Coordinate>192</Coordinate>
					</CartesianPoint>
					<CartesianPoint>
						<Coordinate>-112.7208</Coordinate>
						<Coordinate>254.1421</Coordinate>
						<Coordinate>192</Coordinate>
					</CartesianPoint>
					<CartesianPoint>
						<Coordinate>-91.5076</Coordinate>
						<Coordinate>254.1421</Coordinate>
						<Coordinate>192</Coordinate>
					</CartesianPoint>
				</PolyLoop>
			</PlanarGeometry>
		</Surface>
		<Surface surfaceType="InteriorWall" id="bw-surface-1" >
			<CADOjectId>none</CADOjectId>
			<AdjacentSpaceId spaceIdRef="bw-space-1" />
			<PlanarGeometry>
				<PolyLoop>
					<CartesianPoint>
						<Coordinate>-183.4315</Coordinate>
						<Coordinate>183.4315</Coordinate>
						<Coordinate>192</Coordinate>
					</CartesianPoint>
					<CartesianPoint>
						<Coordinate>-183.4315</Coordinate>
						<Coordinate>183.4315</Coordinate>
						<Coordinate>204</Coordinate>
					</CartesianPoint>
					<CartesianPoint>
						<Coordinate>-112.7208</Coordinate>
						<Coordinate>254.1421</Coordinate>
						<Coordinate>204</Coordinate>
					</CartesianPoint>
					<CartesianPoint>
						<Coordinate>-112.7208</Coordinate>
						<Coordinate>254.1421</Coordinate>
						<Coordinate>192</Coordinate>
					</CartesianPoint>
				</PolyLoop>
			</PlanarGeometry>
		</Surface>
		<Surface surfaceType="ExteriorWall" id="bw-surface-1" >
			<CADOjectId>none</CADOjectId>
			<AdjacentSpaceId spaceIdRef="bw-space-1" />
			<PlanarGeometry>
				<PolyLoop>
					<CartesianPoint>
						<Coordinate>-183.4315</Coordinate>
						<Coordinate>162.2183</Coordinate>
						<Coordinate>204</Coordinate>
					</CartesianPoint>
					<CartesianPoint>
						<Coordinate>-183.4315</Coordinate>
						<Coordinate>162.2183</Coordinate>
						<Coordinate>192</Coordinate>
					</CartesianPoint>
					<CartesianPoint>
						<Coordinate>-91.5076</Coordinate>
						<Coordinate>254.1421</Coordinate>
						<Coordinate>192</Coordinate>
					</CartesianPoint>
					<CartesianPoint>
						<Coordinate>-91.5076</Coordinate>
						<Coordinate>254.1421</Coordinate>
						<Coordinate>204</Coordinate>
					</CartesianPoint>
				</PolyLoop>
			</PlanarGeometry>
			<Opening openingType="OperableWindow" id="bw-opening-1" >
				<PlanarGeometry>
					<PolyLoop>
					<CartesianPoint>
						<Coordinate>-166.4255</Coordinate>
						<Coordinate>179.2242</Coordinate>
						<Coordinate>201.78</Coordinate>
					</CartesianPoint>
					<CartesianPoint>
						<Coordinate>-166.4255</Coordinate>
						<Coordinate>179.2242</Coordinate>
						<Coordinate>194.22</Coordinate>
					</CartesianPoint>
					<CartesianPoint>
						<Coordinate>-108.5135</Coordinate>
						<Coordinate>237.1362</Coordinate>
						<Coordinate>194.22</Coordinate>
					</CartesianPoint>
					<CartesianPoint>
						<Coordinate>-108.5135</Coordinate>
						<Coordinate>237.1362</Coordinate>
						<Coordinate>201.78</Coordinate>
					</CartesianPoint>
					</PolyLoop>
				</PlanarGeometry>
			</Opening>
		</Surface>
		<Surface surfaceType="InteriorWall" id="bw-surface-1" >
			<CADOjectId>none</CADOjectId>
			<AdjacentSpaceId spaceIdRef="bw-space-1" />
			<PlanarGeometry>
				<PolyLoop>
					<CartesianPoint>
						<Coordinate>-183.4315</Coordinate>
						<Coordinate>183.4315</Coordinate>
						<Coordinate>192</Coordinate>
					</CartesianPoint>
					<CartesianPoint>
						<Coordinate>-183.4315</Coordinate>
						<Coordinate>162.2183</Coordinate>
						<Coordinate>192</Coordinate>
					</CartesianPoint>
					<CartesianPoint>
						<Coordinate>-183.4315</Coordinate>
						<Coordinate>162.2183</Coordinate>
						<Coordinate>204</Coordinate>
					</CartesianPoint>
					<CartesianPoint>
						<Coordinate>-183.4315</Coordinate>
						<Coordinate>183.4315</Coordinate>
						<Coordinate>204</Coordinate>
					</CartesianPoint>
				</PolyLoop>
			</PlanarGeometry>
		</Surface>
		<Surface surfaceType="InteriorFloor" id="bw-surface-2" >
			<CADOjectId>none</CADOjectId>
			<AdjacentSpaceId spaceIdRef="bw-space-2" />
			<PlanarGeometry>
				<PolyLoop>
					<CartesianPoint>
						<Coordinate>-91.5076</Coordinate>
						<Coordinate>254.1421</Coordinate>
						<Coordinate>192</Coordinate>
					</CartesianPoint>
					<CartesianPoint>
						<Coordinate>-112.7208</Coordinate>
						<Coordinate>254.1421</Coordinate>
						<Coordinate>192</Coordinate>
					</CartesianPoint>
					<CartesianPoint>
						<Coordinate>-169.2893</Coordinate>
						<Coordinate>310.7107</Coordinate>
						<Coordinate>192</Coordinate>
					</CartesianPoint>
					<CartesianPoint>
						<Coordinate>-169.2893</Coordinate>
						<Coordinate>331.9239</Coordinate>
						<Coordinate>192</Coordinate>
					</CartesianPoint>
				</PolyLoop>
			</PlanarGeometry>
		</Surface>
		<Surface surfaceType="InteriorWall" id="bw-surface-2" >
			<CADOjectId>none</CADOjectId>
			<AdjacentSpaceId spaceIdRef="bw-space-2" />
			<PlanarGeometry>
				<PolyLoop>
					<CartesianPoint>
						<Coordinate>-112.7208</Coordinate>
						<Coordinate>254.1421</Coordinate>
						<Coordinate>192</Coordinate>
					</CartesianPoint>
					<CartesianPoint>
						<Coordinate>-112.7208</Coordinate>
						<Coordinate>254.1421</Coordinate>
						<Coordinate>204</Coordinate>
					</CartesianPoint>
					<CartesianPoint>
						<Coordinate>-169.2893</Coordinate>
						<Coordinate>310.7107</Coordinate>
						<Coordinate>204</Coordinate>
					</CartesianPoint>
					<CartesianPoint>
						<Coordinate>-169.2893</Coordinate>
						<Coordinate>310.7107</Coordinate>
						<Coordinate>192</Coordinate>
					</CartesianPoint>
				</PolyLoop>
			</PlanarGeometry>
		</Surface>
		<Surface surfaceType="ExteriorWall" id="bw-surface-2" >
			<CADOjectId>none</CADOjectId>
			<AdjacentSpaceId spaceIdRef="bw-space-2" />
			<PlanarGeometry>
				<PolyLoop>
					<CartesianPoint>
						<Coordinate>-91.5076</Coordinate>
						<Coordinate>254.1421</Coordinate>
						<Coordinate>204</Coordinate>
					</CartesianPoint>
					<CartesianPoint>
						<Coordinate>-91.5076</Coordinate>
						<Coordinate>254.1421</Coordinate>
						<Coordinate>192</Coordinate>
					</CartesianPoint>
					<CartesianPoint>
						<Coordinate>-169.2893</Coordinate>
						<Coordinate>331.9239</Coordinate>
						<Coordinate>192</Coordinate>
					</CartesianPoint>
					<CartesianPoint>
						<Coordinate>-169.2893</Coordinate>
						<Coordinate>331.9239</Coordinate>
						<Coordinate>204</Coordinate>
					</CartesianPoint>
				</PolyLoop>
			</PlanarGeometry>
			<Opening openingType="OperableWindow" id="bw-opening-2" >
				<PlanarGeometry>
					<PolyLoop>
					<CartesianPoint>
						<Coordinate>-105.8972</Coordinate>
						<Coordinate>268.5318</Coordinate>
						<Coordinate>201.78</Coordinate>
					</CartesianPoint>
					<CartesianPoint>
						<Coordinate>-105.8972</Coordinate>
						<Coordinate>268.5318</Coordinate>
						<Coordinate>194.22</Coordinate>
					</CartesianPoint>
					<CartesianPoint>
						<Coordinate>-154.8997</Coordinate>
						<Coordinate>317.5343</Coordinate>
						<Coordinate>194.22</Coordinate>
					</CartesianPoint>
					<CartesianPoint>
						<Coordinate>-154.8997</Coordinate>
						<Coordinate>317.5343</Coordinate>
						<Coordinate>201.78</Coordinate>
					</CartesianPoint>
					</PolyLoop>
				</PlanarGeometry>
			</Opening>
		</Surface>
		<Surface surfaceType="InteriorWall" id="bw-surface-2" >
			<CADOjectId>none</CADOjectId>
			<AdjacentSpaceId spaceIdRef="bw-space-2" />
			<PlanarGeometry>
				<PolyLoop>
					<CartesianPoint>
						<Coordinate>-112.7208</Coordinate>
						<Coordinate>254.1421</Coordinate>
						<Coordinate>192</Coordinate>
					</CartesianPoint>
					<CartesianPoint>
						<Coordinate>-91.5076</Coordinate>
						<Coordinate>254.1421</Coordinate>
						<Coordinate>192</Coordinate>
					</CartesianPoint>
					<CartesianPoint>
						<Coordinate>-91.5076</Coordinate>
						<Coordinate>254.1421</Coordinate>
						<Coordinate>204</Coordinate>
					</CartesianPoint>
					<CartesianPoint>
						<Coordinate>-112.7208</Coordinate>
						<Coordinate>254.1421</Coordinate>
						<Coordinate>204</Coordinate>
					</CartesianPoint>
				</PolyLoop>
			</PlanarGeometry>
		</Surface>
		<Surface surfaceType="InteriorFloor" id="bw-surface-3" >
			<CADOjectId>none</CADOjectId>
			<AdjacentSpaceId spaceIdRef="bw-space-3" />
			<PlanarGeometry>
				<PolyLoop>
					<CartesianPoint>
						<Coordinate>-169.2893</Coordinate>
						<Coordinate>331.9239</Coordinate>
						<Coordinate>192</Coordinate>
					</CartesianPoint>
					<CartesianPoint>
						<Coordinate>-169.2893</Coordinate>
						<Coordinate>310.7107</Coordinate>
						<Coordinate>192</Coordinate>
					</CartesianPoint>
					<CartesianPoint>
						<Coordinate>-240</Coordinate>
						<Coordinate>240</Coordinate>
						<Coordinate>192</Coordinate>
					</CartesianPoint>
					<CartesianPoint>
						<Coordinate>-261.2132</Coordinate>
						<Coordinate>240</Coordinate>
						<Coordinate>192</Coordinate>
					</CartesianPoint>
				</PolyLoop>
			</PlanarGeometry>
		</Surface>
		<Surface surfaceType="InteriorWall" id="bw-surface-3" >
			<CADOjectId>none</CADOjectId>
			<AdjacentSpaceId spaceIdRef="bw-space-3" />
			<PlanarGeometry>
				<PolyLoop>
					<CartesianPoint>
						<Coordinate>-169.2893</Coordinate>
						<Coordinate>310.7107</Coordinate>
						<Coordinate>192</Coordinate>
					</CartesianPoint>
					<CartesianPoint>
						<Coordinate>-169.2893</Coordinate>
						<Coordinate>310.7107</Coordinate>
						<Coordinate>204</Coordinate>
					</CartesianPoint>
					<CartesianPoint>
						<Coordinate>-240</Coordinate>
						<Coordinate>240</Coordinate>
						<Coordinate>204</Coordinate>
					</CartesianPoint>
					<CartesianPoint>
						<Coordinate>-240</Coordinate>
						<Coordinate>240</Coordinate>
						<Coordinate>192</Coordinate>
					</CartesianPoint>
				</PolyLoop>
			</PlanarGeometry>
		</Surface>
		<Surface surfaceType="ExteriorWall" id="bw-surface-3" >
			<CADOjectId>none</CADOjectId>
			<AdjacentSpaceId spaceIdRef="bw-space-3" />
			<PlanarGeometry>
				<PolyLoop>
					<CartesianPoint>
						<Coordinate>-169.2893</Coordinate>
						<Coordinate>331.9239</Coordinate>
						<Coordinate>204</Coordinate>
					</CartesianPoint>
					<CartesianPoint>
						<Coordinate>-169.2893</Coordinate>
						<Coordinate>331.9239</Coordinate>
						<Coordinate>192</Coordinate>
					</CartesianPoint>
					<CartesianPoint>
						<Coordinate>-261.2132</Coordinate>
						<Coordinate>240</Coordinate>
						<Coordinate>192</Coordinate>
					</CartesianPoint>
					<CartesianPoint>
						<Coordinate>-261.2132</Coordinate>
						<Coordinate>240</Coordinate>
						<Coordinate>204</Coordinate>
					</CartesianPoint>
				</PolyLoop>
			</PlanarGeometry>
			<Opening openingType="OperableWindow" id="bw-opening-3" >
				<PlanarGeometry>
					<PolyLoop>
					<CartesianPoint>
						<Coordinate>-186.2952</Coordinate>
						<Coordinate>314.918</Coordinate>
						<Coordinate>201.78</Coordinate>
					</CartesianPoint>
					<CartesianPoint>
						<Coordinate>-186.2952</Coordinate>
						<Coordinate>314.918</Coordinate>
						<Coordinate>194.22</Coordinate>
					</CartesianPoint>
					<CartesianPoint>
						<Coordinate>-244.2073</Coordinate>
						<Coordinate>257.0059</Coordinate>
						<Coordinate>194.22</Coordinate>
					</CartesianPoint>
					<CartesianPoint>
						<Coordinate>-244.2073</Coordinate>
						<Coordinate>257.0059</Coordinate>
						<Coordinate>201.78</Coordinate>
					</CartesianPoint>
					</PolyLoop>
				</PlanarGeometry>
			</Opening>
		</Surface>
		<Surface surfaceType="InteriorWall" id="bw-surface-3" >
			<CADOjectId>none</CADOjectId>
			<AdjacentSpaceId spaceIdRef="bw-space-3" />
			<PlanarGeometry>
				<PolyLoop>
					<CartesianPoint>
						<Coordinate>-169.2893</Coordinate>
						<Coordinate>310.7107</Coordinate>
						<Coordinate>192</Coordinate>
					</CartesianPoint>
					<CartesianPoint>
						<Coordinate>-169.2893</Coordinate>
						<Coordinate>331.9239</Coordinate>
						<Coordinate>192</Coordinate>
					</CartesianPoint>
					<CartesianPoint>
						<Coordinate>-169.2893</Coordinate>
						<Coordinate>331.9239</Coordinate>
						<Coordinate>204</Coordinate>
					</CartesianPoint>
					<CartesianPoint>
						<Coordinate>-169.2893</Coordinate>
						<Coordinate>310.7107</Coordinate>
						<Coordinate>204</Coordinate>
					</CartesianPoint>
				</PolyLoop>
			</PlanarGeometry>
		</Surface>
		<Surface surfaceType="Shade" id="bw-shade-building-6" >
			<Name>Box shape</Name>
			<PlanarGeometry>
				<PolyLoop>
					<CartesianPoint>
						<Coordinate>-253.8946</Coordinate>
						<Coordinate>218.5393</Coordinate>
						<Coordinate>201.78</Coordinate>
					</CartesianPoint>
					<CartesianPoint>
						<Coordinate>-204.8921</Coordinate>
						<Coordinate>169.5368</Coordinate>
						<Coordinate>201.78</Coordinate>
					</CartesianPoint>
					<CartesianPoint>
						<Coordinate>-197.8211</Coordinate>
						<Coordinate>176.6079</Coordinate>
						<Coordinate>201.78</Coordinate>
					</CartesianPoint>
					<CartesianPoint>
						<Coordinate>-246.8236</Coordinate>
						<Coordinate>225.6104</Coordinate>
						<Coordinate>201.78</Coordinate>
					</CartesianPoint>
				</PolyLoop>
			</PlanarGeometry>
		</Surface>
		<Surface surfaceType="Shade" id="bw-shade-building-8" >
			<Name>Box shape</Name>
			<PlanarGeometry>
				<PolyLoop>
					<CartesianPoint>
						<Coordinate>-159.3545</Coordinate>
						<Coordinate>172.1531</Coordinate>
						<Coordinate>201.78</Coordinate>
					</CartesianPoint>
					<CartesianPoint>
						<Coordinate>-101.4424</Coordinate>
						<Coordinate>230.0651</Coordinate>
						<Coordinate>201.78</Coordinate>
					</CartesianPoint>
					<CartesianPoint>
						<Coordinate>-108.5135</Coordinate>
						<Coordinate>237.1362</Coordinate>
						<Coordinate>201.78</Coordinate>
					</CartesianPoint>
					<CartesianPoint>
						<Coordinate>-166.4255</Coordinate>
						<Coordinate>179.2242</Coordinate>
						<Coordinate>201.78</Coordinate>
					</CartesianPoint>
				</PolyLoop>
			</PlanarGeometry>
		</Surface>
		<Surface surfaceType="Shade" id="bw-shade-building-10" >
			<Name>Box shape</Name>
			<PlanarGeometry>
				<PolyLoop>
					<CartesianPoint>
						<Coordinate>-98.8261</Coordinate>
						<Coordinate>275.6028</Coordinate>
						<Coordinate>201.78</Coordinate>
					</CartesianPoint>
					<CartesianPoint>
						<Coordinate>-147.8286</Coordinate>
						<Coordinate>324.6053</Coordinate>
						<Coordinate>201.78</Coordinate>
					</CartesianPoint>
					<CartesianPoint>
						<Coordinate>-154.8997</Coordinate>
						<Coordinate>317.5343</Coordinate>
						<Coordinate>201.78</Coordinate>
					</CartesianPoint>
					<CartesianPoint>
						<Coordinate>-105.8972</Coordinate>
						<Coordinate>268.5318</Coordinate>
						<Coordinate>201.78</Coordinate>
					</CartesianPoint>
				</PolyLoop>
			</PlanarGeometry>
		</Surface>
		<Surface surfaceType="Shade" id="bw-shade-building-12" >
			<Name>Box shape</Name>
			<PlanarGeometry>
				<PolyLoop>
					<CartesianPoint>
						<Coordinate>-193.3663</Coordinate>
						<Coordinate>321.989</Coordinate>
						<Coordinate>201.78</Coordinate>
					</CartesianPoint>
					<CartesianPoint>
						<Coordinate>-251.2784</Coordinate>
						<Coordinate>264.077</Coordinate>
						<Coordinate>201.78</Coordinate>
					</CartesianPoint>
					<CartesianPoint>
						<Coordinate>-244.2073</Coordinate>
						<Coordinate>257.0059</Coordinate>
						<Coordinate>201.78</Coordinate>
					</CartesianPoint>
					<CartesianPoint>
						<Coordinate>-186.2952</Coordinate>
						<Coordinate>314.918</Coordinate>
						<Coordinate>201.78</Coordinate>
					</CartesianPoint>
				</PolyLoop>
			</PlanarGeometry>
		</Surface>
		<Surface surfaceType="InteriorFloor" id="bw-surface-9" >
			<CADOjectId>none</CADOjectId>
			<AdjacentSpaceId spaceIdRef="bw-space-9" />
			<PlanarGeometry>
				<PolyLoop>
					<CartesianPoint>
						<Coordinate>-169.2893</Coordinate>
						<Coordinate>310.7107</Coordinate>
						<Coordinate>192</Coordinate>
					</CartesianPoint>
					<CartesianPoint>
						<Coordinate>-112.7208</Coordinate>
						<Coordinate>254.1421</Coordinate>
						<Coordinate>192</Coordinate>
					</CartesianPoint>
					<CartesianPoint>
						<Coordinate>-183.4315</Coordinate>
						<Coordinate>183.4315</Coordinate>
						<Coordinate>192</Coordinate>
					</CartesianPoint>
					<CartesianPoint>
						<Coordinate>-240</Coordinate>
						<Coordinate>240</Coordinate>
						<Coordinate>192</Coordinate>
					</CartesianPoint>
				</PolyLoop>
			</PlanarGeometry>
		</Surface>
		<Surface surfaceType="InteriorFloor" id="bw-surface-0" >
			<CADOjectId>none</CADOjectId>
			<AdjacentSpaceId spaceIdRef="bw-space-0" />
			<PlanarGeometry>
				<PolyLoop>
					<CartesianPoint>
						<Coordinate>-261.2132</Coordinate>
						<Coordinate>240</Coordinate>
						<Coordinate>216</Coordinate>
					</CartesianPoint>
					<CartesianPoint>
						<Coordinate>-240</Coordinate>
						<Coordinate>240</Coordinate>
						<Coordinate>216</Coordinate>
					</CartesianPoint>
					<CartesianPoint>
						<Coordinate>-183.4315</Coordinate>
						<Coordinate>183.4315</Coordinate>
						<Coordinate>216</Coordinate>
					</CartesianPoint>
					<CartesianPoint>
						<Coordinate>-183.4315</Coordinate>
						<Coordinate>162.2183</Coordinate>
						<Coordinate>216</Coordinate>
					</CartesianPoint>
				</PolyLoop>
			</PlanarGeometry>
		</Surface>
		<Surface surfaceType="InteriorWall" id="bw-surface-0" >
			<CADOjectId>none</CADOjectId>
			<AdjacentSpaceId spaceIdRef="bw-space-0" />
			<PlanarGeometry>
				<PolyLoop>
					<CartesianPoint>
						<Coordinate>-240</Coordinate>
						<Coordinate>240</Coordinate>
						<Coordinate>216</Coordinate>
					</CartesianPoint>
					<CartesianPoint>
						<Coordinate>-240</Coordinate>
						<Coordinate>240</Coordinate>
						<Coordinate>228</Coordinate>
					</CartesianPoint>
					<CartesianPoint>
						<Coordinate>-183.4315</Coordinate>
						<Coordinate>183.4315</Coordinate>
						<Coordinate>228</Coordinate>
					</CartesianPoint>
					<CartesianPoint>
						<Coordinate>-183.4315</Coordinate>
						<Coordinate>183.4315</Coordinate>
						<Coordinate>216</Coordinate>
					</CartesianPoint>
				</PolyLoop>
			</PlanarGeometry>
		</Surface>
		<Surface surfaceType="ExteriorWall" id="bw-surface-0" >
			<CADOjectId>none</CADOjectId>
			<AdjacentSpaceId spaceIdRef="bw-space-0" />
			<PlanarGeometry>
				<PolyLoop>
					<CartesianPoint>
						<Coordinate>-261.2132</Coordinate>
						<Coordinate>240</Coordinate>
						<Coordinate>228</Coordinate>
					</CartesianPoint>
					<CartesianPoint>
						<Coordinate>-261.2132</Coordinate>
						<Coordinate>240</Coordinate>
						<Coordinate>216</Coordinate>
					</CartesianPoint>
					<CartesianPoint>
						<Coordinate>-183.4315</Coordinate>
						<Coordinate>162.2183</Coordinate>
						<Coordinate>216</Coordinate>
					</CartesianPoint>
					<CartesianPoint>
						<Coordinate>-183.4315</Coordinate>
						<Coordinate>162.2183</Coordinate>
						<Coordinate>228</Coordinate>
					</CartesianPoint>
				</PolyLoop>
			</PlanarGeometry>
			<Opening openingType="OperableWindow" id="bw-opening-0" >
				<PlanarGeometry>
					<PolyLoop>
					<CartesianPoint>
						<Coordinate>-246.8236</Coordinate>
						<Coordinate>225.6104</Coordinate>
						<Coordinate>225.78</Coordinate>
					</CartesianPoint>
					<CartesianPoint>
						<Coordinate>-246.8236</Coordinate>
						<Coordinate>225.6104</Coordinate>
						<Coordinate>218.22</Coordinate>
					</CartesianPoint>
					<CartesianPoint>
						<Coordinate>-197.8211</Coordinate>
						<Coordinate>176.6079</Coordinate>
						<Coordinate>218.22</Coordinate>
					</CartesianPoint>
					<CartesianPoint>
						<Coordinate>-197.8211</Coordinate>
						<Coordinate>176.6079</Coordinate>
						<Coordinate>225.78</Coordinate>
					</CartesianPoint>
					</PolyLoop>
				</PlanarGeometry>
			</Opening>
		</Surface>
		<Surface surfaceType="InteriorWall" id="bw-surface-0" >
			<CADOjectId>none</CADOjectId>
			<AdjacentSpaceId spaceIdRef="bw-space-0" />
			<PlanarGeometry>
				<PolyLoop>
					<CartesianPoint>
						<Coordinate>-240</Coordinate>
						<Coordinate>240</Coordinate>
						<Coordinate>216</Coordinate>
					</CartesianPoint>
					<CartesianPoint>
						<Coordinate>-261.2132</Coordinate>
						<Coordinate>240</Coordinate>
						<Coordinate>216</Coordinate>
					</CartesianPoint>
					<CartesianPoint>
						<Coordinate>-261.2132</Coordinate>
						<Coordinate>240</Coordinate>
						<Coordinate>228</Coordinate>
					</CartesianPoint>
					<CartesianPoint>
						<Coordinate>-240</Coordinate>
						<Coordinate>240</Coordinate>
						<Coordinate>228</Coordinate>
					</CartesianPoint>
				</PolyLoop>
			</PlanarGeometry>
		</Surface>
		<Surface surfaceType="InteriorFloor" id="bw-surface-1" >
			<CADOjectId>none</CADOjectId>
			<AdjacentSpaceId spaceIdRef="bw-space-1" />
			<PlanarGeometry>
				<PolyLoop>
					<CartesianPoint>
						<Coordinate>-183.4315</Coordinate>
						<Coordinate>162.2183</Coordinate>
						<Coordinate>216</Coordinate>
					</CartesianPoint>
					<CartesianPoint>
						<Coordinate>-183.4315</Coordinate>
						<Coordinate>183.4315</Coordinate>
						<Coordinate>216</Coordinate>
					</CartesianPoint>
					<CartesianPoint>
						<Coordinate>-112.7208</Coordinate>
						<Coordinate>254.1421</Coordinate>
						<Coordinate>216</Coordinate>
					</CartesianPoint>
					<CartesianPoint>
						<Coordinate>-91.5076</Coordinate>
						<Coordinate>254.1421</Coordinate>
						<Coordinate>216</Coordinate>
					</CartesianPoint>
				</PolyLoop>
			</PlanarGeometry>
		</Surface>
		<Surface surfaceType="InteriorWall" id="bw-surface-1" >
			<CADOjectId>none</CADOjectId>
			<AdjacentSpaceId spaceIdRef="bw-space-1" />
			<PlanarGeometry>
				<PolyLoop>
					<CartesianPoint>
						<Coordinate>-183.4315</Coordinate>
						<Coordinate>183.4315</Coordinate>
						<Coordinate>216</Coordinate>
					</CartesianPoint>
					<CartesianPoint>
						<Coordinate>-183.4315</Coordinate>
						<Coordinate>183.4315</Coordinate>
						<Coordinate>228</Coordinate>
					</CartesianPoint>
					<CartesianPoint>
						<Coordinate>-112.7208</Coordinate>
						<Coordinate>254.1421</Coordinate>
						<Coordinate>228</Coordinate>
					</CartesianPoint>
					<CartesianPoint>
						<Coordinate>-112.7208</Coordinate>
						<Coordinate>254.1421</Coordinate>
						<Coordinate>216</Coordinate>
					</CartesianPoint>
				</PolyLoop>
			</PlanarGeometry>
		</Surface>
		<Surface surfaceType="ExteriorWall" id="bw-surface-1" >
			<CADOjectId>none</CADOjectId>
			<AdjacentSpaceId spaceIdRef="bw-space-1" />
			<PlanarGeometry>
				<PolyLoop>
					<CartesianPoint>
						<Coordinate>-183.4315</Coordinate>
						<Coordinate>162.2183</Coordinate>
						<Coordinate>228</Coordinate>
					</CartesianPoint>
					<CartesianPoint>
						<Coordinate>-183.4315</Coordinate>
						<Coordinate>162.2183</Coordinate>
						<Coordinate>216</Coordinate>
					</CartesianPoint>
					<CartesianPoint>
						<Coordinate>-91.5076</Coordinate>
						<Coordinate>254.1421</Coordinate>
						<Coordinate>216</Coordinate>
					</CartesianPoint>
					<CartesianPoint>
						<Coordinate>-91.5076</Coordinate>
						<Coordinate>254.1421</Coordinate>
						<Coordinate>228</Coordinate>
					</CartesianPoint>
				</PolyLoop>
			</PlanarGeometry>
			<Opening openingType="OperableWindow" id="bw-opening-1" >
				<PlanarGeometry>
					<PolyLoop>
					<CartesianPoint>
						<Coordinate>-166.4255</Coordinate>
						<Coordinate>179.2242</Coordinate>
						<Coordinate>225.78</Coordinate>
					</CartesianPoint>
					<CartesianPoint>
						<Coordinate>-166.4255</Coordinate>
						<Coordinate>179.2242</Coordinate>
						<Coordinate>218.22</Coordinate>
					</CartesianPoint>
					<CartesianPoint>
						<Coordinate>-108.5135</Coordinate>
						<Coordinate>237.1362</Coordinate>
						<Coordinate>218.22</Coordinate>
					</CartesianPoint>
					<CartesianPoint>
						<Coordinate>-108.5135</Coordinate>
						<Coordinate>237.1362</Coordinate>
						<Coordinate>225.78</Coordinate>
					</CartesianPoint>
					</PolyLoop>
				</PlanarGeometry>
			</Opening>
		</Surface>
		<Surface surfaceType="InteriorWall" id="bw-surface-1" >
			<CADOjectId>none</CADOjectId>
			<AdjacentSpaceId spaceIdRef="bw-space-1" />
			<PlanarGeometry>
				<PolyLoop>
					<CartesianPoint>
						<Coordinate>-183.4315</Coordinate>
						<Coordinate>183.4315</Coordinate>
						<Coordinate>216</Coordinate>
					</CartesianPoint>
					<CartesianPoint>
						<Coordinate>-183.4315</Coordinate>
						<Coordinate>162.2183</Coordinate>
						<Coordinate>216</Coordinate>
					</CartesianPoint>
					<CartesianPoint>
						<Coordinate>-183.4315</Coordinate>
						<Coordinate>162.2183</Coordinate>
						<Coordinate>228</Coordinate>
					</CartesianPoint>
					<CartesianPoint>
						<Coordinate>-183.4315</Coordinate>
						<Coordinate>183.4315</Coordinate>
						<Coordinate>228</Coordinate>
					</CartesianPoint>
				</PolyLoop>
			</PlanarGeometry>
		</Surface>
		<Surface surfaceType="InteriorFloor" id="bw-surface-2" >
			<CADOjectId>none</CADOjectId>
			<AdjacentSpaceId spaceIdRef="bw-space-2" />
			<PlanarGeometry>
				<PolyLoop>
					<CartesianPoint>
						<Coordinate>-91.5076</Coordinate>
						<Coordinate>254.1421</Coordinate>
						<Coordinate>216</Coordinate>
					</CartesianPoint>
					<CartesianPoint>
						<Coordinate>-112.7208</Coordinate>
						<Coordinate>254.1421</Coordinate>
						<Coordinate>216</Coordinate>
					</CartesianPoint>
					<CartesianPoint>
						<Coordinate>-169.2893</Coordinate>
						<Coordinate>310.7107</Coordinate>
						<Coordinate>216</Coordinate>
					</CartesianPoint>
					<CartesianPoint>
						<Coordinate>-169.2893</Coordinate>
						<Coordinate>331.9239</Coordinate>
						<Coordinate>216</Coordinate>
					</CartesianPoint>
				</PolyLoop>
			</PlanarGeometry>
		</Surface>
		<Surface surfaceType="InteriorWall" id="bw-surface-2" >
			<CADOjectId>none</CADOjectId>
			<AdjacentSpaceId spaceIdRef="bw-space-2" />
			<PlanarGeometry>
				<PolyLoop>
					<CartesianPoint>
						<Coordinate>-112.7208</Coordinate>
						<Coordinate>254.1421</Coordinate>
						<Coordinate>216</Coordinate>
					</CartesianPoint>
					<CartesianPoint>
						<Coordinate>-112.7208</Coordinate>
						<Coordinate>254.1421</Coordinate>
						<Coordinate>228</Coordinate>
					</CartesianPoint>
					<CartesianPoint>
						<Coordinate>-169.2893</Coordinate>
						<Coordinate>310.7107</Coordinate>
						<Coordinate>228</Coordinate>
					</CartesianPoint>
					<CartesianPoint>
						<Coordinate>-169.2893</Coordinate>
						<Coordinate>310.7107</Coordinate>
						<Coordinate>216</Coordinate>
					</CartesianPoint>
				</PolyLoop>
			</PlanarGeometry>
		</Surface>
		<Surface surfaceType="ExteriorWall" id="bw-surface-2" >
			<CADOjectId>none</CADOjectId>
			<AdjacentSpaceId spaceIdRef="bw-space-2" />
			<PlanarGeometry>
				<PolyLoop>
					<CartesianPoint>
						<Coordinate>-91.5076</Coordinate>
						<Coordinate>254.1421</Coordinate>
						<Coordinate>228</Coordinate>
					</CartesianPoint>
					<CartesianPoint>
						<Coordinate>-91.5076</Coordinate>
						<Coordinate>254.1421</Coordinate>
						<Coordinate>216</Coordinate>
					</CartesianPoint>
					<CartesianPoint>
						<Coordinate>-169.2893</Coordinate>
						<Coordinate>331.9239</Coordinate>
						<Coordinate>216</Coordinate>
					</CartesianPoint>
					<CartesianPoint>
						<Coordinate>-169.2893</Coordinate>
						<Coordinate>331.9239</Coordinate>
						<Coordinate>228</Coordinate>
					</CartesianPoint>
				</PolyLoop>
			</PlanarGeometry>
			<Opening openingType="OperableWindow" id="bw-opening-2" >
				<PlanarGeometry>
					<PolyLoop>
					<CartesianPoint>
						<Coordinate>-105.8972</Coordinate>
						<Coordinate>268.5318</Coordinate>
						<Coordinate>225.78</Coordinate>
					</CartesianPoint>
					<CartesianPoint>
						<Coordinate>-105.8972</Coordinate>
						<Coordinate>268.5318</Coordinate>
						<Coordinate>218.22</Coordinate>
					</CartesianPoint>
					<CartesianPoint>
						<Coordinate>-154.8997</Coordinate>
						<Coordinate>317.5343</Coordinate>
						<Coordinate>218.22</Coordinate>
					</CartesianPoint>
					<CartesianPoint>
						<Coordinate>-154.8997</Coordinate>
						<Coordinate>317.5343</Coordinate>
						<Coordinate>225.78</Coordinate>
					</CartesianPoint>
					</PolyLoop>
				</PlanarGeometry>
			</Opening>
		</Surface>
		<Surface surfaceType="InteriorWall" id="bw-surface-2" >
			<CADOjectId>none</CADOjectId>
			<AdjacentSpaceId spaceIdRef="bw-space-2" />
			<PlanarGeometry>
				<PolyLoop>
					<CartesianPoint>
						<Coordinate>-112.7208</Coordinate>
						<Coordinate>254.1421</Coordinate>
						<Coordinate>216</Coordinate>
					</CartesianPoint>
					<CartesianPoint>
						<Coordinate>-91.5076</Coordinate>
						<Coordinate>254.1421</Coordinate>
						<Coordinate>216</Coordinate>
					</CartesianPoint>
					<CartesianPoint>
						<Coordinate>-91.5076</Coordinate>
						<Coordinate>254.1421</Coordinate>
						<Coordinate>228</Coordinate>
					</CartesianPoint>
					<CartesianPoint>
						<Coordinate>-112.7208</Coordinate>
						<Coordinate>254.1421</Coordinate>
						<Coordinate>228</Coordinate>
					</CartesianPoint>
				</PolyLoop>
			</PlanarGeometry>
		</Surface>
		<Surface surfaceType="InteriorFloor" id="bw-surface-3" >
			<CADOjectId>none</CADOjectId>
			<AdjacentSpaceId spaceIdRef="bw-space-3" />
			<PlanarGeometry>
				<PolyLoop>
					<CartesianPoint>
						<Coordinate>-169.2893</Coordinate>
						<Coordinate>331.9239</Coordinate>
						<Coordinate>216</Coordinate>
					</CartesianPoint>
					<CartesianPoint>
						<Coordinate>-169.2893</Coordinate>
						<Coordinate>310.7107</Coordinate>
						<Coordinate>216</Coordinate>
					</CartesianPoint>
					<CartesianPoint>
						<Coordinate>-240</Coordinate>
						<Coordinate>240</Coordinate>
						<Coordinate>216</Coordinate>
					</CartesianPoint>
					<CartesianPoint>
						<Coordinate>-261.2132</Coordinate>
						<Coordinate>240</Coordinate>
						<Coordinate>216</Coordinate>
					</CartesianPoint>
				</PolyLoop>
			</PlanarGeometry>
		</Surface>
		<Surface surfaceType="InteriorWall" id="bw-surface-3" >
			<CADOjectId>none</CADOjectId>
			<AdjacentSpaceId spaceIdRef="bw-space-3" />
			<PlanarGeometry>
				<PolyLoop>
					<CartesianPoint>
						<Coordinate>-169.2893</Coordinate>
						<Coordinate>310.7107</Coordinate>
						<Coordinate>216</Coordinate>
					</CartesianPoint>
					<CartesianPoint>
						<Coordinate>-169.2893</Coordinate>
						<Coordinate>310.7107</Coordinate>
						<Coordinate>228</Coordinate>
					</CartesianPoint>
					<CartesianPoint>
						<Coordinate>-240</Coordinate>
						<Coordinate>240</Coordinate>
						<Coordinate>228</Coordinate>
					</CartesianPoint>
					<CartesianPoint>
						<Coordinate>-240</Coordinate>
						<Coordinate>240</Coordinate>
						<Coordinate>216</Coordinate>
					</CartesianPoint>
				</PolyLoop>
			</PlanarGeometry>
		</Surface>
		<Surface surfaceType="ExteriorWall" id="bw-surface-3" >
			<CADOjectId>none</CADOjectId>
			<AdjacentSpaceId spaceIdRef="bw-space-3" />
			<PlanarGeometry>
				<PolyLoop>
					<CartesianPoint>
						<Coordinate>-169.2893</Coordinate>
						<Coordinate>331.9239</Coordinate>
						<Coordinate>228</Coordinate>
					</CartesianPoint>
					<CartesianPoint>
						<Coordinate>-169.2893</Coordinate>
						<Coordinate>331.9239</Coordinate>
						<Coordinate>216</Coordinate>
					</CartesianPoint>
					<CartesianPoint>
						<Coordinate>-261.2132</Coordinate>
						<Coordinate>240</Coordinate>
						<Coordinate>216</Coordinate>
					</CartesianPoint>
					<CartesianPoint>
						<Coordinate>-261.2132</Coordinate>
						<Coordinate>240</Coordinate>
						<Coordinate>228</Coordinate>
					</CartesianPoint>
				</PolyLoop>
			</PlanarGeometry>
			<Opening openingType="OperableWindow" id="bw-opening-3" >
				<PlanarGeometry>
					<PolyLoop>
					<CartesianPoint>
						<Coordinate>-186.2952</Coordinate>
						<Coordinate>314.918</Coordinate>
						<Coordinate>225.78</Coordinate>
					</CartesianPoint>
					<CartesianPoint>
						<Coordinate>-186.2952</Coordinate>
						<Coordinate>314.918</Coordinate>
						<Coordinate>218.22</Coordinate>
					</CartesianPoint>
					<CartesianPoint>
						<Coordinate>-244.2073</Coordinate>
						<Coordinate>257.0059</Coordinate>
						<Coordinate>218.22</Coordinate>
					</CartesianPoint>
					<CartesianPoint>
						<Coordinate>-244.2073</Coordinate>
						<Coordinate>257.0059</Coordinate>
						<Coordinate>225.78</Coordinate>
					</CartesianPoint>
					</PolyLoop>
				</PlanarGeometry>
			</Opening>
		</Surface>
		<Surface surfaceType="InteriorWall" id="bw-surface-3" >
			<CADOjectId>none</CADOjectId>
			<AdjacentSpaceId spaceIdRef="bw-space-3" />
			<PlanarGeometry>
				<PolyLoop>
					<CartesianPoint>
						<Coordinate>-169.2893</Coordinate>
						<Coordinate>310.7107</Coordinate>
						<Coordinate>216</Coordinate>
					</CartesianPoint>
					<CartesianPoint>
						<Coordinate>-169.2893</Coordinate>
						<Coordinate>331.9239</Coordinate>
						<Coordinate>216</Coordinate>
					</CartesianPoint>
					<CartesianPoint>
						<Coordinate>-169.2893</Coordinate>
						<Coordinate>331.9239</Coordinate>
						<Coordinate>228</Coordinate>
					</CartesianPoint>
					<CartesianPoint>
						<Coordinate>-169.2893</Coordinate>
						<Coordinate>310.7107</Coordinate>
						<Coordinate>228</Coordinate>
					</CartesianPoint>
				</PolyLoop>
			</PlanarGeometry>
		</Surface>
		<Surface surfaceType="Shade" id="bw-shade-building-6" >
			<Name>Box shape</Name>
			<PlanarGeometry>
				<PolyLoop>
					<CartesianPoint>
						<Coordinate>-253.8946</Coordinate>
						<Coordinate>218.5393</Coordinate>
						<Coordinate>225.78</Coordinate>
					</CartesianPoint>
					<CartesianPoint>
						<Coordinate>-204.8921</Coordinate>
						<Coordinate>169.5368</Coordinate>
						<Coordinate>225.78</Coordinate>
					</CartesianPoint>
					<CartesianPoint>
						<Coordinate>-197.8211</Coordinate>
						<Coordinate>176.6079</Coordinate>
						<Coordinate>225.78</Coordinate>
					</CartesianPoint>
					<CartesianPoint>
						<Coordinate>-246.8236</Coordinate>
						<Coordinate>225.6104</Coordinate>
						<Coordinate>225.78</Coordinate>
					</CartesianPoint>
				</PolyLoop>
			</PlanarGeometry>
		</Surface>
		<Surface surfaceType="Shade" id="bw-shade-building-8" >
			<Name>Box shape</Name>
			<PlanarGeometry>
				<PolyLoop>
					<CartesianPoint>
						<Coordinate>-159.3545</Coordinate>
						<Coordinate>172.1531</Coordinate>
						<Coordinate>225.78</Coordinate>
					</CartesianPoint>
					<CartesianPoint>
						<Coordinate>-101.4424</Coordinate>
						<Coordinate>230.0651</Coordinate>
						<Coordinate>225.78</Coordinate>
					</CartesianPoint>
					<CartesianPoint>
						<Coordinate>-108.5135</Coordinate>
						<Coordinate>237.1362</Coordinate>
						<Coordinate>225.78</Coordinate>
					</CartesianPoint>
					<CartesianPoint>
						<Coordinate>-166.4255</Coordinate>
						<Coordinate>179.2242</Coordinate>
						<Coordinate>225.78</Coordinate>
					</CartesianPoint>
				</PolyLoop>
			</PlanarGeometry>
		</Surface>
		<Surface surfaceType="Shade" id="bw-shade-building-10" >
			<Name>Box shape</Name>
			<PlanarGeometry>
				<PolyLoop>
					<CartesianPoint>
						<Coordinate>-98.8261</Coordinate>
						<Coordinate>275.6028</Coordinate>
						<Coordinate>225.78</Coordinate>
					</CartesianPoint>
					<CartesianPoint>
						<Coordinate>-147.8286</Coordinate>
						<Coordinate>324.6053</Coordinate>
						<Coordinate>225.78</Coordinate>
					</CartesianPoint>
					<CartesianPoint>
						<Coordinate>-154.8997</Coordinate>
						<Coordinate>317.5343</Coordinate>
						<Coordinate>225.78</Coordinate>
					</CartesianPoint>
					<CartesianPoint>
						<Coordinate>-105.8972</Coordinate>
						<Coordinate>268.5318</Coordinate>
						<Coordinate>225.78</Coordinate>
					</CartesianPoint>
				</PolyLoop>
			</PlanarGeometry>
		</Surface>
		<Surface surfaceType="Shade" id="bw-shade-building-12" >
			<Name>Box shape</Name>
			<PlanarGeometry>
				<PolyLoop>
					<CartesianPoint>
						<Coordinate>-193.3663</Coordinate>
						<Coordinate>321.989</Coordinate>
						<Coordinate>225.78</Coordinate>
					</CartesianPoint>
					<CartesianPoint>
						<Coordinate>-251.2784</Coordinate>
						<Coordinate>264.077</Coordinate>
						<Coordinate>225.78</Coordinate>
					</CartesianPoint>
					<CartesianPoint>
						<Coordinate>-244.2073</Coordinate>
						<Coordinate>257.0059</Coordinate>
						<Coordinate>225.78</Coordinate>
					</CartesianPoint>
					<CartesianPoint>
						<Coordinate>-186.2952</Coordinate>
						<Coordinate>314.918</Coordinate>
						<Coordinate>225.78</Coordinate>
					</CartesianPoint>
				</PolyLoop>
			</PlanarGeometry>
		</Surface>
		<Surface surfaceType="InteriorFloor" id="bw-surface-10" >
			<CADOjectId>none</CADOjectId>
			<AdjacentSpaceId spaceIdRef="bw-space-10" />
			<PlanarGeometry>
				<PolyLoop>
					<CartesianPoint>
						<Coordinate>-169.2893</Coordinate>
						<Coordinate>310.7107</Coordinate>
						<Coordinate>216</Coordinate>
					</CartesianPoint>
					<CartesianPoint>
						<Coordinate>-112.7208</Coordinate>
						<Coordinate>254.1421</Coordinate>
						<Coordinate>216</Coordinate>
					</CartesianPoint>
					<CartesianPoint>
						<Coordinate>-183.4315</Coordinate>
						<Coordinate>183.4315</Coordinate>
						<Coordinate>216</Coordinate>
					</CartesianPoint>
					<CartesianPoint>
						<Coordinate>-240</Coordinate>
						<Coordinate>240</Coordinate>
						<Coordinate>216</Coordinate>
					</CartesianPoint>
				</PolyLoop>
			</PlanarGeometry>
		</Surface>
		<Surface surfaceType="InteriorFloor" id="bw-surface-0" >
			<CADOjectId>none</CADOjectId>
			<AdjacentSpaceId spaceIdRef="bw-space-0" />
			<PlanarGeometry>
				<PolyLoop>
					<CartesianPoint>
						<Coordinate>-261.2132</Coordinate>
						<Coordinate>240</Coordinate>
						<Coordinate>240</Coordinate>
					</CartesianPoint>
					<CartesianPoint>
						<Coordinate>-240</Coordinate>
						<Coordinate>240</Coordinate>
						<Coordinate>240</Coordinate>
					</CartesianPoint>
					<CartesianPoint>
						<Coordinate>-183.4315</Coordinate>
						<Coordinate>183.4315</Coordinate>
						<Coordinate>240</Coordinate>
					</CartesianPoint>
					<CartesianPoint>
						<Coordinate>-183.4315</Coordinate>
						<Coordinate>162.2183</Coordinate>
						<Coordinate>240</Coordinate>
					</CartesianPoint>
				</PolyLoop>
			</PlanarGeometry>
		</Surface>
		<Surface surfaceType="InteriorWall" id="bw-surface-0" >
			<CADOjectId>none</CADOjectId>
			<AdjacentSpaceId spaceIdRef="bw-space-0" />
			<PlanarGeometry>
				<PolyLoop>
					<CartesianPoint>
						<Coordinate>-240</Coordinate>
						<Coordinate>240</Coordinate>
						<Coordinate>240</Coordinate>
					</CartesianPoint>
					<CartesianPoint>
						<Coordinate>-240</Coordinate>
						<Coordinate>240</Coordinate>
						<Coordinate>252</Coordinate>
					</CartesianPoint>
					<CartesianPoint>
						<Coordinate>-183.4315</Coordinate>
						<Coordinate>183.4315</Coordinate>
						<Coordinate>252</Coordinate>
					</CartesianPoint>
					<CartesianPoint>
						<Coordinate>-183.4315</Coordinate>
						<Coordinate>183.4315</Coordinate>
						<Coordinate>240</Coordinate>
					</CartesianPoint>
				</PolyLoop>
			</PlanarGeometry>
		</Surface>
		<Surface surfaceType="ExteriorWall" id="bw-surface-0" >
			<CADOjectId>none</CADOjectId>
			<AdjacentSpaceId spaceIdRef="bw-space-0" />
			<PlanarGeometry>
				<PolyLoop>
					<CartesianPoint>
						<Coordinate>-261.2132</Coordinate>
						<Coordinate>240</Coordinate>
						<Coordinate>252</Coordinate>
					</CartesianPoint>
					<CartesianPoint>
						<Coordinate>-261.2132</Coordinate>
						<Coordinate>240</Coordinate>
						<Coordinate>240</Coordinate>
					</CartesianPoint>
					<CartesianPoint>
						<Coordinate>-183.4315</Coordinate>
						<Coordinate>162.2183</Coordinate>
						<Coordinate>240</Coordinate>
					</CartesianPoint>
					<CartesianPoint>
						<Coordinate>-183.4315</Coordinate>
						<Coordinate>162.2183</Coordinate>
						<Coordinate>252</Coordinate>
					</CartesianPoint>
				</PolyLoop>
			</PlanarGeometry>
			<Opening openingType="OperableWindow" id="bw-opening-0" >
				<PlanarGeometry>
					<PolyLoop>
					<CartesianPoint>
						<Coordinate>-246.8236</Coordinate>
						<Coordinate>225.6104</Coordinate>
						<Coordinate>249.78</Coordinate>
					</CartesianPoint>
					<CartesianPoint>
						<Coordinate>-246.8236</Coordinate>
						<Coordinate>225.6104</Coordinate>
						<Coordinate>242.22</Coordinate>
					</CartesianPoint>
					<CartesianPoint>
						<Coordinate>-197.8211</Coordinate>
						<Coordinate>176.6079</Coordinate>
						<Coordinate>242.22</Coordinate>
					</CartesianPoint>
					<CartesianPoint>
						<Coordinate>-197.8211</Coordinate>
						<Coordinate>176.6079</Coordinate>
						<Coordinate>249.78</Coordinate>
					</CartesianPoint>
					</PolyLoop>
				</PlanarGeometry>
			</Opening>
		</Surface>
		<Surface surfaceType="InteriorWall" id="bw-surface-0" >
			<CADOjectId>none</CADOjectId>
			<AdjacentSpaceId spaceIdRef="bw-space-0" />
			<PlanarGeometry>
				<PolyLoop>
					<CartesianPoint>
						<Coordinate>-240</Coordinate>
						<Coordinate>240</Coordinate>
						<Coordinate>240</Coordinate>
					</CartesianPoint>
					<CartesianPoint>
						<Coordinate>-261.2132</Coordinate>
						<Coordinate>240</Coordinate>
						<Coordinate>240</Coordinate>
					</CartesianPoint>
					<CartesianPoint>
						<Coordinate>-261.2132</Coordinate>
						<Coordinate>240</Coordinate>
						<Coordinate>252</Coordinate>
					</CartesianPoint>
					<CartesianPoint>
						<Coordinate>-240</Coordinate>
						<Coordinate>240</Coordinate>
						<Coordinate>252</Coordinate>
					</CartesianPoint>
				</PolyLoop>
			</PlanarGeometry>
		</Surface>
		<Surface surfaceType="InteriorFloor" id="bw-surface-1" >
			<CADOjectId>none</CADOjectId>
			<AdjacentSpaceId spaceIdRef="bw-space-1" />
			<PlanarGeometry>
				<PolyLoop>
					<CartesianPoint>
						<Coordinate>-183.4315</Coordinate>
						<Coordinate>162.2183</Coordinate>
						<Coordinate>240</Coordinate>
					</CartesianPoint>
					<CartesianPoint>
						<Coordinate>-183.4315</Coordinate>
						<Coordinate>183.4315</Coordinate>
						<Coordinate>240</Coordinate>
					</CartesianPoint>
					<CartesianPoint>
						<Coordinate>-112.7208</Coordinate>
						<Coordinate>254.1421</Coordinate>
						<Coordinate>240</Coordinate>
					</CartesianPoint>
					<CartesianPoint>
						<Coordinate>-91.5076</Coordinate>
						<Coordinate>254.1421</Coordinate>
						<Coordinate>240</Coordinate>
					</CartesianPoint>
				</PolyLoop>
			</PlanarGeometry>
		</Surface>
		<Surface surfaceType="InteriorWall" id="bw-surface-1" >
			<CADOjectId>none</CADOjectId>
			<AdjacentSpaceId spaceIdRef="bw-space-1" />
			<PlanarGeometry>
				<PolyLoop>
					<CartesianPoint>
						<Coordinate>-183.4315</Coordinate>
						<Coordinate>183.4315</Coordinate>
						<Coordinate>240</Coordinate>
					</CartesianPoint>
					<CartesianPoint>
						<Coordinate>-183.4315</Coordinate>
						<Coordinate>183.4315</Coordinate>
						<Coordinate>252</Coordinate>
					</CartesianPoint>
					<CartesianPoint>
						<Coordinate>-112.7208</Coordinate>
						<Coordinate>254.1421</Coordinate>
						<Coordinate>252</Coordinate>
					</CartesianPoint>
					<CartesianPoint>
						<Coordinate>-112.7208</Coordinate>
						<Coordinate>254.1421</Coordinate>
						<Coordinate>240</Coordinate>
					</CartesianPoint>
				</PolyLoop>
			</PlanarGeometry>
		</Surface>
		<Surface surfaceType="ExteriorWall" id="bw-surface-1" >
			<CADOjectId>none</CADOjectId>
			<AdjacentSpaceId spaceIdRef="bw-space-1" />
			<PlanarGeometry>
				<PolyLoop>
					<CartesianPoint>
						<Coordinate>-183.4315</Coordinate>
						<Coordinate>162.2183</Coordinate>
						<Coordinate>252</Coordinate>
					</CartesianPoint>
					<CartesianPoint>
						<Coordinate>-183.4315</Coordinate>
						<Coordinate>162.2183</Coordinate>
						<Coordinate>240</Coordinate>
					</CartesianPoint>
					<CartesianPoint>
						<Coordinate>-91.5076</Coordinate>
						<Coordinate>254.1421</Coordinate>
						<Coordinate>240</Coordinate>
					</CartesianPoint>
					<CartesianPoint>
						<Coordinate>-91.5076</Coordinate>
						<Coordinate>254.1421</Coordinate>
						<Coordinate>252</Coordinate>
					</CartesianPoint>
				</PolyLoop>
			</PlanarGeometry>
			<Opening openingType="OperableWindow" id="bw-opening-1" >
				<PlanarGeometry>
					<PolyLoop>
					<CartesianPoint>
						<Coordinate>-166.4255</Coordinate>
						<Coordinate>179.2242</Coordinate>
						<Coordinate>249.78</Coordinate>
					</CartesianPoint>
					<CartesianPoint>
						<Coordinate>-166.4255</Coordinate>
						<Coordinate>179.2242</Coordinate>
						<Coordinate>242.22</Coordinate>
					</CartesianPoint>
					<CartesianPoint>
						<Coordinate>-108.5135</Coordinate>
						<Coordinate>237.1362</Coordinate>
						<Coordinate>242.22</Coordinate>
					</CartesianPoint>
					<CartesianPoint>
						<Coordinate>-108.5135</Coordinate>
						<Coordinate>237.1362</Coordinate>
						<Coordinate>249.78</Coordinate>
					</CartesianPoint>
					</PolyLoop>
				</PlanarGeometry>
			</Opening>
		</Surface>
		<Surface surfaceType="InteriorWall" id="bw-surface-1" >
			<CADOjectId>none</CADOjectId>
			<AdjacentSpaceId spaceIdRef="bw-space-1" />
			<PlanarGeometry>
				<PolyLoop>
					<CartesianPoint>
						<Coordinate>-183.4315</Coordinate>
						<Coordinate>183.4315</Coordinate>
						<Coordinate>240</Coordinate>
					</CartesianPoint>
					<CartesianPoint>
						<Coordinate>-183.4315</Coordinate>
						<Coordinate>162.2183</Coordinate>
						<Coordinate>240</Coordinate>
					</CartesianPoint>
					<CartesianPoint>
						<Coordinate>-183.4315</Coordinate>
						<Coordinate>162.2183</Coordinate>
						<Coordinate>252</Coordinate>
					</CartesianPoint>
					<CartesianPoint>
						<Coordinate>-183.4315</Coordinate>
						<Coordinate>183.4315</Coordinate>
						<Coordinate>252</Coordinate>
					</CartesianPoint>
				</PolyLoop>
			</PlanarGeometry>
		</Surface>
		<Surface surfaceType="InteriorFloor" id="bw-surface-2" >
			<CADOjectId>none</CADOjectId>
			<AdjacentSpaceId spaceIdRef="bw-space-2" />
			<PlanarGeometry>
				<PolyLoop>
					<CartesianPoint>
						<Coordinate>-91.5076</Coordinate>
						<Coordinate>254.1421</Coordinate>
						<Coordinate>240</Coordinate>
					</CartesianPoint>
					<CartesianPoint>
						<Coordinate>-112.7208</Coordinate>
						<Coordinate>254.1421</Coordinate>
						<Coordinate>240</Coordinate>
					</CartesianPoint>
					<CartesianPoint>
						<Coordinate>-169.2893</Coordinate>
						<Coordinate>310.7107</Coordinate>
						<Coordinate>240</Coordinate>
					</CartesianPoint>
					<CartesianPoint>
						<Coordinate>-169.2893</Coordinate>
						<Coordinate>331.9239</Coordinate>
						<Coordinate>240</Coordinate>
					</CartesianPoint>
				</PolyLoop>
			</PlanarGeometry>
		</Surface>
		<Surface surfaceType="InteriorWall" id="bw-surface-2" >
			<CADOjectId>none</CADOjectId>
			<AdjacentSpaceId spaceIdRef="bw-space-2" />
			<PlanarGeometry>
				<PolyLoop>
					<CartesianPoint>
						<Coordinate>-112.7208</Coordinate>
						<Coordinate>254.1421</Coordinate>
						<Coordinate>240</Coordinate>
					</CartesianPoint>
					<CartesianPoint>
						<Coordinate>-112.7208</Coordinate>
						<Coordinate>254.1421</Coordinate>
						<Coordinate>252</Coordinate>
					</CartesianPoint>
					<CartesianPoint>
						<Coordinate>-169.2893</Coordinate>
						<Coordinate>310.7107</Coordinate>
						<Coordinate>252</Coordinate>
					</CartesianPoint>
					<CartesianPoint>
						<Coordinate>-169.2893</Coordinate>
						<Coordinate>310.7107</Coordinate>
						<Coordinate>240</Coordinate>
					</CartesianPoint>
				</PolyLoop>
			</PlanarGeometry>
		</Surface>
		<Surface surfaceType="ExteriorWall" id="bw-surface-2" >
			<CADOjectId>none</CADOjectId>
			<AdjacentSpaceId spaceIdRef="bw-space-2" />
			<PlanarGeometry>
				<PolyLoop>
					<CartesianPoint>
						<Coordinate>-91.5076</Coordinate>
						<Coordinate>254.1421</Coordinate>
						<Coordinate>252</Coordinate>
					</CartesianPoint>
					<CartesianPoint>
						<Coordinate>-91.5076</Coordinate>
						<Coordinate>254.1421</Coordinate>
						<Coordinate>240</Coordinate>
					</CartesianPoint>
					<CartesianPoint>
						<Coordinate>-169.2893</Coordinate>
						<Coordinate>331.9239</Coordinate>
						<Coordinate>240</Coordinate>
					</CartesianPoint>
					<CartesianPoint>
						<Coordinate>-169.2893</Coordinate>
						<Coordinate>331.9239</Coordinate>
						<Coordinate>252</Coordinate>
					</CartesianPoint>
				</PolyLoop>
			</PlanarGeometry>
			<Opening openingType="OperableWindow" id="bw-opening-2" >
				<PlanarGeometry>
					<PolyLoop>
					<CartesianPoint>
						<Coordinate>-105.8972</Coordinate>
						<Coordinate>268.5318</Coordinate>
						<Coordinate>249.78</Coordinate>
					</CartesianPoint>
					<CartesianPoint>
						<Coordinate>-105.8972</Coordinate>
						<Coordinate>268.5318</Coordinate>
						<Coordinate>242.22</Coordinate>
					</CartesianPoint>
					<CartesianPoint>
						<Coordinate>-154.8997</Coordinate>
						<Coordinate>317.5343</Coordinate>
						<Coordinate>242.22</Coordinate>
					</CartesianPoint>
					<CartesianPoint>
						<Coordinate>-154.8997</Coordinate>
						<Coordinate>317.5343</Coordinate>
						<Coordinate>249.78</Coordinate>
					</CartesianPoint>
					</PolyLoop>
				</PlanarGeometry>
			</Opening>
		</Surface>
		<Surface surfaceType="InteriorWall" id="bw-surface-2" >
			<CADOjectId>none</CADOjectId>
			<AdjacentSpaceId spaceIdRef="bw-space-2" />
			<PlanarGeometry>
				<PolyLoop>
					<CartesianPoint>
						<Coordinate>-112.7208</Coordinate>
						<Coordinate>254.1421</Coordinate>
						<Coordinate>240</Coordinate>
					</CartesianPoint>
					<CartesianPoint>
						<Coordinate>-91.5076</Coordinate>
						<Coordinate>254.1421</Coordinate>
						<Coordinate>240</Coordinate>
					</CartesianPoint>
					<CartesianPoint>
						<Coordinate>-91.5076</Coordinate>
						<Coordinate>254.1421</Coordinate>
						<Coordinate>252</Coordinate>
					</CartesianPoint>
					<CartesianPoint>
						<Coordinate>-112.7208</Coordinate>
						<Coordinate>254.1421</Coordinate>
						<Coordinate>252</Coordinate>
					</CartesianPoint>
				</PolyLoop>
			</PlanarGeometry>
		</Surface>
		<Surface surfaceType="InteriorFloor" id="bw-surface-3" >
			<CADOjectId>none</CADOjectId>
			<AdjacentSpaceId spaceIdRef="bw-space-3" />
			<PlanarGeometry>
				<PolyLoop>
					<CartesianPoint>
						<Coordinate>-169.2893</Coordinate>
						<Coordinate>331.9239</Coordinate>
						<Coordinate>240</Coordinate>
					</CartesianPoint>
					<CartesianPoint>
						<Coordinate>-169.2893</Coordinate>
						<Coordinate>310.7107</Coordinate>
						<Coordinate>240</Coordinate>
					</CartesianPoint>
					<CartesianPoint>
						<Coordinate>-240</Coordinate>
						<Coordinate>240</Coordinate>
						<Coordinate>240</Coordinate>
					</CartesianPoint>
					<CartesianPoint>
						<Coordinate>-261.2132</Coordinate>
						<Coordinate>240</Coordinate>
						<Coordinate>240</Coordinate>
					</CartesianPoint>
				</PolyLoop>
			</PlanarGeometry>
		</Surface>
		<Surface surfaceType="InteriorWall" id="bw-surface-3" >
			<CADOjectId>none</CADOjectId>
			<AdjacentSpaceId spaceIdRef="bw-space-3" />
			<PlanarGeometry>
				<PolyLoop>
					<CartesianPoint>
						<Coordinate>-169.2893</Coordinate>
						<Coordinate>310.7107</Coordinate>
						<Coordinate>240</Coordinate>
					</CartesianPoint>
					<CartesianPoint>
						<Coordinate>-169.2893</Coordinate>
						<Coordinate>310.7107</Coordinate>
						<Coordinate>252</Coordinate>
					</CartesianPoint>
					<CartesianPoint>
						<Coordinate>-240</Coordinate>
						<Coordinate>240</Coordinate>
						<Coordinate>252</Coordinate>
					</CartesianPoint>
					<CartesianPoint>
						<Coordinate>-240</Coordinate>
						<Coordinate>240</Coordinate>
						<Coordinate>240</Coordinate>
					</CartesianPoint>
				</PolyLoop>
			</PlanarGeometry>
		</Surface>
		<Surface surfaceType="ExteriorWall" id="bw-surface-3" >
			<CADOjectId>none</CADOjectId>
			<AdjacentSpaceId spaceIdRef="bw-space-3" />
			<PlanarGeometry>
				<PolyLoop>
					<CartesianPoint>
						<Coordinate>-169.2893</Coordinate>
						<Coordinate>331.9239</Coordinate>
						<Coordinate>252</Coordinate>
					</CartesianPoint>
					<CartesianPoint>
						<Coordinate>-169.2893</Coordinate>
						<Coordinate>331.9239</Coordinate>
						<Coordinate>240</Coordinate>
					</CartesianPoint>
					<CartesianPoint>
						<Coordinate>-261.2132</Coordinate>
						<Coordinate>240</Coordinate>
						<Coordinate>240</Coordinate>
					</CartesianPoint>
					<CartesianPoint>
						<Coordinate>-261.2132</Coordinate>
						<Coordinate>240</Coordinate>
						<Coordinate>252</Coordinate>
					</CartesianPoint>
				</PolyLoop>
			</PlanarGeometry>
			<Opening openingType="OperableWindow" id="bw-opening-3" >
				<PlanarGeometry>
					<PolyLoop>
					<CartesianPoint>
						<Coordinate>-186.2952</Coordinate>
						<Coordinate>314.918</Coordinate>
						<Coordinate>249.78</Coordinate>
					</CartesianPoint>
					<CartesianPoint>
						<Coordinate>-186.2952</Coordinate>
						<Coordinate>314.918</Coordinate>
						<Coordinate>242.22</Coordinate>
					</CartesianPoint>
					<CartesianPoint>
						<Coordinate>-244.2073</Coordinate>
						<Coordinate>257.0059</Coordinate>
						<Coordinate>242.22</Coordinate>
					</CartesianPoint>
					<CartesianPoint>
						<Coordinate>-244.2073</Coordinate>
						<Coordinate>257.0059</Coordinate>
						<Coordinate>249.78</Coordinate>
					</CartesianPoint>
					</PolyLoop>
				</PlanarGeometry>
			</Opening>
		</Surface>
		<Surface surfaceType="InteriorWall" id="bw-surface-3" >
			<CADOjectId>none</CADOjectId>
			<AdjacentSpaceId spaceIdRef="bw-space-3" />
			<PlanarGeometry>
				<PolyLoop>
					<CartesianPoint>
						<Coordinate>-169.2893</Coordinate>
						<Coordinate>310.7107</Coordinate>
						<Coordinate>240</Coordinate>
					</CartesianPoint>
					<CartesianPoint>
						<Coordinate>-169.2893</Coordinate>
						<Coordinate>331.9239</Coordinate>
						<Coordinate>240</Coordinate>
					</CartesianPoint>
					<CartesianPoint>
						<Coordinate>-169.2893</Coordinate>
						<Coordinate>331.9239</Coordinate>
						<Coordinate>252</Coordinate>
					</CartesianPoint>
					<CartesianPoint>
						<Coordinate>-169.2893</Coordinate>
						<Coordinate>310.7107</Coordinate>
						<Coordinate>252</Coordinate>
					</CartesianPoint>
				</PolyLoop>
			</PlanarGeometry>
		</Surface>
		<Surface surfaceType="Shade" id="bw-shade-building-6" >
			<Name>Box shape</Name>
			<PlanarGeometry>
				<PolyLoop>
					<CartesianPoint>
						<Coordinate>-253.8946</Coordinate>
						<Coordinate>218.5393</Coordinate>
						<Coordinate>249.78</Coordinate>
					</CartesianPoint>
					<CartesianPoint>
						<Coordinate>-204.8921</Coordinate>
						<Coordinate>169.5368</Coordinate>
						<Coordinate>249.78</Coordinate>
					</CartesianPoint>
					<CartesianPoint>
						<Coordinate>-197.8211</Coordinate>
						<Coordinate>176.6079</Coordinate>
						<Coordinate>249.78</Coordinate>
					</CartesianPoint>
					<CartesianPoint>
						<Coordinate>-246.8236</Coordinate>
						<Coordinate>225.6104</Coordinate>
						<Coordinate>249.78</Coordinate>
					</CartesianPoint>
				</PolyLoop>
			</PlanarGeometry>
		</Surface>
		<Surface surfaceType="Shade" id="bw-shade-building-8" >
			<Name>Box shape</Name>
			<PlanarGeometry>
				<PolyLoop>
					<CartesianPoint>
						<Coordinate>-159.3545</Coordinate>
						<Coordinate>172.1531</Coordinate>
						<Coordinate>249.78</Coordinate>
					</CartesianPoint>
					<CartesianPoint>
						<Coordinate>-101.4424</Coordinate>
						<Coordinate>230.0651</Coordinate>
						<Coordinate>249.78</Coordinate>
					</CartesianPoint>
					<CartesianPoint>
						<Coordinate>-108.5135</Coordinate>
						<Coordinate>237.1362</Coordinate>
						<Coordinate>249.78</Coordinate>
					</CartesianPoint>
					<CartesianPoint>
						<Coordinate>-166.4255</Coordinate>
						<Coordinate>179.2242</Coordinate>
						<Coordinate>249.78</Coordinate>
					</CartesianPoint>
				</PolyLoop>
			</PlanarGeometry>
		</Surface>
		<Surface surfaceType="Shade" id="bw-shade-building-10" >
			<Name>Box shape</Name>
			<PlanarGeometry>
				<PolyLoop>
					<CartesianPoint>
						<Coordinate>-98.8261</Coordinate>
						<Coordinate>275.6028</Coordinate>
						<Coordinate>249.78</Coordinate>
					</CartesianPoint>
					<CartesianPoint>
						<Coordinate>-147.8286</Coordinate>
						<Coordinate>324.6053</Coordinate>
						<Coordinate>249.78</Coordinate>
					</CartesianPoint>
					<CartesianPoint>
						<Coordinate>-154.8997</Coordinate>
						<Coordinate>317.5343</Coordinate>
						<Coordinate>249.78</Coordinate>
					</CartesianPoint>
					<CartesianPoint>
						<Coordinate>-105.8972</Coordinate>
						<Coordinate>268.5318</Coordinate>
						<Coordinate>249.78</Coordinate>
					</CartesianPoint>
				</PolyLoop>
			</PlanarGeometry>
		</Surface>
		<Surface surfaceType="Shade" id="bw-shade-building-12" >
			<Name>Box shape</Name>
			<PlanarGeometry>
				<PolyLoop>
					<CartesianPoint>
						<Coordinate>-193.3663</Coordinate>
						<Coordinate>321.989</Coordinate>
						<Coordinate>249.78</Coordinate>
					</CartesianPoint>
					<CartesianPoint>
						<Coordinate>-251.2784</Coordinate>
						<Coordinate>264.077</Coordinate>
						<Coordinate>249.78</Coordinate>
					</CartesianPoint>
					<CartesianPoint>
						<Coordinate>-244.2073</Coordinate>
						<Coordinate>257.0059</Coordinate>
						<Coordinate>249.78</Coordinate>
					</CartesianPoint>
					<CartesianPoint>
						<Coordinate>-186.2952</Coordinate>
						<Coordinate>314.918</Coordinate>
						<Coordinate>249.78</Coordinate>
					</CartesianPoint>
				</PolyLoop>
			</PlanarGeometry>
		</Surface>
		<Surface surfaceType="InteriorFloor" id="bw-surface-11" >
			<CADOjectId>none</CADOjectId>
			<AdjacentSpaceId spaceIdRef="bw-space-11" />
			<PlanarGeometry>
				<PolyLoop>
					<CartesianPoint>
						<Coordinate>-169.2893</Coordinate>
						<Coordinate>310.7107</Coordinate>
						<Coordinate>240</Coordinate>
					</CartesianPoint>
					<CartesianPoint>
						<Coordinate>-112.7208</Coordinate>
						<Coordinate>254.1421</Coordinate>
						<Coordinate>240</Coordinate>
					</CartesianPoint>
					<CartesianPoint>
						<Coordinate>-183.4315</Coordinate>
						<Coordinate>183.4315</Coordinate>
						<Coordinate>240</Coordinate>
					</CartesianPoint>
					<CartesianPoint>
						<Coordinate>-240</Coordinate>
						<Coordinate>240</Coordinate>
						<Coordinate>240</Coordinate>
					</CartesianPoint>
				</PolyLoop>
			</PlanarGeometry>
		</Surface>
		<Surface surfaceType="InteriorFloor" id="bw-surface-0" >
			<CADOjectId>none</CADOjectId>
			<AdjacentSpaceId spaceIdRef="bw-space-0" />
			<PlanarGeometry>
				<PolyLoop>
					<CartesianPoint>
						<Coordinate>-261.2132</Coordinate>
						<Coordinate>240</Coordinate>
						<Coordinate>264</Coordinate>
					</CartesianPoint>
					<CartesianPoint>
						<Coordinate>-240</Coordinate>
						<Coordinate>240</Coordinate>
						<Coordinate>264</Coordinate>
					</CartesianPoint>
					<CartesianPoint>
						<Coordinate>-183.4315</Coordinate>
						<Coordinate>183.4315</Coordinate>
						<Coordinate>264</Coordinate>
					</CartesianPoint>
					<CartesianPoint>
						<Coordinate>-183.4315</Coordinate>
						<Coordinate>162.2183</Coordinate>
						<Coordinate>264</Coordinate>
					</CartesianPoint>
				</PolyLoop>
			</PlanarGeometry>
		</Surface>
		<Surface surfaceType="InteriorWall" id="bw-surface-0" >
			<CADOjectId>none</CADOjectId>
			<AdjacentSpaceId spaceIdRef="bw-space-0" />
			<PlanarGeometry>
				<PolyLoop>
					<CartesianPoint>
						<Coordinate>-240</Coordinate>
						<Coordinate>240</Coordinate>
						<Coordinate>264</Coordinate>
					</CartesianPoint>
					<CartesianPoint>
						<Coordinate>-240</Coordinate>
						<Coordinate>240</Coordinate>
						<Coordinate>276</Coordinate>
					</CartesianPoint>
					<CartesianPoint>
						<Coordinate>-183.4315</Coordinate>
						<Coordinate>183.4315</Coordinate>
						<Coordinate>276</Coordinate>
					</CartesianPoint>
					<CartesianPoint>
						<Coordinate>-183.4315</Coordinate>
						<Coordinate>183.4315</Coordinate>
						<Coordinate>264</Coordinate>
					</CartesianPoint>
				</PolyLoop>
			</PlanarGeometry>
		</Surface>
		<Surface surfaceType="ExteriorWall" id="bw-surface-0" >
			<CADOjectId>none</CADOjectId>
			<AdjacentSpaceId spaceIdRef="bw-space-0" />
			<PlanarGeometry>
				<PolyLoop>
					<CartesianPoint>
						<Coordinate>-261.2132</Coordinate>
						<Coordinate>240</Coordinate>
						<Coordinate>276</Coordinate>
					</CartesianPoint>
					<CartesianPoint>
						<Coordinate>-261.2132</Coordinate>
						<Coordinate>240</Coordinate>
						<Coordinate>264</Coordinate>
					</CartesianPoint>
					<CartesianPoint>
						<Coordinate>-183.4315</Coordinate>
						<Coordinate>162.2183</Coordinate>
						<Coordinate>264</Coordinate>
					</CartesianPoint>
					<CartesianPoint>
						<Coordinate>-183.4315</Coordinate>
						<Coordinate>162.2183</Coordinate>
						<Coordinate>276</Coordinate>
					</CartesianPoint>
				</PolyLoop>
			</PlanarGeometry>
			<Opening openingType="OperableWindow" id="bw-opening-0" >
				<PlanarGeometry>
					<PolyLoop>
					<CartesianPoint>
						<Coordinate>-246.8236</Coordinate>
						<Coordinate>225.6104</Coordinate>
						<Coordinate>273.78</Coordinate>
					</CartesianPoint>
					<CartesianPoint>
						<Coordinate>-246.8236</Coordinate>
						<Coordinate>225.6104</Coordinate>
						<Coordinate>266.22</Coordinate>
					</CartesianPoint>
					<CartesianPoint>
						<Coordinate>-197.8211</Coordinate>
						<Coordinate>176.6079</Coordinate>
						<Coordinate>266.22</Coordinate>
					</CartesianPoint>
					<CartesianPoint>
						<Coordinate>-197.8211</Coordinate>
						<Coordinate>176.6079</Coordinate>
						<Coordinate>273.78</Coordinate>
					</CartesianPoint>
					</PolyLoop>
				</PlanarGeometry>
			</Opening>
		</Surface>
		<Surface surfaceType="InteriorWall" id="bw-surface-0" >
			<CADOjectId>none</CADOjectId>
			<AdjacentSpaceId spaceIdRef="bw-space-0" />
			<PlanarGeometry>
				<PolyLoop>
					<CartesianPoint>
						<Coordinate>-240</Coordinate>
						<Coordinate>240</Coordinate>
						<Coordinate>264</Coordinate>
					</CartesianPoint>
					<CartesianPoint>
						<Coordinate>-261.2132</Coordinate>
						<Coordinate>240</Coordinate>
						<Coordinate>264</Coordinate>
					</CartesianPoint>
					<CartesianPoint>
						<Coordinate>-261.2132</Coordinate>
						<Coordinate>240</Coordinate>
						<Coordinate>276</Coordinate>
					</CartesianPoint>
					<CartesianPoint>
						<Coordinate>-240</Coordinate>
						<Coordinate>240</Coordinate>
						<Coordinate>276</Coordinate>
					</CartesianPoint>
				</PolyLoop>
			</PlanarGeometry>
		</Surface>
		<Surface surfaceType="InteriorFloor" id="bw-surface-1" >
			<CADOjectId>none</CADOjectId>
			<AdjacentSpaceId spaceIdRef="bw-space-1" />
			<PlanarGeometry>
				<PolyLoop>
					<CartesianPoint>
						<Coordinate>-183.4315</Coordinate>
						<Coordinate>162.2183</Coordinate>
						<Coordinate>264</Coordinate>
					</CartesianPoint>
					<CartesianPoint>
						<Coordinate>-183.4315</Coordinate>
						<Coordinate>183.4315</Coordinate>
						<Coordinate>264</Coordinate>
					</CartesianPoint>
					<CartesianPoint>
						<Coordinate>-112.7208</Coordinate>
						<Coordinate>254.1421</Coordinate>
						<Coordinate>264</Coordinate>
					</CartesianPoint>
					<CartesianPoint>
						<Coordinate>-91.5076</Coordinate>
						<Coordinate>254.1421</Coordinate>
						<Coordinate>264</Coordinate>
					</CartesianPoint>
				</PolyLoop>
			</PlanarGeometry>
		</Surface>
		<Surface surfaceType="InteriorWall" id="bw-surface-1" >
			<CADOjectId>none</CADOjectId>
			<AdjacentSpaceId spaceIdRef="bw-space-1" />
			<PlanarGeometry>
				<PolyLoop>
					<CartesianPoint>
						<Coordinate>-183.4315</Coordinate>
						<Coordinate>183.4315</Coordinate>
						<Coordinate>264</Coordinate>
					</CartesianPoint>
					<CartesianPoint>
						<Coordinate>-183.4315</Coordinate>
						<Coordinate>183.4315</Coordinate>
						<Coordinate>276</Coordinate>
					</CartesianPoint>
					<CartesianPoint>
						<Coordinate>-112.7208</Coordinate>
						<Coordinate>254.1421</Coordinate>
						<Coordinate>276</Coordinate>
					</CartesianPoint>
					<CartesianPoint>
						<Coordinate>-112.7208</Coordinate>
						<Coordinate>254.1421</Coordinate>
						<Coordinate>264</Coordinate>
					</CartesianPoint>
				</PolyLoop>
			</PlanarGeometry>
		</Surface>
		<Surface surfaceType="ExteriorWall" id="bw-surface-1" >
			<CADOjectId>none</CADOjectId>
			<AdjacentSpaceId spaceIdRef="bw-space-1" />
			<PlanarGeometry>
				<PolyLoop>
					<CartesianPoint>
						<Coordinate>-183.4315</Coordinate>
						<Coordinate>162.2183</Coordinate>
						<Coordinate>276</Coordinate>
					</CartesianPoint>
					<CartesianPoint>
						<Coordinate>-183.4315</Coordinate>
						<Coordinate>162.2183</Coordinate>
						<Coordinate>264</Coordinate>
					</CartesianPoint>
					<CartesianPoint>
						<Coordinate>-91.5076</Coordinate>
						<Coordinate>254.1421</Coordinate>
						<Coordinate>264</Coordinate>
					</CartesianPoint>
					<CartesianPoint>
						<Coordinate>-91.5076</Coordinate>
						<Coordinate>254.1421</Coordinate>
						<Coordinate>276</Coordinate>
					</CartesianPoint>
				</PolyLoop>
			</PlanarGeometry>
			<Opening openingType="OperableWindow" id="bw-opening-1" >
				<PlanarGeometry>
					<PolyLoop>
					<CartesianPoint>
						<Coordinate>-166.4255</Coordinate>
						<Coordinate>179.2242</Coordinate>
						<Coordinate>273.78</Coordinate>
					</CartesianPoint>
					<CartesianPoint>
						<Coordinate>-166.4255</Coordinate>
						<Coordinate>179.2242</Coordinate>
						<Coordinate>266.22</Coordinate>
					</CartesianPoint>
					<CartesianPoint>
						<Coordinate>-108.5135</Coordinate>
						<Coordinate>237.1362</Coordinate>
						<Coordinate>266.22</Coordinate>
					</CartesianPoint>
					<CartesianPoint>
						<Coordinate>-108.5135</Coordinate>
						<Coordinate>237.1362</Coordinate>
						<Coordinate>273.78</Coordinate>
					</CartesianPoint>
					</PolyLoop>
				</PlanarGeometry>
			</Opening>
		</Surface>
		<Surface surfaceType="InteriorWall" id="bw-surface-1" >
			<CADOjectId>none</CADOjectId>
			<AdjacentSpaceId spaceIdRef="bw-space-1" />
			<PlanarGeometry>
				<PolyLoop>
					<CartesianPoint>
						<Coordinate>-183.4315</Coordinate>
						<Coordinate>183.4315</Coordinate>
						<Coordinate>264</Coordinate>
					</CartesianPoint>
					<CartesianPoint>
						<Coordinate>-183.4315</Coordinate>
						<Coordinate>162.2183</Coordinate>
						<Coordinate>264</Coordinate>
					</CartesianPoint>
					<CartesianPoint>
						<Coordinate>-183.4315</Coordinate>
						<Coordinate>162.2183</Coordinate>
						<Coordinate>276</Coordinate>
					</CartesianPoint>
					<CartesianPoint>
						<Coordinate>-183.4315</Coordinate>
						<Coordinate>183.4315</Coordinate>
						<Coordinate>276</Coordinate>
					</CartesianPoint>
				</PolyLoop>
			</PlanarGeometry>
		</Surface>
		<Surface surfaceType="InteriorFloor" id="bw-surface-2" >
			<CADOjectId>none</CADOjectId>
			<AdjacentSpaceId spaceIdRef="bw-space-2" />
			<PlanarGeometry>
				<PolyLoop>
					<CartesianPoint>
						<Coordinate>-91.5076</Coordinate>
						<Coordinate>254.1421</Coordinate>
						<Coordinate>264</Coordinate>
					</CartesianPoint>
					<CartesianPoint>
						<Coordinate>-112.7208</Coordinate>
						<Coordinate>254.1421</Coordinate>
						<Coordinate>264</Coordinate>
					</CartesianPoint>
					<CartesianPoint>
						<Coordinate>-169.2893</Coordinate>
						<Coordinate>310.7107</Coordinate>
						<Coordinate>264</Coordinate>
					</CartesianPoint>
					<CartesianPoint>
						<Coordinate>-169.2893</Coordinate>
						<Coordinate>331.9239</Coordinate>
						<Coordinate>264</Coordinate>
					</CartesianPoint>
				</PolyLoop>
			</PlanarGeometry>
		</Surface>
		<Surface surfaceType="InteriorWall" id="bw-surface-2" >
			<CADOjectId>none</CADOjectId>
			<AdjacentSpaceId spaceIdRef="bw-space-2" />
			<PlanarGeometry>
				<PolyLoop>
					<CartesianPoint>
						<Coordinate>-112.7208</Coordinate>
						<Coordinate>254.1421</Coordinate>
						<Coordinate>264</Coordinate>
					</CartesianPoint>
					<CartesianPoint>
						<Coordinate>-112.7208</Coordinate>
						<Coordinate>254.1421</Coordinate>
						<Coordinate>276</Coordinate>
					</CartesianPoint>
					<CartesianPoint>
						<Coordinate>-169.2893</Coordinate>
						<Coordinate>310.7107</Coordinate>
						<Coordinate>276</Coordinate>
					</CartesianPoint>
					<CartesianPoint>
						<Coordinate>-169.2893</Coordinate>
						<Coordinate>310.7107</Coordinate>
						<Coordinate>264</Coordinate>
					</CartesianPoint>
				</PolyLoop>
			</PlanarGeometry>
		</Surface>
		<Surface surfaceType="ExteriorWall" id="bw-surface-2" >
			<CADOjectId>none</CADOjectId>
			<AdjacentSpaceId spaceIdRef="bw-space-2" />
			<PlanarGeometry>
				<PolyLoop>
					<CartesianPoint>
						<Coordinate>-91.5076</Coordinate>
						<Coordinate>254.1421</Coordinate>
						<Coordinate>276</Coordinate>
					</CartesianPoint>
					<CartesianPoint>
						<Coordinate>-91.5076</Coordinate>
						<Coordinate>254.1421</Coordinate>
						<Coordinate>264</Coordinate>
					</CartesianPoint>
					<CartesianPoint>
						<Coordinate>-169.2893</Coordinate>
						<Coordinate>331.9239</Coordinate>
						<Coordinate>264</Coordinate>
					</CartesianPoint>
					<CartesianPoint>
						<Coordinate>-169.2893</Coordinate>
						<Coordinate>331.9239</Coordinate>
						<Coordinate>276</Coordinate>
					</CartesianPoint>
				</PolyLoop>
			</PlanarGeometry>
			<Opening openingType="OperableWindow" id="bw-opening-2" >
				<PlanarGeometry>
					<PolyLoop>
					<CartesianPoint>
						<Coordinate>-105.8972</Coordinate>
						<Coordinate>268.5318</Coordinate>
						<Coordinate>273.78</Coordinate>
					</CartesianPoint>
					<CartesianPoint>
						<Coordinate>-105.8972</Coordinate>
						<Coordinate>268.5318</Coordinate>
						<Coordinate>266.22</Coordinate>
					</CartesianPoint>
					<CartesianPoint>
						<Coordinate>-154.8997</Coordinate>
						<Coordinate>317.5343</Coordinate>
						<Coordinate>266.22</Coordinate>
					</CartesianPoint>
					<CartesianPoint>
						<Coordinate>-154.8997</Coordinate>
						<Coordinate>317.5343</Coordinate>
						<Coordinate>273.78</Coordinate>
					</CartesianPoint>
					</PolyLoop>
				</PlanarGeometry>
			</Opening>
		</Surface>
		<Surface surfaceType="InteriorWall" id="bw-surface-2" >
			<CADOjectId>none</CADOjectId>
			<AdjacentSpaceId spaceIdRef="bw-space-2" />
			<PlanarGeometry>
				<PolyLoop>
					<CartesianPoint>
						<Coordinate>-112.7208</Coordinate>
						<Coordinate>254.1421</Coordinate>
						<Coordinate>264</Coordinate>
					</CartesianPoint>
					<CartesianPoint>
						<Coordinate>-91.5076</Coordinate>
						<Coordinate>254.1421</Coordinate>
						<Coordinate>264</Coordinate>
					</CartesianPoint>
					<CartesianPoint>
						<Coordinate>-91.5076</Coordinate>
						<Coordinate>254.1421</Coordinate>
						<Coordinate>276</Coordinate>
					</CartesianPoint>
					<CartesianPoint>
						<Coordinate>-112.7208</Coordinate>
						<Coordinate>254.1421</Coordinate>
						<Coordinate>276</Coordinate>
					</CartesianPoint>
				</PolyLoop>
			</PlanarGeometry>
		</Surface>
		<Surface surfaceType="InteriorFloor" id="bw-surface-3" >
			<CADOjectId>none</CADOjectId>
			<AdjacentSpaceId spaceIdRef="bw-space-3" />
			<PlanarGeometry>
				<PolyLoop>
					<CartesianPoint>
						<Coordinate>-169.2893</Coordinate>
						<Coordinate>331.9239</Coordinate>
						<Coordinate>264</Coordinate>
					</CartesianPoint>
					<CartesianPoint>
						<Coordinate>-169.2893</Coordinate>
						<Coordinate>310.7107</Coordinate>
						<Coordinate>264</Coordinate>
					</CartesianPoint>
					<CartesianPoint>
						<Coordinate>-240</Coordinate>
						<Coordinate>240</Coordinate>
						<Coordinate>264</Coordinate>
					</CartesianPoint>
					<CartesianPoint>
						<Coordinate>-261.2132</Coordinate>
						<Coordinate>240</Coordinate>
						<Coordinate>264</Coordinate>
					</CartesianPoint>
				</PolyLoop>
			</PlanarGeometry>
		</Surface>
		<Surface surfaceType="InteriorWall" id="bw-surface-3" >
			<CADOjectId>none</CADOjectId>
			<AdjacentSpaceId spaceIdRef="bw-space-3" />
			<PlanarGeometry>
				<PolyLoop>
					<CartesianPoint>
						<Coordinate>-169.2893</Coordinate>
						<Coordinate>310.7107</Coordinate>
						<Coordinate>264</Coordinate>
					</CartesianPoint>
					<CartesianPoint>
						<Coordinate>-169.2893</Coordinate>
						<Coordinate>310.7107</Coordinate>
						<Coordinate>276</Coordinate>
					</CartesianPoint>
					<CartesianPoint>
						<Coordinate>-240</Coordinate>
						<Coordinate>240</Coordinate>
						<Coordinate>276</Coordinate>
					</CartesianPoint>
					<CartesianPoint>
						<Coordinate>-240</Coordinate>
						<Coordinate>240</Coordinate>
						<Coordinate>264</Coordinate>
					</CartesianPoint>
				</PolyLoop>
			</PlanarGeometry>
		</Surface>
		<Surface surfaceType="ExteriorWall" id="bw-surface-3" >
			<CADOjectId>none</CADOjectId>
			<AdjacentSpaceId spaceIdRef="bw-space-3" />
			<PlanarGeometry>
				<PolyLoop>
					<CartesianPoint>
						<Coordinate>-169.2893</Coordinate>
						<Coordinate>331.9239</Coordinate>
						<Coordinate>276</Coordinate>
					</CartesianPoint>
					<CartesianPoint>
						<Coordinate>-169.2893</Coordinate>
						<Coordinate>331.9239</Coordinate>
						<Coordinate>264</Coordinate>
					</CartesianPoint>
					<CartesianPoint>
						<Coordinate>-261.2132</Coordinate>
						<Coordinate>240</Coordinate>
						<Coordinate>264</Coordinate>
					</CartesianPoint>
					<CartesianPoint>
						<Coordinate>-261.2132</Coordinate>
						<Coordinate>240</Coordinate>
						<Coordinate>276</Coordinate>
					</CartesianPoint>
				</PolyLoop>
			</PlanarGeometry>
			<Opening openingType="OperableWindow" id="bw-opening-3" >
				<PlanarGeometry>
					<PolyLoop>
					<CartesianPoint>
						<Coordinate>-186.2952</Coordinate>
						<Coordinate>314.918</Coordinate>
						<Coordinate>273.78</Coordinate>
					</CartesianPoint>
					<CartesianPoint>
						<Coordinate>-186.2952</Coordinate>
						<Coordinate>314.918</Coordinate>
						<Coordinate>266.22</Coordinate>
					</CartesianPoint>
					<CartesianPoint>
						<Coordinate>-244.2073</Coordinate>
						<Coordinate>257.0059</Coordinate>
						<Coordinate>266.22</Coordinate>
					</CartesianPoint>
					<CartesianPoint>
						<Coordinate>-244.2073</Coordinate>
						<Coordinate>257.0059</Coordinate>
						<Coordinate>273.78</Coordinate>
					</CartesianPoint>
					</PolyLoop>
				</PlanarGeometry>
			</Opening>
		</Surface>
		<Surface surfaceType="InteriorWall" id="bw-surface-3" >
			<CADOjectId>none</CADOjectId>
			<AdjacentSpaceId spaceIdRef="bw-space-3" />
			<PlanarGeometry>
				<PolyLoop>
					<CartesianPoint>
						<Coordinate>-169.2893</Coordinate>
						<Coordinate>310.7107</Coordinate>
						<Coordinate>264</Coordinate>
					</CartesianPoint>
					<CartesianPoint>
						<Coordinate>-169.2893</Coordinate>
						<Coordinate>331.9239</Coordinate>
						<Coordinate>264</Coordinate>
					</CartesianPoint>
					<CartesianPoint>
						<Coordinate>-169.2893</Coordinate>
						<Coordinate>331.9239</Coordinate>
						<Coordinate>276</Coordinate>
					</CartesianPoint>
					<CartesianPoint>
						<Coordinate>-169.2893</Coordinate>
						<Coordinate>310.7107</Coordinate>
						<Coordinate>276</Coordinate>
					</CartesianPoint>
				</PolyLoop>
			</PlanarGeometry>
		</Surface>
		<Surface surfaceType="Shade" id="bw-shade-building-6" >
			<Name>Box shape</Name>
			<PlanarGeometry>
				<PolyLoop>
					<CartesianPoint>
						<Coordinate>-253.8946</Coordinate>
						<Coordinate>218.5393</Coordinate>
						<Coordinate>273.78</Coordinate>
					</CartesianPoint>
					<CartesianPoint>
						<Coordinate>-204.8921</Coordinate>
						<Coordinate>169.5368</Coordinate>
						<Coordinate>273.78</Coordinate>
					</CartesianPoint>
					<CartesianPoint>
						<Coordinate>-197.8211</Coordinate>
						<Coordinate>176.6079</Coordinate>
						<Coordinate>273.78</Coordinate>
					</CartesianPoint>
					<CartesianPoint>
						<Coordinate>-246.8236</Coordinate>
						<Coordinate>225.6104</Coordinate>
						<Coordinate>273.78</Coordinate>
					</CartesianPoint>
				</PolyLoop>
			</PlanarGeometry>
		</Surface>
		<Surface surfaceType="Shade" id="bw-shade-building-8" >
			<Name>Box shape</Name>
			<PlanarGeometry>
				<PolyLoop>
					<CartesianPoint>
						<Coordinate>-159.3545</Coordinate>
						<Coordinate>172.1531</Coordinate>
						<Coordinate>273.78</Coordinate>
					</CartesianPoint>
					<CartesianPoint>
						<Coordinate>-101.4424</Coordinate>
						<Coordinate>230.0651</Coordinate>
						<Coordinate>273.78</Coordinate>
					</CartesianPoint>
					<CartesianPoint>
						<Coordinate>-108.5135</Coordinate>
						<Coordinate>237.1362</Coordinate>
						<Coordinate>273.78</Coordinate>
					</CartesianPoint>
					<CartesianPoint>
						<Coordinate>-166.4255</Coordinate>
						<Coordinate>179.2242</Coordinate>
						<Coordinate>273.78</Coordinate>
					</CartesianPoint>
				</PolyLoop>
			</PlanarGeometry>
		</Surface>
		<Surface surfaceType="Shade" id="bw-shade-building-10" >
			<Name>Box shape</Name>
			<PlanarGeometry>
				<PolyLoop>
					<CartesianPoint>
						<Coordinate>-98.8261</Coordinate>
						<Coordinate>275.6028</Coordinate>
						<Coordinate>273.78</Coordinate>
					</CartesianPoint>
					<CartesianPoint>
						<Coordinate>-147.8286</Coordinate>
						<Coordinate>324.6053</Coordinate>
						<Coordinate>273.78</Coordinate>
					</CartesianPoint>
					<CartesianPoint>
						<Coordinate>-154.8997</Coordinate>
						<Coordinate>317.5343</Coordinate>
						<Coordinate>273.78</Coordinate>
					</CartesianPoint>
					<CartesianPoint>
						<Coordinate>-105.8972</Coordinate>
						<Coordinate>268.5318</Coordinate>
						<Coordinate>273.78</Coordinate>
					</CartesianPoint>
				</PolyLoop>
			</PlanarGeometry>
		</Surface>
		<Surface surfaceType="Shade" id="bw-shade-building-12" >
			<Name>Box shape</Name>
			<PlanarGeometry>
				<PolyLoop>
					<CartesianPoint>
						<Coordinate>-193.3663</Coordinate>
						<Coordinate>321.989</Coordinate>
						<Coordinate>273.78</Coordinate>
					</CartesianPoint>
					<CartesianPoint>
						<Coordinate>-251.2784</Coordinate>
						<Coordinate>264.077</Coordinate>
						<Coordinate>273.78</Coordinate>
					</CartesianPoint>
					<CartesianPoint>
						<Coordinate>-244.2073</Coordinate>
						<Coordinate>257.0059</Coordinate>
						<Coordinate>273.78</Coordinate>
					</CartesianPoint>
					<CartesianPoint>
						<Coordinate>-186.2952</Coordinate>
						<Coordinate>314.918</Coordinate>
						<Coordinate>273.78</Coordinate>
					</CartesianPoint>
				</PolyLoop>
			</PlanarGeometry>
		</Surface>
		<Surface surfaceType="InteriorFloor" id="bw-surface-12" >
			<CADOjectId>none</CADOjectId>
			<AdjacentSpaceId spaceIdRef="bw-space-12" />
			<PlanarGeometry>
				<PolyLoop>
					<CartesianPoint>
						<Coordinate>-169.2893</Coordinate>
						<Coordinate>310.7107</Coordinate>
						<Coordinate>264</Coordinate>
					</CartesianPoint>
					<CartesianPoint>
						<Coordinate>-112.7208</Coordinate>
						<Coordinate>254.1421</Coordinate>
						<Coordinate>264</Coordinate>
					</CartesianPoint>
					<CartesianPoint>
						<Coordinate>-183.4315</Coordinate>
						<Coordinate>183.4315</Coordinate>
						<Coordinate>264</Coordinate>
					</CartesianPoint>
					<CartesianPoint>
						<Coordinate>-240</Coordinate>
						<Coordinate>240</Coordinate>
						<Coordinate>264</Coordinate>
					</CartesianPoint>
				</PolyLoop>
			</PlanarGeometry>
		</Surface>
		<Surface surfaceType="InteriorFloor" id="bw-surface-0" >
			<CADOjectId>none</CADOjectId>
			<AdjacentSpaceId spaceIdRef="bw-space-0" />
			<PlanarGeometry>
				<PolyLoop>
					<CartesianPoint>
						<Coordinate>-261.2132</Coordinate>
						<Coordinate>240</Coordinate>
						<Coordinate>288</Coordinate>
					</CartesianPoint>
					<CartesianPoint>
						<Coordinate>-240</Coordinate>
						<Coordinate>240</Coordinate>
						<Coordinate>288</Coordinate>
					</CartesianPoint>
					<CartesianPoint>
						<Coordinate>-183.4315</Coordinate>
						<Coordinate>183.4315</Coordinate>
						<Coordinate>288</Coordinate>
					</CartesianPoint>
					<CartesianPoint>
						<Coordinate>-183.4315</Coordinate>
						<Coordinate>162.2183</Coordinate>
						<Coordinate>288</Coordinate>
					</CartesianPoint>
				</PolyLoop>
			</PlanarGeometry>
		</Surface>
		<Surface surfaceType="InteriorWall" id="bw-surface-0" >
			<CADOjectId>none</CADOjectId>
			<AdjacentSpaceId spaceIdRef="bw-space-0" />
			<PlanarGeometry>
				<PolyLoop>
					<CartesianPoint>
						<Coordinate>-240</Coordinate>
						<Coordinate>240</Coordinate>
						<Coordinate>288</Coordinate>
					</CartesianPoint>
					<CartesianPoint>
						<Coordinate>-240</Coordinate>
						<Coordinate>240</Coordinate>
						<Coordinate>300</Coordinate>
					</CartesianPoint>
					<CartesianPoint>
						<Coordinate>-183.4315</Coordinate>
						<Coordinate>183.4315</Coordinate>
						<Coordinate>300</Coordinate>
					</CartesianPoint>
					<CartesianPoint>
						<Coordinate>-183.4315</Coordinate>
						<Coordinate>183.4315</Coordinate>
						<Coordinate>288</Coordinate>
					</CartesianPoint>
				</PolyLoop>
			</PlanarGeometry>
		</Surface>
		<Surface surfaceType="ExteriorWall" id="bw-surface-0" >
			<CADOjectId>none</CADOjectId>
			<AdjacentSpaceId spaceIdRef="bw-space-0" />
			<PlanarGeometry>
				<PolyLoop>
					<CartesianPoint>
						<Coordinate>-261.2132</Coordinate>
						<Coordinate>240</Coordinate>
						<Coordinate>300</Coordinate>
					</CartesianPoint>
					<CartesianPoint>
						<Coordinate>-261.2132</Coordinate>
						<Coordinate>240</Coordinate>
						<Coordinate>288</Coordinate>
					</CartesianPoint>
					<CartesianPoint>
						<Coordinate>-183.4315</Coordinate>
						<Coordinate>162.2183</Coordinate>
						<Coordinate>288</Coordinate>
					</CartesianPoint>
					<CartesianPoint>
						<Coordinate>-183.4315</Coordinate>
						<Coordinate>162.2183</Coordinate>
						<Coordinate>300</Coordinate>
					</CartesianPoint>
				</PolyLoop>
			</PlanarGeometry>
			<Opening openingType="OperableWindow" id="bw-opening-0" >
				<PlanarGeometry>
					<PolyLoop>
					<CartesianPoint>
						<Coordinate>-246.8236</Coordinate>
						<Coordinate>225.6104</Coordinate>
						<Coordinate>297.78</Coordinate>
					</CartesianPoint>
					<CartesianPoint>
						<Coordinate>-246.8236</Coordinate>
						<Coordinate>225.6104</Coordinate>
						<Coordinate>290.22</Coordinate>
					</CartesianPoint>
					<CartesianPoint>
						<Coordinate>-197.8211</Coordinate>
						<Coordinate>176.6079</Coordinate>
						<Coordinate>290.22</Coordinate>
					</CartesianPoint>
					<CartesianPoint>
						<Coordinate>-197.8211</Coordinate>
						<Coordinate>176.6079</Coordinate>
						<Coordinate>297.78</Coordinate>
					</CartesianPoint>
					</PolyLoop>
				</PlanarGeometry>
			</Opening>
		</Surface>
		<Surface surfaceType="InteriorWall" id="bw-surface-0" >
			<CADOjectId>none</CADOjectId>
			<AdjacentSpaceId spaceIdRef="bw-space-0" />
			<PlanarGeometry>
				<PolyLoop>
					<CartesianPoint>
						<Coordinate>-240</Coordinate>
						<Coordinate>240</Coordinate>
						<Coordinate>288</Coordinate>
					</CartesianPoint>
					<CartesianPoint>
						<Coordinate>-261.2132</Coordinate>
						<Coordinate>240</Coordinate>
						<Coordinate>288</Coordinate>
					</CartesianPoint>
					<CartesianPoint>
						<Coordinate>-261.2132</Coordinate>
						<Coordinate>240</Coordinate>
						<Coordinate>300</Coordinate>
					</CartesianPoint>
					<CartesianPoint>
						<Coordinate>-240</Coordinate>
						<Coordinate>240</Coordinate>
						<Coordinate>300</Coordinate>
					</CartesianPoint>
				</PolyLoop>
			</PlanarGeometry>
		</Surface>
		<Surface surfaceType="InteriorFloor" id="bw-surface-1" >
			<CADOjectId>none</CADOjectId>
			<AdjacentSpaceId spaceIdRef="bw-space-1" />
			<PlanarGeometry>
				<PolyLoop>
					<CartesianPoint>
						<Coordinate>-183.4315</Coordinate>
						<Coordinate>162.2183</Coordinate>
						<Coordinate>288</Coordinate>
					</CartesianPoint>
					<CartesianPoint>
						<Coordinate>-183.4315</Coordinate>
						<Coordinate>183.4315</Coordinate>
						<Coordinate>288</Coordinate>
					</CartesianPoint>
					<CartesianPoint>
						<Coordinate>-112.7208</Coordinate>
						<Coordinate>254.1421</Coordinate>
						<Coordinate>288</Coordinate>
					</CartesianPoint>
					<CartesianPoint>
						<Coordinate>-91.5076</Coordinate>
						<Coordinate>254.1421</Coordinate>
						<Coordinate>288</Coordinate>
					</CartesianPoint>
				</PolyLoop>
			</PlanarGeometry>
		</Surface>
		<Surface surfaceType="InteriorWall" id="bw-surface-1" >
			<CADOjectId>none</CADOjectId>
			<AdjacentSpaceId spaceIdRef="bw-space-1" />
			<PlanarGeometry>
				<PolyLoop>
					<CartesianPoint>
						<Coordinate>-183.4315</Coordinate>
						<Coordinate>183.4315</Coordinate>
						<Coordinate>288</Coordinate>
					</CartesianPoint>
					<CartesianPoint>
						<Coordinate>-183.4315</Coordinate>
						<Coordinate>183.4315</Coordinate>
						<Coordinate>300</Coordinate>
					</CartesianPoint>
					<CartesianPoint>
						<Coordinate>-112.7208</Coordinate>
						<Coordinate>254.1421</Coordinate>
						<Coordinate>300</Coordinate>
					</CartesianPoint>
					<CartesianPoint>
						<Coordinate>-112.7208</Coordinate>
						<Coordinate>254.1421</Coordinate>
						<Coordinate>288</Coordinate>
					</CartesianPoint>
				</PolyLoop>
			</PlanarGeometry>
		</Surface>
		<Surface surfaceType="ExteriorWall" id="bw-surface-1" >
			<CADOjectId>none</CADOjectId>
			<AdjacentSpaceId spaceIdRef="bw-space-1" />
			<PlanarGeometry>
				<PolyLoop>
					<CartesianPoint>
						<Coordinate>-183.4315</Coordinate>
						<Coordinate>162.2183</Coordinate>
						<Coordinate>300</Coordinate>
					</CartesianPoint>
					<CartesianPoint>
						<Coordinate>-183.4315</Coordinate>
						<Coordinate>162.2183</Coordinate>
						<Coordinate>288</Coordinate>
					</CartesianPoint>
					<CartesianPoint>
						<Coordinate>-91.5076</Coordinate>
						<Coordinate>254.1421</Coordinate>
						<Coordinate>288</Coordinate>
					</CartesianPoint>
					<CartesianPoint>
						<Coordinate>-91.5076</Coordinate>
						<Coordinate>254.1421</Coordinate>
						<Coordinate>300</Coordinate>
					</CartesianPoint>
				</PolyLoop>
			</PlanarGeometry>
			<Opening openingType="OperableWindow" id="bw-opening-1" >
				<PlanarGeometry>
					<PolyLoop>
					<CartesianPoint>
						<Coordinate>-166.4255</Coordinate>
						<Coordinate>179.2242</Coordinate>
						<Coordinate>297.78</Coordinate>
					</CartesianPoint>
					<CartesianPoint>
						<Coordinate>-166.4255</Coordinate>
						<Coordinate>179.2242</Coordinate>
						<Coordinate>290.22</Coordinate>
					</CartesianPoint>
					<CartesianPoint>
						<Coordinate>-108.5135</Coordinate>
						<Coordinate>237.1362</Coordinate>
						<Coordinate>290.22</Coordinate>
					</CartesianPoint>
					<CartesianPoint>
						<Coordinate>-108.5135</Coordinate>
						<Coordinate>237.1362</Coordinate>
						<Coordinate>297.78</Coordinate>
					</CartesianPoint>
					</PolyLoop>
				</PlanarGeometry>
			</Opening>
		</Surface>
		<Surface surfaceType="InteriorWall" id="bw-surface-1" >
			<CADOjectId>none</CADOjectId>
			<AdjacentSpaceId spaceIdRef="bw-space-1" />
			<PlanarGeometry>
				<PolyLoop>
					<CartesianPoint>
						<Coordinate>-183.4315</Coordinate>
						<Coordinate>183.4315</Coordinate>
						<Coordinate>288</Coordinate>
					</CartesianPoint>
					<CartesianPoint>
						<Coordinate>-183.4315</Coordinate>
						<Coordinate>162.2183</Coordinate>
						<Coordinate>288</Coordinate>
					</CartesianPoint>
					<CartesianPoint>
						<Coordinate>-183.4315</Coordinate>
						<Coordinate>162.2183</Coordinate>
						<Coordinate>300</Coordinate>
					</CartesianPoint>
					<CartesianPoint>
						<Coordinate>-183.4315</Coordinate>
						<Coordinate>183.4315</Coordinate>
						<Coordinate>300</Coordinate>
					</CartesianPoint>
				</PolyLoop>
			</PlanarGeometry>
		</Surface>
		<Surface surfaceType="InteriorFloor" id="bw-surface-2" >
			<CADOjectId>none</CADOjectId>
			<AdjacentSpaceId spaceIdRef="bw-space-2" />
			<PlanarGeometry>
				<PolyLoop>
					<CartesianPoint>
						<Coordinate>-91.5076</Coordinate>
						<Coordinate>254.1421</Coordinate>
						<Coordinate>288</Coordinate>
					</CartesianPoint>
					<CartesianPoint>
						<Coordinate>-112.7208</Coordinate>
						<Coordinate>254.1421</Coordinate>
						<Coordinate>288</Coordinate>
					</CartesianPoint>
					<CartesianPoint>
						<Coordinate>-169.2893</Coordinate>
						<Coordinate>310.7107</Coordinate>
						<Coordinate>288</Coordinate>
					</CartesianPoint>
					<CartesianPoint>
						<Coordinate>-169.2893</Coordinate>
						<Coordinate>331.9239</Coordinate>
						<Coordinate>288</Coordinate>
					</CartesianPoint>
				</PolyLoop>
			</PlanarGeometry>
		</Surface>
		<Surface surfaceType="InteriorWall" id="bw-surface-2" >
			<CADOjectId>none</CADOjectId>
			<AdjacentSpaceId spaceIdRef="bw-space-2" />
			<PlanarGeometry>
				<PolyLoop>
					<CartesianPoint>
						<Coordinate>-112.7208</Coordinate>
						<Coordinate>254.1421</Coordinate>
						<Coordinate>288</Coordinate>
					</CartesianPoint>
					<CartesianPoint>
						<Coordinate>-112.7208</Coordinate>
						<Coordinate>254.1421</Coordinate>
						<Coordinate>300</Coordinate>
					</CartesianPoint>
					<CartesianPoint>
						<Coordinate>-169.2893</Coordinate>
						<Coordinate>310.7107</Coordinate>
						<Coordinate>300</Coordinate>
					</CartesianPoint>
					<CartesianPoint>
						<Coordinate>-169.2893</Coordinate>
						<Coordinate>310.7107</Coordinate>
						<Coordinate>288</Coordinate>
					</CartesianPoint>
				</PolyLoop>
			</PlanarGeometry>
		</Surface>
		<Surface surfaceType="ExteriorWall" id="bw-surface-2" >
			<CADOjectId>none</CADOjectId>
			<AdjacentSpaceId spaceIdRef="bw-space-2" />
			<PlanarGeometry>
				<PolyLoop>
					<CartesianPoint>
						<Coordinate>-91.5076</Coordinate>
						<Coordinate>254.1421</Coordinate>
						<Coordinate>300</Coordinate>
					</CartesianPoint>
					<CartesianPoint>
						<Coordinate>-91.5076</Coordinate>
						<Coordinate>254.1421</Coordinate>
						<Coordinate>288</Coordinate>
					</CartesianPoint>
					<CartesianPoint>
						<Coordinate>-169.2893</Coordinate>
						<Coordinate>331.9239</Coordinate>
						<Coordinate>288</Coordinate>
					</CartesianPoint>
					<CartesianPoint>
						<Coordinate>-169.2893</Coordinate>
						<Coordinate>331.9239</Coordinate>
						<Coordinate>300</Coordinate>
					</CartesianPoint>
				</PolyLoop>
			</PlanarGeometry>
			<Opening openingType="OperableWindow" id="bw-opening-2" >
				<PlanarGeometry>
					<PolyLoop>
					<CartesianPoint>
						<Coordinate>-105.8972</Coordinate>
						<Coordinate>268.5318</Coordinate>
						<Coordinate>297.78</Coordinate>
					</CartesianPoint>
					<CartesianPoint>
						<Coordinate>-105.8972</Coordinate>
						<Coordinate>268.5318</Coordinate>
						<Coordinate>290.22</Coordinate>
					</CartesianPoint>
					<CartesianPoint>
						<Coordinate>-154.8997</Coordinate>
						<Coordinate>317.5343</Coordinate>
						<Coordinate>290.22</Coordinate>
					</CartesianPoint>
					<CartesianPoint>
						<Coordinate>-154.8997</Coordinate>
						<Coordinate>317.5343</Coordinate>
						<Coordinate>297.78</Coordinate>
					</CartesianPoint>
					</PolyLoop>
				</PlanarGeometry>
			</Opening>
		</Surface>
		<Surface surfaceType="InteriorWall" id="bw-surface-2" >
			<CADOjectId>none</CADOjectId>
			<AdjacentSpaceId spaceIdRef="bw-space-2" />
			<PlanarGeometry>
				<PolyLoop>
					<CartesianPoint>
						<Coordinate>-112.7208</Coordinate>
						<Coordinate>254.1421</Coordinate>
						<Coordinate>288</Coordinate>
					</CartesianPoint>
					<CartesianPoint>
						<Coordinate>-91.5076</Coordinate>
						<Coordinate>254.1421</Coordinate>
						<Coordinate>288</Coordinate>
					</CartesianPoint>
					<CartesianPoint>
						<Coordinate>-91.5076</Coordinate>
						<Coordinate>254.1421</Coordinate>
						<Coordinate>300</Coordinate>
					</CartesianPoint>
					<CartesianPoint>
						<Coordinate>-112.7208</Coordinate>
						<Coordinate>254.1421</Coordinate>
						<Coordinate>300</Coordinate>
					</CartesianPoint>
				</PolyLoop>
			</PlanarGeometry>
		</Surface>
		<Surface surfaceType="InteriorFloor" id="bw-surface-3" >
			<CADOjectId>none</CADOjectId>
			<AdjacentSpaceId spaceIdRef="bw-space-3" />
			<PlanarGeometry>
				<PolyLoop>
					<CartesianPoint>
						<Coordinate>-169.2893</Coordinate>
						<Coordinate>331.9239</Coordinate>
						<Coordinate>288</Coordinate>
					</CartesianPoint>
					<CartesianPoint>
						<Coordinate>-169.2893</Coordinate>
						<Coordinate>310.7107</Coordinate>
						<Coordinate>288</Coordinate>
					</CartesianPoint>
					<CartesianPoint>
						<Coordinate>-240</Coordinate>
						<Coordinate>240</Coordinate>
						<Coordinate>288</Coordinate>
					</CartesianPoint>
					<CartesianPoint>
						<Coordinate>-261.2132</Coordinate>
						<Coordinate>240</Coordinate>
						<Coordinate>288</Coordinate>
					</CartesianPoint>
				</PolyLoop>
			</PlanarGeometry>
		</Surface>
		<Surface surfaceType="InteriorWall" id="bw-surface-3" >
			<CADOjectId>none</CADOjectId>
			<AdjacentSpaceId spaceIdRef="bw-space-3" />
			<PlanarGeometry>
				<PolyLoop>
					<CartesianPoint>
						<Coordinate>-169.2893</Coordinate>
						<Coordinate>310.7107</Coordinate>
						<Coordinate>288</Coordinate>
					</CartesianPoint>
					<CartesianPoint>
						<Coordinate>-169.2893</Coordinate>
						<Coordinate>310.7107</Coordinate>
						<Coordinate>300</Coordinate>
					</CartesianPoint>
					<CartesianPoint>
						<Coordinate>-240</Coordinate>
						<Coordinate>240</Coordinate>
						<Coordinate>300</Coordinate>
					</CartesianPoint>
					<CartesianPoint>
						<Coordinate>-240</Coordinate>
						<Coordinate>240</Coordinate>
						<Coordinate>288</Coordinate>
					</CartesianPoint>
				</PolyLoop>
			</PlanarGeometry>
		</Surface>
		<Surface surfaceType="ExteriorWall" id="bw-surface-3" >
			<CADOjectId>none</CADOjectId>
			<AdjacentSpaceId spaceIdRef="bw-space-3" />
			<PlanarGeometry>
				<PolyLoop>
					<CartesianPoint>
						<Coordinate>-169.2893</Coordinate>
						<Coordinate>331.9239</Coordinate>
						<Coordinate>300</Coordinate>
					</CartesianPoint>
					<CartesianPoint>
						<Coordinate>-169.2893</Coordinate>
						<Coordinate>331.9239</Coordinate>
						<Coordinate>288</Coordinate>
					</CartesianPoint>
					<CartesianPoint>
						<Coordinate>-261.2132</Coordinate>
						<Coordinate>240</Coordinate>
						<Coordinate>288</Coordinate>
					</CartesianPoint>
					<CartesianPoint>
						<Coordinate>-261.2132</Coordinate>
						<Coordinate>240</Coordinate>
						<Coordinate>300</Coordinate>
					</CartesianPoint>
				</PolyLoop>
			</PlanarGeometry>
			<Opening openingType="OperableWindow" id="bw-opening-3" >
				<PlanarGeometry>
					<PolyLoop>
					<CartesianPoint>
						<Coordinate>-186.2952</Coordinate>
						<Coordinate>314.918</Coordinate>
						<Coordinate>297.78</Coordinate>
					</CartesianPoint>
					<CartesianPoint>
						<Coordinate>-186.2952</Coordinate>
						<Coordinate>314.918</Coordinate>
						<Coordinate>290.22</Coordinate>
					</CartesianPoint>
					<CartesianPoint>
						<Coordinate>-244.2073</Coordinate>
						<Coordinate>257.0059</Coordinate>
						<Coordinate>290.22</Coordinate>
					</CartesianPoint>
					<CartesianPoint>
						<Coordinate>-244.2073</Coordinate>
						<Coordinate>257.0059</Coordinate>
						<Coordinate>297.78</Coordinate>
					</CartesianPoint>
					</PolyLoop>
				</PlanarGeometry>
			</Opening>
		</Surface>
		<Surface surfaceType="InteriorWall" id="bw-surface-3" >
			<CADOjectId>none</CADOjectId>
			<AdjacentSpaceId spaceIdRef="bw-space-3" />
			<PlanarGeometry>
				<PolyLoop>
					<CartesianPoint>
						<Coordinate>-169.2893</Coordinate>
						<Coordinate>310.7107</Coordinate>
						<Coordinate>288</Coordinate>
					</CartesianPoint>
					<CartesianPoint>
						<Coordinate>-169.2893</Coordinate>
						<Coordinate>331.9239</Coordinate>
						<Coordinate>288</Coordinate>
					</CartesianPoint>
					<CartesianPoint>
						<Coordinate>-169.2893</Coordinate>
						<Coordinate>331.9239</Coordinate>
						<Coordinate>300</Coordinate>
					</CartesianPoint>
					<CartesianPoint>
						<Coordinate>-169.2893</Coordinate>
						<Coordinate>310.7107</Coordinate>
						<Coordinate>300</Coordinate>
					</CartesianPoint>
				</PolyLoop>
			</PlanarGeometry>
		</Surface>
		<Surface surfaceType="Shade" id="bw-shade-building-6" >
			<Name>Box shape</Name>
			<PlanarGeometry>
				<PolyLoop>
					<CartesianPoint>
						<Coordinate>-253.8946</Coordinate>
						<Coordinate>218.5393</Coordinate>
						<Coordinate>297.78</Coordinate>
					</CartesianPoint>
					<CartesianPoint>
						<Coordinate>-204.8921</Coordinate>
						<Coordinate>169.5368</Coordinate>
						<Coordinate>297.78</Coordinate>
					</CartesianPoint>
					<CartesianPoint>
						<Coordinate>-197.8211</Coordinate>
						<Coordinate>176.6079</Coordinate>
						<Coordinate>297.78</Coordinate>
					</CartesianPoint>
					<CartesianPoint>
						<Coordinate>-246.8236</Coordinate>
						<Coordinate>225.6104</Coordinate>
						<Coordinate>297.78</Coordinate>
					</CartesianPoint>
				</PolyLoop>
			</PlanarGeometry>
		</Surface>
		<Surface surfaceType="Shade" id="bw-shade-building-8" >
			<Name>Box shape</Name>
			<PlanarGeometry>
				<PolyLoop>
					<CartesianPoint>
						<Coordinate>-159.3545</Coordinate>
						<Coordinate>172.1531</Coordinate>
						<Coordinate>297.78</Coordinate>
					</CartesianPoint>
					<CartesianPoint>
						<Coordinate>-101.4424</Coordinate>
						<Coordinate>230.0651</Coordinate>
						<Coordinate>297.78</Coordinate>
					</CartesianPoint>
					<CartesianPoint>
						<Coordinate>-108.5135</Coordinate>
						<Coordinate>237.1362</Coordinate>
						<Coordinate>297.78</Coordinate>
					</CartesianPoint>
					<CartesianPoint>
						<Coordinate>-166.4255</Coordinate>
						<Coordinate>179.2242</Coordinate>
						<Coordinate>297.78</Coordinate>
					</CartesianPoint>
				</PolyLoop>
			</PlanarGeometry>
		</Surface>
		<Surface surfaceType="Shade" id="bw-shade-building-10" >
			<Name>Box shape</Name>
			<PlanarGeometry>
				<PolyLoop>
					<CartesianPoint>
						<Coordinate>-98.8261</Coordinate>
						<Coordinate>275.6028</Coordinate>
						<Coordinate>297.78</Coordinate>
					</CartesianPoint>
					<CartesianPoint>
						<Coordinate>-147.8286</Coordinate>
						<Coordinate>324.6053</Coordinate>
						<Coordinate>297.78</Coordinate>
					</CartesianPoint>
					<CartesianPoint>
						<Coordinate>-154.8997</Coordinate>
						<Coordinate>317.5343</Coordinate>
						<Coordinate>297.78</Coordinate>
					</CartesianPoint>
					<CartesianPoint>
						<Coordinate>-105.8972</Coordinate>
						<Coordinate>268.5318</Coordinate>
						<Coordinate>297.78</Coordinate>
					</CartesianPoint>
				</PolyLoop>
			</PlanarGeometry>
		</Surface>
		<Surface surfaceType="Shade" id="bw-shade-building-12" >
			<Name>Box shape</Name>
			<PlanarGeometry>
				<PolyLoop>
					<CartesianPoint>
						<Coordinate>-193.3663</Coordinate>
						<Coordinate>321.989</Coordinate>
						<Coordinate>297.78</Coordinate>
					</CartesianPoint>
					<CartesianPoint>
						<Coordinate>-251.2784</Coordinate>
						<Coordinate>264.077</Coordinate>
						<Coordinate>297.78</Coordinate>
					</CartesianPoint>
					<CartesianPoint>
						<Coordinate>-244.2073</Coordinate>
						<Coordinate>257.0059</Coordinate>
						<Coordinate>297.78</Coordinate>
					</CartesianPoint>
					<CartesianPoint>
						<Coordinate>-186.2952</Coordinate>
						<Coordinate>314.918</Coordinate>
						<Coordinate>297.78</Coordinate>
					</CartesianPoint>
				</PolyLoop>
			</PlanarGeometry>
		</Surface>
		<Surface surfaceType="InteriorFloor" id="bw-surface-13" >
			<CADOjectId>none</CADOjectId>
			<AdjacentSpaceId spaceIdRef="bw-space-13" />
			<PlanarGeometry>
				<PolyLoop>
					<CartesianPoint>
						<Coordinate>-169.2893</Coordinate>
						<Coordinate>310.7107</Coordinate>
						<Coordinate>288</Coordinate>
					</CartesianPoint>
					<CartesianPoint>
						<Coordinate>-112.7208</Coordinate>
						<Coordinate>254.1421</Coordinate>
						<Coordinate>288</Coordinate>
					</CartesianPoint>
					<CartesianPoint>
						<Coordinate>-183.4315</Coordinate>
						<Coordinate>183.4315</Coordinate>
						<Coordinate>288</Coordinate>
					</CartesianPoint>
					<CartesianPoint>
						<Coordinate>-240</Coordinate>
						<Coordinate>240</Coordinate>
						<Coordinate>288</Coordinate>
					</CartesianPoint>
				</PolyLoop>
			</PlanarGeometry>
		</Surface>
		<Surface surfaceType="InteriorFloor" id="bw-surface-0" >
			<CADOjectId>none</CADOjectId>
			<AdjacentSpaceId spaceIdRef="bw-space-0" />
			<PlanarGeometry>
				<PolyLoop>
					<CartesianPoint>
						<Coordinate>-261.2132</Coordinate>
						<Coordinate>240</Coordinate>
						<Coordinate>312</Coordinate>
					</CartesianPoint>
					<CartesianPoint>
						<Coordinate>-240</Coordinate>
						<Coordinate>240</Coordinate>
						<Coordinate>312</Coordinate>
					</CartesianPoint>
					<CartesianPoint>
						<Coordinate>-183.4315</Coordinate>
						<Coordinate>183.4315</Coordinate>
						<Coordinate>312</Coordinate>
					</CartesianPoint>
					<CartesianPoint>
						<Coordinate>-183.4315</Coordinate>
						<Coordinate>162.2183</Coordinate>
						<Coordinate>312</Coordinate>
					</CartesianPoint>
				</PolyLoop>
			</PlanarGeometry>
		</Surface>
		<Surface surfaceType="InteriorWall" id="bw-surface-0" >
			<CADOjectId>none</CADOjectId>
			<AdjacentSpaceId spaceIdRef="bw-space-0" />
			<PlanarGeometry>
				<PolyLoop>
					<CartesianPoint>
						<Coordinate>-240</Coordinate>
						<Coordinate>240</Coordinate>
						<Coordinate>312</Coordinate>
					</CartesianPoint>
					<CartesianPoint>
						<Coordinate>-240</Coordinate>
						<Coordinate>240</Coordinate>
						<Coordinate>324</Coordinate>
					</CartesianPoint>
					<CartesianPoint>
						<Coordinate>-183.4315</Coordinate>
						<Coordinate>183.4315</Coordinate>
						<Coordinate>324</Coordinate>
					</CartesianPoint>
					<CartesianPoint>
						<Coordinate>-183.4315</Coordinate>
						<Coordinate>183.4315</Coordinate>
						<Coordinate>312</Coordinate>
					</CartesianPoint>
				</PolyLoop>
			</PlanarGeometry>
		</Surface>
		<Surface surfaceType="ExteriorWall" id="bw-surface-0" >
			<CADOjectId>none</CADOjectId>
			<AdjacentSpaceId spaceIdRef="bw-space-0" />
			<PlanarGeometry>
				<PolyLoop>
					<CartesianPoint>
						<Coordinate>-261.2132</Coordinate>
						<Coordinate>240</Coordinate>
						<Coordinate>324</Coordinate>
					</CartesianPoint>
					<CartesianPoint>
						<Coordinate>-261.2132</Coordinate>
						<Coordinate>240</Coordinate>
						<Coordinate>312</Coordinate>
					</CartesianPoint>
					<CartesianPoint>
						<Coordinate>-183.4315</Coordinate>
						<Coordinate>162.2183</Coordinate>
						<Coordinate>312</Coordinate>
					</CartesianPoint>
					<CartesianPoint>
						<Coordinate>-183.4315</Coordinate>
						<Coordinate>162.2183</Coordinate>
						<Coordinate>324</Coordinate>
					</CartesianPoint>
				</PolyLoop>
			</PlanarGeometry>
			<Opening openingType="OperableWindow" id="bw-opening-0" >
				<PlanarGeometry>
					<PolyLoop>
					<CartesianPoint>
						<Coordinate>-246.8236</Coordinate>
						<Coordinate>225.6104</Coordinate>
						<Coordinate>321.78</Coordinate>
					</CartesianPoint>
					<CartesianPoint>
						<Coordinate>-246.8236</Coordinate>
						<Coordinate>225.6104</Coordinate>
						<Coordinate>314.22</Coordinate>
					</CartesianPoint>
					<CartesianPoint>
						<Coordinate>-197.8211</Coordinate>
						<Coordinate>176.6079</Coordinate>
						<Coordinate>314.22</Coordinate>
					</CartesianPoint>
					<CartesianPoint>
						<Coordinate>-197.8211</Coordinate>
						<Coordinate>176.6079</Coordinate>
						<Coordinate>321.78</Coordinate>
					</CartesianPoint>
					</PolyLoop>
				</PlanarGeometry>
			</Opening>
		</Surface>
		<Surface surfaceType="InteriorWall" id="bw-surface-0" >
			<CADOjectId>none</CADOjectId>
			<AdjacentSpaceId spaceIdRef="bw-space-0" />
			<PlanarGeometry>
				<PolyLoop>
					<CartesianPoint>
						<Coordinate>-240</Coordinate>
						<Coordinate>240</Coordinate>
						<Coordinate>312</Coordinate>
					</CartesianPoint>
					<CartesianPoint>
						<Coordinate>-261.2132</Coordinate>
						<Coordinate>240</Coordinate>
						<Coordinate>312</Coordinate>
					</CartesianPoint>
					<CartesianPoint>
						<Coordinate>-261.2132</Coordinate>
						<Coordinate>240</Coordinate>
						<Coordinate>324</Coordinate>
					</CartesianPoint>
					<CartesianPoint>
						<Coordinate>-240</Coordinate>
						<Coordinate>240</Coordinate>
						<Coordinate>324</Coordinate>
					</CartesianPoint>
				</PolyLoop>
			</PlanarGeometry>
		</Surface>
		<Surface surfaceType="InteriorFloor" id="bw-surface-1" >
			<CADOjectId>none</CADOjectId>
			<AdjacentSpaceId spaceIdRef="bw-space-1" />
			<PlanarGeometry>
				<PolyLoop>
					<CartesianPoint>
						<Coordinate>-183.4315</Coordinate>
						<Coordinate>162.2183</Coordinate>
						<Coordinate>312</Coordinate>
					</CartesianPoint>
					<CartesianPoint>
						<Coordinate>-183.4315</Coordinate>
						<Coordinate>183.4315</Coordinate>
						<Coordinate>312</Coordinate>
					</CartesianPoint>
					<CartesianPoint>
						<Coordinate>-112.7208</Coordinate>
						<Coordinate>254.1421</Coordinate>
						<Coordinate>312</Coordinate>
					</CartesianPoint>
					<CartesianPoint>
						<Coordinate>-91.5076</Coordinate>
						<Coordinate>254.1421</Coordinate>
						<Coordinate>312</Coordinate>
					</CartesianPoint>
				</PolyLoop>
			</PlanarGeometry>
		</Surface>
		<Surface surfaceType="InteriorWall" id="bw-surface-1" >
			<CADOjectId>none</CADOjectId>
			<AdjacentSpaceId spaceIdRef="bw-space-1" />
			<PlanarGeometry>
				<PolyLoop>
					<CartesianPoint>
						<Coordinate>-183.4315</Coordinate>
						<Coordinate>183.4315</Coordinate>
						<Coordinate>312</Coordinate>
					</CartesianPoint>
					<CartesianPoint>
						<Coordinate>-183.4315</Coordinate>
						<Coordinate>183.4315</Coordinate>
						<Coordinate>324</Coordinate>
					</CartesianPoint>
					<CartesianPoint>
						<Coordinate>-112.7208</Coordinate>
						<Coordinate>254.1421</Coordinate>
						<Coordinate>324</Coordinate>
					</CartesianPoint>
					<CartesianPoint>
						<Coordinate>-112.7208</Coordinate>
						<Coordinate>254.1421</Coordinate>
						<Coordinate>312</Coordinate>
					</CartesianPoint>
				</PolyLoop>
			</PlanarGeometry>
		</Surface>
		<Surface surfaceType="ExteriorWall" id="bw-surface-1" >
			<CADOjectId>none</CADOjectId>
			<AdjacentSpaceId spaceIdRef="bw-space-1" />
			<PlanarGeometry>
				<PolyLoop>
					<CartesianPoint>
						<Coordinate>-183.4315</Coordinate>
						<Coordinate>162.2183</Coordinate>
						<Coordinate>324</Coordinate>
					</CartesianPoint>
					<CartesianPoint>
						<Coordinate>-183.4315</Coordinate>
						<Coordinate>162.2183</Coordinate>
						<Coordinate>312</Coordinate>
					</CartesianPoint>
					<CartesianPoint>
						<Coordinate>-91.5076</Coordinate>
						<Coordinate>254.1421</Coordinate>
						<Coordinate>312</Coordinate>
					</CartesianPoint>
					<CartesianPoint>
						<Coordinate>-91.5076</Coordinate>
						<Coordinate>254.1421</Coordinate>
						<Coordinate>324</Coordinate>
					</CartesianPoint>
				</PolyLoop>
			</PlanarGeometry>
			<Opening openingType="OperableWindow" id="bw-opening-1" >
				<PlanarGeometry>
					<PolyLoop>
					<CartesianPoint>
						<Coordinate>-166.4255</Coordinate>
						<Coordinate>179.2242</Coordinate>
						<Coordinate>321.78</Coordinate>
					</CartesianPoint>
					<CartesianPoint>
						<Coordinate>-166.4255</Coordinate>
						<Coordinate>179.2242</Coordinate>
						<Coordinate>314.22</Coordinate>
					</CartesianPoint>
					<CartesianPoint>
						<Coordinate>-108.5135</Coordinate>
						<Coordinate>237.1362</Coordinate>
						<Coordinate>314.22</Coordinate>
					</CartesianPoint>
					<CartesianPoint>
						<Coordinate>-108.5135</Coordinate>
						<Coordinate>237.1362</Coordinate>
						<Coordinate>321.78</Coordinate>
					</CartesianPoint>
					</PolyLoop>
				</PlanarGeometry>
			</Opening>
		</Surface>
		<Surface surfaceType="InteriorWall" id="bw-surface-1" >
			<CADOjectId>none</CADOjectId>
			<AdjacentSpaceId spaceIdRef="bw-space-1" />
			<PlanarGeometry>
				<PolyLoop>
					<CartesianPoint>
						<Coordinate>-183.4315</Coordinate>
						<Coordinate>183.4315</Coordinate>
						<Coordinate>312</Coordinate>
					</CartesianPoint>
					<CartesianPoint>
						<Coordinate>-183.4315</Coordinate>
						<Coordinate>162.2183</Coordinate>
						<Coordinate>312</Coordinate>
					</CartesianPoint>
					<CartesianPoint>
						<Coordinate>-183.4315</Coordinate>
						<Coordinate>162.2183</Coordinate>
						<Coordinate>324</Coordinate>
					</CartesianPoint>
					<CartesianPoint>
						<Coordinate>-183.4315</Coordinate>
						<Coordinate>183.4315</Coordinate>
						<Coordinate>324</Coordinate>
					</CartesianPoint>
				</PolyLoop>
			</PlanarGeometry>
		</Surface>
		<Surface surfaceType="InteriorFloor" id="bw-surface-2" >
			<CADOjectId>none</CADOjectId>
			<AdjacentSpaceId spaceIdRef="bw-space-2" />
			<PlanarGeometry>
				<PolyLoop>
					<CartesianPoint>
						<Coordinate>-91.5076</Coordinate>
						<Coordinate>254.1421</Coordinate>
						<Coordinate>312</Coordinate>
					</CartesianPoint>
					<CartesianPoint>
						<Coordinate>-112.7208</Coordinate>
						<Coordinate>254.1421</Coordinate>
						<Coordinate>312</Coordinate>
					</CartesianPoint>
					<CartesianPoint>
						<Coordinate>-169.2893</Coordinate>
						<Coordinate>310.7107</Coordinate>
						<Coordinate>312</Coordinate>
					</CartesianPoint>
					<CartesianPoint>
						<Coordinate>-169.2893</Coordinate>
						<Coordinate>331.9239</Coordinate>
						<Coordinate>312</Coordinate>
					</CartesianPoint>
				</PolyLoop>
			</PlanarGeometry>
		</Surface>
		<Surface surfaceType="InteriorWall" id="bw-surface-2" >
			<CADOjectId>none</CADOjectId>
			<AdjacentSpaceId spaceIdRef="bw-space-2" />
			<PlanarGeometry>
				<PolyLoop>
					<CartesianPoint>
						<Coordinate>-112.7208</Coordinate>
						<Coordinate>254.1421</Coordinate>
						<Coordinate>312</Coordinate>
					</CartesianPoint>
					<CartesianPoint>
						<Coordinate>-112.7208</Coordinate>
						<Coordinate>254.1421</Coordinate>
						<Coordinate>324</Coordinate>
					</CartesianPoint>
					<CartesianPoint>
						<Coordinate>-169.2893</Coordinate>
						<Coordinate>310.7107</Coordinate>
						<Coordinate>324</Coordinate>
					</CartesianPoint>
					<CartesianPoint>
						<Coordinate>-169.2893</Coordinate>
						<Coordinate>310.7107</Coordinate>
						<Coordinate>312</Coordinate>
					</CartesianPoint>
				</PolyLoop>
			</PlanarGeometry>
		</Surface>
		<Surface surfaceType="ExteriorWall" id="bw-surface-2" >
			<CADOjectId>none</CADOjectId>
			<AdjacentSpaceId spaceIdRef="bw-space-2" />
			<PlanarGeometry>
				<PolyLoop>
					<CartesianPoint>
						<Coordinate>-91.5076</Coordinate>
						<Coordinate>254.1421</Coordinate>
						<Coordinate>324</Coordinate>
					</CartesianPoint>
					<CartesianPoint>
						<Coordinate>-91.5076</Coordinate>
						<Coordinate>254.1421</Coordinate>
						<Coordinate>312</Coordinate>
					</CartesianPoint>
					<CartesianPoint>
						<Coordinate>-169.2893</Coordinate>
						<Coordinate>331.9239</Coordinate>
						<Coordinate>312</Coordinate>
					</CartesianPoint>
					<CartesianPoint>
						<Coordinate>-169.2893</Coordinate>
						<Coordinate>331.9239</Coordinate>
						<Coordinate>324</Coordinate>
					</CartesianPoint>
				</PolyLoop>
			</PlanarGeometry>
			<Opening openingType="OperableWindow" id="bw-opening-2" >
				<PlanarGeometry>
					<PolyLoop>
					<CartesianPoint>
						<Coordinate>-105.8972</Coordinate>
						<Coordinate>268.5318</Coordinate>
						<Coordinate>321.78</Coordinate>
					</CartesianPoint>
					<CartesianPoint>
						<Coordinate>-105.8972</Coordinate>
						<Coordinate>268.5318</Coordinate>
						<Coordinate>314.22</Coordinate>
					</CartesianPoint>
					<CartesianPoint>
						<Coordinate>-154.8997</Coordinate>
						<Coordinate>317.5343</Coordinate>
						<Coordinate>314.22</Coordinate>
					</CartesianPoint>
					<CartesianPoint>
						<Coordinate>-154.8997</Coordinate>
						<Coordinate>317.5343</Coordinate>
						<Coordinate>321.78</Coordinate>
					</CartesianPoint>
					</PolyLoop>
				</PlanarGeometry>
			</Opening>
		</Surface>
		<Surface surfaceType="InteriorWall" id="bw-surface-2" >
			<CADOjectId>none</CADOjectId>
			<AdjacentSpaceId spaceIdRef="bw-space-2" />
			<PlanarGeometry>
				<PolyLoop>
					<CartesianPoint>
						<Coordinate>-112.7208</Coordinate>
						<Coordinate>254.1421</Coordinate>
						<Coordinate>312</Coordinate>
					</CartesianPoint>
					<CartesianPoint>
						<Coordinate>-91.5076</Coordinate>
						<Coordinate>254.1421</Coordinate>
						<Coordinate>312</Coordinate>
					</CartesianPoint>
					<CartesianPoint>
						<Coordinate>-91.5076</Coordinate>
						<Coordinate>254.1421</Coordinate>
						<Coordinate>324</Coordinate>
					</CartesianPoint>
					<CartesianPoint>
						<Coordinate>-112.7208</Coordinate>
						<Coordinate>254.1421</Coordinate>
						<Coordinate>324</Coordinate>
					</CartesianPoint>
				</PolyLoop>
			</PlanarGeometry>
		</Surface>
		<Surface surfaceType="InteriorFloor" id="bw-surface-3" >
			<CADOjectId>none</CADOjectId>
			<AdjacentSpaceId spaceIdRef="bw-space-3" />
			<PlanarGeometry>
				<PolyLoop>
					<CartesianPoint>
						<Coordinate>-169.2893</Coordinate>
						<Coordinate>331.9239</Coordinate>
						<Coordinate>312</Coordinate>
					</CartesianPoint>
					<CartesianPoint>
						<Coordinate>-169.2893</Coordinate>
						<Coordinate>310.7107</Coordinate>
						<Coordinate>312</Coordinate>
					</CartesianPoint>
					<CartesianPoint>
						<Coordinate>-240</Coordinate>
						<Coordinate>240</Coordinate>
						<Coordinate>312</Coordinate>
					</CartesianPoint>
					<CartesianPoint>
						<Coordinate>-261.2132</Coordinate>
						<Coordinate>240</Coordinate>
						<Coordinate>312</Coordinate>
					</CartesianPoint>
				</PolyLoop>
			</PlanarGeometry>
		</Surface>
		<Surface surfaceType="InteriorWall" id="bw-surface-3" >
			<CADOjectId>none</CADOjectId>
			<AdjacentSpaceId spaceIdRef="bw-space-3" />
			<PlanarGeometry>
				<PolyLoop>
					<CartesianPoint>
						<Coordinate>-169.2893</Coordinate>
						<Coordinate>310.7107</Coordinate>
						<Coordinate>312</Coordinate>
					</CartesianPoint>
					<CartesianPoint>
						<Coordinate>-169.2893</Coordinate>
						<Coordinate>310.7107</Coordinate>
						<Coordinate>324</Coordinate>
					</CartesianPoint>
					<CartesianPoint>
						<Coordinate>-240</Coordinate>
						<Coordinate>240</Coordinate>
						<Coordinate>324</Coordinate>
					</CartesianPoint>
					<CartesianPoint>
						<Coordinate>-240</Coordinate>
						<Coordinate>240</Coordinate>
						<Coordinate>312</Coordinate>
					</CartesianPoint>
				</PolyLoop>
			</PlanarGeometry>
		</Surface>
		<Surface surfaceType="ExteriorWall" id="bw-surface-3" >
			<CADOjectId>none</CADOjectId>
			<AdjacentSpaceId spaceIdRef="bw-space-3" />
			<PlanarGeometry>
				<PolyLoop>
					<CartesianPoint>
						<Coordinate>-169.2893</Coordinate>
						<Coordinate>331.9239</Coordinate>
						<Coordinate>324</Coordinate>
					</CartesianPoint>
					<CartesianPoint>
						<Coordinate>-169.2893</Coordinate>
						<Coordinate>331.9239</Coordinate>
						<Coordinate>312</Coordinate>
					</CartesianPoint>
					<CartesianPoint>
						<Coordinate>-261.2132</Coordinate>
						<Coordinate>240</Coordinate>
						<Coordinate>312</Coordinate>
					</CartesianPoint>
					<CartesianPoint>
						<Coordinate>-261.2132</Coordinate>
						<Coordinate>240</Coordinate>
						<Coordinate>324</Coordinate>
					</CartesianPoint>
				</PolyLoop>
			</PlanarGeometry>
			<Opening openingType="OperableWindow" id="bw-opening-3" >
				<PlanarGeometry>
					<PolyLoop>
					<CartesianPoint>
						<Coordinate>-186.2952</Coordinate>
						<Coordinate>314.918</Coordinate>
						<Coordinate>321.78</Coordinate>
					</CartesianPoint>
					<CartesianPoint>
						<Coordinate>-186.2952</Coordinate>
						<Coordinate>314.918</Coordinate>
						<Coordinate>314.22</Coordinate>
					</CartesianPoint>
					<CartesianPoint>
						<Coordinate>-244.2073</Coordinate>
						<Coordinate>257.0059</Coordinate>
						<Coordinate>314.22</Coordinate>
					</CartesianPoint>
					<CartesianPoint>
						<Coordinate>-244.2073</Coordinate>
						<Coordinate>257.0059</Coordinate>
						<Coordinate>321.78</Coordinate>
					</CartesianPoint>
					</PolyLoop>
				</PlanarGeometry>
			</Opening>
		</Surface>
		<Surface surfaceType="InteriorWall" id="bw-surface-3" >
			<CADOjectId>none</CADOjectId>
			<AdjacentSpaceId spaceIdRef="bw-space-3" />
			<PlanarGeometry>
				<PolyLoop>
					<CartesianPoint>
						<Coordinate>-169.2893</Coordinate>
						<Coordinate>310.7107</Coordinate>
						<Coordinate>312</Coordinate>
					</CartesianPoint>
					<CartesianPoint>
						<Coordinate>-169.2893</Coordinate>
						<Coordinate>331.9239</Coordinate>
						<Coordinate>312</Coordinate>
					</CartesianPoint>
					<CartesianPoint>
						<Coordinate>-169.2893</Coordinate>
						<Coordinate>331.9239</Coordinate>
						<Coordinate>324</Coordinate>
					</CartesianPoint>
					<CartesianPoint>
						<Coordinate>-169.2893</Coordinate>
						<Coordinate>310.7107</Coordinate>
						<Coordinate>324</Coordinate>
					</CartesianPoint>
				</PolyLoop>
			</PlanarGeometry>
		</Surface>
		<Surface surfaceType="Shade" id="bw-shade-building-6" >
			<Name>Box shape</Name>
			<PlanarGeometry>
				<PolyLoop>
					<CartesianPoint>
						<Coordinate>-253.8946</Coordinate>
						<Coordinate>218.5393</Coordinate>
						<Coordinate>321.78</Coordinate>
					</CartesianPoint>
					<CartesianPoint>
						<Coordinate>-204.8921</Coordinate>
						<Coordinate>169.5368</Coordinate>
						<Coordinate>321.78</Coordinate>
					</CartesianPoint>
					<CartesianPoint>
						<Coordinate>-197.8211</Coordinate>
						<Coordinate>176.6079</Coordinate>
						<Coordinate>321.78</Coordinate>
					</CartesianPoint>
					<CartesianPoint>
						<Coordinate>-246.8236</Coordinate>
						<Coordinate>225.6104</Coordinate>
						<Coordinate>321.78</Coordinate>
					</CartesianPoint>
				</PolyLoop>
			</PlanarGeometry>
		</Surface>
		<Surface surfaceType="Shade" id="bw-shade-building-8" >
			<Name>Box shape</Name>
			<PlanarGeometry>
				<PolyLoop>
					<CartesianPoint>
						<Coordinate>-159.3545</Coordinate>
						<Coordinate>172.1531</Coordinate>
						<Coordinate>321.78</Coordinate>
					</CartesianPoint>
					<CartesianPoint>
						<Coordinate>-101.4424</Coordinate>
						<Coordinate>230.0651</Coordinate>
						<Coordinate>321.78</Coordinate>
					</CartesianPoint>
					<CartesianPoint>
						<Coordinate>-108.5135</Coordinate>
						<Coordinate>237.1362</Coordinate>
						<Coordinate>321.78</Coordinate>
					</CartesianPoint>
					<CartesianPoint>
						<Coordinate>-166.4255</Coordinate>
						<Coordinate>179.2242</Coordinate>
						<Coordinate>321.78</Coordinate>
					</CartesianPoint>
				</PolyLoop>
			</PlanarGeometry>
		</Surface>
		<Surface surfaceType="Shade" id="bw-shade-building-10" >
			<Name>Box shape</Name>
			<PlanarGeometry>
				<PolyLoop>
					<CartesianPoint>
						<Coordinate>-98.8261</Coordinate>
						<Coordinate>275.6028</Coordinate>
						<Coordinate>321.78</Coordinate>
					</CartesianPoint>
					<CartesianPoint>
						<Coordinate>-147.8286</Coordinate>
						<Coordinate>324.6053</Coordinate>
						<Coordinate>321.78</Coordinate>
					</CartesianPoint>
					<CartesianPoint>
						<Coordinate>-154.8997</Coordinate>
						<Coordinate>317.5343</Coordinate>
						<Coordinate>321.78</Coordinate>
					</CartesianPoint>
					<CartesianPoint>
						<Coordinate>-105.8972</Coordinate>
						<Coordinate>268.5318</Coordinate>
						<Coordinate>321.78</Coordinate>
					</CartesianPoint>
				</PolyLoop>
			</PlanarGeometry>
		</Surface>
		<Surface surfaceType="Shade" id="bw-shade-building-12" >
			<Name>Box shape</Name>
			<PlanarGeometry>
				<PolyLoop>
					<CartesianPoint>
						<Coordinate>-193.3663</Coordinate>
						<Coordinate>321.989</Coordinate>
						<Coordinate>321.78</Coordinate>
					</CartesianPoint>
					<CartesianPoint>
						<Coordinate>-251.2784</Coordinate>
						<Coordinate>264.077</Coordinate>
						<Coordinate>321.78</Coordinate>
					</CartesianPoint>
					<CartesianPoint>
						<Coordinate>-244.2073</Coordinate>
						<Coordinate>257.0059</Coordinate>
						<Coordinate>321.78</Coordinate>
					</CartesianPoint>
					<CartesianPoint>
						<Coordinate>-186.2952</Coordinate>
						<Coordinate>314.918</Coordinate>
						<Coordinate>321.78</Coordinate>
					</CartesianPoint>
				</PolyLoop>
			</PlanarGeometry>
		</Surface>
		<Surface surfaceType="InteriorFloor" id="bw-surface-14" >
			<CADOjectId>none</CADOjectId>
			<AdjacentSpaceId spaceIdRef="bw-space-14" />
			<PlanarGeometry>
				<PolyLoop>
					<CartesianPoint>
						<Coordinate>-169.2893</Coordinate>
						<Coordinate>310.7107</Coordinate>
						<Coordinate>312</Coordinate>
					</CartesianPoint>
					<CartesianPoint>
						<Coordinate>-112.7208</Coordinate>
						<Coordinate>254.1421</Coordinate>
						<Coordinate>312</Coordinate>
					</CartesianPoint>
					<CartesianPoint>
						<Coordinate>-183.4315</Coordinate>
						<Coordinate>183.4315</Coordinate>
						<Coordinate>312</Coordinate>
					</CartesianPoint>
					<CartesianPoint>
						<Coordinate>-240</Coordinate>
						<Coordinate>240</Coordinate>
						<Coordinate>312</Coordinate>
					</CartesianPoint>
				</PolyLoop>
			</PlanarGeometry>
		</Surface>
		<Surface surfaceType="InteriorFloor" id="bw-surface-0" >
			<CADOjectId>none</CADOjectId>
			<AdjacentSpaceId spaceIdRef="bw-space-0" />
			<PlanarGeometry>
				<PolyLoop>
					<CartesianPoint>
						<Coordinate>-261.2132</Coordinate>
						<Coordinate>240</Coordinate>
						<Coordinate>336</Coordinate>
					</CartesianPoint>
					<CartesianPoint>
						<Coordinate>-240</Coordinate>
						<Coordinate>240</Coordinate>
						<Coordinate>336</Coordinate>
					</CartesianPoint>
					<CartesianPoint>
						<Coordinate>-183.4315</Coordinate>
						<Coordinate>183.4315</Coordinate>
						<Coordinate>336</Coordinate>
					</CartesianPoint>
					<CartesianPoint>
						<Coordinate>-183.4315</Coordinate>
						<Coordinate>162.2183</Coordinate>
						<Coordinate>336</Coordinate>
					</CartesianPoint>
				</PolyLoop>
			</PlanarGeometry>
		</Surface>
		<Surface surfaceType="InteriorWall" id="bw-surface-0" >
			<CADOjectId>none</CADOjectId>
			<AdjacentSpaceId spaceIdRef="bw-space-0" />
			<PlanarGeometry>
				<PolyLoop>
					<CartesianPoint>
						<Coordinate>-240</Coordinate>
						<Coordinate>240</Coordinate>
						<Coordinate>336</Coordinate>
					</CartesianPoint>
					<CartesianPoint>
						<Coordinate>-240</Coordinate>
						<Coordinate>240</Coordinate>
						<Coordinate>348</Coordinate>
					</CartesianPoint>
					<CartesianPoint>
						<Coordinate>-183.4315</Coordinate>
						<Coordinate>183.4315</Coordinate>
						<Coordinate>348</Coordinate>
					</CartesianPoint>
					<CartesianPoint>
						<Coordinate>-183.4315</Coordinate>
						<Coordinate>183.4315</Coordinate>
						<Coordinate>336</Coordinate>
					</CartesianPoint>
				</PolyLoop>
			</PlanarGeometry>
		</Surface>
		<Surface surfaceType="ExteriorWall" id="bw-surface-0" >
			<CADOjectId>none</CADOjectId>
			<AdjacentSpaceId spaceIdRef="bw-space-0" />
			<PlanarGeometry>
				<PolyLoop>
					<CartesianPoint>
						<Coordinate>-261.2132</Coordinate>
						<Coordinate>240</Coordinate>
						<Coordinate>348</Coordinate>
					</CartesianPoint>
					<CartesianPoint>
						<Coordinate>-261.2132</Coordinate>
						<Coordinate>240</Coordinate>
						<Coordinate>336</Coordinate>
					</CartesianPoint>
					<CartesianPoint>
						<Coordinate>-183.4315</Coordinate>
						<Coordinate>162.2183</Coordinate>
						<Coordinate>336</Coordinate>
					</CartesianPoint>
					<CartesianPoint>
						<Coordinate>-183.4315</Coordinate>
						<Coordinate>162.2183</Coordinate>
						<Coordinate>348</Coordinate>
					</CartesianPoint>
				</PolyLoop>
			</PlanarGeometry>
			<Opening openingType="OperableWindow" id="bw-opening-0" >
				<PlanarGeometry>
					<PolyLoop>
					<CartesianPoint>
						<Coordinate>-246.8236</Coordinate>
						<Coordinate>225.6104</Coordinate>
						<Coordinate>345.78</Coordinate>
					</CartesianPoint>
					<CartesianPoint>
						<Coordinate>-246.8236</Coordinate>
						<Coordinate>225.6104</Coordinate>
						<Coordinate>338.22</Coordinate>
					</CartesianPoint>
					<CartesianPoint>
						<Coordinate>-197.8211</Coordinate>
						<Coordinate>176.6079</Coordinate>
						<Coordinate>338.22</Coordinate>
					</CartesianPoint>
					<CartesianPoint>
						<Coordinate>-197.8211</Coordinate>
						<Coordinate>176.6079</Coordinate>
						<Coordinate>345.78</Coordinate>
					</CartesianPoint>
					</PolyLoop>
				</PlanarGeometry>
			</Opening>
		</Surface>
		<Surface surfaceType="InteriorWall" id="bw-surface-0" >
			<CADOjectId>none</CADOjectId>
			<AdjacentSpaceId spaceIdRef="bw-space-0" />
			<PlanarGeometry>
				<PolyLoop>
					<CartesianPoint>
						<Coordinate>-240</Coordinate>
						<Coordinate>240</Coordinate>
						<Coordinate>336</Coordinate>
					</CartesianPoint>
					<CartesianPoint>
						<Coordinate>-261.2132</Coordinate>
						<Coordinate>240</Coordinate>
						<Coordinate>336</Coordinate>
					</CartesianPoint>
					<CartesianPoint>
						<Coordinate>-261.2132</Coordinate>
						<Coordinate>240</Coordinate>
						<Coordinate>348</Coordinate>
					</CartesianPoint>
					<CartesianPoint>
						<Coordinate>-240</Coordinate>
						<Coordinate>240</Coordinate>
						<Coordinate>348</Coordinate>
					</CartesianPoint>
				</PolyLoop>
			</PlanarGeometry>
		</Surface>
		<Surface surfaceType="InteriorFloor" id="bw-surface-1" >
			<CADOjectId>none</CADOjectId>
			<AdjacentSpaceId spaceIdRef="bw-space-1" />
			<PlanarGeometry>
				<PolyLoop>
					<CartesianPoint>
						<Coordinate>-183.4315</Coordinate>
						<Coordinate>162.2183</Coordinate>
						<Coordinate>336</Coordinate>
					</CartesianPoint>
					<CartesianPoint>
						<Coordinate>-183.4315</Coordinate>
						<Coordinate>183.4315</Coordinate>
						<Coordinate>336</Coordinate>
					</CartesianPoint>
					<CartesianPoint>
						<Coordinate>-112.7208</Coordinate>
						<Coordinate>254.1421</Coordinate>
						<Coordinate>336</Coordinate>
					</CartesianPoint>
					<CartesianPoint>
						<Coordinate>-91.5076</Coordinate>
						<Coordinate>254.1421</Coordinate>
						<Coordinate>336</Coordinate>
					</CartesianPoint>
				</PolyLoop>
			</PlanarGeometry>
		</Surface>
		<Surface surfaceType="InteriorWall" id="bw-surface-1" >
			<CADOjectId>none</CADOjectId>
			<AdjacentSpaceId spaceIdRef="bw-space-1" />
			<PlanarGeometry>
				<PolyLoop>
					<CartesianPoint>
						<Coordinate>-183.4315</Coordinate>
						<Coordinate>183.4315</Coordinate>
						<Coordinate>336</Coordinate>
					</CartesianPoint>
					<CartesianPoint>
						<Coordinate>-183.4315</Coordinate>
						<Coordinate>183.4315</Coordinate>
						<Coordinate>348</Coordinate>
					</CartesianPoint>
					<CartesianPoint>
						<Coordinate>-112.7208</Coordinate>
						<Coordinate>254.1421</Coordinate>
						<Coordinate>348</Coordinate>
					</CartesianPoint>
					<CartesianPoint>
						<Coordinate>-112.7208</Coordinate>
						<Coordinate>254.1421</Coordinate>
						<Coordinate>336</Coordinate>
					</CartesianPoint>
				</PolyLoop>
			</PlanarGeometry>
		</Surface>
		<Surface surfaceType="ExteriorWall" id="bw-surface-1" >
			<CADOjectId>none</CADOjectId>
			<AdjacentSpaceId spaceIdRef="bw-space-1" />
			<PlanarGeometry>
				<PolyLoop>
					<CartesianPoint>
						<Coordinate>-183.4315</Coordinate>
						<Coordinate>162.2183</Coordinate>
						<Coordinate>348</Coordinate>
					</CartesianPoint>
					<CartesianPoint>
						<Coordinate>-183.4315</Coordinate>
						<Coordinate>162.2183</Coordinate>
						<Coordinate>336</Coordinate>
					</CartesianPoint>
					<CartesianPoint>
						<Coordinate>-91.5076</Coordinate>
						<Coordinate>254.1421</Coordinate>
						<Coordinate>336</Coordinate>
					</CartesianPoint>
					<CartesianPoint>
						<Coordinate>-91.5076</Coordinate>
						<Coordinate>254.1421</Coordinate>
						<Coordinate>348</Coordinate>
					</CartesianPoint>
				</PolyLoop>
			</PlanarGeometry>
			<Opening openingType="OperableWindow" id="bw-opening-1" >
				<PlanarGeometry>
					<PolyLoop>
					<CartesianPoint>
						<Coordinate>-166.4255</Coordinate>
						<Coordinate>179.2242</Coordinate>
						<Coordinate>345.78</Coordinate>
					</CartesianPoint>
					<CartesianPoint>
						<Coordinate>-166.4255</Coordinate>
						<Coordinate>179.2242</Coordinate>
						<Coordinate>338.22</Coordinate>
					</CartesianPoint>
					<CartesianPoint>
						<Coordinate>-108.5135</Coordinate>
						<Coordinate>237.1362</Coordinate>
						<Coordinate>338.22</Coordinate>
					</CartesianPoint>
					<CartesianPoint>
						<Coordinate>-108.5135</Coordinate>
						<Coordinate>237.1362</Coordinate>
						<Coordinate>345.78</Coordinate>
					</CartesianPoint>
					</PolyLoop>
				</PlanarGeometry>
			</Opening>
		</Surface>
		<Surface surfaceType="InteriorWall" id="bw-surface-1" >
			<CADOjectId>none</CADOjectId>
			<AdjacentSpaceId spaceIdRef="bw-space-1" />
			<PlanarGeometry>
				<PolyLoop>
					<CartesianPoint>
						<Coordinate>-183.4315</Coordinate>
						<Coordinate>183.4315</Coordinate>
						<Coordinate>336</Coordinate>
					</CartesianPoint>
					<CartesianPoint>
						<Coordinate>-183.4315</Coordinate>
						<Coordinate>162.2183</Coordinate>
						<Coordinate>336</Coordinate>
					</CartesianPoint>
					<CartesianPoint>
						<Coordinate>-183.4315</Coordinate>
						<Coordinate>162.2183</Coordinate>
						<Coordinate>348</Coordinate>
					</CartesianPoint>
					<CartesianPoint>
						<Coordinate>-183.4315</Coordinate>
						<Coordinate>183.4315</Coordinate>
						<Coordinate>348</Coordinate>
					</CartesianPoint>
				</PolyLoop>
			</PlanarGeometry>
		</Surface>
		<Surface surfaceType="InteriorFloor" id="bw-surface-2" >
			<CADOjectId>none</CADOjectId>
			<AdjacentSpaceId spaceIdRef="bw-space-2" />
			<PlanarGeometry>
				<PolyLoop>
					<CartesianPoint>
						<Coordinate>-91.5076</Coordinate>
						<Coordinate>254.1421</Coordinate>
						<Coordinate>336</Coordinate>
					</CartesianPoint>
					<CartesianPoint>
						<Coordinate>-112.7208</Coordinate>
						<Coordinate>254.1421</Coordinate>
						<Coordinate>336</Coordinate>
					</CartesianPoint>
					<CartesianPoint>
						<Coordinate>-169.2893</Coordinate>
						<Coordinate>310.7107</Coordinate>
						<Coordinate>336</Coordinate>
					</CartesianPoint>
					<CartesianPoint>
						<Coordinate>-169.2893</Coordinate>
						<Coordinate>331.9239</Coordinate>
						<Coordinate>336</Coordinate>
					</CartesianPoint>
				</PolyLoop>
			</PlanarGeometry>
		</Surface>
		<Surface surfaceType="InteriorWall" id="bw-surface-2" >
			<CADOjectId>none</CADOjectId>
			<AdjacentSpaceId spaceIdRef="bw-space-2" />
			<PlanarGeometry>
				<PolyLoop>
					<CartesianPoint>
						<Coordinate>-112.7208</Coordinate>
						<Coordinate>254.1421</Coordinate>
						<Coordinate>336</Coordinate>
					</CartesianPoint>
					<CartesianPoint>
						<Coordinate>-112.7208</Coordinate>
						<Coordinate>254.1421</Coordinate>
						<Coordinate>348</Coordinate>
					</CartesianPoint>
					<CartesianPoint>
						<Coordinate>-169.2893</Coordinate>
						<Coordinate>310.7107</Coordinate>
						<Coordinate>348</Coordinate>
					</CartesianPoint>
					<CartesianPoint>
						<Coordinate>-169.2893</Coordinate>
						<Coordinate>310.7107</Coordinate>
						<Coordinate>336</Coordinate>
					</CartesianPoint>
				</PolyLoop>
			</PlanarGeometry>
		</Surface>
		<Surface surfaceType="ExteriorWall" id="bw-surface-2" >
			<CADOjectId>none</CADOjectId>
			<AdjacentSpaceId spaceIdRef="bw-space-2" />
			<PlanarGeometry>
				<PolyLoop>
					<CartesianPoint>
						<Coordinate>-91.5076</Coordinate>
						<Coordinate>254.1421</Coordinate>
						<Coordinate>348</Coordinate>
					</CartesianPoint>
					<CartesianPoint>
						<Coordinate>-91.5076</Coordinate>
						<Coordinate>254.1421</Coordinate>
						<Coordinate>336</Coordinate>
					</CartesianPoint>
					<CartesianPoint>
						<Coordinate>-169.2893</Coordinate>
						<Coordinate>331.9239</Coordinate>
						<Coordinate>336</Coordinate>
					</CartesianPoint>
					<CartesianPoint>
						<Coordinate>-169.2893</Coordinate>
						<Coordinate>331.9239</Coordinate>
						<Coordinate>348</Coordinate>
					</CartesianPoint>
				</PolyLoop>
			</PlanarGeometry>
			<Opening openingType="OperableWindow" id="bw-opening-2" >
				<PlanarGeometry>
					<PolyLoop>
					<CartesianPoint>
						<Coordinate>-105.8972</Coordinate>
						<Coordinate>268.5318</Coordinate>
						<Coordinate>345.78</Coordinate>
					</CartesianPoint>
					<CartesianPoint>
						<Coordinate>-105.8972</Coordinate>
						<Coordinate>268.5318</Coordinate>
						<Coordinate>338.22</Coordinate>
					</CartesianPoint>
					<CartesianPoint>
						<Coordinate>-154.8997</Coordinate>
						<Coordinate>317.5343</Coordinate>
						<Coordinate>338.22</Coordinate>
					</CartesianPoint>
					<CartesianPoint>
						<Coordinate>-154.8997</Coordinate>
						<Coordinate>317.5343</Coordinate>
						<Coordinate>345.78</Coordinate>
					</CartesianPoint>
					</PolyLoop>
				</PlanarGeometry>
			</Opening>
		</Surface>
		<Surface surfaceType="InteriorWall" id="bw-surface-2" >
			<CADOjectId>none</CADOjectId>
			<AdjacentSpaceId spaceIdRef="bw-space-2" />
			<PlanarGeometry>
				<PolyLoop>
					<CartesianPoint>
						<Coordinate>-112.7208</Coordinate>
						<Coordinate>254.1421</Coordinate>
						<Coordinate>336</Coordinate>
					</CartesianPoint>
					<CartesianPoint>
						<Coordinate>-91.5076</Coordinate>
						<Coordinate>254.1421</Coordinate>
						<Coordinate>336</Coordinate>
					</CartesianPoint>
					<CartesianPoint>
						<Coordinate>-91.5076</Coordinate>
						<Coordinate>254.1421</Coordinate>
						<Coordinate>348</Coordinate>
					</CartesianPoint>
					<CartesianPoint>
						<Coordinate>-112.7208</Coordinate>
						<Coordinate>254.1421</Coordinate>
						<Coordinate>348</Coordinate>
					</CartesianPoint>
				</PolyLoop>
			</PlanarGeometry>
		</Surface>
		<Surface surfaceType="InteriorFloor" id="bw-surface-3" >
			<CADOjectId>none</CADOjectId>
			<AdjacentSpaceId spaceIdRef="bw-space-3" />
			<PlanarGeometry>
				<PolyLoop>
					<CartesianPoint>
						<Coordinate>-169.2893</Coordinate>
						<Coordinate>331.9239</Coordinate>
						<Coordinate>336</Coordinate>
					</CartesianPoint>
					<CartesianPoint>
						<Coordinate>-169.2893</Coordinate>
						<Coordinate>310.7107</Coordinate>
						<Coordinate>336</Coordinate>
					</CartesianPoint>
					<CartesianPoint>
						<Coordinate>-240</Coordinate>
						<Coordinate>240</Coordinate>
						<Coordinate>336</Coordinate>
					</CartesianPoint>
					<CartesianPoint>
						<Coordinate>-261.2132</Coordinate>
						<Coordinate>240</Coordinate>
						<Coordinate>336</Coordinate>
					</CartesianPoint>
				</PolyLoop>
			</PlanarGeometry>
		</Surface>
		<Surface surfaceType="InteriorWall" id="bw-surface-3" >
			<CADOjectId>none</CADOjectId>
			<AdjacentSpaceId spaceIdRef="bw-space-3" />
			<PlanarGeometry>
				<PolyLoop>
					<CartesianPoint>
						<Coordinate>-169.2893</Coordinate>
						<Coordinate>310.7107</Coordinate>
						<Coordinate>336</Coordinate>
					</CartesianPoint>
					<CartesianPoint>
						<Coordinate>-169.2893</Coordinate>
						<Coordinate>310.7107</Coordinate>
						<Coordinate>348</Coordinate>
					</CartesianPoint>
					<CartesianPoint>
						<Coordinate>-240</Coordinate>
						<Coordinate>240</Coordinate>
						<Coordinate>348</Coordinate>
					</CartesianPoint>
					<CartesianPoint>
						<Coordinate>-240</Coordinate>
						<Coordinate>240</Coordinate>
						<Coordinate>336</Coordinate>
					</CartesianPoint>
				</PolyLoop>
			</PlanarGeometry>
		</Surface>
		<Surface surfaceType="ExteriorWall" id="bw-surface-3" >
			<CADOjectId>none</CADOjectId>
			<AdjacentSpaceId spaceIdRef="bw-space-3" />
			<PlanarGeometry>
				<PolyLoop>
					<CartesianPoint>
						<Coordinate>-169.2893</Coordinate>
						<Coordinate>331.9239</Coordinate>
						<Coordinate>348</Coordinate>
					</CartesianPoint>
					<CartesianPoint>
						<Coordinate>-169.2893</Coordinate>
						<Coordinate>331.9239</Coordinate>
						<Coordinate>336</Coordinate>
					</CartesianPoint>
					<CartesianPoint>
						<Coordinate>-261.2132</Coordinate>
						<Coordinate>240</Coordinate>
						<Coordinate>336</Coordinate>
					</CartesianPoint>
					<CartesianPoint>
						<Coordinate>-261.2132</Coordinate>
						<Coordinate>240</Coordinate>
						<Coordinate>348</Coordinate>
					</CartesianPoint>
				</PolyLoop>
			</PlanarGeometry>
			<Opening openingType="OperableWindow" id="bw-opening-3" >
				<PlanarGeometry>
					<PolyLoop>
					<CartesianPoint>
						<Coordinate>-186.2952</Coordinate>
						<Coordinate>314.918</Coordinate>
						<Coordinate>345.78</Coordinate>
					</CartesianPoint>
					<CartesianPoint>
						<Coordinate>-186.2952</Coordinate>
						<Coordinate>314.918</Coordinate>
						<Coordinate>338.22</Coordinate>
					</CartesianPoint>
					<CartesianPoint>
						<Coordinate>-244.2073</Coordinate>
						<Coordinate>257.0059</Coordinate>
						<Coordinate>338.22</Coordinate>
					</CartesianPoint>
					<CartesianPoint>
						<Coordinate>-244.2073</Coordinate>
						<Coordinate>257.0059</Coordinate>
						<Coordinate>345.78</Coordinate>
					</CartesianPoint>
					</PolyLoop>
				</PlanarGeometry>
			</Opening>
		</Surface>
		<Surface surfaceType="InteriorWall" id="bw-surface-3" >
			<CADOjectId>none</CADOjectId>
			<AdjacentSpaceId spaceIdRef="bw-space-3" />
			<PlanarGeometry>
				<PolyLoop>
					<CartesianPoint>
						<Coordinate>-169.2893</Coordinate>
						<Coordinate>310.7107</Coordinate>
						<Coordinate>336</Coordinate>
					</CartesianPoint>
					<CartesianPoint>
						<Coordinate>-169.2893</Coordinate>
						<Coordinate>331.9239</Coordinate>
						<Coordinate>336</Coordinate>
					</CartesianPoint>
					<CartesianPoint>
						<Coordinate>-169.2893</Coordinate>
						<Coordinate>331.9239</Coordinate>
						<Coordinate>348</Coordinate>
					</CartesianPoint>
					<CartesianPoint>
						<Coordinate>-169.2893</Coordinate>
						<Coordinate>310.7107</Coordinate>
						<Coordinate>348</Coordinate>
					</CartesianPoint>
				</PolyLoop>
			</PlanarGeometry>
		</Surface>
		<Surface surfaceType="Shade" id="bw-shade-building-6" >
			<Name>Box shape</Name>
			<PlanarGeometry>
				<PolyLoop>
					<CartesianPoint>
						<Coordinate>-253.8946</Coordinate>
						<Coordinate>218.5393</Coordinate>
						<Coordinate>345.78</Coordinate>
					</CartesianPoint>
					<CartesianPoint>
						<Coordinate>-204.8921</Coordinate>
						<Coordinate>169.5368</Coordinate>
						<Coordinate>345.78</Coordinate>
					</CartesianPoint>
					<CartesianPoint>
						<Coordinate>-197.8211</Coordinate>
						<Coordinate>176.6079</Coordinate>
						<Coordinate>345.78</Coordinate>
					</CartesianPoint>
					<CartesianPoint>
						<Coordinate>-246.8236</Coordinate>
						<Coordinate>225.6104</Coordinate>
						<Coordinate>345.78</Coordinate>
					</CartesianPoint>
				</PolyLoop>
			</PlanarGeometry>
		</Surface>
		<Surface surfaceType="Shade" id="bw-shade-building-8" >
			<Name>Box shape</Name>
			<PlanarGeometry>
				<PolyLoop>
					<CartesianPoint>
						<Coordinate>-159.3545</Coordinate>
						<Coordinate>172.1531</Coordinate>
						<Coordinate>345.78</Coordinate>
					</CartesianPoint>
					<CartesianPoint>
						<Coordinate>-101.4424</Coordinate>
						<Coordinate>230.0651</Coordinate>
						<Coordinate>345.78</Coordinate>
					</CartesianPoint>
					<CartesianPoint>
						<Coordinate>-108.5135</Coordinate>
						<Coordinate>237.1362</Coordinate>
						<Coordinate>345.78</Coordinate>
					</CartesianPoint>
					<CartesianPoint>
						<Coordinate>-166.4255</Coordinate>
						<Coordinate>179.2242</Coordinate>
						<Coordinate>345.78</Coordinate>
					</CartesianPoint>
				</PolyLoop>
			</PlanarGeometry>
		</Surface>
		<Surface surfaceType="Shade" id="bw-shade-building-10" >
			<Name>Box shape</Name>
			<PlanarGeometry>
				<PolyLoop>
					<CartesianPoint>
						<Coordinate>-98.8261</Coordinate>
						<Coordinate>275.6028</Coordinate>
						<Coordinate>345.78</Coordinate>
					</CartesianPoint>
					<CartesianPoint>
						<Coordinate>-147.8286</Coordinate>
						<Coordinate>324.6053</Coordinate>
						<Coordinate>345.78</Coordinate>
					</CartesianPoint>
					<CartesianPoint>
						<Coordinate>-154.8997</Coordinate>
						<Coordinate>317.5343</Coordinate>
						<Coordinate>345.78</Coordinate>
					</CartesianPoint>
					<CartesianPoint>
						<Coordinate>-105.8972</Coordinate>
						<Coordinate>268.5318</Coordinate>
						<Coordinate>345.78</Coordinate>
					</CartesianPoint>
				</PolyLoop>
			</PlanarGeometry>
		</Surface>
		<Surface surfaceType="Shade" id="bw-shade-building-12" >
			<Name>Box shape</Name>
			<PlanarGeometry>
				<PolyLoop>
					<CartesianPoint>
						<Coordinate>-193.3663</Coordinate>
						<Coordinate>321.989</Coordinate>
						<Coordinate>345.78</Coordinate>
					</CartesianPoint>
					<CartesianPoint>
						<Coordinate>-251.2784</Coordinate>
						<Coordinate>264.077</Coordinate>
						<Coordinate>345.78</Coordinate>
					</CartesianPoint>
					<CartesianPoint>
						<Coordinate>-244.2073</Coordinate>
						<Coordinate>257.0059</Coordinate>
						<Coordinate>345.78</Coordinate>
					</CartesianPoint>
					<CartesianPoint>
						<Coordinate>-186.2952</Coordinate>
						<Coordinate>314.918</Coordinate>
						<Coordinate>345.78</Coordinate>
					</CartesianPoint>
				</PolyLoop>
			</PlanarGeometry>
		</Surface>
		<Surface surfaceType="InteriorFloor" id="bw-surface-15" >
			<CADOjectId>none</CADOjectId>
			<AdjacentSpaceId spaceIdRef="bw-space-15" />
			<PlanarGeometry>
				<PolyLoop>
					<CartesianPoint>
						<Coordinate>-169.2893</Coordinate>
						<Coordinate>310.7107</Coordinate>
						<Coordinate>336</Coordinate>
					</CartesianPoint>
					<CartesianPoint>
						<Coordinate>-112.7208</Coordinate>
						<Coordinate>254.1421</Coordinate>
						<Coordinate>336</Coordinate>
					</CartesianPoint>
					<CartesianPoint>
						<Coordinate>-183.4315</Coordinate>
						<Coordinate>183.4315</Coordinate>
						<Coordinate>336</Coordinate>
					</CartesianPoint>
					<CartesianPoint>
						<Coordinate>-240</Coordinate>
						<Coordinate>240</Coordinate>
						<Coordinate>336</Coordinate>
					</CartesianPoint>
				</PolyLoop>
			</PlanarGeometry>
		</Surface>
		<Surface surfaceType="InteriorFloor" id="bw-surface-0" >
			<CADOjectId>none</CADOjectId>
			<AdjacentSpaceId spaceIdRef="bw-space-0" />
			<PlanarGeometry>
				<PolyLoop>
					<CartesianPoint>
						<Coordinate>-261.2132</Coordinate>
						<Coordinate>240</Coordinate>
						<Coordinate>360</Coordinate>
					</CartesianPoint>
					<CartesianPoint>
						<Coordinate>-240</Coordinate>
						<Coordinate>240</Coordinate>
						<Coordinate>360</Coordinate>
					</CartesianPoint>
					<CartesianPoint>
						<Coordinate>-183.4315</Coordinate>
						<Coordinate>183.4315</Coordinate>
						<Coordinate>360</Coordinate>
					</CartesianPoint>
					<CartesianPoint>
						<Coordinate>-183.4315</Coordinate>
						<Coordinate>162.2183</Coordinate>
						<Coordinate>360</Coordinate>
					</CartesianPoint>
				</PolyLoop>
			</PlanarGeometry>
		</Surface>
		<Surface surfaceType="InteriorWall" id="bw-surface-0" >
			<CADOjectId>none</CADOjectId>
			<AdjacentSpaceId spaceIdRef="bw-space-0" />
			<PlanarGeometry>
				<PolyLoop>
					<CartesianPoint>
						<Coordinate>-240</Coordinate>
						<Coordinate>240</Coordinate>
						<Coordinate>360</Coordinate>
					</CartesianPoint>
					<CartesianPoint>
						<Coordinate>-240</Coordinate>
						<Coordinate>240</Coordinate>
						<Coordinate>372</Coordinate>
					</CartesianPoint>
					<CartesianPoint>
						<Coordinate>-183.4315</Coordinate>
						<Coordinate>183.4315</Coordinate>
						<Coordinate>372</Coordinate>
					</CartesianPoint>
					<CartesianPoint>
						<Coordinate>-183.4315</Coordinate>
						<Coordinate>183.4315</Coordinate>
						<Coordinate>360</Coordinate>
					</CartesianPoint>
				</PolyLoop>
			</PlanarGeometry>
		</Surface>
		<Surface surfaceType="ExteriorWall" id="bw-surface-0" >
			<CADOjectId>none</CADOjectId>
			<AdjacentSpaceId spaceIdRef="bw-space-0" />
			<PlanarGeometry>
				<PolyLoop>
					<CartesianPoint>
						<Coordinate>-261.2132</Coordinate>
						<Coordinate>240</Coordinate>
						<Coordinate>372</Coordinate>
					</CartesianPoint>
					<CartesianPoint>
						<Coordinate>-261.2132</Coordinate>
						<Coordinate>240</Coordinate>
						<Coordinate>360</Coordinate>
					</CartesianPoint>
					<CartesianPoint>
						<Coordinate>-183.4315</Coordinate>
						<Coordinate>162.2183</Coordinate>
						<Coordinate>360</Coordinate>
					</CartesianPoint>
					<CartesianPoint>
						<Coordinate>-183.4315</Coordinate>
						<Coordinate>162.2183</Coordinate>
						<Coordinate>372</Coordinate>
					</CartesianPoint>
				</PolyLoop>
			</PlanarGeometry>
			<Opening openingType="OperableWindow" id="bw-opening-0" >
				<PlanarGeometry>
					<PolyLoop>
					<CartesianPoint>
						<Coordinate>-246.8236</Coordinate>
						<Coordinate>225.6104</Coordinate>
						<Coordinate>369.78</Coordinate>
					</CartesianPoint>
					<CartesianPoint>
						<Coordinate>-246.8236</Coordinate>
						<Coordinate>225.6104</Coordinate>
						<Coordinate>362.22</Coordinate>
					</CartesianPoint>
					<CartesianPoint>
						<Coordinate>-197.8211</Coordinate>
						<Coordinate>176.6079</Coordinate>
						<Coordinate>362.22</Coordinate>
					</CartesianPoint>
					<CartesianPoint>
						<Coordinate>-197.8211</Coordinate>
						<Coordinate>176.6079</Coordinate>
						<Coordinate>369.78</Coordinate>
					</CartesianPoint>
					</PolyLoop>
				</PlanarGeometry>
			</Opening>
		</Surface>
		<Surface surfaceType="InteriorWall" id="bw-surface-0" >
			<CADOjectId>none</CADOjectId>
			<AdjacentSpaceId spaceIdRef="bw-space-0" />
			<PlanarGeometry>
				<PolyLoop>
					<CartesianPoint>
						<Coordinate>-240</Coordinate>
						<Coordinate>240</Coordinate>
						<Coordinate>360</Coordinate>
					</CartesianPoint>
					<CartesianPoint>
						<Coordinate>-261.2132</Coordinate>
						<Coordinate>240</Coordinate>
						<Coordinate>360</Coordinate>
					</CartesianPoint>
					<CartesianPoint>
						<Coordinate>-261.2132</Coordinate>
						<Coordinate>240</Coordinate>
						<Coordinate>372</Coordinate>
					</CartesianPoint>
					<CartesianPoint>
						<Coordinate>-240</Coordinate>
						<Coordinate>240</Coordinate>
						<Coordinate>372</Coordinate>
					</CartesianPoint>
				</PolyLoop>
			</PlanarGeometry>
		</Surface>
		<Surface surfaceType="InteriorFloor" id="bw-surface-1" >
			<CADOjectId>none</CADOjectId>
			<AdjacentSpaceId spaceIdRef="bw-space-1" />
			<PlanarGeometry>
				<PolyLoop>
					<CartesianPoint>
						<Coordinate>-183.4315</Coordinate>
						<Coordinate>162.2183</Coordinate>
						<Coordinate>360</Coordinate>
					</CartesianPoint>
					<CartesianPoint>
						<Coordinate>-183.4315</Coordinate>
						<Coordinate>183.4315</Coordinate>
						<Coordinate>360</Coordinate>
					</CartesianPoint>
					<CartesianPoint>
						<Coordinate>-112.7208</Coordinate>
						<Coordinate>254.1421</Coordinate>
						<Coordinate>360</Coordinate>
					</CartesianPoint>
					<CartesianPoint>
						<Coordinate>-91.5076</Coordinate>
						<Coordinate>254.1421</Coordinate>
						<Coordinate>360</Coordinate>
					</CartesianPoint>
				</PolyLoop>
			</PlanarGeometry>
		</Surface>
		<Surface surfaceType="InteriorWall" id="bw-surface-1" >
			<CADOjectId>none</CADOjectId>
			<AdjacentSpaceId spaceIdRef="bw-space-1" />
			<PlanarGeometry>
				<PolyLoop>
					<CartesianPoint>
						<Coordinate>-183.4315</Coordinate>
						<Coordinate>183.4315</Coordinate>
						<Coordinate>360</Coordinate>
					</CartesianPoint>
					<CartesianPoint>
						<Coordinate>-183.4315</Coordinate>
						<Coordinate>183.4315</Coordinate>
						<Coordinate>372</Coordinate>
					</CartesianPoint>
					<CartesianPoint>
						<Coordinate>-112.7208</Coordinate>
						<Coordinate>254.1421</Coordinate>
						<Coordinate>372</Coordinate>
					</CartesianPoint>
					<CartesianPoint>
						<Coordinate>-112.7208</Coordinate>
						<Coordinate>254.1421</Coordinate>
						<Coordinate>360</Coordinate>
					</CartesianPoint>
				</PolyLoop>
			</PlanarGeometry>
		</Surface>
		<Surface surfaceType="ExteriorWall" id="bw-surface-1" >
			<CADOjectId>none</CADOjectId>
			<AdjacentSpaceId spaceIdRef="bw-space-1" />
			<PlanarGeometry>
				<PolyLoop>
					<CartesianPoint>
						<Coordinate>-183.4315</Coordinate>
						<Coordinate>162.2183</Coordinate>
						<Coordinate>372</Coordinate>
					</CartesianPoint>
					<CartesianPoint>
						<Coordinate>-183.4315</Coordinate>
						<Coordinate>162.2183</Coordinate>
						<Coordinate>360</Coordinate>
					</CartesianPoint>
					<CartesianPoint>
						<Coordinate>-91.5076</Coordinate>
						<Coordinate>254.1421</Coordinate>
						<Coordinate>360</Coordinate>
					</CartesianPoint>
					<CartesianPoint>
						<Coordinate>-91.5076</Coordinate>
						<Coordinate>254.1421</Coordinate>
						<Coordinate>372</Coordinate>
					</CartesianPoint>
				</PolyLoop>
			</PlanarGeometry>
			<Opening openingType="OperableWindow" id="bw-opening-1" >
				<PlanarGeometry>
					<PolyLoop>
					<CartesianPoint>
						<Coordinate>-166.4255</Coordinate>
						<Coordinate>179.2242</Coordinate>
						<Coordinate>369.78</Coordinate>
					</CartesianPoint>
					<CartesianPoint>
						<Coordinate>-166.4255</Coordinate>
						<Coordinate>179.2242</Coordinate>
						<Coordinate>362.22</Coordinate>
					</CartesianPoint>
					<CartesianPoint>
						<Coordinate>-108.5135</Coordinate>
						<Coordinate>237.1362</Coordinate>
						<Coordinate>362.22</Coordinate>
					</CartesianPoint>
					<CartesianPoint>
						<Coordinate>-108.5135</Coordinate>
						<Coordinate>237.1362</Coordinate>
						<Coordinate>369.78</Coordinate>
					</CartesianPoint>
					</PolyLoop>
				</PlanarGeometry>
			</Opening>
		</Surface>
		<Surface surfaceType="InteriorWall" id="bw-surface-1" >
			<CADOjectId>none</CADOjectId>
			<AdjacentSpaceId spaceIdRef="bw-space-1" />
			<PlanarGeometry>
				<PolyLoop>
					<CartesianPoint>
						<Coordinate>-183.4315</Coordinate>
						<Coordinate>183.4315</Coordinate>
						<Coordinate>360</Coordinate>
					</CartesianPoint>
					<CartesianPoint>
						<Coordinate>-183.4315</Coordinate>
						<Coordinate>162.2183</Coordinate>
						<Coordinate>360</Coordinate>
					</CartesianPoint>
					<CartesianPoint>
						<Coordinate>-183.4315</Coordinate>
						<Coordinate>162.2183</Coordinate>
						<Coordinate>372</Coordinate>
					</CartesianPoint>
					<CartesianPoint>
						<Coordinate>-183.4315</Coordinate>
						<Coordinate>183.4315</Coordinate>
						<Coordinate>372</Coordinate>
					</CartesianPoint>
				</PolyLoop>
			</PlanarGeometry>
		</Surface>
		<Surface surfaceType="InteriorFloor" id="bw-surface-2" >
			<CADOjectId>none</CADOjectId>
			<AdjacentSpaceId spaceIdRef="bw-space-2" />
			<PlanarGeometry>
				<PolyLoop>
					<CartesianPoint>
						<Coordinate>-91.5076</Coordinate>
						<Coordinate>254.1421</Coordinate>
						<Coordinate>360</Coordinate>
					</CartesianPoint>
					<CartesianPoint>
						<Coordinate>-112.7208</Coordinate>
						<Coordinate>254.1421</Coordinate>
						<Coordinate>360</Coordinate>
					</CartesianPoint>
					<CartesianPoint>
						<Coordinate>-169.2893</Coordinate>
						<Coordinate>310.7107</Coordinate>
						<Coordinate>360</Coordinate>
					</CartesianPoint>
					<CartesianPoint>
						<Coordinate>-169.2893</Coordinate>
						<Coordinate>331.9239</Coordinate>
						<Coordinate>360</Coordinate>
					</CartesianPoint>
				</PolyLoop>
			</PlanarGeometry>
		</Surface>
		<Surface surfaceType="InteriorWall" id="bw-surface-2" >
			<CADOjectId>none</CADOjectId>
			<AdjacentSpaceId spaceIdRef="bw-space-2" />
			<PlanarGeometry>
				<PolyLoop>
					<CartesianPoint>
						<Coordinate>-112.7208</Coordinate>
						<Coordinate>254.1421</Coordinate>
						<Coordinate>360</Coordinate>
					</CartesianPoint>
					<CartesianPoint>
						<Coordinate>-112.7208</Coordinate>
						<Coordinate>254.1421</Coordinate>
						<Coordinate>372</Coordinate>
					</CartesianPoint>
					<CartesianPoint>
						<Coordinate>-169.2893</Coordinate>
						<Coordinate>310.7107</Coordinate>
						<Coordinate>372</Coordinate>
					</CartesianPoint>
					<CartesianPoint>
						<Coordinate>-169.2893</Coordinate>
						<Coordinate>310.7107</Coordinate>
						<Coordinate>360</Coordinate>
					</CartesianPoint>
				</PolyLoop>
			</PlanarGeometry>
		</Surface>
		<Surface surfaceType="ExteriorWall" id="bw-surface-2" >
			<CADOjectId>none</CADOjectId>
			<AdjacentSpaceId spaceIdRef="bw-space-2" />
			<PlanarGeometry>
				<PolyLoop>
					<CartesianPoint>
						<Coordinate>-91.5076</Coordinate>
						<Coordinate>254.1421</Coordinate>
						<Coordinate>372</Coordinate>
					</CartesianPoint>
					<CartesianPoint>
						<Coordinate>-91.5076</Coordinate>
						<Coordinate>254.1421</Coordinate>
						<Coordinate>360</Coordinate>
					</CartesianPoint>
					<CartesianPoint>
						<Coordinate>-169.2893</Coordinate>
						<Coordinate>331.9239</Coordinate>
						<Coordinate>360</Coordinate>
					</CartesianPoint>
					<CartesianPoint>
						<Coordinate>-169.2893</Coordinate>
						<Coordinate>331.9239</Coordinate>
						<Coordinate>372</Coordinate>
					</CartesianPoint>
				</PolyLoop>
			</PlanarGeometry>
			<Opening openingType="OperableWindow" id="bw-opening-2" >
				<PlanarGeometry>
					<PolyLoop>
					<CartesianPoint>
						<Coordinate>-105.8972</Coordinate>
						<Coordinate>268.5318</Coordinate>
						<Coordinate>369.78</Coordinate>
					</CartesianPoint>
					<CartesianPoint>
						<Coordinate>-105.8972</Coordinate>
						<Coordinate>268.5318</Coordinate>
						<Coordinate>362.22</Coordinate>
					</CartesianPoint>
					<CartesianPoint>
						<Coordinate>-154.8997</Coordinate>
						<Coordinate>317.5343</Coordinate>
						<Coordinate>362.22</Coordinate>
					</CartesianPoint>
					<CartesianPoint>
						<Coordinate>-154.8997</Coordinate>
						<Coordinate>317.5343</Coordinate>
						<Coordinate>369.78</Coordinate>
					</CartesianPoint>
					</PolyLoop>
				</PlanarGeometry>
			</Opening>
		</Surface>
		<Surface surfaceType="InteriorWall" id="bw-surface-2" >
			<CADOjectId>none</CADOjectId>
			<AdjacentSpaceId spaceIdRef="bw-space-2" />
			<PlanarGeometry>
				<PolyLoop>
					<CartesianPoint>
						<Coordinate>-112.7208</Coordinate>
						<Coordinate>254.1421</Coordinate>
						<Coordinate>360</Coordinate>
					</CartesianPoint>
					<CartesianPoint>
						<Coordinate>-91.5076</Coordinate>
						<Coordinate>254.1421</Coordinate>
						<Coordinate>360</Coordinate>
					</CartesianPoint>
					<CartesianPoint>
						<Coordinate>-91.5076</Coordinate>
						<Coordinate>254.1421</Coordinate>
						<Coordinate>372</Coordinate>
					</CartesianPoint>
					<CartesianPoint>
						<Coordinate>-112.7208</Coordinate>
						<Coordinate>254.1421</Coordinate>
						<Coordinate>372</Coordinate>
					</CartesianPoint>
				</PolyLoop>
			</PlanarGeometry>
		</Surface>
		<Surface surfaceType="InteriorFloor" id="bw-surface-3" >
			<CADOjectId>none</CADOjectId>
			<AdjacentSpaceId spaceIdRef="bw-space-3" />
			<PlanarGeometry>
				<PolyLoop>
					<CartesianPoint>
						<Coordinate>-169.2893</Coordinate>
						<Coordinate>331.9239</Coordinate>
						<Coordinate>360</Coordinate>
					</CartesianPoint>
					<CartesianPoint>
						<Coordinate>-169.2893</Coordinate>
						<Coordinate>310.7107</Coordinate>
						<Coordinate>360</Coordinate>
					</CartesianPoint>
					<CartesianPoint>
						<Coordinate>-240</Coordinate>
						<Coordinate>240</Coordinate>
						<Coordinate>360</Coordinate>
					</CartesianPoint>
					<CartesianPoint>
						<Coordinate>-261.2132</Coordinate>
						<Coordinate>240</Coordinate>
						<Coordinate>360</Coordinate>
					</CartesianPoint>
				</PolyLoop>
			</PlanarGeometry>
		</Surface>
		<Surface surfaceType="InteriorWall" id="bw-surface-3" >
			<CADOjectId>none</CADOjectId>
			<AdjacentSpaceId spaceIdRef="bw-space-3" />
			<PlanarGeometry>
				<PolyLoop>
					<CartesianPoint>
						<Coordinate>-169.2893</Coordinate>
						<Coordinate>310.7107</Coordinate>
						<Coordinate>360</Coordinate>
					</CartesianPoint>
					<CartesianPoint>
						<Coordinate>-169.2893</Coordinate>
						<Coordinate>310.7107</Coordinate>
						<Coordinate>372</Coordinate>
					</CartesianPoint>
					<CartesianPoint>
						<Coordinate>-240</Coordinate>
						<Coordinate>240</Coordinate>
						<Coordinate>372</Coordinate>
					</CartesianPoint>
					<CartesianPoint>
						<Coordinate>-240</Coordinate>
						<Coordinate>240</Coordinate>
						<Coordinate>360</Coordinate>
					</CartesianPoint>
				</PolyLoop>
			</PlanarGeometry>
		</Surface>
		<Surface surfaceType="ExteriorWall" id="bw-surface-3" >
			<CADOjectId>none</CADOjectId>
			<AdjacentSpaceId spaceIdRef="bw-space-3" />
			<PlanarGeometry>
				<PolyLoop>
					<CartesianPoint>
						<Coordinate>-169.2893</Coordinate>
						<Coordinate>331.9239</Coordinate>
						<Coordinate>372</Coordinate>
					</CartesianPoint>
					<CartesianPoint>
						<Coordinate>-169.2893</Coordinate>
						<Coordinate>331.9239</Coordinate>
						<Coordinate>360</Coordinate>
					</CartesianPoint>
					<CartesianPoint>
						<Coordinate>-261.2132</Coordinate>
						<Coordinate>240</Coordinate>
						<Coordinate>360</Coordinate>
					</CartesianPoint>
					<CartesianPoint>
						<Coordinate>-261.2132</Coordinate>
						<Coordinate>240</Coordinate>
						<Coordinate>372</Coordinate>
					</CartesianPoint>
				</PolyLoop>
			</PlanarGeometry>
			<Opening openingType="OperableWindow" id="bw-opening-3" >
				<PlanarGeometry>
					<PolyLoop>
					<CartesianPoint>
						<Coordinate>-186.2952</Coordinate>
						<Coordinate>314.918</Coordinate>
						<Coordinate>369.78</Coordinate>
					</CartesianPoint>
					<CartesianPoint>
						<Coordinate>-186.2952</Coordinate>
						<Coordinate>314.918</Coordinate>
						<Coordinate>362.22</Coordinate>
					</CartesianPoint>
					<CartesianPoint>
						<Coordinate>-244.2073</Coordinate>
						<Coordinate>257.0059</Coordinate>
						<Coordinate>362.22</Coordinate>
					</CartesianPoint>
					<CartesianPoint>
						<Coordinate>-244.2073</Coordinate>
						<Coordinate>257.0059</Coordinate>
						<Coordinate>369.78</Coordinate>
					</CartesianPoint>
					</PolyLoop>
				</PlanarGeometry>
			</Opening>
		</Surface>
		<Surface surfaceType="InteriorWall" id="bw-surface-3" >
			<CADOjectId>none</CADOjectId>
			<AdjacentSpaceId spaceIdRef="bw-space-3" />
			<PlanarGeometry>
				<PolyLoop>
					<CartesianPoint>
						<Coordinate>-169.2893</Coordinate>
						<Coordinate>310.7107</Coordinate>
						<Coordinate>360</Coordinate>
					</CartesianPoint>
					<CartesianPoint>
						<Coordinate>-169.2893</Coordinate>
						<Coordinate>331.9239</Coordinate>
						<Coordinate>360</Coordinate>
					</CartesianPoint>
					<CartesianPoint>
						<Coordinate>-169.2893</Coordinate>
						<Coordinate>331.9239</Coordinate>
						<Coordinate>372</Coordinate>
					</CartesianPoint>
					<CartesianPoint>
						<Coordinate>-169.2893</Coordinate>
						<Coordinate>310.7107</Coordinate>
						<Coordinate>372</Coordinate>
					</CartesianPoint>
				</PolyLoop>
			</PlanarGeometry>
		</Surface>
		<Surface surfaceType="Shade" id="bw-shade-building-6" >
			<Name>Box shape</Name>
			<PlanarGeometry>
				<PolyLoop>
					<CartesianPoint>
						<Coordinate>-253.8946</Coordinate>
						<Coordinate>218.5393</Coordinate>
						<Coordinate>369.78</Coordinate>
					</CartesianPoint>
					<CartesianPoint>
						<Coordinate>-204.8921</Coordinate>
						<Coordinate>169.5368</Coordinate>
						<Coordinate>369.78</Coordinate>
					</CartesianPoint>
					<CartesianPoint>
						<Coordinate>-197.8211</Coordinate>
						<Coordinate>176.6079</Coordinate>
						<Coordinate>369.78</Coordinate>
					</CartesianPoint>
					<CartesianPoint>
						<Coordinate>-246.8236</Coordinate>
						<Coordinate>225.6104</Coordinate>
						<Coordinate>369.78</Coordinate>
					</CartesianPoint>
				</PolyLoop>
			</PlanarGeometry>
		</Surface>
		<Surface surfaceType="Shade" id="bw-shade-building-8" >
			<Name>Box shape</Name>
			<PlanarGeometry>
				<PolyLoop>
					<CartesianPoint>
						<Coordinate>-159.3545</Coordinate>
						<Coordinate>172.1531</Coordinate>
						<Coordinate>369.78</Coordinate>
					</CartesianPoint>
					<CartesianPoint>
						<Coordinate>-101.4424</Coordinate>
						<Coordinate>230.0651</Coordinate>
						<Coordinate>369.78</Coordinate>
					</CartesianPoint>
					<CartesianPoint>
						<Coordinate>-108.5135</Coordinate>
						<Coordinate>237.1362</Coordinate>
						<Coordinate>369.78</Coordinate>
					</CartesianPoint>
					<CartesianPoint>
						<Coordinate>-166.4255</Coordinate>
						<Coordinate>179.2242</Coordinate>
						<Coordinate>369.78</Coordinate>
					</CartesianPoint>
				</PolyLoop>
			</PlanarGeometry>
		</Surface>
		<Surface surfaceType="Shade" id="bw-shade-building-10" >
			<Name>Box shape</Name>
			<PlanarGeometry>
				<PolyLoop>
					<CartesianPoint>
						<Coordinate>-98.8261</Coordinate>
						<Coordinate>275.6028</Coordinate>
						<Coordinate>369.78</Coordinate>
					</CartesianPoint>
					<CartesianPoint>
						<Coordinate>-147.8286</Coordinate>
						<Coordinate>324.6053</Coordinate>
						<Coordinate>369.78</Coordinate>
					</CartesianPoint>
					<CartesianPoint>
						<Coordinate>-154.8997</Coordinate>
						<Coordinate>317.5343</Coordinate>
						<Coordinate>369.78</Coordinate>
					</CartesianPoint>
					<CartesianPoint>
						<Coordinate>-105.8972</Coordinate>
						<Coordinate>268.5318</Coordinate>
						<Coordinate>369.78</Coordinate>
					</CartesianPoint>
				</PolyLoop>
			</PlanarGeometry>
		</Surface>
		<Surface surfaceType="Shade" id="bw-shade-building-12" >
			<Name>Box shape</Name>
			<PlanarGeometry>
				<PolyLoop>
					<CartesianPoint>
						<Coordinate>-193.3663</Coordinate>
						<Coordinate>321.989</Coordinate>
						<Coordinate>369.78</Coordinate>
					</CartesianPoint>
					<CartesianPoint>
						<Coordinate>-251.2784</Coordinate>
						<Coordinate>264.077</Coordinate>
						<Coordinate>369.78</Coordinate>
					</CartesianPoint>
					<CartesianPoint>
						<Coordinate>-244.2073</Coordinate>
						<Coordinate>257.0059</Coordinate>
						<Coordinate>369.78</Coordinate>
					</CartesianPoint>
					<CartesianPoint>
						<Coordinate>-186.2952</Coordinate>
						<Coordinate>314.918</Coordinate>
						<Coordinate>369.78</Coordinate>
					</CartesianPoint>
				</PolyLoop>
			</PlanarGeometry>
		</Surface>
		<Surface surfaceType="InteriorFloor" id="bw-surface-16" >
			<CADOjectId>none</CADOjectId>
			<AdjacentSpaceId spaceIdRef="bw-space-16" />
			<PlanarGeometry>
				<PolyLoop>
					<CartesianPoint>
						<Coordinate>-169.2893</Coordinate>
						<Coordinate>310.7107</Coordinate>
						<Coordinate>360</Coordinate>
					</CartesianPoint>
					<CartesianPoint>
						<Coordinate>-112.7208</Coordinate>
						<Coordinate>254.1421</Coordinate>
						<Coordinate>360</Coordinate>
					</CartesianPoint>
					<CartesianPoint>
						<Coordinate>-183.4315</Coordinate>
						<Coordinate>183.4315</Coordinate>
						<Coordinate>360</Coordinate>
					</CartesianPoint>
					<CartesianPoint>
						<Coordinate>-240</Coordinate>
						<Coordinate>240</Coordinate>
						<Coordinate>360</Coordinate>
					</CartesianPoint>
				</PolyLoop>
			</PlanarGeometry>
		</Surface>
		<Surface surfaceType="InteriorFloor" id="bw-surface-0" >
			<CADOjectId>none</CADOjectId>
			<AdjacentSpaceId spaceIdRef="bw-space-0" />
			<PlanarGeometry>
				<PolyLoop>
					<CartesianPoint>
						<Coordinate>-261.2132</Coordinate>
						<Coordinate>240</Coordinate>
						<Coordinate>384</Coordinate>
					</CartesianPoint>
					<CartesianPoint>
						<Coordinate>-240</Coordinate>
						<Coordinate>240</Coordinate>
						<Coordinate>384</Coordinate>
					</CartesianPoint>
					<CartesianPoint>
						<Coordinate>-183.4315</Coordinate>
						<Coordinate>183.4315</Coordinate>
						<Coordinate>384</Coordinate>
					</CartesianPoint>
					<CartesianPoint>
						<Coordinate>-183.4315</Coordinate>
						<Coordinate>162.2183</Coordinate>
						<Coordinate>384</Coordinate>
					</CartesianPoint>
				</PolyLoop>
			</PlanarGeometry>
		</Surface>
		<Surface surfaceType="InteriorWall" id="bw-surface-0" >
			<CADOjectId>none</CADOjectId>
			<AdjacentSpaceId spaceIdRef="bw-space-0" />
			<PlanarGeometry>
				<PolyLoop>
					<CartesianPoint>
						<Coordinate>-240</Coordinate>
						<Coordinate>240</Coordinate>
						<Coordinate>384</Coordinate>
					</CartesianPoint>
					<CartesianPoint>
						<Coordinate>-240</Coordinate>
						<Coordinate>240</Coordinate>
						<Coordinate>396</Coordinate>
					</CartesianPoint>
					<CartesianPoint>
						<Coordinate>-183.4315</Coordinate>
						<Coordinate>183.4315</Coordinate>
						<Coordinate>396</Coordinate>
					</CartesianPoint>
					<CartesianPoint>
						<Coordinate>-183.4315</Coordinate>
						<Coordinate>183.4315</Coordinate>
						<Coordinate>384</Coordinate>
					</CartesianPoint>
				</PolyLoop>
			</PlanarGeometry>
		</Surface>
		<Surface surfaceType="ExteriorWall" id="bw-surface-0" >
			<CADOjectId>none</CADOjectId>
			<AdjacentSpaceId spaceIdRef="bw-space-0" />
			<PlanarGeometry>
				<PolyLoop>
					<CartesianPoint>
						<Coordinate>-261.2132</Coordinate>
						<Coordinate>240</Coordinate>
						<Coordinate>396</Coordinate>
					</CartesianPoint>
					<CartesianPoint>
						<Coordinate>-261.2132</Coordinate>
						<Coordinate>240</Coordinate>
						<Coordinate>384</Coordinate>
					</CartesianPoint>
					<CartesianPoint>
						<Coordinate>-183.4315</Coordinate>
						<Coordinate>162.2183</Coordinate>
						<Coordinate>384</Coordinate>
					</CartesianPoint>
					<CartesianPoint>
						<Coordinate>-183.4315</Coordinate>
						<Coordinate>162.2183</Coordinate>
						<Coordinate>396</Coordinate>
					</CartesianPoint>
				</PolyLoop>
			</PlanarGeometry>
			<Opening openingType="OperableWindow" id="bw-opening-0" >
				<PlanarGeometry>
					<PolyLoop>
					<CartesianPoint>
						<Coordinate>-246.8236</Coordinate>
						<Coordinate>225.6104</Coordinate>
						<Coordinate>393.78</Coordinate>
					</CartesianPoint>
					<CartesianPoint>
						<Coordinate>-246.8236</Coordinate>
						<Coordinate>225.6104</Coordinate>
						<Coordinate>386.22</Coordinate>
					</CartesianPoint>
					<CartesianPoint>
						<Coordinate>-197.8211</Coordinate>
						<Coordinate>176.6079</Coordinate>
						<Coordinate>386.22</Coordinate>
					</CartesianPoint>
					<CartesianPoint>
						<Coordinate>-197.8211</Coordinate>
						<Coordinate>176.6079</Coordinate>
						<Coordinate>393.78</Coordinate>
					</CartesianPoint>
					</PolyLoop>
				</PlanarGeometry>
			</Opening>
		</Surface>
		<Surface surfaceType="InteriorWall" id="bw-surface-0" >
			<CADOjectId>none</CADOjectId>
			<AdjacentSpaceId spaceIdRef="bw-space-0" />
			<PlanarGeometry>
				<PolyLoop>
					<CartesianPoint>
						<Coordinate>-240</Coordinate>
						<Coordinate>240</Coordinate>
						<Coordinate>384</Coordinate>
					</CartesianPoint>
					<CartesianPoint>
						<Coordinate>-261.2132</Coordinate>
						<Coordinate>240</Coordinate>
						<Coordinate>384</Coordinate>
					</CartesianPoint>
					<CartesianPoint>
						<Coordinate>-261.2132</Coordinate>
						<Coordinate>240</Coordinate>
						<Coordinate>396</Coordinate>
					</CartesianPoint>
					<CartesianPoint>
						<Coordinate>-240</Coordinate>
						<Coordinate>240</Coordinate>
						<Coordinate>396</Coordinate>
					</CartesianPoint>
				</PolyLoop>
			</PlanarGeometry>
		</Surface>
		<Surface surfaceType="InteriorFloor" id="bw-surface-1" >
			<CADOjectId>none</CADOjectId>
			<AdjacentSpaceId spaceIdRef="bw-space-1" />
			<PlanarGeometry>
				<PolyLoop>
					<CartesianPoint>
						<Coordinate>-183.4315</Coordinate>
						<Coordinate>162.2183</Coordinate>
						<Coordinate>384</Coordinate>
					</CartesianPoint>
					<CartesianPoint>
						<Coordinate>-183.4315</Coordinate>
						<Coordinate>183.4315</Coordinate>
						<Coordinate>384</Coordinate>
					</CartesianPoint>
					<CartesianPoint>
						<Coordinate>-112.7208</Coordinate>
						<Coordinate>254.1421</Coordinate>
						<Coordinate>384</Coordinate>
					</CartesianPoint>
					<CartesianPoint>
						<Coordinate>-91.5076</Coordinate>
						<Coordinate>254.1421</Coordinate>
						<Coordinate>384</Coordinate>
					</CartesianPoint>
				</PolyLoop>
			</PlanarGeometry>
		</Surface>
		<Surface surfaceType="InteriorWall" id="bw-surface-1" >
			<CADOjectId>none</CADOjectId>
			<AdjacentSpaceId spaceIdRef="bw-space-1" />
			<PlanarGeometry>
				<PolyLoop>
					<CartesianPoint>
						<Coordinate>-183.4315</Coordinate>
						<Coordinate>183.4315</Coordinate>
						<Coordinate>384</Coordinate>
					</CartesianPoint>
					<CartesianPoint>
						<Coordinate>-183.4315</Coordinate>
						<Coordinate>183.4315</Coordinate>
						<Coordinate>396</Coordinate>
					</CartesianPoint>
					<CartesianPoint>
						<Coordinate>-112.7208</Coordinate>
						<Coordinate>254.1421</Coordinate>
						<Coordinate>396</Coordinate>
					</CartesianPoint>
					<CartesianPoint>
						<Coordinate>-112.7208</Coordinate>
						<Coordinate>254.1421</Coordinate>
						<Coordinate>384</Coordinate>
					</CartesianPoint>
				</PolyLoop>
			</PlanarGeometry>
		</Surface>
		<Surface surfaceType="ExteriorWall" id="bw-surface-1" >
			<CADOjectId>none</CADOjectId>
			<AdjacentSpaceId spaceIdRef="bw-space-1" />
			<PlanarGeometry>
				<PolyLoop>
					<CartesianPoint>
						<Coordinate>-183.4315</Coordinate>
						<Coordinate>162.2183</Coordinate>
						<Coordinate>396</Coordinate>
					</CartesianPoint>
					<CartesianPoint>
						<Coordinate>-183.4315</Coordinate>
						<Coordinate>162.2183</Coordinate>
						<Coordinate>384</Coordinate>
					</CartesianPoint>
					<CartesianPoint>
						<Coordinate>-91.5076</Coordinate>
						<Coordinate>254.1421</Coordinate>
						<Coordinate>384</Coordinate>
					</CartesianPoint>
					<CartesianPoint>
						<Coordinate>-91.5076</Coordinate>
						<Coordinate>254.1421</Coordinate>
						<Coordinate>396</Coordinate>
					</CartesianPoint>
				</PolyLoop>
			</PlanarGeometry>
			<Opening openingType="OperableWindow" id="bw-opening-1" >
				<PlanarGeometry>
					<PolyLoop>
					<CartesianPoint>
						<Coordinate>-166.4255</Coordinate>
						<Coordinate>179.2242</Coordinate>
						<Coordinate>393.78</Coordinate>
					</CartesianPoint>
					<CartesianPoint>
						<Coordinate>-166.4255</Coordinate>
						<Coordinate>179.2242</Coordinate>
						<Coordinate>386.22</Coordinate>
					</CartesianPoint>
					<CartesianPoint>
						<Coordinate>-108.5135</Coordinate>
						<Coordinate>237.1362</Coordinate>
						<Coordinate>386.22</Coordinate>
					</CartesianPoint>
					<CartesianPoint>
						<Coordinate>-108.5135</Coordinate>
						<Coordinate>237.1362</Coordinate>
						<Coordinate>393.78</Coordinate>
					</CartesianPoint>
					</PolyLoop>
				</PlanarGeometry>
			</Opening>
		</Surface>
		<Surface surfaceType="InteriorWall" id="bw-surface-1" >
			<CADOjectId>none</CADOjectId>
			<AdjacentSpaceId spaceIdRef="bw-space-1" />
			<PlanarGeometry>
				<PolyLoop>
					<CartesianPoint>
						<Coordinate>-183.4315</Coordinate>
						<Coordinate>183.4315</Coordinate>
						<Coordinate>384</Coordinate>
					</CartesianPoint>
					<CartesianPoint>
						<Coordinate>-183.4315</Coordinate>
						<Coordinate>162.2183</Coordinate>
						<Coordinate>384</Coordinate>
					</CartesianPoint>
					<CartesianPoint>
						<Coordinate>-183.4315</Coordinate>
						<Coordinate>162.2183</Coordinate>
						<Coordinate>396</Coordinate>
					</CartesianPoint>
					<CartesianPoint>
						<Coordinate>-183.4315</Coordinate>
						<Coordinate>183.4315</Coordinate>
						<Coordinate>396</Coordinate>
					</CartesianPoint>
				</PolyLoop>
			</PlanarGeometry>
		</Surface>
		<Surface surfaceType="InteriorFloor" id="bw-surface-2" >
			<CADOjectId>none</CADOjectId>
			<AdjacentSpaceId spaceIdRef="bw-space-2" />
			<PlanarGeometry>
				<PolyLoop>
					<CartesianPoint>
						<Coordinate>-91.5076</Coordinate>
						<Coordinate>254.1421</Coordinate>
						<Coordinate>384</Coordinate>
					</CartesianPoint>
					<CartesianPoint>
						<Coordinate>-112.7208</Coordinate>
						<Coordinate>254.1421</Coordinate>
						<Coordinate>384</Coordinate>
					</CartesianPoint>
					<CartesianPoint>
						<Coordinate>-169.2893</Coordinate>
						<Coordinate>310.7107</Coordinate>
						<Coordinate>384</Coordinate>
					</CartesianPoint>
					<CartesianPoint>
						<Coordinate>-169.2893</Coordinate>
						<Coordinate>331.9239</Coordinate>
						<Coordinate>384</Coordinate>
					</CartesianPoint>
				</PolyLoop>
			</PlanarGeometry>
		</Surface>
		<Surface surfaceType="InteriorWall" id="bw-surface-2" >
			<CADOjectId>none</CADOjectId>
			<AdjacentSpaceId spaceIdRef="bw-space-2" />
			<PlanarGeometry>
				<PolyLoop>
					<CartesianPoint>
						<Coordinate>-112.7208</Coordinate>
						<Coordinate>254.1421</Coordinate>
						<Coordinate>384</Coordinate>
					</CartesianPoint>
					<CartesianPoint>
						<Coordinate>-112.7208</Coordinate>
						<Coordinate>254.1421</Coordinate>
						<Coordinate>396</Coordinate>
					</CartesianPoint>
					<CartesianPoint>
						<Coordinate>-169.2893</Coordinate>
						<Coordinate>310.7107</Coordinate>
						<Coordinate>396</Coordinate>
					</CartesianPoint>
					<CartesianPoint>
						<Coordinate>-169.2893</Coordinate>
						<Coordinate>310.7107</Coordinate>
						<Coordinate>384</Coordinate>
					</CartesianPoint>
				</PolyLoop>
			</PlanarGeometry>
		</Surface>
		<Surface surfaceType="ExteriorWall" id="bw-surface-2" >
			<CADOjectId>none</CADOjectId>
			<AdjacentSpaceId spaceIdRef="bw-space-2" />
			<PlanarGeometry>
				<PolyLoop>
					<CartesianPoint>
						<Coordinate>-91.5076</Coordinate>
						<Coordinate>254.1421</Coordinate>
						<Coordinate>396</Coordinate>
					</CartesianPoint>
					<CartesianPoint>
						<Coordinate>-91.5076</Coordinate>
						<Coordinate>254.1421</Coordinate>
						<Coordinate>384</Coordinate>
					</CartesianPoint>
					<CartesianPoint>
						<Coordinate>-169.2893</Coordinate>
						<Coordinate>331.9239</Coordinate>
						<Coordinate>384</Coordinate>
					</CartesianPoint>
					<CartesianPoint>
						<Coordinate>-169.2893</Coordinate>
						<Coordinate>331.9239</Coordinate>
						<Coordinate>396</Coordinate>
					</CartesianPoint>
				</PolyLoop>
			</PlanarGeometry>
			<Opening openingType="OperableWindow" id="bw-opening-2" >
				<PlanarGeometry>
					<PolyLoop>
					<CartesianPoint>
						<Coordinate>-105.8972</Coordinate>
						<Coordinate>268.5318</Coordinate>
						<Coordinate>393.78</Coordinate>
					</CartesianPoint>
					<CartesianPoint>
						<Coordinate>-105.8972</Coordinate>
						<Coordinate>268.5318</Coordinate>
						<Coordinate>386.22</Coordinate>
					</CartesianPoint>
					<CartesianPoint>
						<Coordinate>-154.8997</Coordinate>
						<Coordinate>317.5343</Coordinate>
						<Coordinate>386.22</Coordinate>
					</CartesianPoint>
					<CartesianPoint>
						<Coordinate>-154.8997</Coordinate>
						<Coordinate>317.5343</Coordinate>
						<Coordinate>393.78</Coordinate>
					</CartesianPoint>
					</PolyLoop>
				</PlanarGeometry>
			</Opening>
		</Surface>
		<Surface surfaceType="InteriorWall" id="bw-surface-2" >
			<CADOjectId>none</CADOjectId>
			<AdjacentSpaceId spaceIdRef="bw-space-2" />
			<PlanarGeometry>
				<PolyLoop>
					<CartesianPoint>
						<Coordinate>-112.7208</Coordinate>
						<Coordinate>254.1421</Coordinate>
						<Coordinate>384</Coordinate>
					</CartesianPoint>
					<CartesianPoint>
						<Coordinate>-91.5076</Coordinate>
						<Coordinate>254.1421</Coordinate>
						<Coordinate>384</Coordinate>
					</CartesianPoint>
					<CartesianPoint>
						<Coordinate>-91.5076</Coordinate>
						<Coordinate>254.1421</Coordinate>
						<Coordinate>396</Coordinate>
					</CartesianPoint>
					<CartesianPoint>
						<Coordinate>-112.7208</Coordinate>
						<Coordinate>254.1421</Coordinate>
						<Coordinate>396</Coordinate>
					</CartesianPoint>
				</PolyLoop>
			</PlanarGeometry>
		</Surface>
		<Surface surfaceType="InteriorFloor" id="bw-surface-3" >
			<CADOjectId>none</CADOjectId>
			<AdjacentSpaceId spaceIdRef="bw-space-3" />
			<PlanarGeometry>
				<PolyLoop>
					<CartesianPoint>
						<Coordinate>-169.2893</Coordinate>
						<Coordinate>331.9239</Coordinate>
						<Coordinate>384</Coordinate>
					</CartesianPoint>
					<CartesianPoint>
						<Coordinate>-169.2893</Coordinate>
						<Coordinate>310.7107</Coordinate>
						<Coordinate>384</Coordinate>
					</CartesianPoint>
					<CartesianPoint>
						<Coordinate>-240</Coordinate>
						<Coordinate>240</Coordinate>
						<Coordinate>384</Coordinate>
					</CartesianPoint>
					<CartesianPoint>
						<Coordinate>-261.2132</Coordinate>
						<Coordinate>240</Coordinate>
						<Coordinate>384</Coordinate>
					</CartesianPoint>
				</PolyLoop>
			</PlanarGeometry>
		</Surface>
		<Surface surfaceType="InteriorWall" id="bw-surface-3" >
			<CADOjectId>none</CADOjectId>
			<AdjacentSpaceId spaceIdRef="bw-space-3" />
			<PlanarGeometry>
				<PolyLoop>
					<CartesianPoint>
						<Coordinate>-169.2893</Coordinate>
						<Coordinate>310.7107</Coordinate>
						<Coordinate>384</Coordinate>
					</CartesianPoint>
					<CartesianPoint>
						<Coordinate>-169.2893</Coordinate>
						<Coordinate>310.7107</Coordinate>
						<Coordinate>396</Coordinate>
					</CartesianPoint>
					<CartesianPoint>
						<Coordinate>-240</Coordinate>
						<Coordinate>240</Coordinate>
						<Coordinate>396</Coordinate>
					</CartesianPoint>
					<CartesianPoint>
						<Coordinate>-240</Coordinate>
						<Coordinate>240</Coordinate>
						<Coordinate>384</Coordinate>
					</CartesianPoint>
				</PolyLoop>
			</PlanarGeometry>
		</Surface>
		<Surface surfaceType="ExteriorWall" id="bw-surface-3" >
			<CADOjectId>none</CADOjectId>
			<AdjacentSpaceId spaceIdRef="bw-space-3" />
			<PlanarGeometry>
				<PolyLoop>
					<CartesianPoint>
						<Coordinate>-169.2893</Coordinate>
						<Coordinate>331.9239</Coordinate>
						<Coordinate>396</Coordinate>
					</CartesianPoint>
					<CartesianPoint>
						<Coordinate>-169.2893</Coordinate>
						<Coordinate>331.9239</Coordinate>
						<Coordinate>384</Coordinate>
					</CartesianPoint>
					<CartesianPoint>
						<Coordinate>-261.2132</Coordinate>
						<Coordinate>240</Coordinate>
						<Coordinate>384</Coordinate>
					</CartesianPoint>
					<CartesianPoint>
						<Coordinate>-261.2132</Coordinate>
						<Coordinate>240</Coordinate>
						<Coordinate>396</Coordinate>
					</CartesianPoint>
				</PolyLoop>
			</PlanarGeometry>
			<Opening openingType="OperableWindow" id="bw-opening-3" >
				<PlanarGeometry>
					<PolyLoop>
					<CartesianPoint>
						<Coordinate>-186.2952</Coordinate>
						<Coordinate>314.918</Coordinate>
						<Coordinate>393.78</Coordinate>
					</CartesianPoint>
					<CartesianPoint>
						<Coordinate>-186.2952</Coordinate>
						<Coordinate>314.918</Coordinate>
						<Coordinate>386.22</Coordinate>
					</CartesianPoint>
					<CartesianPoint>
						<Coordinate>-244.2073</Coordinate>
						<Coordinate>257.0059</Coordinate>
						<Coordinate>386.22</Coordinate>
					</CartesianPoint>
					<CartesianPoint>
						<Coordinate>-244.2073</Coordinate>
						<Coordinate>257.0059</Coordinate>
						<Coordinate>393.78</Coordinate>
					</CartesianPoint>
					</PolyLoop>
				</PlanarGeometry>
			</Opening>
		</Surface>
		<Surface surfaceType="InteriorWall" id="bw-surface-3" >
			<CADOjectId>none</CADOjectId>
			<AdjacentSpaceId spaceIdRef="bw-space-3" />
			<PlanarGeometry>
				<PolyLoop>
					<CartesianPoint>
						<Coordinate>-169.2893</Coordinate>
						<Coordinate>310.7107</Coordinate>
						<Coordinate>384</Coordinate>
					</CartesianPoint>
					<CartesianPoint>
						<Coordinate>-169.2893</Coordinate>
						<Coordinate>331.9239</Coordinate>
						<Coordinate>384</Coordinate>
					</CartesianPoint>
					<CartesianPoint>
						<Coordinate>-169.2893</Coordinate>
						<Coordinate>331.9239</Coordinate>
						<Coordinate>396</Coordinate>
					</CartesianPoint>
					<CartesianPoint>
						<Coordinate>-169.2893</Coordinate>
						<Coordinate>310.7107</Coordinate>
						<Coordinate>396</Coordinate>
					</CartesianPoint>
				</PolyLoop>
			</PlanarGeometry>
		</Surface>
		<Surface surfaceType="Shade" id="bw-shade-building-6" >
			<Name>Box shape</Name>
			<PlanarGeometry>
				<PolyLoop>
					<CartesianPoint>
						<Coordinate>-253.8946</Coordinate>
						<Coordinate>218.5393</Coordinate>
						<Coordinate>393.78</Coordinate>
					</CartesianPoint>
					<CartesianPoint>
						<Coordinate>-204.8921</Coordinate>
						<Coordinate>169.5368</Coordinate>
						<Coordinate>393.78</Coordinate>
					</CartesianPoint>
					<CartesianPoint>
						<Coordinate>-197.8211</Coordinate>
						<Coordinate>176.6079</Coordinate>
						<Coordinate>393.78</Coordinate>
					</CartesianPoint>
					<CartesianPoint>
						<Coordinate>-246.8236</Coordinate>
						<Coordinate>225.6104</Coordinate>
						<Coordinate>393.78</Coordinate>
					</CartesianPoint>
				</PolyLoop>
			</PlanarGeometry>
		</Surface>
		<Surface surfaceType="Shade" id="bw-shade-building-8" >
			<Name>Box shape</Name>
			<PlanarGeometry>
				<PolyLoop>
					<CartesianPoint>
						<Coordinate>-159.3545</Coordinate>
						<Coordinate>172.1531</Coordinate>
						<Coordinate>393.78</Coordinate>
					</CartesianPoint>
					<CartesianPoint>
						<Coordinate>-101.4424</Coordinate>
						<Coordinate>230.0651</Coordinate>
						<Coordinate>393.78</Coordinate>
					</CartesianPoint>
					<CartesianPoint>
						<Coordinate>-108.5135</Coordinate>
						<Coordinate>237.1362</Coordinate>
						<Coordinate>393.78</Coordinate>
					</CartesianPoint>
					<CartesianPoint>
						<Coordinate>-166.4255</Coordinate>
						<Coordinate>179.2242</Coordinate>
						<Coordinate>393.78</Coordinate>
					</CartesianPoint>
				</PolyLoop>
			</PlanarGeometry>
		</Surface>
		<Surface surfaceType="Shade" id="bw-shade-building-10" >
			<Name>Box shape</Name>
			<PlanarGeometry>
				<PolyLoop>
					<CartesianPoint>
						<Coordinate>-98.8261</Coordinate>
						<Coordinate>275.6028</Coordinate>
						<Coordinate>393.78</Coordinate>
					</CartesianPoint>
					<CartesianPoint>
						<Coordinate>-147.8286</Coordinate>
						<Coordinate>324.6053</Coordinate>
						<Coordinate>393.78</Coordinate>
					</CartesianPoint>
					<CartesianPoint>
						<Coordinate>-154.8997</Coordinate>
						<Coordinate>317.5343</Coordinate>
						<Coordinate>393.78</Coordinate>
					</CartesianPoint>
					<CartesianPoint>
						<Coordinate>-105.8972</Coordinate>
						<Coordinate>268.5318</Coordinate>
						<Coordinate>393.78</Coordinate>
					</CartesianPoint>
				</PolyLoop>
			</PlanarGeometry>
		</Surface>
		<Surface surfaceType="Shade" id="bw-shade-building-12" >
			<Name>Box shape</Name>
			<PlanarGeometry>
				<PolyLoop>
					<CartesianPoint>
						<Coordinate>-193.3663</Coordinate>
						<Coordinate>321.989</Coordinate>
						<Coordinate>393.78</Coordinate>
					</CartesianPoint>
					<CartesianPoint>
						<Coordinate>-251.2784</Coordinate>
						<Coordinate>264.077</Coordinate>
						<Coordinate>393.78</Coordinate>
					</CartesianPoint>
					<CartesianPoint>
						<Coordinate>-244.2073</Coordinate>
						<Coordinate>257.0059</Coordinate>
						<Coordinate>393.78</Coordinate>
					</CartesianPoint>
					<CartesianPoint>
						<Coordinate>-186.2952</Coordinate>
						<Coordinate>314.918</Coordinate>
						<Coordinate>393.78</Coordinate>
					</CartesianPoint>
				</PolyLoop>
			</PlanarGeometry>
		</Surface>
		<Surface surfaceType="InteriorFloor" id="bw-surface-17" >
			<CADOjectId>none</CADOjectId>
			<AdjacentSpaceId spaceIdRef="bw-space-17" />
			<PlanarGeometry>
				<PolyLoop>
					<CartesianPoint>
						<Coordinate>-169.2893</Coordinate>
						<Coordinate>310.7107</Coordinate>
						<Coordinate>384</Coordinate>
					</CartesianPoint>
					<CartesianPoint>
						<Coordinate>-112.7208</Coordinate>
						<Coordinate>254.1421</Coordinate>
						<Coordinate>384</Coordinate>
					</CartesianPoint>
					<CartesianPoint>
						<Coordinate>-183.4315</Coordinate>
						<Coordinate>183.4315</Coordinate>
						<Coordinate>384</Coordinate>
					</CartesianPoint>
					<CartesianPoint>
						<Coordinate>-240</Coordinate>
						<Coordinate>240</Coordinate>
						<Coordinate>384</Coordinate>
					</CartesianPoint>
				</PolyLoop>
			</PlanarGeometry>
		</Surface>
		<Surface surfaceType="InteriorFloor" id="bw-surface-0" >
			<CADOjectId>none</CADOjectId>
			<AdjacentSpaceId spaceIdRef="bw-space-0" />
			<PlanarGeometry>
				<PolyLoop>
					<CartesianPoint>
						<Coordinate>-261.2132</Coordinate>
						<Coordinate>240</Coordinate>
						<Coordinate>408</Coordinate>
					</CartesianPoint>
					<CartesianPoint>
						<Coordinate>-240</Coordinate>
						<Coordinate>240</Coordinate>
						<Coordinate>408</Coordinate>
					</CartesianPoint>
					<CartesianPoint>
						<Coordinate>-183.4315</Coordinate>
						<Coordinate>183.4315</Coordinate>
						<Coordinate>408</Coordinate>
					</CartesianPoint>
					<CartesianPoint>
						<Coordinate>-183.4315</Coordinate>
						<Coordinate>162.2183</Coordinate>
						<Coordinate>408</Coordinate>
					</CartesianPoint>
				</PolyLoop>
			</PlanarGeometry>
		</Surface>
		<Surface surfaceType="InteriorWall" id="bw-surface-0" >
			<CADOjectId>none</CADOjectId>
			<AdjacentSpaceId spaceIdRef="bw-space-0" />
			<PlanarGeometry>
				<PolyLoop>
					<CartesianPoint>
						<Coordinate>-240</Coordinate>
						<Coordinate>240</Coordinate>
						<Coordinate>408</Coordinate>
					</CartesianPoint>
					<CartesianPoint>
						<Coordinate>-240</Coordinate>
						<Coordinate>240</Coordinate>
						<Coordinate>420</Coordinate>
					</CartesianPoint>
					<CartesianPoint>
						<Coordinate>-183.4315</Coordinate>
						<Coordinate>183.4315</Coordinate>
						<Coordinate>420</Coordinate>
					</CartesianPoint>
					<CartesianPoint>
						<Coordinate>-183.4315</Coordinate>
						<Coordinate>183.4315</Coordinate>
						<Coordinate>408</Coordinate>
					</CartesianPoint>
				</PolyLoop>
			</PlanarGeometry>
		</Surface>
		<Surface surfaceType="Roof" id="bw-surface-0" >
			<CADOjectId>none</CADOjectId>
			<AdjacentSpaceId spaceIdRef="bw-space-0" />
			<PlanarGeometry>
				<PolyLoop>
					<CartesianPoint>
						<Coordinate>-240</Coordinate>
						<Coordinate>240</Coordinate>
						<Coordinate>420</Coordinate>
					</CartesianPoint>
					<CartesianPoint>
						<Coordinate>-261.2132</Coordinate>
						<Coordinate>240</Coordinate>
						<Coordinate>420</Coordinate>
					</CartesianPoint>
					<CartesianPoint>
						<Coordinate>-183.4315</Coordinate>
						<Coordinate>162.2183</Coordinate>
						<Coordinate>420</Coordinate>
					</CartesianPoint>
					<CartesianPoint>
						<Coordinate>-183.4315</Coordinate>
						<Coordinate>183.4315</Coordinate>
						<Coordinate>420</Coordinate>
					</CartesianPoint>
				</PolyLoop>
			</PlanarGeometry>
		</Surface>
		<Surface surfaceType="ExteriorWall" id="bw-surface-0" >
			<CADOjectId>none</CADOjectId>
			<AdjacentSpaceId spaceIdRef="bw-space-0" />
			<PlanarGeometry>
				<PolyLoop>
					<CartesianPoint>
						<Coordinate>-261.2132</Coordinate>
						<Coordinate>240</Coordinate>
						<Coordinate>420</Coordinate>
					</CartesianPoint>
					<CartesianPoint>
						<Coordinate>-261.2132</Coordinate>
						<Coordinate>240</Coordinate>
						<Coordinate>408</Coordinate>
					</CartesianPoint>
					<CartesianPoint>
						<Coordinate>-183.4315</Coordinate>
						<Coordinate>162.2183</Coordinate>
						<Coordinate>408</Coordinate>
					</CartesianPoint>
					<CartesianPoint>
						<Coordinate>-183.4315</Coordinate>
						<Coordinate>162.2183</Coordinate>
						<Coordinate>420</Coordinate>
					</CartesianPoint>
				</PolyLoop>
			</PlanarGeometry>
			<Opening openingType="OperableWindow" id="bw-opening-0" >
				<PlanarGeometry>
					<PolyLoop>
					<CartesianPoint>
						<Coordinate>-246.8236</Coordinate>
						<Coordinate>225.6104</Coordinate>
						<Coordinate>417.78</Coordinate>
					</CartesianPoint>
					<CartesianPoint>
						<Coordinate>-246.8236</Coordinate>
						<Coordinate>225.6104</Coordinate>
						<Coordinate>410.22</Coordinate>
					</CartesianPoint>
					<CartesianPoint>
						<Coordinate>-197.8211</Coordinate>
						<Coordinate>176.6079</Coordinate>
						<Coordinate>410.22</Coordinate>
					</CartesianPoint>
					<CartesianPoint>
						<Coordinate>-197.8211</Coordinate>
						<Coordinate>176.6079</Coordinate>
						<Coordinate>417.78</Coordinate>
					</CartesianPoint>
					</PolyLoop>
				</PlanarGeometry>
			</Opening>
		</Surface>
		<Surface surfaceType="InteriorWall" id="bw-surface-0" >
			<CADOjectId>none</CADOjectId>
			<AdjacentSpaceId spaceIdRef="bw-space-0" />
			<PlanarGeometry>
				<PolyLoop>
					<CartesianPoint>
						<Coordinate>-240</Coordinate>
						<Coordinate>240</Coordinate>
						<Coordinate>408</Coordinate>
					</CartesianPoint>
					<CartesianPoint>
						<Coordinate>-261.2132</Coordinate>
						<Coordinate>240</Coordinate>
						<Coordinate>408</Coordinate>
					</CartesianPoint>
					<CartesianPoint>
						<Coordinate>-261.2132</Coordinate>
						<Coordinate>240</Coordinate>
						<Coordinate>420</Coordinate>
					</CartesianPoint>
					<CartesianPoint>
						<Coordinate>-240</Coordinate>
						<Coordinate>240</Coordinate>
						<Coordinate>420</Coordinate>
					</CartesianPoint>
				</PolyLoop>
			</PlanarGeometry>
		</Surface>
		<Surface surfaceType="InteriorFloor" id="bw-surface-1" >
			<CADOjectId>none</CADOjectId>
			<AdjacentSpaceId spaceIdRef="bw-space-1" />
			<PlanarGeometry>
				<PolyLoop>
					<CartesianPoint>
						<Coordinate>-183.4315</Coordinate>
						<Coordinate>162.2183</Coordinate>
						<Coordinate>408</Coordinate>
					</CartesianPoint>
					<CartesianPoint>
						<Coordinate>-183.4315</Coordinate>
						<Coordinate>183.4315</Coordinate>
						<Coordinate>408</Coordinate>
					</CartesianPoint>
					<CartesianPoint>
						<Coordinate>-112.7208</Coordinate>
						<Coordinate>254.1421</Coordinate>
						<Coordinate>408</Coordinate>
					</CartesianPoint>
					<CartesianPoint>
						<Coordinate>-91.5076</Coordinate>
						<Coordinate>254.1421</Coordinate>
						<Coordinate>408</Coordinate>
					</CartesianPoint>
				</PolyLoop>
			</PlanarGeometry>
		</Surface>
		<Surface surfaceType="InteriorWall" id="bw-surface-1" >
			<CADOjectId>none</CADOjectId>
			<AdjacentSpaceId spaceIdRef="bw-space-1" />
			<PlanarGeometry>
				<PolyLoop>
					<CartesianPoint>
						<Coordinate>-183.4315</Coordinate>
						<Coordinate>183.4315</Coordinate>
						<Coordinate>408</Coordinate>
					</CartesianPoint>
					<CartesianPoint>
						<Coordinate>-183.4315</Coordinate>
						<Coordinate>183.4315</Coordinate>
						<Coordinate>420</Coordinate>
					</CartesianPoint>
					<CartesianPoint>
						<Coordinate>-112.7208</Coordinate>
						<Coordinate>254.1421</Coordinate>
						<Coordinate>420</Coordinate>
					</CartesianPoint>
					<CartesianPoint>
						<Coordinate>-112.7208</Coordinate>
						<Coordinate>254.1421</Coordinate>
						<Coordinate>408</Coordinate>
					</CartesianPoint>
				</PolyLoop>
			</PlanarGeometry>
		</Surface>
		<Surface surfaceType="Roof" id="bw-surface-1" >
			<CADOjectId>none</CADOjectId>
			<AdjacentSpaceId spaceIdRef="bw-space-1" />
			<PlanarGeometry>
				<PolyLoop>
					<CartesianPoint>
						<Coordinate>-183.4315</Coordinate>
						<Coordinate>183.4315</Coordinate>
						<Coordinate>420</Coordinate>
					</CartesianPoint>
					<CartesianPoint>
						<Coordinate>-183.4315</Coordinate>
						<Coordinate>162.2183</Coordinate>
						<Coordinate>420</Coordinate>
					</CartesianPoint>
					<CartesianPoint>
						<Coordinate>-91.5076</Coordinate>
						<Coordinate>254.1421</Coordinate>
						<Coordinate>420</Coordinate>
					</CartesianPoint>
					<CartesianPoint>
						<Coordinate>-112.7208</Coordinate>
						<Coordinate>254.1421</Coordinate>
						<Coordinate>420</Coordinate>
					</CartesianPoint>
				</PolyLoop>
			</PlanarGeometry>
		</Surface>
		<Surface surfaceType="ExteriorWall" id="bw-surface-1" >
			<CADOjectId>none</CADOjectId>
			<AdjacentSpaceId spaceIdRef="bw-space-1" />
			<PlanarGeometry>
				<PolyLoop>
					<CartesianPoint>
						<Coordinate>-183.4315</Coordinate>
						<Coordinate>162.2183</Coordinate>
						<Coordinate>420</Coordinate>
					</CartesianPoint>
					<CartesianPoint>
						<Coordinate>-183.4315</Coordinate>
						<Coordinate>162.2183</Coordinate>
						<Coordinate>408</Coordinate>
					</CartesianPoint>
					<CartesianPoint>
						<Coordinate>-91.5076</Coordinate>
						<Coordinate>254.1421</Coordinate>
						<Coordinate>408</Coordinate>
					</CartesianPoint>
					<CartesianPoint>
						<Coordinate>-91.5076</Coordinate>
						<Coordinate>254.1421</Coordinate>
						<Coordinate>420</Coordinate>
					</CartesianPoint>
				</PolyLoop>
			</PlanarGeometry>
			<Opening openingType="OperableWindow" id="bw-opening-1" >
				<PlanarGeometry>
					<PolyLoop>
					<CartesianPoint>
						<Coordinate>-166.4255</Coordinate>
						<Coordinate>179.2242</Coordinate>
						<Coordinate>417.78</Coordinate>
					</CartesianPoint>
					<CartesianPoint>
						<Coordinate>-166.4255</Coordinate>
						<Coordinate>179.2242</Coordinate>
						<Coordinate>410.22</Coordinate>
					</CartesianPoint>
					<CartesianPoint>
						<Coordinate>-108.5135</Coordinate>
						<Coordinate>237.1362</Coordinate>
						<Coordinate>410.22</Coordinate>
					</CartesianPoint>
					<CartesianPoint>
						<Coordinate>-108.5135</Coordinate>
						<Coordinate>237.1362</Coordinate>
						<Coordinate>417.78</Coordinate>
					</CartesianPoint>
					</PolyLoop>
				</PlanarGeometry>
			</Opening>
		</Surface>
		<Surface surfaceType="InteriorWall" id="bw-surface-1" >
			<CADOjectId>none</CADOjectId>
			<AdjacentSpaceId spaceIdRef="bw-space-1" />
			<PlanarGeometry>
				<PolyLoop>
					<CartesianPoint>
						<Coordinate>-183.4315</Coordinate>
						<Coordinate>183.4315</Coordinate>
						<Coordinate>408</Coordinate>
					</CartesianPoint>
					<CartesianPoint>
						<Coordinate>-183.4315</Coordinate>
						<Coordinate>162.2183</Coordinate>
						<Coordinate>408</Coordinate>
					</CartesianPoint>
					<CartesianPoint>
						<Coordinate>-183.4315</Coordinate>
						<Coordinate>162.2183</Coordinate>
						<Coordinate>420</Coordinate>
					</CartesianPoint>
					<CartesianPoint>
						<Coordinate>-183.4315</Coordinate>
						<Coordinate>183.4315</Coordinate>
						<Coordinate>420</Coordinate>
					</CartesianPoint>
				</PolyLoop>
			</PlanarGeometry>
		</Surface>
		<Surface surfaceType="InteriorFloor" id="bw-surface-2" >
			<CADOjectId>none</CADOjectId>
			<AdjacentSpaceId spaceIdRef="bw-space-2" />
			<PlanarGeometry>
				<PolyLoop>
					<CartesianPoint>
						<Coordinate>-91.5076</Coordinate>
						<Coordinate>254.1421</Coordinate>
						<Coordinate>408</Coordinate>
					</CartesianPoint>
					<CartesianPoint>
						<Coordinate>-112.7208</Coordinate>
						<Coordinate>254.1421</Coordinate>
						<Coordinate>408</Coordinate>
					</CartesianPoint>
					<CartesianPoint>
						<Coordinate>-169.2893</Coordinate>
						<Coordinate>310.7107</Coordinate>
						<Coordinate>408</Coordinate>
					</CartesianPoint>
					<CartesianPoint>
						<Coordinate>-169.2893</Coordinate>
						<Coordinate>331.9239</Coordinate>
						<Coordinate>408</Coordinate>
					</CartesianPoint>
				</PolyLoop>
			</PlanarGeometry>
		</Surface>
		<Surface surfaceType="InteriorWall" id="bw-surface-2" >
			<CADOjectId>none</CADOjectId>
			<AdjacentSpaceId spaceIdRef="bw-space-2" />
			<PlanarGeometry>
				<PolyLoop>
					<CartesianPoint>
						<Coordinate>-112.7208</Coordinate>
						<Coordinate>254.1421</Coordinate>
						<Coordinate>408</Coordinate>
					</CartesianPoint>
					<CartesianPoint>
						<Coordinate>-112.7208</Coordinate>
						<Coordinate>254.1421</Coordinate>
						<Coordinate>420</Coordinate>
					</CartesianPoint>
					<CartesianPoint>
						<Coordinate>-169.2893</Coordinate>
						<Coordinate>310.7107</Coordinate>
						<Coordinate>420</Coordinate>
					</CartesianPoint>
					<CartesianPoint>
						<Coordinate>-169.2893</Coordinate>
						<Coordinate>310.7107</Coordinate>
						<Coordinate>408</Coordinate>
					</CartesianPoint>
				</PolyLoop>
			</PlanarGeometry>
		</Surface>
		<Surface surfaceType="Roof" id="bw-surface-2" >
			<CADOjectId>none</CADOjectId>
			<AdjacentSpaceId spaceIdRef="bw-space-2" />
			<PlanarGeometry>
				<PolyLoop>
					<CartesianPoint>
						<Coordinate>-112.7208</Coordinate>
						<Coordinate>254.1421</Coordinate>
						<Coordinate>420</Coordinate>
					</CartesianPoint>
					<CartesianPoint>
						<Coordinate>-91.5076</Coordinate>
						<Coordinate>254.1421</Coordinate>
						<Coordinate>420</Coordinate>
					</CartesianPoint>
					<CartesianPoint>
						<Coordinate>-169.2893</Coordinate>
						<Coordinate>331.9239</Coordinate>
						<Coordinate>420</Coordinate>
					</CartesianPoint>
					<CartesianPoint>
						<Coordinate>-169.2893</Coordinate>
						<Coordinate>310.7107</Coordinate>
						<Coordinate>420</Coordinate>
					</CartesianPoint>
				</PolyLoop>
			</PlanarGeometry>
		</Surface>
		<Surface surfaceType="ExteriorWall" id="bw-surface-2" >
			<CADOjectId>none</CADOjectId>
			<AdjacentSpaceId spaceIdRef="bw-space-2" />
			<PlanarGeometry>
				<PolyLoop>
					<CartesianPoint>
						<Coordinate>-91.5076</Coordinate>
						<Coordinate>254.1421</Coordinate>
						<Coordinate>420</Coordinate>
					</CartesianPoint>
					<CartesianPoint>
						<Coordinate>-91.5076</Coordinate>
						<Coordinate>254.1421</Coordinate>
						<Coordinate>408</Coordinate>
					</CartesianPoint>
					<CartesianPoint>
						<Coordinate>-169.2893</Coordinate>
						<Coordinate>331.9239</Coordinate>
						<Coordinate>408</Coordinate>
					</CartesianPoint>
					<CartesianPoint>
						<Coordinate>-169.2893</Coordinate>
						<Coordinate>331.9239</Coordinate>
						<Coordinate>420</Coordinate>
					</CartesianPoint>
				</PolyLoop>
			</PlanarGeometry>
			<Opening openingType="OperableWindow" id="bw-opening-2" >
				<PlanarGeometry>
					<PolyLoop>
					<CartesianPoint>
						<Coordinate>-105.8972</Coordinate>
						<Coordinate>268.5318</Coordinate>
						<Coordinate>417.78</Coordinate>
					</CartesianPoint>
					<CartesianPoint>
						<Coordinate>-105.8972</Coordinate>
						<Coordinate>268.5318</Coordinate>
						<Coordinate>410.22</Coordinate>
					</CartesianPoint>
					<CartesianPoint>
						<Coordinate>-154.8997</Coordinate>
						<Coordinate>317.5343</Coordinate>
						<Coordinate>410.22</Coordinate>
					</CartesianPoint>
					<CartesianPoint>
						<Coordinate>-154.8997</Coordinate>
						<Coordinate>317.5343</Coordinate>
						<Coordinate>417.78</Coordinate>
					</CartesianPoint>
					</PolyLoop>
				</PlanarGeometry>
			</Opening>
		</Surface>
		<Surface surfaceType="InteriorWall" id="bw-surface-2" >
			<CADOjectId>none</CADOjectId>
			<AdjacentSpaceId spaceIdRef="bw-space-2" />
			<PlanarGeometry>
				<PolyLoop>
					<CartesianPoint>
						<Coordinate>-112.7208</Coordinate>
						<Coordinate>254.1421</Coordinate>
						<Coordinate>408</Coordinate>
					</CartesianPoint>
					<CartesianPoint>
						<Coordinate>-91.5076</Coordinate>
						<Coordinate>254.1421</Coordinate>
						<Coordinate>408</Coordinate>
					</CartesianPoint>
					<CartesianPoint>
						<Coordinate>-91.5076</Coordinate>
						<Coordinate>254.1421</Coordinate>
						<Coordinate>420</Coordinate>
					</CartesianPoint>
					<CartesianPoint>
						<Coordinate>-112.7208</Coordinate>
						<Coordinate>254.1421</Coordinate>
						<Coordinate>420</Coordinate>
					</CartesianPoint>
				</PolyLoop>
			</PlanarGeometry>
		</Surface>
		<Surface surfaceType="InteriorFloor" id="bw-surface-3" >
			<CADOjectId>none</CADOjectId>
			<AdjacentSpaceId spaceIdRef="bw-space-3" />
			<PlanarGeometry>
				<PolyLoop>
					<CartesianPoint>
						<Coordinate>-169.2893</Coordinate>
						<Coordinate>331.9239</Coordinate>
						<Coordinate>408</Coordinate>
					</CartesianPoint>
					<CartesianPoint>
						<Coordinate>-169.2893</Coordinate>
						<Coordinate>310.7107</Coordinate>
						<Coordinate>408</Coordinate>
					</CartesianPoint>
					<CartesianPoint>
						<Coordinate>-240</Coordinate>
						<Coordinate>240</Coordinate>
						<Coordinate>408</Coordinate>
					</CartesianPoint>
					<CartesianPoint>
						<Coordinate>-261.2132</Coordinate>
						<Coordinate>240</Coordinate>
						<Coordinate>408</Coordinate>
					</CartesianPoint>
				</PolyLoop>
			</PlanarGeometry>
		</Surface>
		<Surface surfaceType="InteriorWall" id="bw-surface-3" >
			<CADOjectId>none</CADOjectId>
			<AdjacentSpaceId spaceIdRef="bw-space-3" />
			<PlanarGeometry>
				<PolyLoop>
					<CartesianPoint>
						<Coordinate>-169.2893</Coordinate>
						<Coordinate>310.7107</Coordinate>
						<Coordinate>408</Coordinate>
					</CartesianPoint>
					<CartesianPoint>
						<Coordinate>-169.2893</Coordinate>
						<Coordinate>310.7107</Coordinate>
						<Coordinate>420</Coordinate>
					</CartesianPoint>
					<CartesianPoint>
						<Coordinate>-240</Coordinate>
						<Coordinate>240</Coordinate>
						<Coordinate>420</Coordinate>
					</CartesianPoint>
					<CartesianPoint>
						<Coordinate>-240</Coordinate>
						<Coordinate>240</Coordinate>
						<Coordinate>408</Coordinate>
					</CartesianPoint>
				</PolyLoop>
			</PlanarGeometry>
		</Surface>
		<Surface surfaceType="Roof" id="bw-surface-3" >
			<CADOjectId>none</CADOjectId>
			<AdjacentSpaceId spaceIdRef="bw-space-3" />
			<PlanarGeometry>
				<PolyLoop>
					<CartesianPoint>
						<Coordinate>-169.2893</Coordinate>
						<Coordinate>310.7107</Coordinate>
						<Coordinate>420</Coordinate>
					</CartesianPoint>
					<CartesianPoint>
						<Coordinate>-169.2893</Coordinate>
						<Coordinate>331.9239</Coordinate>
						<Coordinate>420</Coordinate>
					</CartesianPoint>
					<CartesianPoint>
						<Coordinate>-261.2132</Coordinate>
						<Coordinate>240</Coordinate>
						<Coordinate>420</Coordinate>
					</CartesianPoint>
					<CartesianPoint>
						<Coordinate>-240</Coordinate>
						<Coordinate>240</Coordinate>
						<Coordinate>420</Coordinate>
					</CartesianPoint>
				</PolyLoop>
			</PlanarGeometry>
		</Surface>
		<Surface surfaceType="ExteriorWall" id="bw-surface-3" >
			<CADOjectId>none</CADOjectId>
			<AdjacentSpaceId spaceIdRef="bw-space-3" />
			<PlanarGeometry>
				<PolyLoop>
					<CartesianPoint>
						<Coordinate>-169.2893</Coordinate>
						<Coordinate>331.9239</Coordinate>
						<Coordinate>420</Coordinate>
					</CartesianPoint>
					<CartesianPoint>
						<Coordinate>-169.2893</Coordinate>
						<Coordinate>331.9239</Coordinate>
						<Coordinate>408</Coordinate>
					</CartesianPoint>
					<CartesianPoint>
						<Coordinate>-261.2132</Coordinate>
						<Coordinate>240</Coordinate>
						<Coordinate>408</Coordinate>
					</CartesianPoint>
					<CartesianPoint>
						<Coordinate>-261.2132</Coordinate>
						<Coordinate>240</Coordinate>
						<Coordinate>420</Coordinate>
					</CartesianPoint>
				</PolyLoop>
			</PlanarGeometry>
			<Opening openingType="OperableWindow" id="bw-opening-3" >
				<PlanarGeometry>
					<PolyLoop>
					<CartesianPoint>
						<Coordinate>-186.2952</Coordinate>
						<Coordinate>314.918</Coordinate>
						<Coordinate>417.78</Coordinate>
					</CartesianPoint>
					<CartesianPoint>
						<Coordinate>-186.2952</Coordinate>
						<Coordinate>314.918</Coordinate>
						<Coordinate>410.22</Coordinate>
					</CartesianPoint>
					<CartesianPoint>
						<Coordinate>-244.2073</Coordinate>
						<Coordinate>257.0059</Coordinate>
						<Coordinate>410.22</Coordinate>
					</CartesianPoint>
					<CartesianPoint>
						<Coordinate>-244.2073</Coordinate>
						<Coordinate>257.0059</Coordinate>
						<Coordinate>417.78</Coordinate>
					</CartesianPoint>
					</PolyLoop>
				</PlanarGeometry>
			</Opening>
		</Surface>
		<Surface surfaceType="InteriorWall" id="bw-surface-3" >
			<CADOjectId>none</CADOjectId>
			<AdjacentSpaceId spaceIdRef="bw-space-3" />
			<PlanarGeometry>
				<PolyLoop>
					<CartesianPoint>
						<Coordinate>-169.2893</Coordinate>
						<Coordinate>310.7107</Coordinate>
						<Coordinate>408</Coordinate>
					</CartesianPoint>
					<CartesianPoint>
						<Coordinate>-169.2893</Coordinate>
						<Coordinate>331.9239</Coordinate>
						<Coordinate>408</Coordinate>
					</CartesianPoint>
					<CartesianPoint>
						<Coordinate>-169.2893</Coordinate>
						<Coordinate>331.9239</Coordinate>
						<Coordinate>420</Coordinate>
					</CartesianPoint>
					<CartesianPoint>
						<Coordinate>-169.2893</Coordinate>
						<Coordinate>310.7107</Coordinate>
						<Coordinate>420</Coordinate>
					</CartesianPoint>
				</PolyLoop>
			</PlanarGeometry>
		</Surface>
		<Surface surfaceType="Shade" id="bw-shade-building-6" >
			<Name>Box shape</Name>
			<PlanarGeometry>
				<PolyLoop>
					<CartesianPoint>
						<Coordinate>-253.8946</Coordinate>
						<Coordinate>218.5393</Coordinate>
						<Coordinate>417.78</Coordinate>
					</CartesianPoint>
					<CartesianPoint>
						<Coordinate>-204.8921</Coordinate>
						<Coordinate>169.5368</Coordinate>
						<Coordinate>417.78</Coordinate>
					</CartesianPoint>
					<CartesianPoint>
						<Coordinate>-197.8211</Coordinate>
						<Coordinate>176.6079</Coordinate>
						<Coordinate>417.78</Coordinate>
					</CartesianPoint>
					<CartesianPoint>
						<Coordinate>-246.8236</Coordinate>
						<Coordinate>225.6104</Coordinate>
						<Coordinate>417.78</Coordinate>
					</CartesianPoint>
				</PolyLoop>
			</PlanarGeometry>
		</Surface>
		<Surface surfaceType="Shade" id="bw-shade-building-8" >
			<Name>Box shape</Name>
			<PlanarGeometry>
				<PolyLoop>
					<CartesianPoint>
						<Coordinate>-159.3545</Coordinate>
						<Coordinate>172.1531</Coordinate>
						<Coordinate>417.78</Coordinate>
					</CartesianPoint>
					<CartesianPoint>
						<Coordinate>-101.4424</Coordinate>
						<Coordinate>230.0651</Coordinate>
						<Coordinate>417.78</Coordinate>
					</CartesianPoint>
					<CartesianPoint>
						<Coordinate>-108.5135</Coordinate>
						<Coordinate>237.1362</Coordinate>
						<Coordinate>417.78</Coordinate>
					</CartesianPoint>
					<CartesianPoint>
						<Coordinate>-166.4255</Coordinate>
						<Coordinate>179.2242</Coordinate>
						<Coordinate>417.78</Coordinate>
					</CartesianPoint>
				</PolyLoop>
			</PlanarGeometry>
		</Surface>
		<Surface surfaceType="Shade" id="bw-shade-building-10" >
			<Name>Box shape</Name>
			<PlanarGeometry>
				<PolyLoop>
					<CartesianPoint>
						<Coordinate>-98.8261</Coordinate>
						<Coordinate>275.6028</Coordinate>
						<Coordinate>417.78</Coordinate>
					</CartesianPoint>
					<CartesianPoint>
						<Coordinate>-147.8286</Coordinate>
						<Coordinate>324.6053</Coordinate>
						<Coordinate>417.78</Coordinate>
					</CartesianPoint>
					<CartesianPoint>
						<Coordinate>-154.8997</Coordinate>
						<Coordinate>317.5343</Coordinate>
						<Coordinate>417.78</Coordinate>
					</CartesianPoint>
					<CartesianPoint>
						<Coordinate>-105.8972</Coordinate>
						<Coordinate>268.5318</Coordinate>
						<Coordinate>417.78</Coordinate>
					</CartesianPoint>
				</PolyLoop>
			</PlanarGeometry>
		</Surface>
		<Surface surfaceType="Shade" id="bw-shade-building-12" >
			<Name>Box shape</Name>
			<PlanarGeometry>
				<PolyLoop>
					<CartesianPoint>
						<Coordinate>-193.3663</Coordinate>
						<Coordinate>321.989</Coordinate>
						<Coordinate>417.78</Coordinate>
					</CartesianPoint>
					<CartesianPoint>
						<Coordinate>-251.2784</Coordinate>
						<Coordinate>264.077</Coordinate>
						<Coordinate>417.78</Coordinate>
					</CartesianPoint>
					<CartesianPoint>
						<Coordinate>-244.2073</Coordinate>
						<Coordinate>257.0059</Coordinate>
						<Coordinate>417.78</Coordinate>
					</CartesianPoint>
					<CartesianPoint>
						<Coordinate>-186.2952</Coordinate>
						<Coordinate>314.918</Coordinate>
						<Coordinate>417.78</Coordinate>
					</CartesianPoint>
				</PolyLoop>
			</PlanarGeometry>
		</Surface>
		<Surface surfaceType="InteriorFloor" id="bw-surface-18" >
			<CADOjectId>none</CADOjectId>
			<AdjacentSpaceId spaceIdRef="bw-space-18" />
			<PlanarGeometry>
				<PolyLoop>
					<CartesianPoint>
						<Coordinate>-169.2893</Coordinate>
						<Coordinate>310.7107</Coordinate>
						<Coordinate>408</Coordinate>
					</CartesianPoint>
					<CartesianPoint>
						<Coordinate>-112.7208</Coordinate>
						<Coordinate>254.1421</Coordinate>
						<Coordinate>408</Coordinate>
					</CartesianPoint>
					<CartesianPoint>
						<Coordinate>-183.4315</Coordinate>
						<Coordinate>183.4315</Coordinate>
						<Coordinate>408</Coordinate>
					</CartesianPoint>
					<CartesianPoint>
						<Coordinate>-240</Coordinate>
						<Coordinate>240</Coordinate>
						<Coordinate>408</Coordinate>
					</CartesianPoint>
				</PolyLoop>
			</PlanarGeometry>
		</Surface>
		<Surface surfaceType="Roof" id="bw-surface-18" >
			<CADOjectId>none</CADOjectId>
			<AdjacentSpaceId spaceIdRef="bw-space-18" />
			<PlanarGeometry>
				<PolyLoop>
					<CartesianPoint>
						<Coordinate>-169.2893</Coordinate>
						<Coordinate>310.7107</Coordinate>
						<Coordinate>624</Coordinate>
					</CartesianPoint>
					<CartesianPoint>
						<Coordinate>-112.7208</Coordinate>
						<Coordinate>254.1421</Coordinate>
						<Coordinate>624</Coordinate>
					</CartesianPoint>
					<CartesianPoint>
						<Coordinate>-183.4315</Coordinate>
						<Coordinate>183.4315</Coordinate>
						<Coordinate>624</Coordinate>
					</CartesianPoint>
					<CartesianPoint>
						<Coordinate>-240</Coordinate>
						<Coordinate>240</Coordinate>
						<Coordinate>624</Coordinate>
					</CartesianPoint>
				</PolyLoop>
			</PlanarGeometry>
		</Surface>
		<Surface surfaceType="Shade" id="bw-shade-1" >
			<Name>L shape</Name>
			<PlanarGeometry>
				<PolyLoop>
					<CartesianPoint>
						<Coordinate>-21.2132</Coordinate>
						<Coordinate>181.0744</Coordinate>
						<Coordinate>0</Coordinate>
					</CartesianPoint>
					<CartesianPoint>
						<Coordinate>110.7801</Coordinate>
						<Coordinate>181.0744</Coordinate>
						<Coordinate>0</Coordinate>
					</CartesianPoint>
					<CartesianPoint>
						<Coordinate>110.7801</Coordinate>
						<Coordinate>181.0744</Coordinate>
						<Coordinate>420</Coordinate>
					</CartesianPoint>
					<CartesianPoint>
						<Coordinate>-21.2132</Coordinate>
						<Coordinate>181.0744</Coordinate>
						<Coordinate>420</Coordinate>
					</CartesianPoint>
				</PolyLoop>
			</PlanarGeometry>
		</Surface>
		<Surface surfaceType="Shade" id="bw-shade-2" >
			<Name>L shape</Name>
			<PlanarGeometry>
				<PolyLoop>
					<CartesianPoint>
						<Coordinate>-21.2132</Coordinate>
						<Coordinate>331.9239</Coordinate>
						<Coordinate>0</Coordinate>
					</CartesianPoint>
					<CartesianPoint>
						<Coordinate>110.7801</Coordinate>
						<Coordinate>331.9239</Coordinate>
						<Coordinate>0</Coordinate>
					</CartesianPoint>
					<CartesianPoint>
						<Coordinate>110.7801</Coordinate>
						<Coordinate>331.9239</Coordinate>
						<Coordinate>420</Coordinate>
					</CartesianPoint>
					<CartesianPoint>
						<Coordinate>-21.2132</Coordinate>
						<Coordinate>331.9239</Coordinate>
						<Coordinate>420</Coordinate>
					</CartesianPoint>
				</PolyLoop>
			</PlanarGeometry>
		</Surface>
		<Surface surfaceType="Shade" id="bw-shade-3" >
			<Name>L shape</Name>
			<PlanarGeometry>
				<PolyLoop>
					<CartesianPoint>
						<Coordinate>-21.2132</Coordinate>
						<Coordinate>181.0744</Coordinate>
						<Coordinate>0</Coordinate>
					</CartesianPoint>
					<CartesianPoint>
						<Coordinate>-21.2132</Coordinate>
						<Coordinate>331.9239</Coordinate>
						<Coordinate>0</Coordinate>
					</CartesianPoint>
					<CartesianPoint>
						<Coordinate>-21.2132</Coordinate>
						<Coordinate>331.9239</Coordinate>
						<Coordinate>420</Coordinate>
					</CartesianPoint>
					<CartesianPoint>
						<Coordinate>-21.2132</Coordinate>
						<Coordinate>181.0744</Coordinate>
						<Coordinate>420</Coordinate>
					</CartesianPoint>
				</PolyLoop>
			</PlanarGeometry>
		</Surface>
		<Surface surfaceType="Shade" id="bw-shade-4" >
			<Name>L shape</Name>
			<PlanarGeometry>
				<PolyLoop>
					<CartesianPoint>
						<Coordinate>110.7801</Coordinate>
						<Coordinate>181.0744</Coordinate>
						<Coordinate>0</Coordinate>
					</CartesianPoint>
					<CartesianPoint>
						<Coordinate>110.7801</Coordinate>
						<Coordinate>331.9239</Coordinate>
						<Coordinate>0</Coordinate>
					</CartesianPoint>
					<CartesianPoint>
						<Coordinate>110.7801</Coordinate>
						<Coordinate>331.9239</Coordinate>
						<Coordinate>420</Coordinate>
					</CartesianPoint>
					<CartesianPoint>
						<Coordinate>110.7801</Coordinate>
						<Coordinate>181.0744</Coordinate>
						<Coordinate>420</Coordinate>
					</CartesianPoint>
				</PolyLoop>
			</PlanarGeometry>
		</Surface>
		<Surface surfaceType="Shade" id="bw-shade-5" >
			<Name>L shape</Name>
			<PlanarGeometry>
				<PolyLoop>
					<CartesianPoint>
						<Coordinate>-21.2132</Coordinate>
						<Coordinate>181.0744</Coordinate>
						<Coordinate>420</Coordinate>
					</CartesianPoint>
					<CartesianPoint>
						<Coordinate>110.7801</Coordinate>
						<Coordinate>181.0744</Coordinate>
						<Coordinate>420</Coordinate>
					</CartesianPoint>
					<CartesianPoint>
						<Coordinate>110.7801</Coordinate>
						<Coordinate>331.9239</Coordinate>
						<Coordinate>420</Coordinate>
					</CartesianPoint>
					<CartesianPoint>
						<Coordinate>-21.2132</Coordinate>
						<Coordinate>331.9239</Coordinate>
						<Coordinate>420</Coordinate>
					</CartesianPoint>
				</PolyLoop>
			</PlanarGeometry>
		</Surface>
		<Surface surfaceType="Shade" id="bw-shade-1" >
			<Name>T shape</Name>
			<PlanarGeometry>
				<PolyLoop>
					<CartesianPoint>
						<Coordinate>237.643</Coordinate>
						<Coordinate>181.0744</Coordinate>
						<Coordinate>0</Coordinate>
					</CartesianPoint>
					<CartesianPoint>
						<Coordinate>388.4924</Coordinate>
						<Coordinate>181.0744</Coordinate>
						<Coordinate>0</Coordinate>
					</CartesianPoint>
					<CartesianPoint>
						<Coordinate>388.4924</Coordinate>
						<Coordinate>181.0744</Coordinate>
						<Coordinate>420</Coordinate>
					</CartesianPoint>
					<CartesianPoint>
						<Coordinate>237.643</Coordinate>
						<Coordinate>181.0744</Coordinate>
						<Coordinate>420</Coordinate>
					</CartesianPoint>
				</PolyLoop>
			</PlanarGeometry>
		</Surface>
		<Surface surfaceType="Shade" id="bw-shade-2" >
			<Name>T shape</Name>
			<PlanarGeometry>
				<PolyLoop>
					<CartesianPoint>
						<Coordinate>237.643</Coordinate>
						<Coordinate>331.9239</Coordinate>
						<Coordinate>0</Coordinate>
					</CartesianPoint>
					<CartesianPoint>
						<Coordinate>388.4924</Coordinate>
						<Coordinate>331.9239</Coordinate>
						<Coordinate>0</Coordinate>
					</CartesianPoint>
					<CartesianPoint>
						<Coordinate>388.4924</Coordinate>
						<Coordinate>331.9239</Coordinate>
						<Coordinate>420</Coordinate>
					</CartesianPoint>
					<CartesianPoint>
						<Coordinate>237.643</Coordinate>
						<Coordinate>331.9239</Coordinate>
						<Coordinate>420</Coordinate>
					</CartesianPoint>
				</PolyLoop>
			</PlanarGeometry>
		</Surface>
		<Surface surfaceType="Shade" id="bw-shade-3" >
			<Name>T shape</Name>
			<PlanarGeometry>
				<PolyLoop>
					<CartesianPoint>
						<Coordinate>237.643</Coordinate>
						<Coordinate>181.0744</Coordinate>
						<Coordinate>0</Coordinate>
					</CartesianPoint>
					<CartesianPoint>
						<Coordinate>237.643</Coordinate>
						<Coordinate>331.9239</Coordinate>
						<Coordinate>0</Coordinate>
					</CartesianPoint>
					<CartesianPoint>
						<Coordinate>237.643</Coordinate>
						<Coordinate>331.9239</Coordinate>
						<Coordinate>420</Coordinate>
					</CartesianPoint>
					<CartesianPoint>
						<Coordinate>237.643</Coordinate>
						<Coordinate>181.0744</Coordinate>
						<Coordinate>420</Coordinate>
					</CartesianPoint>
				</PolyLoop>
			</PlanarGeometry>
		</Surface>
		<Surface surfaceType="Shade" id="bw-shade-4" >
			<Name>T shape</Name>
			<PlanarGeometry>
				<PolyLoop>
					<CartesianPoint>
						<Coordinate>388.4924</Coordinate>
						<Coordinate>181.0744</Coordinate>
						<Coordinate>0</Coordinate>
					</CartesianPoint>
					<CartesianPoint>
						<Coordinate>388.4924</Coordinate>
						<Coordinate>331.9239</Coordinate>
						<Coordinate>0</Coordinate>
					</CartesianPoint>
					<CartesianPoint>
						<Coordinate>388.4924</Coordinate>
						<Coordinate>331.9239</Coordinate>
						<Coordinate>420</Coordinate>
					</CartesianPoint>
					<CartesianPoint>
						<Coordinate>388.4924</Coordinate>
						<Coordinate>181.0744</Coordinate>
						<Coordinate>420</Coordinate>
					</CartesianPoint>
				</PolyLoop>
			</PlanarGeometry>
		</Surface>
		<Surface surfaceType="Shade" id="bw-shade-5" >
			<Name>T shape</Name>
			<PlanarGeometry>
				<PolyLoop>
					<CartesianPoint>
						<Coordinate>237.643</Coordinate>
						<Coordinate>181.0744</Coordinate>
						<Coordinate>420</Coordinate>
					</CartesianPoint>
					<CartesianPoint>
						<Coordinate>388.4924</Coordinate>
						<Coordinate>181.0744</Coordinate>
						<Coordinate>420</Coordinate>
					</CartesianPoint>
					<CartesianPoint>
						<Coordinate>388.4924</Coordinate>
						<Coordinate>331.9239</Coordinate>
						<Coordinate>420</Coordinate>
					</CartesianPoint>
					<CartesianPoint>
						<Coordinate>237.643</Coordinate>
						<Coordinate>331.9239</Coordinate>
						<Coordinate>420</Coordinate>
					</CartesianPoint>
				</PolyLoop>
			</PlanarGeometry>
		</Surface>
		<Surface surfaceType="Shade" id="bw-shade-1" >
			<Name>H shape</Name>
			<PlanarGeometry>
				<PolyLoop>
					<CartesianPoint>
						<Coordinate>-261.2132</Coordinate>
						<Coordinate>-77.7817</Coordinate>
						<Coordinate>0</Coordinate>
					</CartesianPoint>
					<CartesianPoint>
						<Coordinate>-91.5076</Coordinate>
						<Coordinate>-77.7817</Coordinate>
						<Coordinate>0</Coordinate>
					</CartesianPoint>
					<CartesianPoint>
						<Coordinate>-91.5076</Coordinate>
						<Coordinate>-77.7817</Coordinate>
						<Coordinate>420</Coordinate>
					</CartesianPoint>
					<CartesianPoint>
						<Coordinate>-261.2132</Coordinate>
						<Coordinate>-77.7817</Coordinate>
						<Coordinate>420</Coordinate>
					</CartesianPoint>
				</PolyLoop>
			</PlanarGeometry>
		</Surface>
		<Surface surfaceType="Shade" id="bw-shade-2" >
			<Name>H shape</Name>
			<PlanarGeometry>
				<PolyLoop>
					<CartesianPoint>
						<Coordinate>-261.2132</Coordinate>
						<Coordinate>91.9239</Coordinate>
						<Coordinate>0</Coordinate>
					</CartesianPoint>
					<CartesianPoint>
						<Coordinate>-91.5076</Coordinate>
						<Coordinate>91.9239</Coordinate>
						<Coordinate>0</Coordinate>
					</CartesianPoint>
					<CartesianPoint>
						<Coordinate>-91.5076</Coordinate>
						<Coordinate>91.9239</Coordinate>
						<Coordinate>420</Coordinate>
					</CartesianPoint>
					<CartesianPoint>
						<Coordinate>-261.2132</Coordinate>
						<Coordinate>91.9239</Coordinate>
						<Coordinate>420</Coordinate>
					</CartesianPoint>
				</PolyLoop>
			</PlanarGeometry>
		</Surface>
		<Surface surfaceType="Shade" id="bw-shade-3" >
			<Name>H shape</Name>
			<PlanarGeometry>
				<PolyLoop>
					<CartesianPoint>
						<Coordinate>-261.2132</Coordinate>
						<Coordinate>-77.7817</Coordinate>
						<Coordinate>0</Coordinate>
					</CartesianPoint>
					<CartesianPoint>
						<Coordinate>-261.2132</Coordinate>
						<Coordinate>91.9239</Coordinate>
						<Coordinate>0</Coordinate>
					</CartesianPoint>
					<CartesianPoint>
						<Coordinate>-261.2132</Coordinate>
						<Coordinate>91.9239</Coordinate>
						<Coordinate>420</Coordinate>
					</CartesianPoint>
					<CartesianPoint>
						<Coordinate>-261.2132</Coordinate>
						<Coordinate>-77.7817</Coordinate>
						<Coordinate>420</Coordinate>
					</CartesianPoint>
				</PolyLoop>
			</PlanarGeometry>
		</Surface>
		<Surface surfaceType="Shade" id="bw-shade-4" >
			<Name>H shape</Name>
			<PlanarGeometry>
				<PolyLoop>
					<CartesianPoint>
						<Coordinate>-91.5076</Coordinate>
						<Coordinate>-77.7817</Coordinate>
						<Coordinate>0</Coordinate>
					</CartesianPoint>
					<CartesianPoint>
						<Coordinate>-91.5076</Coordinate>
						<Coordinate>91.9239</Coordinate>
						<Coordinate>0</Coordinate>
					</CartesianPoint>
					<CartesianPoint>
						<Coordinate>-91.5076</Coordinate>
						<Coordinate>91.9239</Coordinate>
						<Coordinate>420</Coordinate>
					</CartesianPoint>
					<CartesianPoint>
						<Coordinate>-91.5076</Coordinate>
						<Coordinate>-77.7817</Coordinate>
						<Coordinate>420</Coordinate>
					</CartesianPoint>
				</PolyLoop>
			</PlanarGeometry>
		</Surface>
		<Surface surfaceType="Shade" id="bw-shade-5" >
			<Name>H shape</Name>
			<PlanarGeometry>
				<PolyLoop>
					<CartesianPoint>
						<Coordinate>-261.2132</Coordinate>
						<Coordinate>-77.7817</Coordinate>
						<Coordinate>420</Coordinate>
					</CartesianPoint>
					<CartesianPoint>
						<Coordinate>-91.5076</Coordinate>
						<Coordinate>-77.7817</Coordinate>
						<Coordinate>420</Coordinate>
					</CartesianPoint>
					<CartesianPoint>
						<Coordinate>-91.5076</Coordinate>
						<Coordinate>91.9239</Coordinate>
						<Coordinate>420</Coordinate>
					</CartesianPoint>
					<CartesianPoint>
						<Coordinate>-261.2132</Coordinate>
						<Coordinate>91.9239</Coordinate>
						<Coordinate>420</Coordinate>
					</CartesianPoint>
				</PolyLoop>
			</PlanarGeometry>
		</Surface>
		<Surface surfaceType="Shade" id="bw-shade-1" >
			<Name>U shape</Name>
			<PlanarGeometry>
				<PolyLoop>
					<CartesianPoint>
						<Coordinate>-21.2132</Coordinate>
						<Coordinate>-77.7817</Coordinate>
						<Coordinate>0</Coordinate>
					</CartesianPoint>
					<CartesianPoint>
						<Coordinate>148.4924</Coordinate>
						<Coordinate>-77.7817</Coordinate>
						<Coordinate>0</Coordinate>
					</CartesianPoint>
					<CartesianPoint>
						<Coordinate>148.4924</Coordinate>
						<Coordinate>-77.7817</Coordinate>
						<Coordinate>420</Coordinate>
					</CartesianPoint>
					<CartesianPoint>
						<Coordinate>-21.2132</Coordinate>
						<Coordinate>-77.7817</Coordinate>
						<Coordinate>420</Coordinate>
					</CartesianPoint>
				</PolyLoop>
			</PlanarGeometry>
		</Surface>
		<Surface surfaceType="Shade" id="bw-shade-2" >
			<Name>U shape</Name>
			<PlanarGeometry>
				<PolyLoop>
					<CartesianPoint>
						<Coordinate>-21.2132</Coordinate>
						<Coordinate>91.9239</Coordinate>
						<Coordinate>0</Coordinate>
					</CartesianPoint>
					<CartesianPoint>
						<Coordinate>148.4924</Coordinate>
						<Coordinate>91.9239</Coordinate>
						<Coordinate>0</Coordinate>
					</CartesianPoint>
					<CartesianPoint>
						<Coordinate>148.4924</Coordinate>
						<Coordinate>91.9239</Coordinate>
						<Coordinate>420</Coordinate>
					</CartesianPoint>
					<CartesianPoint>
						<Coordinate>-21.2132</Coordinate>
						<Coordinate>91.9239</Coordinate>
						<Coordinate>420</Coordinate>
					</CartesianPoint>
				</PolyLoop>
			</PlanarGeometry>
		</Surface>
		<Surface surfaceType="Shade" id="bw-shade-3" >
			<Name>U shape</Name>
			<PlanarGeometry>
				<PolyLoop>
					<CartesianPoint>
						<Coordinate>-21.2132</Coordinate>
						<Coordinate>-77.7817</Coordinate>
						<Coordinate>0</Coordinate>
					</CartesianPoint>
					<CartesianPoint>
						<Coordinate>-21.2132</Coordinate>
						<Coordinate>91.9239</Coordinate>
						<Coordinate>0</Coordinate>
					</CartesianPoint>
					<CartesianPoint>
						<Coordinate>-21.2132</Coordinate>
						<Coordinate>91.9239</Coordinate>
						<Coordinate>420</Coordinate>
					</CartesianPoint>
					<CartesianPoint>
						<Coordinate>-21.2132</Coordinate>
						<Coordinate>-77.7817</Coordinate>
						<Coordinate>420</Coordinate>
					</CartesianPoint>
				</PolyLoop>
			</PlanarGeometry>
		</Surface>
		<Surface surfaceType="Shade" id="bw-shade-4" >
			<Name>U shape</Name>
			<PlanarGeometry>
				<PolyLoop>
					<CartesianPoint>
						<Coordinate>148.4924</Coordinate>
						<Coordinate>-77.7817</Coordinate>
						<Coordinate>0</Coordinate>
					</CartesianPoint>
					<CartesianPoint>
						<Coordinate>148.4924</Coordinate>
						<Coordinate>91.9239</Coordinate>
						<Coordinate>0</Coordinate>
					</CartesianPoint>
					<CartesianPoint>
						<Coordinate>148.4924</Coordinate>
						<Coordinate>91.9239</Coordinate>
						<Coordinate>420</Coordinate>
					</CartesianPoint>
					<CartesianPoint>
						<Coordinate>148.4924</Coordinate>
						<Coordinate>-77.7817</Coordinate>
						<Coordinate>420</Coordinate>
					</CartesianPoint>
				</PolyLoop>
			</PlanarGeometry>
		</Surface>
		<Surface surfaceType="Shade" id="bw-shade-5" >
			<Name>U shape</Name>
			<PlanarGeometry>
				<PolyLoop>
					<CartesianPoint>
						<Coordinate>-21.2132</Coordinate>
						<Coordinate>-77.7817</Coordinate>
						<Coordinate>420</Coordinate>
					</CartesianPoint>
					<CartesianPoint>
						<Coordinate>148.4924</Coordinate>
						<Coordinate>-77.7817</Coordinate>
						<Coordinate>420</Coordinate>
					</CartesianPoint>
					<CartesianPoint>
						<Coordinate>148.4924</Coordinate>
						<Coordinate>91.9239</Coordinate>
						<Coordinate>420</Coordinate>
					</CartesianPoint>
					<CartesianPoint>
						<Coordinate>-21.2132</Coordinate>
						<Coordinate>91.9239</Coordinate>
						<Coordinate>420</Coordinate>
					</CartesianPoint>
				</PolyLoop>
			</PlanarGeometry>
		</Surface>
		<Surface surfaceType="Shade" id="bw-shade-1" >
			<Name>Trapezoid shape</Name>
			<PlanarGeometry>
				<PolyLoop>
					<CartesianPoint>
						<Coordinate>215.5877</Coordinate>
						<Coordinate>-80.9808</Coordinate>
						<Coordinate>0</Coordinate>
					</CartesianPoint>
					<CartesianPoint>
						<Coordinate>367.7461</Coordinate>
						<Coordinate>-80.9808</Coordinate>
						<Coordinate>0</Coordinate>
					</CartesianPoint>
					<CartesianPoint>
						<Coordinate>367.7461</Coordinate>
						<Coordinate>-80.9808</Coordinate>
						<Coordinate>420</Coordinate>
					</CartesianPoint>
					<CartesianPoint>
						<Coordinate>215.5877</Coordinate>
						<Coordinate>-80.9808</Coordinate>
						<Coordinate>420</Coordinate>
					</CartesianPoint>
				</PolyLoop>
			</PlanarGeometry>
		</Surface>
		<Surface surfaceType="Shade" id="bw-shade-2" >
			<Name>Trapezoid shape</Name>
			<PlanarGeometry>
				<PolyLoop>
					<CartesianPoint>
						<Coordinate>215.5877</Coordinate>
						<Coordinate>71.1775</Coordinate>
						<Coordinate>0</Coordinate>
					</CartesianPoint>
					<CartesianPoint>
						<Coordinate>367.7461</Coordinate>
						<Coordinate>71.1775</Coordinate>
						<Coordinate>0</Coordinate>
					</CartesianPoint>
					<CartesianPoint>
						<Coordinate>367.7461</Coordinate>
						<Coordinate>71.1775</Coordinate>
						<Coordinate>420</Coordinate>
					</CartesianPoint>
					<CartesianPoint>
						<Coordinate>215.5877</Coordinate>
						<Coordinate>71.1775</Coordinate>
						<Coordinate>420</Coordinate>
					</CartesianPoint>
				</PolyLoop>
			</PlanarGeometry>
		</Surface>
		<Surface surfaceType="Shade" id="bw-shade-3" >
			<Name>Trapezoid shape</Name>
			<PlanarGeometry>
				<PolyLoop>
					<CartesianPoint>
						<Coordinate>215.5877</Coordinate>
						<Coordinate>-80.9808</Coordinate>
						<Coordinate>0</Coordinate>
					</CartesianPoint>
					<CartesianPoint>
						<Coordinate>215.5877</Coordinate>
						<Coordinate>71.1775</Coordinate>
						<Coordinate>0</Coordinate>
					</CartesianPoint>
					<CartesianPoint>
						<Coordinate>215.5877</Coordinate>
						<Coordinate>71.1775</Coordinate>
						<Coordinate>420</Coordinate>
					</CartesianPoint>
					<CartesianPoint>
						<Coordinate>215.5877</Coordinate>
						<Coordinate>-80.9808</Coordinate>
						<Coordinate>420</Coordinate>
					</CartesianPoint>
				</PolyLoop>
			</PlanarGeometry>
		</Surface>
		<Surface surfaceType="Shade" id="bw-shade-4" >
			<Name>Trapezoid shape</Name>
			<PlanarGeometry>
				<PolyLoop>
					<CartesianPoint>
						<Coordinate>367.7461</Coordinate>
						<Coordinate>-80.9808</Coordinate>
						<Coordinate>0</Coordinate>
					</CartesianPoint>
					<CartesianPoint>
						<Coordinate>367.7461</Coordinate>
						<Coordinate>71.1775</Coordinate>
						<Coordinate>0</Coordinate>
					</CartesianPoint>
					<CartesianPoint>
						<Coordinate>367.7461</Coordinate>
						<Coordinate>71.1775</Coordinate>
						<Coordinate>420</Coordinate>
					</CartesianPoint>
					<CartesianPoint>
						<Coordinate>367.7461</Coordinate>
						<Coordinate>-80.9808</Coordinate>
						<Coordinate>420</Coordinate>
					</CartesianPoint>
				</PolyLoop>
			</PlanarGeometry>
		</Surface>
		<Surface surfaceType="Shade" id="bw-shade-5" >
			<Name>Trapezoid shape</Name>
			<PlanarGeometry>
				<PolyLoop>
					<CartesianPoint>
						<Coordinate>215.5877</Coordinate>
						<Coordinate>-80.9808</Coordinate>
						<Coordinate>420</Coordinate>
					</CartesianPoint>
					<CartesianPoint>
						<Coordinate>367.7461</Coordinate>
						<Coordinate>-80.9808</Coordinate>
						<Coordinate>420</Coordinate>
					</CartesianPoint>
					<CartesianPoint>
						<Coordinate>367.7461</Coordinate>
						<Coordinate>71.1775</Coordinate>
						<Coordinate>420</Coordinate>
					</CartesianPoint>
					<CartesianPoint>
						<Coordinate>215.5877</Coordinate>
						<Coordinate>71.1775</Coordinate>
						<Coordinate>420</Coordinate>
					</CartesianPoint>
				</PolyLoop>
			</PlanarGeometry>
		</Surface>
		<Surface surfaceType="Shade" id="bw-shade-1" >
			<Name>Triangle shape</Name>
			<PlanarGeometry>
				<PolyLoop>
					<CartesianPoint>
						<Coordinate>-264.4123</Coordinate>
						<Coordinate>-324.8528</Coordinate>
						<Coordinate>0</Coordinate>
					</CartesianPoint>
					<CartesianPoint>
						<Coordinate>-124.9323</Coordinate>
						<Coordinate>-324.8528</Coordinate>
						<Coordinate>0</Coordinate>
					</CartesianPoint>
					<CartesianPoint>
						<Coordinate>-124.9323</Coordinate>
						<Coordinate>-324.8528</Coordinate>
						<Coordinate>420</Coordinate>
					</CartesianPoint>
					<CartesianPoint>
						<Coordinate>-264.4123</Coordinate>
						<Coordinate>-324.8528</Coordinate>
						<Coordinate>420</Coordinate>
					</CartesianPoint>
				</PolyLoop>
			</PlanarGeometry>
		</Surface>
		<Surface surfaceType="Shade" id="bw-shade-2" >
			<Name>Triangle shape</Name>
			<PlanarGeometry>
				<PolyLoop>
					<CartesianPoint>
						<Coordinate>-264.4123</Coordinate>
						<Coordinate>-156.0867</Coordinate>
						<Coordinate>0</Coordinate>
					</CartesianPoint>
					<CartesianPoint>
						<Coordinate>-124.9323</Coordinate>
						<Coordinate>-156.0867</Coordinate>
						<Coordinate>0</Coordinate>
					</CartesianPoint>
					<CartesianPoint>
						<Coordinate>-124.9323</Coordinate>
						<Coordinate>-156.0867</Coordinate>
						<Coordinate>420</Coordinate>
					</CartesianPoint>
					<CartesianPoint>
						<Coordinate>-264.4123</Coordinate>
						<Coordinate>-156.0867</Coordinate>
						<Coordinate>420</Coordinate>
					</CartesianPoint>
				</PolyLoop>
			</PlanarGeometry>
		</Surface>
		<Surface surfaceType="Shade" id="bw-shade-3" >
			<Name>Triangle shape</Name>
			<PlanarGeometry>
				<PolyLoop>
					<CartesianPoint>
						<Coordinate>-264.4123</Coordinate>
						<Coordinate>-324.8528</Coordinate>
						<Coordinate>0</Coordinate>
					</CartesianPoint>
					<CartesianPoint>
						<Coordinate>-264.4123</Coordinate>
						<Coordinate>-156.0867</Coordinate>
						<Coordinate>0</Coordinate>
					</CartesianPoint>
					<CartesianPoint>
						<Coordinate>-264.4123</Coordinate>
						<Coordinate>-156.0867</Coordinate>
						<Coordinate>420</Coordinate>
					</CartesianPoint>
					<CartesianPoint>
						<Coordinate>-264.4123</Coordinate>
						<Coordinate>-324.8528</Coordinate>
						<Coordinate>420</Coordinate>
					</CartesianPoint>
				</PolyLoop>
			</PlanarGeometry>
		</Surface>
		<Surface surfaceType="Shade" id="bw-shade-4" >
			<Name>Triangle shape</Name>
			<PlanarGeometry>
				<PolyLoop>
					<CartesianPoint>
						<Coordinate>-124.9323</Coordinate>
						<Coordinate>-324.8528</Coordinate>
						<Coordinate>0</Coordinate>
					</CartesianPoint>
					<CartesianPoint>
						<Coordinate>-124.9323</Coordinate>
						<Coordinate>-156.0867</Coordinate>
						<Coordinate>0</Coordinate>
					</CartesianPoint>
					<CartesianPoint>
						<Coordinate>-124.9323</Coordinate>
						<Coordinate>-156.0867</Coordinate>
						<Coordinate>420</Coordinate>
					</CartesianPoint>
					<CartesianPoint>
						<Coordinate>-124.9323</Coordinate>
						<Coordinate>-324.8528</Coordinate>
						<Coordinate>420</Coordinate>
					</CartesianPoint>
				</PolyLoop>
			</PlanarGeometry>
		</Surface>
		<Surface surfaceType="Shade" id="bw-shade-5" >
			<Name>Triangle shape</Name>
			<PlanarGeometry>
				<PolyLoop>
					<CartesianPoint>
						<Coordinate>-264.4123</Coordinate>
						<Coordinate>-324.8528</Coordinate>
						<Coordinate>420</Coordinate>
					</CartesianPoint>
					<CartesianPoint>
						<Coordinate>-124.9323</Coordinate>
						<Coordinate>-324.8528</Coordinate>
						<Coordinate>420</Coordinate>
					</CartesianPoint>
					<CartesianPoint>
						<Coordinate>-124.9323</Coordinate>
						<Coordinate>-156.0867</Coordinate>
						<Coordinate>420</Coordinate>
					</CartesianPoint>
					<CartesianPoint>
						<Coordinate>-264.4123</Coordinate>
						<Coordinate>-156.0867</Coordinate>
						<Coordinate>420</Coordinate>
					</CartesianPoint>
				</PolyLoop>
			</PlanarGeometry>
		</Surface>
		<Surface surfaceType="Shade" id="bw-shade-1" >
			<Name>Plus shape</Name>
			<PlanarGeometry>
				<PolyLoop>
					<CartesianPoint>
						<Coordinate>-5.0676</Coordinate>
						<Coordinate>-301.6361</Coordinate>
						<Coordinate>0</Coordinate>
					</CartesianPoint>
					<CartesianPoint>
						<Coordinate>132.3468</Coordinate>
						<Coordinate>-301.6361</Coordinate>
						<Coordinate>0</Coordinate>
					</CartesianPoint>
					<CartesianPoint>
						<Coordinate>132.3468</Coordinate>
						<Coordinate>-301.6361</Coordinate>
						<Coordinate>420</Coordinate>
					</CartesianPoint>
					<CartesianPoint>
						<Coordinate>-5.0676</Coordinate>
						<Coordinate>-301.6361</Coordinate>
						<Coordinate>420</Coordinate>
					</CartesianPoint>
				</PolyLoop>
			</PlanarGeometry>
		</Surface>
		<Surface surfaceType="Shade" id="bw-shade-2" >
			<Name>Plus shape</Name>
			<PlanarGeometry>
				<PolyLoop>
					<CartesianPoint>
						<Coordinate>-5.0676</Coordinate>
						<Coordinate>-164.2217</Coordinate>
						<Coordinate>0</Coordinate>
					</CartesianPoint>
					<CartesianPoint>
						<Coordinate>132.3468</Coordinate>
						<Coordinate>-164.2217</Coordinate>
						<Coordinate>0</Coordinate>
					</CartesianPoint>
					<CartesianPoint>
						<Coordinate>132.3468</Coordinate>
						<Coordinate>-164.2217</Coordinate>
						<Coordinate>420</Coordinate>
					</CartesianPoint>
					<CartesianPoint>
						<Coordinate>-5.0676</Coordinate>
						<Coordinate>-164.2217</Coordinate>
						<Coordinate>420</Coordinate>
					</CartesianPoint>
				</PolyLoop>
			</PlanarGeometry>
		</Surface>
		<Surface surfaceType="Shade" id="bw-shade-3" >
			<Name>Plus shape</Name>
			<PlanarGeometry>
				<PolyLoop>
					<CartesianPoint>
						<Coordinate>-5.0676</Coordinate>
						<Coordinate>-301.6361</Coordinate>
						<Coordinate>0</Coordinate>
					</CartesianPoint>
					<CartesianPoint>
						<Coordinate>-5.0676</Coordinate>
						<Coordinate>-164.2217</Coordinate>
						<Coordinate>0</Coordinate>
					</CartesianPoint>
					<CartesianPoint>
						<Coordinate>-5.0676</Coordinate>
						<Coordinate>-164.2217</Coordinate>
						<Coordinate>420</Coordinate>
					</CartesianPoint>
					<CartesianPoint>
						<Coordinate>-5.0676</Coordinate>
						<Coordinate>-301.6361</Coordinate>
						<Coordinate>420</Coordinate>
					</CartesianPoint>
				</PolyLoop>
			</PlanarGeometry>
		</Surface>
		<Surface surfaceType="Shade" id="bw-shade-4" >
			<Name>Plus shape</Name>
			<PlanarGeometry>
				<PolyLoop>
					<CartesianPoint>
						<Coordinate>132.3468</Coordinate>
						<Coordinate>-301.6361</Coordinate>
						<Coordinate>0</Coordinate>
					</CartesianPoint>
					<CartesianPoint>
						<Coordinate>132.3468</Coordinate>
						<Coordinate>-164.2217</Coordinate>
						<Coordinate>0</Coordinate>
					</CartesianPoint>
					<CartesianPoint>
						<Coordinate>132.3468</Coordinate>
						<Coordinate>-164.2217</Coordinate>
						<Coordinate>420</Coordinate>
					</CartesianPoint>
					<CartesianPoint>
						<Coordinate>132.3468</Coordinate>
						<Coordinate>-301.6361</Coordinate>
						<Coordinate>420</Coordinate>
					</CartesianPoint>
				</PolyLoop>
			</PlanarGeometry>
		</Surface>
		<Surface surfaceType="Shade" id="bw-shade-5" >
			<Name>Plus shape</Name>
			<PlanarGeometry>
				<PolyLoop>
					<CartesianPoint>
						<Coordinate>-5.0676</Coordinate>
						<Coordinate>-301.6361</Coordinate>
						<Coordinate>420</Coordinate>
					</CartesianPoint>
					<CartesianPoint>
						<Coordinate>132.3468</Coordinate>
						<Coordinate>-301.6361</Coordinate>
						<Coordinate>420</Coordinate>
					</CartesianPoint>
					<CartesianPoint>
						<Coordinate>132.3468</Coordinate>
						<Coordinate>-164.2217</Coordinate>
						<Coordinate>420</Coordinate>
					</CartesianPoint>
					<CartesianPoint>
						<Coordinate>-5.0676</Coordinate>
						<Coordinate>-164.2217</Coordinate>
						<Coordinate>420</Coordinate>
					</CartesianPoint>
				</PolyLoop>
			</PlanarGeometry>
		</Surface>
		<Surface surfaceType="Shade" id="bw-shade-1" >
			<Name>O shape</Name>
			<PlanarGeometry>
				<PolyLoop>
					<CartesianPoint>
						<Coordinate>218.7868</Coordinate>
						<Coordinate>-317.7817</Coordinate>
						<Coordinate>0</Coordinate>
					</CartesianPoint>
					<CartesianPoint>
						<Coordinate>388.4924</Coordinate>
						<Coordinate>-317.7817</Coordinate>
						<Coordinate>0</Coordinate>
					</CartesianPoint>
					<CartesianPoint>
						<Coordinate>388.4924</Coordinate>
						<Coordinate>-317.7817</Coordinate>
						<Coordinate>420</Coordinate>
					</CartesianPoint>
					<CartesianPoint>
						<Coordinate>218.7868</Coordinate>
						<Coordinate>-317.7817</Coordinate>
						<Coordinate>420</Coordinate>
					</CartesianPoint>
				</PolyLoop>
			</PlanarGeometry>
		</Surface>
		<Surface surfaceType="Shade" id="bw-shade-2" >
			<Name>O shape</Name>
			<PlanarGeometry>
				<PolyLoop>
					<CartesianPoint>
						<Coordinate>218.7868</Coordinate>
						<Coordinate>-148.0761</Coordinate>
						<Coordinate>0</Coordinate>
					</CartesianPoint>
					<CartesianPoint>
						<Coordinate>388.4924</Coordinate>
						<Coordinate>-148.0761</Coordinate>
						<Coordinate>0</Coordinate>
					</CartesianPoint>
					<CartesianPoint>
						<Coordinate>388.4924</Coordinate>
						<Coordinate>-148.0761</Coordinate>
						<Coordinate>420</Coordinate>
					</CartesianPoint>
					<CartesianPoint>
						<Coordinate>218.7868</Coordinate>
						<Coordinate>-148.0761</Coordinate>
						<Coordinate>420</Coordinate>
					</CartesianPoint>
				</PolyLoop>
			</PlanarGeometry>
		</Surface>
		<Surface surfaceType="Shade" id="bw-shade-3" >
			<Name>O shape</Name>
			<PlanarGeometry>
				<PolyLoop>
					<CartesianPoint>
						<Coordinate>218.7868</Coordinate>
						<Coordinate>-317.7817</Coordinate>
						<Coordinate>0</Coordinate>
					</CartesianPoint>
					<CartesianPoint>
						<Coordinate>218.7868</Coordinate>
						<Coordinate>-148.0761</Coordinate>
						<Coordinate>0</Coordinate>
					</CartesianPoint>
					<CartesianPoint>
						<Coordinate>218.7868</Coordinate>
						<Coordinate>-148.0761</Coordinate>
						<Coordinate>420</Coordinate>
					</CartesianPoint>
					<CartesianPoint>
						<Coordinate>218.7868</Coordinate>
						<Coordinate>-317.7817</Coordinate>
						<Coordinate>420</Coordinate>
					</CartesianPoint>
				</PolyLoop>
			</PlanarGeometry>
		</Surface>
		<Surface surfaceType="Shade" id="bw-shade-4" >
			<Name>O shape</Name>
			<PlanarGeometry>
				<PolyLoop>
					<CartesianPoint>
						<Coordinate>388.4924</Coordinate>
						<Coordinate>-317.7817</Coordinate>
						<Coordinate>0</Coordinate>
					</CartesianPoint>
					<CartesianPoint>
						<Coordinate>388.4924</Coordinate>
						<Coordinate>-148.0761</Coordinate>
						<Coordinate>0</Coordinate>
					</CartesianPoint>
					<CartesianPoint>
						<Coordinate>388.4924</Coordinate>
						<Coordinate>-148.0761</Coordinate>
						<Coordinate>420</Coordinate>
					</CartesianPoint>
					<CartesianPoint>
						<Coordinate>388.4924</Coordinate>
						<Coordinate>-317.7817</Coordinate>
						<Coordinate>420</Coordinate>
					</CartesianPoint>
				</PolyLoop>
			</PlanarGeometry>
		</Surface>
		<Surface surfaceType="Shade" id="bw-shade-5" >
			<Name>O shape</Name>
			<PlanarGeometry>
				<PolyLoop>
					<CartesianPoint>
						<Coordinate>218.7868</Coordinate>
						<Coordinate>-317.7817</Coordinate>
						<Coordinate>420</Coordinate>
					</CartesianPoint>
					<CartesianPoint>
						<Coordinate>388.4924</Coordinate>
						<Coordinate>-317.7817</Coordinate>
						<Coordinate>420</Coordinate>
					</CartesianPoint>
					<CartesianPoint>
						<Coordinate>388.4924</Coordinate>
						<Coordinate>-148.0761</Coordinate>
						<Coordinate>420</Coordinate>
					</CartesianPoint>
					<CartesianPoint>
						<Coordinate>218.7868</Coordinate>
						<Coordinate>-148.0761</Coordinate>
						<Coordinate>420</Coordinate>
					</CartesianPoint>
				</PolyLoop>
			</PlanarGeometry>
		</Surface>
	</Campus>
	<Zone id="bw-zone-1" >
		<Name>zone 1</Name>
		<Description>a zone</Description>
	</Zone>
	<Zone id="bw-zone-2" >
		<Name>zone 2</Name>
		<Description>a zone</Description>
	</Zone>
	<Zone id="bw-zone-3" >
		<Name>zone 3</Name>
		<Description>a zone</Description>
	</Zone>
	<Zone id="bw-zone-4" >
		<Name>zone 4</Name>
		<Description>a zone</Description>
	</Zone>
	<Zone id="bw-zone-5" >
		<Name>zone 1</Name>
		<Description>a zone</Description>
	</Zone>
	<Zone id="bw-zone-6" >
		<Name>zone 2</Name>
		<Description>a zone</Description>
	</Zone>
	<Zone id="bw-zone-7" >
		<Name>zone 3</Name>
		<Description>a zone</Description>
	</Zone>
	<Zone id="bw-zone-8" >
		<Name>zone 4</Name>
		<Description>a zone</Description>
	</Zone>
	<DocumentHistory>
	</DocumentHistory>
</gbXML>
